   Active: active (running) since Sat 2015-01-24 00:32:28 EST; 1min 0s ago

Waiting 60 seconds after restarting neutron-server
systemctl status neutron-server.service | grep since
  
DHCP-network-0, DHCP-subnet-0, DHCP-port-0 created with 1.0.0.0/16
Added 2nd test tap interface tap5d8a2eef-17 in namespace of DHCP-network-0
python dhcp_entries.py -m de:ae:00:00:00:00@1.0.0.5:1000@DHCP-network-0
Added 1000 test DHCP ports to DHCP-network-0
   Active: active (running) since Sat 2015-01-24 00:35:55 EST; 1min 0s ago
neutron-server average CPU usage        = 24.4402298851 %
neutron-server average memory usage     = 648858.0 kB
neutron-dhcp-agent average CPU usage    = 57.6850574713 %
neutron-dhcp-agent average memory usage = 412379.0 kB
Average total system memory free        = 245825772.828 kB
Average total system CPU idle %         = 98.7 %

Waiting 60 seconds after restarting neutron-dhcp-agent.service...

  
1 processes still running. Waited 0.0467820167542 seconds.
2 processes still running. Waited 5.0923678875 seconds.
2 processes still running. Waited 10.1392738819 seconds.
2 processes still running. Waited 15.1861360073 seconds.
2 processes still running. Waited 20.2291648388 seconds.
2 processes still running. Waited 25.2714869976 seconds.
2 processes still running. Waited 30.3174359798 seconds.
2 processes still running. Waited 35.3601489067 seconds.
2 processes still running. Waited 40.4083900452 seconds.
2 processes still running. Waited 45.4546179771 seconds.
2 processes still running. Waited 50.4988889694 seconds.
2 processes still running. Waited 55.5444748402 seconds.
2 processes still running. Waited 60.5884640217 seconds.
2 processes still running. Waited 65.6321799755 seconds.
2 processes still running. Waited 70.6775398254 seconds.
2 processes still running. Waited 75.7251348495 seconds.
2 processes still running. Waited 80.7716898918 seconds.
2 processes still running. Waited 85.8148708344 seconds.
2 processes still running. Waited 90.8615880013 seconds.
2 processes still running. Waited 95.908946991 seconds.
2 processes still running. Waited 100.954632044 seconds.
Done!
Discover Sent    Offer Received    Request Sent    Ack Received    Avg Offer Delay           Avg Ack Delay
1801               1018               1822               1057               3.04812               2.96801     DHCP-network-0.log

Average time needed to receive DHCP IP  = 6.01613 seconds
The CPU and memory usage numbers are saved in the file
 dhcp_scale_cpu_memory_01242015_003655.log in the current directory

Min time needed to receive DHCP IP    = 0.239145 seconds
Median time needed to receive DHCP IP = 6.88088 seconds
Max time needed to receive DHCP IP    = 29.0899 seconds
Total number of DHCPDISCOVER retries  = 1801


 Sleeping 10 seconds........


 Sleeping 10 seconds........


 Sleeping 10 seconds........

