   Active: active (running) since Sat 2015-01-24 02:30:10 EST; 1min 0s ago

Waiting 60 seconds after restarting neutron-server
systemctl status neutron-server.service | grep since
  
DHCP-network-0, DHCP-subnet-0, DHCP-port-0 created with 1.0.0.0/16
Added 2nd test tap interface tapf53843d5-59 in namespace of DHCP-network-0
python dhcp_entries.py -m de:ae:00:00:00:00@1.0.0.5:2200@DHCP-network-0
Added 2200 test DHCP ports to DHCP-network-0
   Active: active (running) since Sat 2015-01-24 02:35:32 EST; 1min 0s ago
neutron-server average CPU usage        = 35.4747191011 %
neutron-server average memory usage     = 686849.696629 kB
neutron-dhcp-agent average CPU usage    = 73.4308988764 %
neutron-dhcp-agent average memory usage = 430893.0 kB
Average total system memory free        = 245112338.697 kB
Average total system CPU idle %         = 98.5 %

Waiting 60 seconds after restarting neutron-dhcp-agent.service...

  
1 processes still running. Waited 0.0471761226654 seconds.
2 processes still running. Waited 5.09308099747 seconds.
2 processes still running. Waited 10.1387691498 seconds.
2 processes still running. Waited 15.185749054 seconds.
2 processes still running. Waited 20.2306239605 seconds.
2 processes still running. Waited 25.2804400921 seconds.
2 processes still running. Waited 30.3300859928 seconds.
2 processes still running. Waited 35.3787679672 seconds.
2 processes still running. Waited 40.4258410931 seconds.
2 processes still running. Waited 45.4672379494 seconds.
2 processes still running. Waited 50.5114459991 seconds.
2 processes still running. Waited 55.5558831692 seconds.
2 processes still running. Waited 60.604129076 seconds.
2 processes still running. Waited 65.6495211124 seconds.
2 processes still running. Waited 70.6991500854 seconds.
2 processes still running. Waited 75.747300148 seconds.
2 processes still running. Waited 80.7955131531 seconds.
2 processes still running. Waited 85.8481650352 seconds.
2 processes still running. Waited 90.8965361118 seconds.
2 processes still running. Waited 95.9433200359 seconds.
2 processes still running. Waited 100.991974115 seconds.
2 processes still running. Waited 106.037889004 seconds.
2 processes still running. Waited 111.083425045 seconds.
2 processes still running. Waited 116.129713058 seconds.
2 processes still running. Waited 121.176208019 seconds.
2 processes still running. Waited 126.227053165 seconds.
2 processes still running. Waited 131.270195961 seconds.
2 processes still running. Waited 136.314270973 seconds.
2 processes still running. Waited 141.361817122 seconds.
2 processes still running. Waited 146.407932997 seconds.
2 processes still running. Waited 151.455101967 seconds.
2 processes still running. Waited 156.500655174 seconds.
2 processes still running. Waited 161.543576956 seconds.
2 processes still running. Waited 166.590862036 seconds.
2 processes still running. Waited 171.637623072 seconds.
2 processes still running. Waited 176.682921171 seconds.
2 processes still running. Waited 181.728893995 seconds.
2 processes still running. Waited 186.77306509 seconds.
2 processes still running. Waited 191.839996099 seconds.
2 processes still running. Waited 196.889696121 seconds.
2 processes still running. Waited 201.936398983 seconds.
2 processes still running. Waited 206.984492064 seconds.
2 processes still running. Waited 212.031905174 seconds.
Done!
Discover Sent    Offer Received    Request Sent    Ack Received    Avg Offer Delay           Avg Ack Delay
4605               2204               4569               2239               3.58943               3.64028     DHCP-network-0.log

Average time needed to receive DHCP IP  = 7.22971 seconds
The CPU and memory usage numbers are saved in the file
 dhcp_scale_cpu_memory_01242015_023632.log in the current directory

Min time needed to receive DHCP IP    = 0.305533 seconds
Median time needed to receive DHCP IP = 7.64798 seconds
Max time needed to receive DHCP IP    = 22.1471 seconds
Total number of DHCPDISCOVER retries  = 4605


 Sleeping 10 seconds........


 Sleeping 10 seconds........


 Sleeping 10 seconds........

