   Active: active (running) since Sat 2015-01-24 02:42:47 EST; 1min 0s ago

Waiting 60 seconds after restarting neutron-server
systemctl status neutron-server.service | grep since
  
DHCP-network-0, DHCP-subnet-0, DHCP-port-0 created with 1.0.0.0/16
Added 2nd test tap interface tap900d501c-9d in namespace of DHCP-network-0
python dhcp_entries.py -m de:ae:00:00:00:00@1.0.0.5:2300@DHCP-network-0
Added 2300 test DHCP ports to DHCP-network-0
   Active: active (running) since Sat 2015-01-24 02:48:20 EST; 1min 0s ago
neutron-server average CPU usage        = 36.2258241758 %
neutron-server average memory usage     = 711096.0 kB
neutron-dhcp-agent average CPU usage    = 74.4120879121 %
neutron-dhcp-agent average memory usage = 432799.049451 kB
Average total system memory free        = 245018553.451 kB
Average total system CPU idle %         = 98.5 %

Waiting 60 seconds after restarting neutron-dhcp-agent.service...

  
1 processes still running. Waited 0.0476970672607 seconds.
2 processes still running. Waited 5.09186697006 seconds.
2 processes still running. Waited 10.1315789223 seconds.
2 processes still running. Waited 15.1761610508 seconds.
2 processes still running. Waited 20.2235589027 seconds.
2 processes still running. Waited 25.2689979076 seconds.
2 processes still running. Waited 30.3179240227 seconds.
2 processes still running. Waited 35.3626689911 seconds.
2 processes still running. Waited 40.4108710289 seconds.
2 processes still running. Waited 45.4544658661 seconds.
2 processes still running. Waited 50.5046579838 seconds.
2 processes still running. Waited 55.5497319698 seconds.
2 processes still running. Waited 60.5959060192 seconds.
2 processes still running. Waited 65.6461949348 seconds.
2 processes still running. Waited 70.6962630749 seconds.
2 processes still running. Waited 75.7427520752 seconds.
2 processes still running. Waited 80.7905118465 seconds.
2 processes still running. Waited 85.8348288536 seconds.
2 processes still running. Waited 90.878139019 seconds.
2 processes still running. Waited 95.9247419834 seconds.
2 processes still running. Waited 100.971308947 seconds.
2 processes still running. Waited 106.017148018 seconds.
2 processes still running. Waited 111.063261986 seconds.
2 processes still running. Waited 116.108152866 seconds.
2 processes still running. Waited 121.152499914 seconds.
2 processes still running. Waited 126.200916052 seconds.
2 processes still running. Waited 131.245570898 seconds.
2 processes still running. Waited 136.289506912 seconds.
2 processes still running. Waited 141.335469007 seconds.
2 processes still running. Waited 146.384371996 seconds.
2 processes still running. Waited 151.430585861 seconds.
2 processes still running. Waited 156.477514029 seconds.
2 processes still running. Waited 161.529273033 seconds.
2 processes still running. Waited 166.577311993 seconds.
2 processes still running. Waited 171.626836061 seconds.
2 processes still running. Waited 176.670800924 seconds.
2 processes still running. Waited 181.712651968 seconds.
2 processes still running. Waited 186.763933897 seconds.
2 processes still running. Waited 191.809638977 seconds.
2 processes still running. Waited 196.856719017 seconds.
2 processes still running. Waited 201.905967951 seconds.
2 processes still running. Waited 206.956336975 seconds.
2 processes still running. Waited 212.003555059 seconds.
2 processes still running. Waited 217.048074007 seconds.
Done!
Discover Sent    Offer Received    Request Sent    Ack Received    Avg Offer Delay           Avg Ack Delay
4764               2306               4680               2337               3.54907               3.55292     DHCP-network-0.log

Average time needed to receive DHCP IP  = 7.10199 seconds
The CPU and memory usage numbers are saved in the file
 dhcp_scale_cpu_memory_01242015_024920.log in the current directory

Min time needed to receive DHCP IP    = 0.274463 seconds
Median time needed to receive DHCP IP = 7.4672 seconds
Max time needed to receive DHCP IP    = 33.6712 seconds
Total number of DHCPDISCOVER retries  = 4764


 Sleeping 10 seconds........


 Sleeping 10 seconds........


 Sleeping 10 seconds........

