   Active: active (running) since Fri 2015-01-23 23:40:18 EST; 1min 0s ago

Waiting 60 seconds after restarting neutron-server
systemctl status neutron-server.service | grep since
  
DHCP-network-0, DHCP-subnet-0, DHCP-port-0 created with 1.0.0.0/16
Added 2nd test tap interface tap51bf3dba-12 in namespace of DHCP-network-0
python dhcp_entries.py -m de:ae:00:00:00:00@1.0.0.5:300@DHCP-network-0
Added 300 test DHCP ports to DHCP-network-0
   Active: active (running) since Fri 2015-01-23 23:42:42 EST; 1min 0s ago
neutron-server average CPU usage        = 10.55 %
neutron-server average memory usage     = 582932.0 kB
neutron-dhcp-agent average CPU usage    = 0.775925925926 %
neutron-dhcp-agent average memory usage = 399055.0 kB
Average total system memory free        = 246107448.296 kB
Average total system CPU idle %         = 98.7 %

Waiting 60 seconds after restarting neutron-dhcp-agent.service...

  
1 processes still running. Waited 0.0432920455933 seconds.
2 processes still running. Waited 5.09113097191 seconds.
2 processes still running. Waited 10.1364059448 seconds.
2 processes still running. Waited 15.1808800697 seconds.
2 processes still running. Waited 20.2280831337 seconds.
2 processes still running. Waited 25.2727890015 seconds.
2 processes still running. Waited 30.3196029663 seconds.
2 processes still running. Waited 35.3627150059 seconds.
2 processes still running. Waited 40.4020059109 seconds.
2 processes still running. Waited 45.4483549595 seconds.
2 processes still running. Waited 50.493516922 seconds.
2 processes still running. Waited 55.5402691364 seconds.
2 processes still running. Waited 60.5859861374 seconds.
Done!
Discover Sent    Offer Received    Request Sent    Ack Received    Avg Offer Delay           Avg Ack Delay
354               331               551               358               2.03733               2.04486     DHCP-network-0.log

Average time needed to receive DHCP IP  = 4.08219 seconds
The CPU and memory usage numbers are saved in the file
 dhcp_scale_cpu_memory_01232015_234342.log in the current directory

Min time needed to receive DHCP IP    = 0.176089 seconds
Median time needed to receive DHCP IP = 0.842105 seconds
Max time needed to receive DHCP IP    = 29.8815 seconds
Total number of DHCPDISCOVER retries  = 354


 Sleeping 10 seconds........


 Sleeping 10 seconds........


 Sleeping 10 seconds........

