   Active: active (running) since Sat 2015-01-24 06:26:56 EST; 1min 0s ago

Waiting 60 seconds after restarting neutron-server
systemctl status neutron-server.service | grep since
  
DHCP-network-0, DHCP-subnet-0, DHCP-port-0 created with 1.0.0.0/16
Added 2nd test tap interface tap1873b35c-82 in namespace of DHCP-network-0
python dhcp_entries.py -m de:ae:00:00:00:00@1.0.0.5:3700@DHCP-network-0
Added 3700 test DHCP ports to DHCP-network-0
   Active: active (running) since Sat 2015-01-24 06:34:49 EST; 1min 0s ago

Waiting 60 seconds after restarting neutron-dhcp-agent.service...

  
1 processes still running. Waited 0.0469310283661 seconds.
2 processes still running. Waited 5.09333896637 seconds.
2 processes still running. Waited 10.1396670341 seconds.
2 processes still running. Waited 15.1893720627 seconds.
2 processes still running. Waited 20.2369470596 seconds.
2 processes still running. Waited 25.2817001343 seconds.
2 processes still running. Waited 30.3288590908 seconds.
2 processes still running. Waited 35.3768410683 seconds.
2 processes still running. Waited 40.4244940281 seconds.
2 processes still running. Waited 45.4692161083 seconds.
2 processes still running. Waited 50.5151669979 seconds.
2 processes still running. Waited 55.5604491234 seconds.
2 processes still running. Waited 60.6092269421 seconds.
2 processes still running. Waited 65.6561141014 seconds.
2 processes still running. Waited 70.7027659416 seconds.
2 processes still running. Waited 75.7510020733 seconds.
2 processes still running. Waited 80.7988400459 seconds.
2 processes still running. Waited 85.8438029289 seconds.
2 processes still running. Waited 90.8944880962 seconds.
2 processes still running. Waited 95.939191103 seconds.
2 processes still running. Waited 100.988739014 seconds.
2 processes still running. Waited 106.036728144 seconds.
2 processes still running. Waited 111.077974081 seconds.
2 processes still running. Waited 116.12492609 seconds.
2 processes still running. Waited 121.175867081 seconds.
2 processes still running. Waited 126.230606079 seconds.
2 processes still running. Waited 131.276226997 seconds.
2 processes still running. Waited 136.323950052 seconds.
2 processes still running. Waited 141.370615005 seconds.
2 processes still running. Waited 146.419772148 seconds.
2 processes still running. Waited 151.467982054 seconds.
2 processes still running. Waited 156.515905142 seconds.
2 processes still running. Waited 161.561406136 seconds.
2 processes still running. Waited 166.607921124 seconds.
2 processes still running. Waited 171.654197931 seconds.
2 processes still running. Waited 176.700396061 seconds.
2 processes still running. Waited 181.753441095 seconds.
2 processes still running. Waited 186.80163312 seconds.
2 processes still running. Waited 191.856483936 seconds.
2 processes still running. Waited 196.898946047 seconds.
2 processes still running. Waited 201.947556973 seconds.
2 processes still running. Waited 206.994720936 seconds.
2 processes still running. Waited 212.040346146 seconds.
2 processes still running. Waited 217.08722806 seconds.
2 processes still running. Waited 222.133780956 seconds.
2 processes still running. Waited 227.178342104 seconds.
2 processes still running. Waited 232.231047153 seconds.
2 processes still running. Waited 237.277346134 seconds.
2 processes still running. Waited 242.324824095 seconds.
2 processes still running. Waited 247.370378971 seconds.
2 processes still running. Waited 252.416712999 seconds.
2 processes still running. Waited 257.465224981 seconds.
2 processes still running. Waited 262.510022163 seconds.
2 processes still running. Waited 267.556793928 seconds.
2 processes still running. Waited 272.602787018 seconds.
2 processes still running. Waited 277.650769949 seconds.
2 processes still running. Waited 282.699011087 seconds.
2 processes still running. Waited 287.746072054 seconds.
2 processes still running. Waited 292.792976141 seconds.
2 processes still running. Waited 297.835850954 seconds.
2 processes still running. Waited 302.880375147 seconds.
2 processes still running. Waited 307.928902149 seconds.
2 processes still running. Waited 312.975636005 seconds.
2 processes still running. Waited 318.024867058 seconds.
2 processes still running. Waited 323.074429035 seconds.
2 processes still running. Waited 328.122214079 seconds.
2 processes still running. Waited 333.170464039 seconds.
2 processes still running. Waited 338.214873075 seconds.
2 processes still running. Waited 343.257409096 seconds.
2 processes still running. Waited 348.303287029 seconds.
2 processes still running. Waited 353neutron-server average CPU usage        = 41.361952862 %
neutron-server average memory usage     = 765761.0 kB
neutron-dhcp-agent average CPU usage    = 82.3218855219 %
neutron-dhcp-agent average memory usage = 458933.030303 kB
Average total system memory free        = 243654643.461 kB
Average total system CPU idle %         = 98.2 %
.34969306 seconds.
2 processes still running. Waited 358.397113085 seconds.
Done!
Discover Sent    Offer Received    Request Sent    Ack Received    Avg Offer Delay           Avg Ack Delay
8210               3701               8722               3720               3.85052               3.79179     DHCP-network-0.log

Average time needed to receive DHCP IP  = 7.64231 seconds
The CPU and memory usage numbers are saved in the file
 dhcp_scale_cpu_memory_01242015_063549.log in the current directory

Min time needed to receive DHCP IP    = 0.283387 seconds
Median time needed to receive DHCP IP = 7.83865 seconds
Max time needed to receive DHCP IP    = 15.56324 seconds
Total number of DHCPDISCOVER retries  = 8210


 Sleeping 10 seconds........


 Sleeping 10 seconds........


 Sleeping 10 seconds........


 DHCP network already exists.
 # of DHCP networks = 1
 # of DHCP ports per network = 4499
 Run './dhcp_scale_wrapper.py <number_of_DHCP_ports> -delete'
 Exiting...

