   Active: active (running) since Sat 2015-01-24 06:46:16 EST; 1min 0s ago

Waiting 60 seconds after restarting neutron-server
systemctl status neutron-server.service | grep since
  
DHCP-network-0, DHCP-subnet-0, DHCP-port-0 created with 1.0.0.0/16
Added 2nd test tap interface tapf66e006f-ea in namespace of DHCP-network-0
python dhcp_entries.py -m de:ae:00:00:00:00@1.0.0.5:3800@DHCP-network-0
Added 3800 test DHCP ports to DHCP-network-0
   Active: active (running) since Sat 2015-01-24 06:54:19 EST; 1min 0s ago

Waiting 60 seconds after restarting neutron-dhcp-agent.service...

  
1 processes still running. Waited 0.0461571216583 seconds.
Done!
Discover Sent    Offer Received    Request Sent    Ack Received    Avg Offer Delay           Avg Ack Delay

 ERROR 1 : DHCP-network-0.log has invalid data.


 Sleeping 10 seconds........


 Sleeping 10 seconds........


 Sleeping 10 seconds........


 DHCP network already exists.
 # of DHCP networks = 1
 # of DHCP ports per network = 4399
 Run './dhcp_scale_wrapper.py <number_of_DHCP_ports> -delete'
 Exiting...

