   Active: active (running) since Fri 2015-01-23 23:45:20 EST; 1min 0s ago

Waiting 60 seconds after restarting neutron-server
systemctl status neutron-server.service | grep since
  
DHCP-network-0, DHCP-subnet-0, DHCP-port-0 created with 1.0.0.0/16
Added 2nd test tap interface tap3911d7d2-ad in namespace of DHCP-network-0
python dhcp_entries.py -m de:ae:00:00:00:00@1.0.0.5:400@DHCP-network-0
Added 400 test DHCP ports to DHCP-network-0
   Active: active (running) since Fri 2015-01-23 23:47:53 EST; 1min 0s ago
neutron-server average CPU usage        = 13.512 %
neutron-server average memory usage     = 596524.0 kB
neutron-dhcp-agent average CPU usage    = 1.066 %
neutron-dhcp-agent average memory usage = 402906.0 kB
Average total system memory free        = 246081799.2 kB
Average total system CPU idle %         = 98.7 %

Waiting 60 seconds after restarting neutron-dhcp-agent.service...

  
1 processes still running. Waited 0.0448000431061 seconds.
2 processes still running. Waited 5.08883118629 seconds.
2 processes still running. Waited 10.1359159946 seconds.
2 processes still running. Waited 15.1810450554 seconds.
2 processes still running. Waited 20.228028059 seconds.
2 processes still running. Waited 25.2730381489 seconds.
2 processes still running. Waited 30.3190469742 seconds.
2 processes still running. Waited 35.3655841351 seconds.
2 processes still running. Waited 40.4084711075 seconds.
2 processes still running. Waited 45.4502520561 seconds.
2 processes still running. Waited 50.4908599854 seconds.
2 processes still running. Waited 55.5373780727 seconds.
Done!
Discover Sent    Offer Received    Request Sent    Ack Received    Avg Offer Delay           Avg Ack Delay
602               454               712               454               1.83631               1.93752     DHCP-network-0.log

Average time needed to receive DHCP IP  = 3.77383 seconds
The CPU and memory usage numbers are saved in the file
 dhcp_scale_cpu_memory_01232015_234853.log in the current directory

Min time needed to receive DHCP IP    = 0.298968 seconds
Median time needed to receive DHCP IP = 1.010918 seconds
Max time needed to receive DHCP IP    = 23.42471 seconds
Total number of DHCPDISCOVER retries  = 602


 Sleeping 10 seconds........


 Sleeping 10 seconds........


 Sleeping 10 seconds........

