   Active: active (running) since Sat 2015-01-24 11:19:22 EST; 1min 0s ago

Waiting 60 seconds after restarting neutron-server
systemctl status neutron-server.service | grep since
  
DHCP-network-0, DHCP-subnet-0, DHCP-port-0 created with 1.0.0.0/16
Added 2nd test tap interface tapb22715bb-37 in namespace of DHCP-network-0
python dhcp_entries.py -m de:ae:00:00:00:00@1.0.0.5:5200@DHCP-network-0
Added 5200 test DHCP ports to DHCP-network-0
   Active: active (running) since Sat 2015-01-24 11:29:50 EST; 1min 0s ago

Waiting 60 seconds after restarting neutron-dhcp-agent.service...

  
1 processes still running. Waited 0.0463490486145 seconds.
2 processes still running. Waited 5.09160017967 seconds.
2 processes still running. Waited 10.1359920502 seconds.
2 processes still running. Waited 15.1844761372 seconds.
2 processes still running. Waited 20.2344210148 seconds.
2 processes still running. Waited 25.2775142193 seconds.
2 processes still running. Waited 30.3262832165 seconds.
2 processes still running. Waited 35.3755741119 seconds.
2 processes still running. Waited 40.4246580601 seconds.
2 processes still running. Waited 45.4719471931 seconds.
2 processes still running. Waited 50.519256115 seconds.
2 processes still running. Waited 55.5674381256 seconds.
2 processes still running. Waited 60.6152620316 seconds.
2 processes still running. Waited 65.6623280048 seconds.
2 processes still running. Waited 70.7096400261 seconds.
2 processes still running. Waited 75.7546420097 seconds.
2 processes still running. Waited 80.8018932343 seconds.
2 processes still running. Waited 85.8508250713 seconds.
2 processes still running. Waited 90.8987030983 seconds.
2 processes still running. Waited 95.9461622238 seconds.
2 processes still running. Waited 100.991053104 seconds.
2 processes still running. Waited 106.034270048 seconds.
2 processes still running. Waited 111.082028151 seconds.
2 processes still running. Waited 116.131504059 seconds.
2 processes still running. Waited 121.178278208 seconds.
2 processes still running. Waited 126.225214005 seconds.
2 processes still running. Waited 131.274960041 seconds.
2 processes still running. Waited 136.32529521 seconds.
2 processes still running. Waited 141.372613192 seconds.
2 processes still running. Waited 146.41645503 seconds.
2 processes still running. Waited 151.464662075 seconds.
2 processes still running. Waited 156.514908075 seconds.
2 processes still running. Waited 161.564195156 seconds.
2 processes still running. Waited 166.616523027 seconds.
2 processes still running. Waited 171.66505909 seconds.
2 processes still running. Waited 176.715676069 seconds.
2 processes still running. Waited 181.770393133 seconds.
2 processes still running. Waited 186.819838047 seconds.
2 processes still running. Waited 191.868771076 seconds.
2 processes still running. Waited 196.916980028 seconds.
2 processes still running. Waited 201.96522522 seconds.
2 processes still running. Waited 207.014623165 seconds.
2 processes still running. Waited 212.062072039 seconds.
2 processes still running. Waited 217.113037109 seconds.
2 processes still running. Waited 222.163394213 seconds.
2 processes still running. Waited 227.210669041 seconds.
2 processes still running. Waited 232.257996082 seconds.
2 processes still running. Waited 237.304674149 seconds.
2 processes still running. Waited 242.355334044 seconds.
2 processes still running. Waited 247.404778004 seconds.
2 processes still running. Waited 252.454366207 seconds.
2 processes still running. Waited 257.499302149 seconds.
2 processes still running. Waited 262.54974103 seconds.
2 processes still running. Waited 267.598316193 seconds.
2 processes still running. Waited 272.643753052 seconds.
2 processes still running. Waited 277.690778017 seconds.
2 processes still running. Waited 282.734593153 seconds.
2 processes still running. Waited 287.783645153 seconds.
2 processes still running. Waited 292.836484194 seconds.
2 processes still running. Waited 297.885452032 seconds.
2 processes still running. Waited 302.931300163 seconds.
2 processes still running. Waited 307.983648062 seconds.
2 processes still running. Waited 313.029217005 seconds.
2 processes still running. Waited 318.074605227 seconds.
2 processes still running. Waited 323.120672226 seconds.
2 processes still running. Waited 328.16300106 seconds.
2 processes still running. Waited 333.209568024 seconds.
2 processes still running. Waited 338.255328178 seconds.
2 processes still running. Waited 343.301246166 seconds.
2 processes still running. Waited 348.352178097 seconds.
2 processes still running. Waited 353.40neutron-server average CPU usage        = 43.2408388521 %
neutron-server average memory usage     = 851378.0 kB
neutron-dhcp-agent average CPU usage    = 86.327593819 %
neutron-dhcp-agent average memory usage = 485687.0 kB
Average total system memory free        = 242224518.914 kB
Average total system CPU idle %         = 97.9 %
1571035 seconds.
2 processes still running. Waited 358.454917192 seconds.
2 processes still running. Waited 363.504811049 seconds.
2 processes still running. Waited 368.55036211 seconds.
2 processes still running. Waited 373.597153187 seconds.
2 processes still running. Waited 378.64499712 seconds.
2 processes still running. Waited 383.694421053 seconds.
2 processes still running. Waited 388.743264198 seconds.
2 processes still running. Waited 393.789528131 seconds.
2 processes still running. Waited 398.835478067 seconds.
2 processes still running. Waited 403.883845091 seconds.
2 processes still running. Waited 408.932759047 seconds.
2 processes still running. Waited 413.979874134 seconds.
2 processes still running. Waited 419.026215076 seconds.
2 processes still running. Waited 424.075195074 seconds.
2 processes still running. Waited 429.119997025 seconds.
2 processes still running. Waited 434.16821003 seconds.
2 processes still running. Waited 439.218327999 seconds.
2 processes still running. Waited 444.266125202 seconds.
2 processes still running. Waited 449.314822197 seconds.
2 processes still running. Waited 454.364827156 seconds.
2 processes still running. Waited 459.41224122 seconds.
2 processes still running. Waited 464.458954096 seconds.
2 processes still running. Waited 469.505730152 seconds.
2 processes still running. Waited 474.556012154 seconds.
2 processes still running. Waited 479.605171204 seconds.
2 processes still running. Waited 484.653713226 seconds.
2 processes still running. Waited 489.702918053 seconds.
2 processes still running. Waited 494.751620054 seconds.
2 processes still running. Waited 499.808042049 seconds.
2 processes still running. Waited 504.853499174 seconds.
2 processes still running. Waited 509.899609089 seconds.
2 processes still running. Waited 514.947883129 seconds.
2 processes still running. Waited 519.996817112 seconds.
2 processes still running. Waited 525.046238184 seconds.
2 processes still running. Waited 530.095419168 seconds.
2 processes still running. Waited 535.143527031 seconds.
2 processes still running. Waited 540.190798044 seconds.
2 processes still running. Waited 545.235050201 seconds.
2 processes still running. Waited 550.278746128 seconds.
Done!
Discover Sent    Offer Received    Request Sent    Ack Received    Avg Offer Delay           Avg Ack Delay
12139               5224               13269               5326               4.31562               4.61457     DHCP-network-0.log

Average time needed to receive DHCP IP  = 8.93019 seconds
The CPU and memory usage numbers are saved in the file
 dhcp_scale_cpu_memory_01242015_113050.log in the current directory

Min time needed to receive DHCP IP    = 0.442804 seconds
Median time needed to receive DHCP IP = 8.87608 seconds
Max time needed to receive DHCP IP    = 18.80142 seconds
Total number of DHCPDISCOVER retries  = 12139


 Sleeping 10 seconds........


 Sleeping 10 seconds........


 Sleeping 10 seconds........


 DHCP network already exists.
 # of DHCP networks = 1
 # of DHCP ports per network = 2999
 Run './dhcp_scale_wrapper.py <number_of_DHCP_ports> -delete'
 Exiting...

