   Active: active (running) since Fri 2015-01-23 23:56:07 EST; 1min 0s ago

Waiting 60 seconds after restarting neutron-server
systemctl status neutron-server.service | grep since
  
DHCP-network-0, DHCP-subnet-0, DHCP-port-0 created with 1.0.0.0/16
Added 2nd test tap interface tapacd81704-ff in namespace of DHCP-network-0
python dhcp_entries.py -m de:ae:00:00:00:00@1.0.0.5:600@DHCP-network-0
Added 600 test DHCP ports to DHCP-network-0
   Active: active (running) since Fri 2015-01-23 23:58:59 EST; 1min 0s ago
neutron-server average CPU usage        = 17.9568965517 %
neutron-server average memory usage     = 603665.0 kB
neutron-dhcp-agent average CPU usage    = 21.6 %
neutron-dhcp-agent average memory usage = 408825.0 kB
Average total system memory free        = 246008739.724 kB
Average total system CPU idle %         = 98.7 %

Waiting 60 seconds after restarting neutron-dhcp-agent.service...

  
1 processes still running. Waited 0.0447850227356 seconds.
2 processes still running. Waited 5.08851003647 seconds.
2 processes still running. Waited 10.1356949806 seconds.
2 processes still running. Waited 15.1829180717 seconds.
2 processes still running. Waited 20.22600317 seconds.
2 processes still running. Waited 25.2726740837 seconds.
2 processes still running. Waited 30.3165631294 seconds.
2 processes still running. Waited 35.3631420135 seconds.
2 processes still running. Waited 40.4048950672 seconds.
2 processes still running. Waited 45.4453530312 seconds.
2 processes still running. Waited 50.4870910645 seconds.
2 processes still running. Waited 55.5347280502 seconds.
2 processes still running. Waited 60.5822210312 seconds.
2 processes still running. Waited 65.6268010139 seconds.
Done!
Discover Sent    Offer Received    Request Sent    Ack Received    Avg Offer Delay           Avg Ack Delay
949               614               1006               663               2.62467               2.55131     DHCP-network-0.log

Average time needed to receive DHCP IP  = 5.17598 seconds
The CPU and memory usage numbers are saved in the file
 dhcp_scale_cpu_memory_01232015_235959.log in the current directory

Min time needed to receive DHCP IP    = 0.256132 seconds
Median time needed to receive DHCP IP = 5.91854 seconds
Max time needed to receive DHCP IP    = 19.40329 seconds
Total number of DHCPDISCOVER retries  = 949


 Sleeping 10 seconds........


 Sleeping 10 seconds........


 Sleeping 10 seconds........

