   Active: active (running) since Sat 2015-01-24 22:55:00 EST; 1min 0s ago

Waiting 60 seconds after restarting neutron-server
systemctl status neutron-server.service | grep since
  
DHCP-network-0, DHCP-subnet-0, DHCP-port-0 created with 1.0.0.0/16
Added 2nd test tap interface tap5c961a8a-62 in namespace of DHCP-network-0
python dhcp_entries.py -m de:ae:00:00:00:00@1.0.0.5:7900@DHCP-network-0
Added 7900 test DHCP ports to DHCP-network-0
   Active: active (running) since Sat 2015-01-24 23:10:03 EST; 1min 0s ago

Waiting 60 seconds after restarting neutron-dhcp-agent.service...

  
1 processes still running. Waited 0.0478010177612 seconds.
Done!
Discover Sent    Offer Received    Request Sent    Ack Received    Avg Offer Delay           Avg Ack Delay

 ERROR 1 : DHCP-network-0.log has invalid data.


 Sleeping 10 seconds........


 Sleeping 10 seconds........


 Sleeping 10 seconds........


 DHCP network already exists.
 # of DHCP networks = 1
 # of DHCP ports per network = 299
 Run './dhcp_scale_wrapper.py <number_of_DHCP_ports> -delete'
 Exiting...

