   Active: active (running) since Sat 2015-01-24 00:15:18 EST; 1min 0s ago

Waiting 60 seconds after restarting neutron-server
systemctl status neutron-server.service | grep since
  
DHCP-network-0, DHCP-subnet-0, DHCP-port-0 created with 1.0.0.0/16
Added 2nd test tap interface tap53a57631-88 in namespace of DHCP-network-0
python dhcp_entries.py -m de:ae:00:00:00:00@1.0.0.5:900@DHCP-network-0
Added 900 test DHCP ports to DHCP-network-0
   Active: active (running) since Sat 2015-01-24 00:18:38 EST; 1min 0s ago
neutron-server average CPU usage        = 22.9734939759 %
neutron-server average memory usage     = 628469.0 kB
neutron-dhcp-agent average CPU usage    = 55.6518072289 %
neutron-dhcp-agent average memory usage = 411263.108434 kB
Average total system memory free        = 245869336.819 kB
Average total system CPU idle %         = 98.7 %

Waiting 60 seconds after restarting neutron-dhcp-agent.service...

  
1 processes still running. Waited 0.0471169948578 seconds.
2 processes still running. Waited 5.09210109711 seconds.
2 processes still running. Waited 10.1387410164 seconds.
2 processes still running. Waited 15.1841630936 seconds.
2 processes still running. Waited 20.2319171429 seconds.
2 processes still running. Waited 25.2808761597 seconds.
2 processes still running. Waited 30.3249340057 seconds.
2 processes still running. Waited 35.3722200394 seconds.
2 processes still running. Waited 40.4180550575 seconds.
2 processes still running. Waited 45.463779211 seconds.
2 processes still running. Waited 50.5078999996 seconds.
2 processes still running. Waited 55.5563471317 seconds.
2 processes still running. Waited 60.6038081646 seconds.
2 processes still running. Waited 65.6516971588 seconds.
2 processes still running. Waited 70.7008390427 seconds.
2 processes still running. Waited 75.7485489845 seconds.
2 processes still running. Waited 80.7961871624 seconds.
2 processes still running. Waited 85.8451750278 seconds.
2 processes still running. Waited 90.8884561062 seconds.
2 processes still running. Waited 95.9321839809 seconds.
Done!
Discover Sent    Offer Received    Request Sent    Ack Received    Avg Offer Delay           Avg Ack Delay
1634               921               1534               954               2.92839               3.05796     DHCP-network-0.log

Average time needed to receive DHCP IP  = 5.98635 seconds
The CPU and memory usage numbers are saved in the file
 dhcp_scale_cpu_memory_01242015_001938.log in the current directory

Min time needed to receive DHCP IP    = 0.114255 seconds
Median time needed to receive DHCP IP = 6.16513 seconds
Max time needed to receive DHCP IP    = 28.1078 seconds
Total number of DHCPDISCOVER retries  = 1634


 Sleeping 10 seconds........


 Sleeping 10 seconds........


 Sleeping 10 seconds........

