
Waiting for DHCP network, subnet and ports to be created....
2015-05-07 01:47:37.135770 : 98 ports found. 100 ports expected
2015-05-07 01:47:42.565773 : 100 ports found. 100 ports expected
Added test tap interface tapd6d2c4f1-5c (1.0.0.1) in namespace testns-DHCP-network-0

sudo ip netns exec testns-DHCP-network-0 /usr/local/sbin/perfdhcp -4 -b mac=fa:16:00:00:00:00 -r 100 -R 100 -p 120 -l tapd6d2c4f1-5c &> testns-DHCP-network-0_100_05072015_014926.log &

Waiting for perfdhcp in all test namespaces to complete....

perfdhcp ended

Deleting remaining churned networks, subnets and ports

Total number of packets dropped = 0
Total number of packets sent = 23782
Packet drop % = 0.0 %
Minimum time to receive DHCP IP address = 0.263 milliseconds
Average time to receive DHCP IP address = 0.461 milliseconds
Maximum time to receive DHCP IP address = 21.089 milliseconds

The CPU and memory usage numbers are saved in the file
dhcp_scale_cpu_memory_05072015_014926.log in the current directory

neutron-dhcp-agent average CPU usage    = 3.3 %
neutron-dhcp-agent average memory usage = 530425.0 kB
Average total system memory free        = 386281559.158 kB
Average total system CPU used %         = 0.973684210526 %


Waiting 60 seconds....


Waiting 30 seconds....
