
DHCP-network-0 and DHCP-subnet-0 already exist. Waiting for DHCP ports to be created....
2015-05-07 02:27:41.798470 : 1098 ports found. 1100 ports expected
2015-05-07 02:27:47.894865 : 1100 ports found. 1100 ports expected

sudo ip netns exec testns-DHCP-network-0 /usr/local/sbin/perfdhcp -4 -b mac=fa:16:00:00:00:00 -r 1100 -R 1100 -p 120 -l tapd6d2c4f1-5c &> testns-DHCP-network-0_1100_05072015_022849.log &

Waiting for perfdhcp in all test namespaces to complete....

perfdhcp ended

Deleting remaining churned networks, subnets and ports

Total number of packets dropped = 64745
Total number of packets sent = 182073
Packet drop % = 35.5599127822 %
Minimum time to receive DHCP IP address = 0.298 milliseconds
Average time to receive DHCP IP address = 340.758 milliseconds
Maximum time to receive DHCP IP address = 686.484 milliseconds

The CPU and memory usage numbers are saved in the file
dhcp_scale_cpu_memory_05072015_022849.log in the current directory

neutron-dhcp-agent average CPU usage    = 3.3 %
neutron-dhcp-agent average memory usage = 543015.0 kB
Average total system memory free        = 386112698.0 kB
Average total system CPU used %         = 3.60263157895 %


Waiting 60 seconds....

