
DHCP-network-0 and DHCP-subnet-0 already exist. Waiting for DHCP ports to be created....
2015-05-07 02:31:43.352070 : 1197 ports found. 1200 ports expected
2015-05-07 02:31:49.461790 : 1200 ports found. 1200 ports expected

sudo ip netns exec testns-DHCP-network-0 /usr/local/sbin/perfdhcp -4 -b mac=fa:16:00:00:00:00 -r 1200 -R 1200 -p 120 -l tapd6d2c4f1-5c &> testns-DHCP-network-0_1200_05072015_023256.log &

Waiting for perfdhcp in all test namespaces to complete....

perfdhcp ended

Deleting remaining churned networks, subnets and ports

Total number of packets dropped = 80942
Total number of packets sent = 186884
Packet drop % = 43.3113589178 %
Minimum time to receive DHCP IP address = 0.306 milliseconds
Average time to receive DHCP IP address = 377.863 milliseconds
Maximum time to receive DHCP IP address = 676.85 milliseconds

The CPU and memory usage numbers are saved in the file
dhcp_scale_cpu_memory_05072015_023256.log in the current directory

neutron-dhcp-agent average CPU usage    = 3.32368421053 %
neutron-dhcp-agent average memory usage = 543015.0 kB
Average total system memory free        = 386098593.158 kB
Average total system CPU used %         = 3.48157894737 %


Waiting 60 seconds....

