
DHCP-network-0 and DHCP-subnet-0 already exist. Waiting for DHCP ports to be created....
2015-05-07 02:35:46.043796 : 1262 ports found. 1300 ports expected
2015-05-07 02:35:52.225857 : 1300 ports found. 1300 ports expected

sudo ip netns exec testns-DHCP-network-0 /usr/local/sbin/perfdhcp -4 -b mac=fa:16:00:00:00:00 -r 1300 -R 1300 -p 120 -l tapd6d2c4f1-5c &> testns-DHCP-network-0_1300_05072015_023654.log &

Waiting for perfdhcp in all test namespaces to complete....

perfdhcp ended

Deleting remaining churned networks, subnets and ports

Total number of packets dropped = 86921
Total number of packets sent = 201528
Packet drop % = 43.130979318 %
Minimum time to receive DHCP IP address = 2.422 milliseconds
Average time to receive DHCP IP address = 350.685 milliseconds
Maximum time to receive DHCP IP address = 629.468 milliseconds

The CPU and memory usage numbers are saved in the file
dhcp_scale_cpu_memory_05072015_023654.log in the current directory

neutron-dhcp-agent average CPU usage    = 3.4 %
neutron-dhcp-agent average memory usage = 543015.0 kB
Average total system memory free        = 386078741.579 kB
Average total system CPU used %         = 3.59736842105 %


Waiting 60 seconds....

