
DHCP-network-0 and DHCP-subnet-0 already exist. Waiting for DHCP ports to be created....
2015-05-07 02:43:51.681513 : 1495 ports found. 1500 ports expected
2015-05-07 02:43:58.039326 : 1500 ports found. 1500 ports expected

sudo ip netns exec testns-DHCP-network-0 /usr/local/sbin/perfdhcp -4 -b mac=fa:16:00:00:00:00 -r 1500 -R 1500 -p 120 -l tapd6d2c4f1-5c &> testns-DHCP-network-0_1500_05072015_024459.log &

Waiting for perfdhcp in all test namespaces to complete....

perfdhcp ended

Deleting remaining churned networks, subnets and ports

Total number of packets dropped = 114486
Total number of packets sent = 213780
Packet drop % = 53.5531855178 %
Minimum time to receive DHCP IP address = 0.312 milliseconds
Average time to receive DHCP IP address = 403.789 milliseconds
Maximum time to receive DHCP IP address = 817.406 milliseconds

The CPU and memory usage numbers are saved in the file
dhcp_scale_cpu_memory_05072015_024459.log in the current directory

neutron-dhcp-agent average CPU usage    = 3.4 %
neutron-dhcp-agent average memory usage = 543015.0 kB
Average total system memory free        = 386029540.947 kB
Average total system CPU used %         = 3.68684210526 %


Waiting 60 seconds....

