
DHCP-network-0 and DHCP-subnet-0 already exist. Waiting for DHCP ports to be created....
2015-05-07 02:47:56.373172 : 1593 ports found. 1600 ports expected
2015-05-07 02:48:02.775298 : 1600 ports found. 1600 ports expected

sudo ip netns exec testns-DHCP-network-0 /usr/local/sbin/perfdhcp -4 -b mac=fa:16:00:00:00:00 -r 1600 -R 1600 -p 120 -l tapd6d2c4f1-5c &> testns-DHCP-network-0_1600_05072015_024904.log &

Waiting for perfdhcp in all test namespaces to complete....

perfdhcp ended

Deleting remaining churned networks, subnets and ports

Total number of packets dropped = 127489
Total number of packets sent = 220407
Packet drop % = 57.8425367615 %
Minimum time to receive DHCP IP address = 0.33 milliseconds
Average time to receive DHCP IP address = 431.735 milliseconds
Maximum time to receive DHCP IP address = 618.544 milliseconds

The CPU and memory usage numbers are saved in the file
dhcp_scale_cpu_memory_05072015_024904.log in the current directory

neutron-dhcp-agent average CPU usage    = 3.4 %
neutron-dhcp-agent average memory usage = 543015.0 kB
Average total system memory free        = 386009413.579 kB
Average total system CPU used %         = 3.65526315789 %


Waiting 60 seconds....

