
DHCP-network-0 and DHCP-subnet-0 already exist. Waiting for DHCP ports to be created....
2015-05-07 02:56:04.169056 : 1795 ports found. 1800 ports expected
2015-05-07 02:56:10.560841 : 1800 ports found. 1800 ports expected

sudo ip netns exec testns-DHCP-network-0 /usr/local/sbin/perfdhcp -4 -b mac=fa:16:00:00:00:00 -r 1800 -R 1800 -p 120 -l tapd6d2c4f1-5c &> testns-DHCP-network-0_1800_05072015_025712.log &

Waiting for perfdhcp in all test namespaces to complete....

perfdhcp ended

Deleting remaining churned networks, subnets and ports

Total number of packets dropped = 154348
Total number of packets sent = 233577
Packet drop % = 66.0801363148 %
Minimum time to receive DHCP IP address = 0.324 milliseconds
Average time to receive DHCP IP address = 506.765 milliseconds
Maximum time to receive DHCP IP address = 947.709 milliseconds

The CPU and memory usage numbers are saved in the file
dhcp_scale_cpu_memory_05072015_025712.log in the current directory

neutron-dhcp-agent average CPU usage    = 3.4 %
neutron-dhcp-agent average memory usage = 543015.0 kB
Average total system memory free        = 385973062.421 kB
Average total system CPU used %         = 3.66842105263 %


Waiting 60 seconds....

