
DHCP-network-0 and DHCP-subnet-0 already exist. Waiting for DHCP ports to be created....
2015-05-07 03:03:45.971321 : 1992 ports found. 2000 ports expected
2015-05-07 03:03:52.619498 : 2000 ports found. 2000 ports expected

sudo ip netns exec testns-DHCP-network-0 /usr/local/sbin/perfdhcp -4 -b mac=fa:16:00:00:00:00 -r 2000 -R 2000 -p 120 -l tapd6d2c4f1-5c &> testns-DHCP-network-0_2000_05072015_030454.log &

Waiting for perfdhcp in all test namespaces to complete....

perfdhcp ended

Deleting remaining churned networks, subnets and ports

Total number of packets dropped = 178904
Total number of packets sent = 247938
Packet drop % = 72.1567488646 %
Minimum time to receive DHCP IP address = 5.785 milliseconds
Average time to receive DHCP IP address = 582.699 milliseconds
Maximum time to receive DHCP IP address = 877.868 milliseconds

The CPU and memory usage numbers are saved in the file
dhcp_scale_cpu_memory_05072015_030454.log in the current directory

neutron-dhcp-agent average CPU usage    = 3.4 %
neutron-dhcp-agent average memory usage = 543015.0 kB
Average total system memory free        = 385932480.211 kB
Average total system CPU used %         = 3.66052631579 %


Waiting 60 seconds....

