
DHCP-network-0 and DHCP-subnet-0 already exist. Waiting for DHCP ports to be created....
2015-05-07 03:11:40.989965 : 2191 ports found. 2200 ports expected
2015-05-07 03:11:47.720772 : 2200 ports found. 2200 ports expected

sudo ip netns exec testns-DHCP-network-0 /usr/local/sbin/perfdhcp -4 -b mac=fa:16:00:00:00:00 -r 2200 -R 2200 -p 120 -l tapd6d2c4f1-5c &> testns-DHCP-network-0_2200_05072015_031250.log &

Waiting for perfdhcp in all test namespaces to complete....

perfdhcp ended

Deleting remaining churned networks, subnets and ports

Total number of packets dropped = 201759
Total number of packets sent = 266892
Packet drop % = 75.5957465941 %
Minimum time to receive DHCP IP address = 6.76 milliseconds
Average time to receive DHCP IP address = 618.162 milliseconds
Maximum time to receive DHCP IP address = 863.762 milliseconds

The CPU and memory usage numbers are saved in the file
dhcp_scale_cpu_memory_05072015_031250.log in the current directory

neutron-dhcp-agent average CPU usage    = 3.4 %
neutron-dhcp-agent average memory usage = 543015.0 kB
Average total system memory free        = 386024607.474 kB
Average total system CPU used %         = 3.77894736842 %


Waiting 60 seconds....

