
DHCP-network-0 and DHCP-subnet-0 already exist. Waiting for DHCP ports to be created....
2015-05-07 03:15:35.841863 : 2294 ports found. 2300 ports expected
2015-05-07 03:15:42.730883 : 2300 ports found. 2300 ports expected

sudo ip netns exec testns-DHCP-network-0 /usr/local/sbin/perfdhcp -4 -b mac=fa:16:00:00:00:00 -r 2300 -R 2300 -p 120 -l tapd6d2c4f1-5c &> testns-DHCP-network-0_2300_05072015_031645.log &

Waiting for perfdhcp in all test namespaces to complete....

perfdhcp ended

Deleting remaining churned networks, subnets and ports

Total number of packets dropped = 211754
Total number of packets sent = 278987
Packet drop % = 75.9010276464 %
Minimum time to receive DHCP IP address = 4.878 milliseconds
Average time to receive DHCP IP address = 600.03 milliseconds
Maximum time to receive DHCP IP address = 1062.297 milliseconds

The CPU and memory usage numbers are saved in the file
dhcp_scale_cpu_memory_05072015_031645.log in the current directory

neutron-dhcp-agent average CPU usage    = 3.4 %
neutron-dhcp-agent average memory usage = 543015.0 kB
Average total system memory free        = 385999028.632 kB
Average total system CPU used %         = 3.65263157895 %


Waiting 60 seconds....

