
DHCP-network-0 and DHCP-subnet-0 already exist. Waiting for DHCP ports to be created....
2015-05-07 03:27:33.177522 : 2593 ports found. 2600 ports expected
2015-05-07 03:27:40.193179 : 2600 ports found. 2600 ports expected

sudo ip netns exec testns-DHCP-network-0 /usr/local/sbin/perfdhcp -4 -b mac=fa:16:00:00:00:00 -r 2600 -R 2600 -p 120 -l tapd6d2c4f1-5c &> testns-DHCP-network-0_2600_05072015_032842.log &

Waiting for perfdhcp in all test namespaces to complete....

perfdhcp ended

Deleting remaining churned networks, subnets and ports

Total number of packets dropped = 238669
Total number of packets sent = 323173
Packet drop % = 73.8517759838 %
Minimum time to receive DHCP IP address = 3.997 milliseconds
Average time to receive DHCP IP address = 478.874 milliseconds
Maximum time to receive DHCP IP address = 938.135 milliseconds

The CPU and memory usage numbers are saved in the file
dhcp_scale_cpu_memory_05072015_032842.log in the current directory

neutron-dhcp-agent average CPU usage    = 3.5 %
neutron-dhcp-agent average memory usage = 543015.0 kB
Average total system memory free        = 385924182.526 kB
Average total system CPU used %         = 3.76578947368 %


Waiting 60 seconds....

