
DHCP-network-0 and DHCP-subnet-0 already exist. Waiting for DHCP ports to be created....
2015-05-07 03:31:29.798356 : 2688 ports found. 2700 ports expected
2015-05-07 03:31:36.953428 : 2700 ports found. 2700 ports expected

sudo ip netns exec testns-DHCP-network-0 /usr/local/sbin/perfdhcp -4 -b mac=fa:16:00:00:00:00 -r 2700 -R 2700 -p 120 -l tapd6d2c4f1-5c &> testns-DHCP-network-0_2700_05072015_033239.log &

Waiting for perfdhcp in all test namespaces to complete....

perfdhcp ended

Deleting remaining churned networks, subnets and ports

Total number of packets dropped = 248638
Total number of packets sent = 333727
Packet drop % = 74.5034114711 %
Minimum time to receive DHCP IP address = 3.751 milliseconds
Average time to receive DHCP IP address = 476.876 milliseconds
Maximum time to receive DHCP IP address = 1036.659 milliseconds

The CPU and memory usage numbers are saved in the file
dhcp_scale_cpu_memory_05072015_033239.log in the current directory

neutron-dhcp-agent average CPU usage    = 3.5 %
neutron-dhcp-agent average memory usage = 543015.0 kB
Average total system memory free        = 385906075.579 kB
Average total system CPU used %         = 3.88157894737 %


Waiting 60 seconds....

