
DHCP-network-0 and DHCP-subnet-0 already exist. Waiting for DHCP ports to be created....
2015-05-07 03:35:26.513943 : 2789 ports found. 2800 ports expected
2015-05-07 03:35:33.733793 : 2800 ports found. 2800 ports expected

sudo ip netns exec testns-DHCP-network-0 /usr/local/sbin/perfdhcp -4 -b mac=fa:16:00:00:00:00 -r 2800 -R 2800 -p 120 -l tapd6d2c4f1-5c &> testns-DHCP-network-0_2800_05072015_033636.log &

Waiting for perfdhcp in all test namespaces to complete....

perfdhcp ended

Deleting remaining churned networks, subnets and ports

Total number of packets dropped = 258711
Total number of packets sent = 349562
Packet drop % = 74.0100468586 %
Minimum time to receive DHCP IP address = 3.627 milliseconds
Average time to receive DHCP IP address = 446.205 milliseconds
Maximum time to receive DHCP IP address = 1045.31 milliseconds

The CPU and memory usage numbers are saved in the file
dhcp_scale_cpu_memory_05072015_033636.log in the current directory

neutron-dhcp-agent average CPU usage    = 3.5 %
neutron-dhcp-agent average memory usage = 543015.0 kB
Average total system memory free        = 385875961.158 kB
Average total system CPU used %         = 3.74473684211 %


Waiting 60 seconds....

