
DHCP-network-0 and DHCP-subnet-0 already exist. Waiting for DHCP ports to be created....
2015-05-07 03:39:24.106177 : 2882 ports found. 2900 ports expected
2015-05-07 03:39:31.209596 : 2900 ports found. 2900 ports expected

sudo ip netns exec testns-DHCP-network-0 /usr/local/sbin/perfdhcp -4 -b mac=fa:16:00:00:00:00 -r 2900 -R 2900 -p 120 -l tapd6d2c4f1-5c &> testns-DHCP-network-0_2900_05072015_034034.log &

Waiting for perfdhcp in all test namespaces to complete....

perfdhcp ended

Deleting remaining churned networks, subnets and ports

Total number of packets dropped = 268432
Total number of packets sent = 355158
Packet drop % = 75.5810090157 %
Minimum time to receive DHCP IP address = 3.042 milliseconds
Average time to receive DHCP IP address = 470.481 milliseconds
Maximum time to receive DHCP IP address = 1150.932 milliseconds

The CPU and memory usage numbers are saved in the file
dhcp_scale_cpu_memory_05072015_034034.log in the current directory

neutron-dhcp-agent average CPU usage    = 3.5 %
neutron-dhcp-agent average memory usage = 543015.0 kB
Average total system memory free        = 385869795.684 kB
Average total system CPU used %         = 3.85 %


Waiting 60 seconds....

