
DHCP-network-0 and DHCP-subnet-0 already exist. Waiting for DHCP ports to be created....
2015-05-07 03:43:32.742022 : 2989 ports found. 3000 ports expected
2015-05-07 03:43:40.082046 : 3000 ports found. 3000 ports expected

sudo ip netns exec testns-DHCP-network-0 /usr/local/sbin/perfdhcp -4 -b mac=fa:16:00:00:00:00 -r 3000 -R 3000 -p 120 -l tapd6d2c4f1-5c &> testns-DHCP-network-0_3000_05072015_034443.log &

Waiting for perfdhcp in all test namespaces to complete....

perfdhcp ended

Deleting remaining churned networks, subnets and ports

Total number of packets dropped = 277907
Total number of packets sent = 369742
Packet drop % = 75.1624105457 %
Minimum time to receive DHCP IP address = 0.859 milliseconds
Average time to receive DHCP IP address = 442.766 milliseconds
Maximum time to receive DHCP IP address = 1099.948 milliseconds

The CPU and memory usage numbers are saved in the file
dhcp_scale_cpu_memory_05072015_034443.log in the current directory

neutron-dhcp-agent average CPU usage    = 3.5 %
neutron-dhcp-agent average memory usage = 543015.0 kB
Average total system memory free        = 385834752.421 kB
Average total system CPU used %         = 3.78421052632 %


Waiting 60 seconds....

