
DHCP-network-0 and DHCP-subnet-0 already exist. Waiting for DHCP ports to be created....
2015-05-07 03:47:35.727483 : 3057 ports found. 3100 ports expected
2015-05-07 03:47:43.089453 : 3100 ports found. 3100 ports expected

sudo ip netns exec testns-DHCP-network-0 /usr/local/sbin/perfdhcp -4 -b mac=fa:16:00:00:00:00 -r 3100 -R 3100 -p 120 -l tapd6d2c4f1-5c &> testns-DHCP-network-0_3100_05072015_034846.log &

Waiting for perfdhcp in all test namespaces to complete....

perfdhcp ended

Deleting remaining churned networks, subnets and ports

Total number of packets dropped = 285308
Total number of packets sent = 369456
Packet drop % = 77.2238101425 %
Minimum time to receive DHCP IP address = 1.677 milliseconds
Average time to receive DHCP IP address = 488.619 milliseconds
Maximum time to receive DHCP IP address = 1216.939 milliseconds

The CPU and memory usage numbers are saved in the file
dhcp_scale_cpu_memory_05072015_034846.log in the current directory

neutron-dhcp-agent average CPU usage    = 3.5 %
neutron-dhcp-agent average memory usage = 543015.0 kB
Average total system memory free        = 385827082.632 kB
Average total system CPU used %         = 3.85 %


Waiting 60 seconds....

