
DHCP-network-0 and DHCP-subnet-0 already exist. Waiting for DHCP ports to be created....
2015-05-07 03:56:05.357292 : 3287 ports found. 3300 ports expected
2015-05-07 03:56:12.896458 : 3300 ports found. 3300 ports expected

sudo ip netns exec testns-DHCP-network-0 /usr/local/sbin/perfdhcp -4 -b mac=fa:16:00:00:00:00 -r 3300 -R 3300 -p 120 -l tapd6d2c4f1-5c &> testns-DHCP-network-0_3300_05072015_035716.log &

Waiting for perfdhcp in all test namespaces to complete....

perfdhcp ended

Deleting remaining churned networks, subnets and ports

Total number of packets dropped = 292813
Total number of packets sent = 344953
Packet drop % = 84.8848973628 %
Minimum time to receive DHCP IP address = 1.103 milliseconds
Average time to receive DHCP IP address = 770.975 milliseconds
Maximum time to receive DHCP IP address = 1027.746 milliseconds

The CPU and memory usage numbers are saved in the file
dhcp_scale_cpu_memory_05072015_035716.log in the current directory

neutron-dhcp-agent average CPU usage    = 3.5 %
neutron-dhcp-agent average memory usage = 543015.0 kB
Average total system memory free        = 385843726.316 kB
Average total system CPU used %         = 3.75526315789 %


Waiting 60 seconds....

