
DHCP-network-0 and DHCP-subnet-0 already exist. Waiting for DHCP ports to be created....
2015-05-07 04:12:52.692318 : 3685 ports found. 3700 ports expected
2015-05-07 04:13:00.344408 : 3700 ports found. 3700 ports expected

sudo ip netns exec testns-DHCP-network-0 /usr/local/sbin/perfdhcp -4 -b mac=fa:16:00:00:00:00 -r 3700 -R 3700 -p 120 -l tapd6d2c4f1-5c &> testns-DHCP-network-0_3700_05072015_041403.log &

Waiting for perfdhcp in all test namespaces to complete....

perfdhcp ended

Deleting remaining churned networks, subnets and ports

Total number of packets dropped = 320593
Total number of packets sent = 368253
Packet drop % = 87.0578107986 %
Minimum time to receive DHCP IP address = 1.729 milliseconds
Average time to receive DHCP IP address = 843.485 milliseconds
Maximum time to receive DHCP IP address = 1173.664 milliseconds

The CPU and memory usage numbers are saved in the file
dhcp_scale_cpu_memory_05072015_041403.log in the current directory

neutron-dhcp-agent average CPU usage    = 3.6 %
neutron-dhcp-agent average memory usage = 543015.0 kB
Average total system memory free        = 385768387.684 kB
Average total system CPU used %         = 3.71578947368 %


Waiting 60 seconds....

