
DHCP-network-0 and DHCP-subnet-0 already exist. Waiting for DHCP ports to be created....
2015-05-07 04:21:01.380220 : 3883 ports found. 3900 ports expected
2015-05-07 04:21:09.235750 : 3900 ports found. 3900 ports expected

sudo ip netns exec testns-DHCP-network-0 /usr/local/sbin/perfdhcp -4 -b mac=fa:16:00:00:00:00 -r 3900 -R 3900 -p 120 -l tapd6d2c4f1-5c &> testns-DHCP-network-0_3900_05072015_042212.log &

Waiting for perfdhcp in all test namespaces to complete....

perfdhcp ended

Deleting remaining churned networks, subnets and ports

Total number of packets dropped = 363770
Total number of packets sent = 456544
Packet drop % = 79.6790670779 %
Minimum time to receive DHCP IP address = 5.739 milliseconds
Average time to receive DHCP IP address = 464.274 milliseconds
Maximum time to receive DHCP IP address = 1535.089 milliseconds

The CPU and memory usage numbers are saved in the file
dhcp_scale_cpu_memory_05072015_042212.log in the current directory

neutron-dhcp-agent average CPU usage    = 3.6 %
neutron-dhcp-agent average memory usage = 543015.0 kB
Average total system memory free        = 385650993.579 kB
Average total system CPU used %         = 4.10789473684 %


Waiting 60 seconds....

