
DHCP-network-0 and DHCP-subnet-0 already exist. Waiting for DHCP ports to be created....
2015-05-07 04:25:13.570356 : 3981 ports found. 4000 ports expected
2015-05-07 04:25:21.555931 : 4000 ports found. 4000 ports expected

sudo ip netns exec testns-DHCP-network-0 /usr/local/sbin/perfdhcp -4 -b mac=fa:16:00:00:00:00 -r 4000 -R 4000 -p 120 -l tapd6d2c4f1-5c &> testns-DHCP-network-0_4000_05072015_042625.log &

Waiting for perfdhcp in all test namespaces to complete....

perfdhcp ended

Deleting remaining churned networks, subnets and ports

Total number of packets dropped = 370043
Total number of packets sent = 416412
Packet drop % = 88.8646340643 %
Minimum time to receive DHCP IP address = 1.115 milliseconds
Average time to receive DHCP IP address = 866.968 milliseconds
Maximum time to receive DHCP IP address = 1284.77 milliseconds

The CPU and memory usage numbers are saved in the file
dhcp_scale_cpu_memory_05072015_042625.log in the current directory

neutron-dhcp-agent average CPU usage    = 3.7 %
neutron-dhcp-agent average memory usage = 543015.0 kB
Average total system memory free        = 385692177.053 kB
Average total system CPU used %         = 4.11052631579 %


Waiting 60 seconds....

