
DHCP-network-0 and DHCP-subnet-0 already exist. Waiting for DHCP ports to be created....
2015-05-07 04:33:41.053639 : 4177 ports found. 4200 ports expected
2015-05-07 04:33:49.250897 : 4200 ports found. 4200 ports expected

sudo ip netns exec testns-DHCP-network-0 /usr/local/sbin/perfdhcp -4 -b mac=fa:16:00:00:00:00 -r 4200 -R 4200 -p 120 -l tapd6d2c4f1-5c &> testns-DHCP-network-0_4200_05072015_043453.log &

Waiting for perfdhcp in all test namespaces to complete....

perfdhcp ended

Deleting remaining churned networks, subnets and ports

Total number of packets dropped = 388079
Total number of packets sent = 445770
Packet drop % = 87.0581241447 %
Minimum time to receive DHCP IP address = 1.628 milliseconds
Average time to receive DHCP IP address = 725.696 milliseconds
Maximum time to receive DHCP IP address = 1717.993 milliseconds

The CPU and memory usage numbers are saved in the file
dhcp_scale_cpu_memory_05072015_043453.log in the current directory

neutron-dhcp-agent average CPU usage    = 3.7 %
neutron-dhcp-agent average memory usage = 543015.0 kB
Average total system memory free        = 385770667.579 kB
Average total system CPU used %         = 4.29473684211 %


Waiting 60 seconds....

