
DHCP-network-0 and DHCP-subnet-0 already exist. Waiting for DHCP ports to be created....
2015-05-07 04:46:24.892049 : 4480 ports found. 4500 ports expected
2015-05-07 04:46:33.293480 : 4500 ports found. 4500 ports expected

sudo ip netns exec testns-DHCP-network-0 /usr/local/sbin/perfdhcp -4 -b mac=fa:16:00:00:00:00 -r 4500 -R 4500 -p 120 -l tapd6d2c4f1-5c &> testns-DHCP-network-0_4500_05072015_044737.log &

Waiting for perfdhcp in all test namespaces to complete....

perfdhcp ended

Deleting remaining churned networks, subnets and ports

Total number of packets dropped = 412841
Total number of packets sent = 488748
Packet drop % = 84.4690924566 %
Minimum time to receive DHCP IP address = 1.693 milliseconds
Average time to receive DHCP IP address = 616.958 milliseconds
Maximum time to receive DHCP IP address = 1940.295 milliseconds

The CPU and memory usage numbers are saved in the file
dhcp_scale_cpu_memory_05072015_044737.log in the current directory

neutron-dhcp-agent average CPU usage    = 3.78421052632 %
neutron-dhcp-agent average memory usage = 543015.0 kB
Average total system memory free        = 385702611.474 kB
Average total system CPU used %         = 4.37631578947 %


Waiting 60 seconds....

