
DHCP-network-0 and DHCP-subnet-0 already exist. Waiting for DHCP ports to be created....
2015-05-07 04:54:31.731234 : 4680 ports found. 4700 ports expected
2015-05-07 04:54:40.230207 : 4700 ports found. 4700 ports expected

sudo ip netns exec testns-DHCP-network-0 /usr/local/sbin/perfdhcp -4 -b mac=fa:16:00:00:00:00 -r 4700 -R 4700 -p 120 -l tapd6d2c4f1-5c &> testns-DHCP-network-0_4700_05072015_045545.log &

Waiting for perfdhcp in all test namespaces to complete....

perfdhcp ended

Deleting remaining churned networks, subnets and ports

Total number of packets dropped = 429479
Total number of packets sent = 524034
Packet drop % = 81.9563234447 %
Minimum time to receive DHCP IP address = 2.679 milliseconds
Average time to receive DHCP IP address = 541.192 milliseconds
Maximum time to receive DHCP IP address = 2298.6 milliseconds

The CPU and memory usage numbers are saved in the file
dhcp_scale_cpu_memory_05072015_045545.log in the current directory

neutron-dhcp-agent average CPU usage    = 3.8 %
neutron-dhcp-agent average memory usage = 543015.0 kB
Average total system memory free        = 385629042.632 kB
Average total system CPU used %         = 4.45789473684 %


Waiting 60 seconds....

