
DHCP-network-0 and DHCP-subnet-0 already exist. Waiting for DHCP ports to be created....
2015-05-07 05:15:15.908593 : 5169 ports found. 5200 ports expected
2015-05-07 05:15:24.831070 : 5200 ports found. 5200 ports expected

sudo ip netns exec testns-DHCP-network-0 /usr/local/sbin/perfdhcp -4 -b mac=fa:16:00:00:00:00 -r 5200 -R 5200 -p 120 -l tapd6d2c4f1-5c &> testns-DHCP-network-0_5200_05072015_051629.log &

Waiting for perfdhcp in all test namespaces to complete....

perfdhcp ended

Deleting remaining churned networks, subnets and ports

Total number of packets dropped = 463984
Total number of packets sent = 516677
Packet drop % = 89.8015588075 %
Minimum time to receive DHCP IP address = 50.174 milliseconds
Average time to receive DHCP IP address = 793.43 milliseconds
Maximum time to receive DHCP IP address = 2610.765 milliseconds

The CPU and memory usage numbers are saved in the file
dhcp_scale_cpu_memory_05072015_051629.log in the current directory

neutron-dhcp-agent average CPU usage    = 3.9 %
neutron-dhcp-agent average memory usage = 530425.0 kB
Average total system memory free        = 385605882.211 kB
Average total system CPU used %         = 4.59210526316 %


Waiting 60 seconds....

