
DHCP-network-0 and DHCP-subnet-0 already exist. Waiting for DHCP ports to be created....
2015-05-07 05:19:35.383773 : 5269 ports found. 5300 ports expected
2015-05-07 05:19:44.372019 : 5300 ports found. 5300 ports expected

sudo ip netns exec testns-DHCP-network-0 /usr/local/sbin/perfdhcp -4 -b mac=fa:16:00:00:00:00 -r 5300 -R 5300 -p 120 -l tapd6d2c4f1-5c &> testns-DHCP-network-0_5300_05072015_052049.log &

Waiting for perfdhcp in all test namespaces to complete....

perfdhcp ended

Deleting remaining churned networks, subnets and ports

Total number of packets dropped = 460495
Total number of packets sent = 519673
Packet drop % = 88.6124543703 %
Minimum time to receive DHCP IP address = 2.078 milliseconds
Average time to receive DHCP IP address = 653.18 milliseconds
Maximum time to receive DHCP IP address = 2193.484 milliseconds

The CPU and memory usage numbers are saved in the file
dhcp_scale_cpu_memory_05072015_052049.log in the current directory

neutron-dhcp-agent average CPU usage    = 3.9 %
neutron-dhcp-agent average memory usage = 553023.0 kB
Average total system memory free        = 385609580.421 kB
Average total system CPU used %         = 4.81578947368 %


Waiting 60 seconds....

