
DHCP-network-0 and DHCP-subnet-0 already exist. Waiting for DHCP ports to be created....
2015-05-07 05:27:52.075127 : 5466 ports found. 5500 ports expected
2015-05-07 05:28:00.969793 : 5500 ports found. 5500 ports expected

sudo ip netns exec testns-DHCP-network-0 /usr/local/sbin/perfdhcp -4 -b mac=fa:16:00:00:00:00 -r 5500 -R 5500 -p 120 -l tapd6d2c4f1-5c &> testns-DHCP-network-0_5500_05072015_052905.log &

Waiting for perfdhcp in all test namespaces to complete....

perfdhcp ended

Deleting remaining churned networks, subnets and ports

Total number of packets dropped = 490380
Total number of packets sent = 607047
Packet drop % = 80.781224518 %
Minimum time to receive DHCP IP address = 2.032 milliseconds
Average time to receive DHCP IP address = 520.579 milliseconds
Maximum time to receive DHCP IP address = 2805.478 milliseconds

The CPU and memory usage numbers are saved in the file
dhcp_scale_cpu_memory_05072015_052905.log in the current directory

neutron-dhcp-agent average CPU usage    = 4.0 %
neutron-dhcp-agent average memory usage = 534700.368421 kB
Average total system memory free        = 385487750.421 kB
Average total system CPU used %         = 4.90789473684 %


Waiting 60 seconds....

