
DHCP-network-0 and DHCP-subnet-0 already exist. Waiting for DHCP ports to be created....
2015-05-07 05:36:13.732200 : 5667 ports found. 5700 ports expected
2015-05-07 05:36:22.905953 : 5700 ports found. 5700 ports expected

sudo ip netns exec testns-DHCP-network-0 /usr/local/sbin/perfdhcp -4 -b mac=fa:16:00:00:00:00 -r 5700 -R 5700 -p 120 -l tapd6d2c4f1-5c &> testns-DHCP-network-0_5700_05072015_053727.log &

Waiting for perfdhcp in all test namespaces to complete....

perfdhcp ended

Deleting remaining churned networks, subnets and ports

Total number of packets dropped = 501052
Total number of packets sent = 569482
Packet drop % = 87.9838168722 %
Minimum time to receive DHCP IP address = 2.004 milliseconds
Average time to receive DHCP IP address = 682.747 milliseconds
Maximum time to receive DHCP IP address = 2652.38 milliseconds

The CPU and memory usage numbers are saved in the file
dhcp_scale_cpu_memory_05072015_053727.log in the current directory

neutron-dhcp-agent average CPU usage    = 4.0 %
neutron-dhcp-agent average memory usage = 534747.842105 kB
Average total system memory free        = 385503254.211 kB
Average total system CPU used %         = 4.92894736842 %


Waiting 60 seconds....

