
DHCP-network-0 and DHCP-subnet-0 already exist. Waiting for DHCP ports to be created....
2015-05-07 02:07:41.644772 : 597 ports found. 600 ports expected
2015-05-07 02:07:47.471015 : 600 ports found. 600 ports expected

sudo ip netns exec testns-DHCP-network-0 /usr/local/sbin/perfdhcp -4 -b mac=fa:16:00:00:00:00 -r 600 -R 600 -p 120 -l tapd6d2c4f1-5c &> testns-DHCP-network-0_600_05072015_020848.log &

Waiting for perfdhcp in all test namespaces to complete....

perfdhcp ended

Deleting remaining churned networks, subnets and ports

Total number of packets dropped = 0
Total number of packets sent = 137598
Packet drop % = 0.0 %
Minimum time to receive DHCP IP address = 0.848 milliseconds
Average time to receive DHCP IP address = 1.091 milliseconds
Maximum time to receive DHCP IP address = 32.604 milliseconds

The CPU and memory usage numbers are saved in the file
dhcp_scale_cpu_memory_05072015_020848.log in the current directory

neutron-dhcp-agent average CPU usage    = 3.3 %
neutron-dhcp-agent average memory usage = 530425.0 kB
Average total system memory free        = 386212825.474 kB
Average total system CPU used %         = 2.43157894737 %


Waiting 60 seconds....

