
DHCP-network-0 and DHCP-subnet-0 already exist. Waiting for DHCP ports to be created....
2015-05-07 05:49:10.932052 : 5965 ports found. 6000 ports expected
2015-05-07 05:49:20.418269 : 6000 ports found. 6000 ports expected

sudo ip netns exec testns-DHCP-network-0 /usr/local/sbin/perfdhcp -4 -b mac=fa:16:00:00:00:00 -r 6000 -R 6000 -p 120 -l tapd6d2c4f1-5c &> testns-DHCP-network-0_6000_05072015_055025.log &

Waiting for perfdhcp in all test namespaces to complete....

perfdhcp ended

Deleting remaining churned networks, subnets and ports

Total number of packets dropped = 504925
Total number of packets sent = 564795
Packet drop % = 89.3996936942 %
Minimum time to receive DHCP IP address = 1.738 milliseconds
Average time to receive DHCP IP address = 683.905 milliseconds
Maximum time to receive DHCP IP address = 2909.363 milliseconds

The CPU and memory usage numbers are saved in the file
dhcp_scale_cpu_memory_05072015_055025.log in the current directory

neutron-dhcp-agent average CPU usage    = 4.1 %
neutron-dhcp-agent average memory usage = 560823.763158 kB
Average total system memory free        = 385601137.474 kB
Average total system CPU used %         = 5.47368421053 %


Waiting 60 seconds....

