
DHCP-network-0 and DHCP-subnet-0 already exist. Waiting for DHCP ports to be created....
2015-05-07 05:53:26.834843 : 6067 ports found. 6100 ports expected
2015-05-07 05:53:36.101883 : 6100 ports found. 6100 ports expected

sudo ip netns exec testns-DHCP-network-0 /usr/local/sbin/perfdhcp -4 -b mac=fa:16:00:00:00:00 -r 6100 -R 6100 -p 120 -l tapd6d2c4f1-5c &> testns-DHCP-network-0_6100_05072015_055441.log &

Waiting for perfdhcp in all test namespaces to complete....

perfdhcp ended

Deleting remaining churned networks, subnets and ports

Total number of packets dropped = 529477
Total number of packets sent = 562576
Packet drop % = 94.1165282557 %
Minimum time to receive DHCP IP address = 2.339 milliseconds
Average time to receive DHCP IP address = 1208.53 milliseconds
Maximum time to receive DHCP IP address = 4523.021 milliseconds

The CPU and memory usage numbers are saved in the file
dhcp_scale_cpu_memory_05072015_055441.log in the current directory

neutron-dhcp-agent average CPU usage    = 4.1 %
neutron-dhcp-agent average memory usage = 561070.0 kB
Average total system memory free        = 385596174.842 kB
Average total system CPU used %         = 5.23947368421 %


Waiting 60 seconds....

