
DHCP-network-0 and DHCP-subnet-0 already exist. Waiting for DHCP ports to be created....
2015-05-07 06:11:03.585208 : 6462 ports found. 6500 ports expected
2015-05-07 06:11:13.456002 : 6500 ports found. 6500 ports expected

sudo ip netns exec testns-DHCP-network-0 /usr/local/sbin/perfdhcp -4 -b mac=fa:16:00:00:00:00 -r 6500 -R 6500 -p 120 -l tapd6d2c4f1-5c &> testns-DHCP-network-0_6500_05072015_061219.log &

Waiting for perfdhcp in all test namespaces to complete....

perfdhcp ended

Deleting remaining churned networks, subnets and ports

Total number of packets dropped = 558753
Total number of packets sent = 611789
Packet drop % = 91.3309981056 %
Minimum time to receive DHCP IP address = 1.961 milliseconds
Average time to receive DHCP IP address = 836.143 milliseconds
Maximum time to receive DHCP IP address = 3410.863 milliseconds

The CPU and memory usage numbers are saved in the file
dhcp_scale_cpu_memory_05072015_061219.log in the current directory

neutron-dhcp-agent average CPU usage    = 4.27631578947 %
neutron-dhcp-agent average memory usage = 561070.0 kB
Average total system memory free        = 385508527.263 kB
Average total system CPU used %         = 5.24210526316 %


Waiting 60 seconds....

