
DHCP-network-0 and DHCP-subnet-0 already exist. Waiting for DHCP ports to be created....
2015-05-07 06:28:53.270437 : 6861 ports found. 6900 ports expected
2015-05-07 06:29:02.992062 : 6900 ports found. 6900 ports expected

sudo ip netns exec testns-DHCP-network-0 /usr/local/sbin/perfdhcp -4 -b mac=fa:16:00:00:00:00 -r 6900 -R 6900 -p 120 -l tapd6d2c4f1-5c &> testns-DHCP-network-0_6900_05072015_063008.log &

Waiting for perfdhcp in all test namespaces to complete....

perfdhcp ended

Deleting remaining churned networks, subnets and ports

Total number of packets dropped = 585537
Total number of packets sent = 615486
Packet drop % = 95.1340891588 %
Minimum time to receive DHCP IP address = 2.756 milliseconds
Average time to receive DHCP IP address = 1329.784 milliseconds
Maximum time to receive DHCP IP address = 3586.531 milliseconds

The CPU and memory usage numbers are saved in the file
dhcp_scale_cpu_memory_05072015_063008.log in the current directory

neutron-dhcp-agent average CPU usage    = 4.4 %
neutron-dhcp-agent average memory usage = 618990.0 kB
Average total system memory free        = 385451736.211 kB
Average total system CPU used %         = 5.72894736842 %


Waiting 60 seconds....

