
DHCP-network-0 and DHCP-subnet-0 already exist. Waiting for DHCP ports to be created....
2015-05-07 06:46:56.914642 : 7260 ports found. 7300 ports expected
2015-05-07 06:47:06.892734 : 7300 ports found. 7300 ports expected

sudo ip netns exec testns-DHCP-network-0 /usr/local/sbin/perfdhcp -4 -b mac=fa:16:00:00:00:00 -r 7300 -R 7300 -p 120 -l tapd6d2c4f1-5c &> testns-DHCP-network-0_7300_05072015_064812.log &

Waiting for perfdhcp in all test namespaces to complete....

perfdhcp ended

Deleting remaining churned networks, subnets and ports

Total number of packets dropped = 611159
Total number of packets sent = 641707
Packet drop % = 95.2395719542 %
Minimum time to receive DHCP IP address = 40.975 milliseconds
Average time to receive DHCP IP address = 1310.222 milliseconds
Maximum time to receive DHCP IP address = 5587.805 milliseconds

The CPU and memory usage numbers are saved in the file
dhcp_scale_cpu_memory_05072015_064812.log in the current directory

neutron-dhcp-agent average CPU usage    = 4.5 %
neutron-dhcp-agent average memory usage = 598222.0 kB
Average total system memory free        = 385380308.211 kB
Average total system CPU used %         = 5.76315789474 %


Waiting 60 seconds....

