
DHCP-network-0 and DHCP-subnet-0 already exist. Waiting for DHCP ports to be created....
2015-05-07 06:55:55.592496 : 7464 ports found. 7500 ports expected
2015-05-07 06:56:06.120505 : 7500 ports found. 7500 ports expected

sudo ip netns exec testns-DHCP-network-0 /usr/local/sbin/perfdhcp -4 -b mac=fa:16:00:00:00:00 -r 7500 -R 7500 -p 120 -l tapd6d2c4f1-5c &> testns-DHCP-network-0_7500_05072015_065712.log &

Waiting for perfdhcp in all test namespaces to complete....

perfdhcp ended

Deleting remaining churned networks, subnets and ports

Total number of packets dropped = 620792
Total number of packets sent = 647392
Packet drop % = 95.8912065642 %
Minimum time to receive DHCP IP address = 55.88 milliseconds
Average time to receive DHCP IP address = 1497.189 milliseconds
Maximum time to receive DHCP IP address = 5097.441 milliseconds

The CPU and memory usage numbers are saved in the file
dhcp_scale_cpu_memory_05072015_065712.log in the current directory

neutron-dhcp-agent average CPU usage    = 4.6 %
neutron-dhcp-agent average memory usage = 598222.0 kB
Average total system memory free        = 385453265.789 kB
Average total system CPU used %         = 5.95789473684 %


Waiting 60 seconds....

