
DHCP-network-0 and DHCP-subnet-0 already exist. Waiting for DHCP ports to be created....
2015-05-07 07:05:03.734816 : 7661 ports found. 7700 ports expected
2015-05-07 07:05:14.246441 : 7700 ports found. 7700 ports expected

sudo ip netns exec testns-DHCP-network-0 /usr/local/sbin/perfdhcp -4 -b mac=fa:16:00:00:00:00 -r 7700 -R 7700 -p 120 -l tapd6d2c4f1-5c &> testns-DHCP-network-0_7700_05072015_070620.log &

Waiting for perfdhcp in all test namespaces to complete....

perfdhcp ended

Deleting remaining churned networks, subnets and ports

Total number of packets dropped = 635477
Total number of packets sent = 661415
Packet drop % = 96.0784076563 %
Minimum time to receive DHCP IP address = 3.274 milliseconds
Average time to receive DHCP IP address = 1536.153 milliseconds
Maximum time to receive DHCP IP address = 5246.966 milliseconds

The CPU and memory usage numbers are saved in the file
dhcp_scale_cpu_memory_05072015_070620.log in the current directory

neutron-dhcp-agent average CPU usage    = 4.6 %
neutron-dhcp-agent average memory usage = 598222.0 kB
Average total system memory free        = 385467430.842 kB
Average total system CPU used %         = 6.08157894737 %


Waiting 60 seconds....

