
DHCP-network-0 and DHCP-subnet-0 already exist. Waiting for DHCP ports to be created....
2015-05-07 07:13:52.907305 : 7858 ports found. 7900 ports expected
2015-05-07 07:14:03.273562 : 7900 ports found. 7900 ports expected

sudo ip netns exec testns-DHCP-network-0 /usr/local/sbin/perfdhcp -4 -b mac=fa:16:00:00:00:00 -r 7900 -R 7900 -p 120 -l tapd6d2c4f1-5c &> testns-DHCP-network-0_7900_05072015_071514.log &

Waiting for perfdhcp in all test namespaces to complete....

perfdhcp ended

Deleting remaining churned networks, subnets and ports

Total number of packets dropped = 647472
Total number of packets sent = 671688
Packet drop % = 96.3947547075 %
Minimum time to receive DHCP IP address = 2.288 milliseconds
Average time to receive DHCP IP address = 1642.914 milliseconds
Maximum time to receive DHCP IP address = 6214.058 milliseconds

The CPU and memory usage numbers are saved in the file
dhcp_scale_cpu_memory_05072015_071514.log in the current directory

neutron-dhcp-agent average CPU usage    = 4.7 %
neutron-dhcp-agent average memory usage = 604494.0 kB
Average total system memory free        = 385411101.684 kB
Average total system CPU used %         = 5.98684210526 %


Waiting 60 seconds....

