
DHCP-network-0 and DHCP-subnet-0 already exist. Waiting for DHCP ports to be created....
2015-05-07 02:15:40.269251 : 799 ports found. 800 ports expected
2015-05-07 02:15:46.085748 : 800 ports found. 800 ports expected

sudo ip netns exec testns-DHCP-network-0 /usr/local/sbin/perfdhcp -4 -b mac=fa:16:00:00:00:00 -r 800 -R 800 -p 120 -l tapd6d2c4f1-5c &> testns-DHCP-network-0_800_05072015_021647.log &

Waiting for perfdhcp in all test namespaces to complete....

perfdhcp ended

Deleting remaining churned networks, subnets and ports

Total number of packets dropped = 139
Total number of packets sent = 182809
Packet drop % = 0.0760356437593 %
Minimum time to receive DHCP IP address = 0.601 milliseconds
Average time to receive DHCP IP address = 44.145 milliseconds
Maximum time to receive DHCP IP address = 244.539 milliseconds

The CPU and memory usage numbers are saved in the file
dhcp_scale_cpu_memory_05072015_021647.log in the current directory

neutron-dhcp-agent average CPU usage    = 3.3 %
neutron-dhcp-agent average memory usage = 530425.0 kB
Average total system memory free        = 386178033.158 kB
Average total system CPU used %         = 3.50526315789 %


Waiting 60 seconds....

