
DHCP-network-0 and DHCP-subnet-0 already exist. Waiting for DHCP ports to be created....
2015-05-07 07:22:34.313967 : 8059 ports found. 8100 ports expected
2015-05-07 07:22:45.176607 : 8100 ports found. 8100 ports expected

sudo ip netns exec testns-DHCP-network-0 /usr/local/sbin/perfdhcp -4 -b mac=fa:16:00:00:00:00 -r 8100 -R 8100 -p 120 -l tapd6d2c4f1-5c &> testns-DHCP-network-0_8100_05072015_072351.log &

Waiting for perfdhcp in all test namespaces to complete....

perfdhcp ended

Deleting remaining churned networks, subnets and ports

Total number of packets dropped = 658909
Total number of packets sent = 683239
Packet drop % = 96.4390206063 %
Minimum time to receive DHCP IP address = 3.696 milliseconds
Average time to receive DHCP IP address = 1623.272 milliseconds
Maximum time to receive DHCP IP address = 6738.416 milliseconds

The CPU and memory usage numbers are saved in the file
dhcp_scale_cpu_memory_05072015_072351.log in the current directory

neutron-dhcp-agent average CPU usage    = 4.8 %
neutron-dhcp-agent average memory usage = 604494.0 kB
Average total system memory free        = 385417452.211 kB
Average total system CPU used %         = 6.22631578947 %


Waiting 60 seconds....

