
DHCP-network-0 and DHCP-subnet-0 already exist. Waiting for DHCP ports to be created....
2015-05-07 07:40:01.122003 : 8457 ports found. 8500 ports expected
2015-05-07 07:40:12.301772 : 8500 ports found. 8500 ports expected

sudo ip netns exec testns-DHCP-network-0 /usr/local/sbin/perfdhcp -4 -b mac=fa:16:00:00:00:00 -r 8500 -R 8500 -p 120 -l tapd6d2c4f1-5c &> testns-DHCP-network-0_8500_05072015_074119.log &

Waiting for perfdhcp in all test namespaces to complete....

perfdhcp ended

Deleting remaining churned networks, subnets and ports

Total number of packets dropped = 682756
Total number of packets sent = 703991
Packet drop % = 96.9836262111 %
Minimum time to receive DHCP IP address = 3.453 milliseconds
Average time to receive DHCP IP address = 1861.845 milliseconds
Maximum time to receive DHCP IP address = 7004.97 milliseconds

The CPU and memory usage numbers are saved in the file
dhcp_scale_cpu_memory_05072015_074119.log in the current directory

neutron-dhcp-agent average CPU usage    = 4.9 %
neutron-dhcp-agent average memory usage = 657559.0 kB
Average total system memory free        = 385293502.421 kB
Average total system CPU used %         = 6.65789473684 %


Waiting 60 seconds....

