
DHCP-network-0 and DHCP-subnet-0 already exist. Waiting for DHCP ports to be created....
2015-05-07 07:44:25.953578 : 8556 ports found. 8600 ports expected
2015-05-07 07:44:36.867443 : 8600 ports found. 8600 ports expected

sudo ip netns exec testns-DHCP-network-0 /usr/local/sbin/perfdhcp -4 -b mac=fa:16:00:00:00:00 -r 8600 -R 8600 -p 120 -l tapd6d2c4f1-5c &> testns-DHCP-network-0_8600_05072015_074543.log &

Waiting for perfdhcp in all test namespaces to complete....

perfdhcp ended

Deleting remaining churned networks, subnets and ports

Total number of packets dropped = 686863
Total number of packets sent = 708637
Packet drop % = 96.9273407965 %
Minimum time to receive DHCP IP address = 57.443 milliseconds
Average time to receive DHCP IP address = 1816.077 milliseconds
Maximum time to receive DHCP IP address = 7155.754 milliseconds

The CPU and memory usage numbers are saved in the file
dhcp_scale_cpu_memory_05072015_074543.log in the current directory

neutron-dhcp-agent average CPU usage    = 5.0 %
neutron-dhcp-agent average memory usage = 657559.236842 kB
Average total system memory free        = 385264432.211 kB
Average total system CPU used %         = 6.17631578947 %


Waiting 60 seconds....

