
DHCP-network-0 and DHCP-subnet-0 already exist. Waiting for DHCP ports to be created....
2015-05-07 07:48:50.231401 : 8657 ports found. 8700 ports expected
2015-05-07 07:49:01.541908 : 8700 ports found. 8700 ports expected

sudo ip netns exec testns-DHCP-network-0 /usr/local/sbin/perfdhcp -4 -b mac=fa:16:00:00:00:00 -r 8700 -R 8700 -p 120 -l tapd6d2c4f1-5c &> testns-DHCP-network-0_8700_05072015_075008.log &

Waiting for perfdhcp in all test namespaces to complete....

perfdhcp ended

Deleting remaining churned networks, subnets and ports

Total number of packets dropped = 695334
Total number of packets sent = 715900
Packet drop % = 97.1272524096 %
Minimum time to receive DHCP IP address = 62.303 milliseconds
Average time to receive DHCP IP address = 1917.043 milliseconds
Maximum time to receive DHCP IP address = 7211.318 milliseconds

The CPU and memory usage numbers are saved in the file
dhcp_scale_cpu_memory_05072015_075008.log in the current directory

neutron-dhcp-agent average CPU usage    = 5.0 %
neutron-dhcp-agent average memory usage = 657559.0 kB
Average total system memory free        = 385282348.316 kB
Average total system CPU used %         = 6.66578947368 %


Waiting 60 seconds....

