
DHCP-network-0 and DHCP-subnet-0 already exist. Waiting for DHCP ports to be created....
2015-05-07 08:02:14.909279 : 8955 ports found. 9000 ports expected
2015-05-07 08:02:26.739358 : 9000 ports found. 9000 ports expected

sudo ip netns exec testns-DHCP-network-0 /usr/local/sbin/perfdhcp -4 -b mac=fa:16:00:00:00:00 -r 9000 -R 9000 -p 120 -l tapd6d2c4f1-5c &> testns-DHCP-network-0_9000_05072015_080333.log &

Waiting for perfdhcp in all test namespaces to complete....

perfdhcp ended

Deleting remaining churned networks, subnets and ports

Total number of packets dropped = 709145
Total number of packets sent = 726609
Packet drop % = 97.5965065118 %
Minimum time to receive DHCP IP address = 4.273 milliseconds
Average time to receive DHCP IP address = 2256.446 milliseconds
Maximum time to receive DHCP IP address = 11374.654 milliseconds

The CPU and memory usage numbers are saved in the file
dhcp_scale_cpu_memory_05072015_080333.log in the current directory

neutron-dhcp-agent average CPU usage    = 5.12105263158 %
neutron-dhcp-agent average memory usage = 620875.0 kB
Average total system memory free        = 385377184.632 kB
Average total system CPU used %         = 6.75263157895 %


Waiting 60 seconds....

