
DHCP-network-0 and DHCP-subnet-0 already exist. Waiting for DHCP ports to be created....
2015-05-07 08:24:53.159565 : 9452 ports found. 9500 ports expected
2015-05-07 08:25:07.406686 : 9500 ports found. 9500 ports expected

sudo ip netns exec testns-DHCP-network-0 /usr/local/sbin/perfdhcp -4 -b mac=fa:16:00:00:00:00 -r 9500 -R 9500 -p 120 -l tapd6d2c4f1-5c &> testns-DHCP-network-0_9500_05072015_082614.log &

Waiting for perfdhcp in all test namespaces to complete....

perfdhcp ended

Deleting remaining churned networks, subnets and ports

Total number of packets dropped = 735824
Total number of packets sent = 754303
Packet drop % = 97.5501887173 %
Minimum time to receive DHCP IP address = 4.232 milliseconds
Average time to receive DHCP IP address = 2096.816 milliseconds
Maximum time to receive DHCP IP address = 11111.806 milliseconds

The CPU and memory usage numbers are saved in the file
dhcp_scale_cpu_memory_05072015_082614.log in the current directory

neutron-dhcp-agent average CPU usage    = 5.38157894737 %
neutron-dhcp-agent average memory usage = 696005.0 kB
Average total system memory free        = 385272594.947 kB
Average total system CPU used %         = 6.75526315789 %


Waiting 60 seconds....

