
DHCP-network-0 and DHCP-subnet-0 already exist. Waiting for DHCP ports to be created....
2015-05-07 08:29:30.190604 : 9553 ports found. 9600 ports expected
2015-05-07 08:29:42.251417 : 9600 ports found. 9600 ports expected

sudo ip netns exec testns-DHCP-network-0 /usr/local/sbin/perfdhcp -4 -b mac=fa:16:00:00:00:00 -r 9600 -R 9600 -p 120 -l tapd6d2c4f1-5c &> testns-DHCP-network-0_9600_05072015_083049.log &

Waiting for perfdhcp in all test namespaces to complete....

perfdhcp ended

Deleting remaining churned networks, subnets and ports

Total number of packets dropped = 740185
Total number of packets sent = 759874
Packet drop % = 97.4089125302 %
Minimum time to receive DHCP IP address = 4.494 milliseconds
Average time to receive DHCP IP address = 1955.615 milliseconds
Maximum time to receive DHCP IP address = 11882.684 milliseconds

The CPU and memory usage numbers are saved in the file
dhcp_scale_cpu_memory_05072015_083049.log in the current directory

neutron-dhcp-agent average CPU usage    = 5.4 %
neutron-dhcp-agent average memory usage = 696005.0 kB
Average total system memory free        = 385261245.474 kB
Average total system CPU used %         = 6.79736842105 %


Waiting 60 seconds....

