
DHCP-network-0 and DHCP-subnet-0 already exist. Waiting for DHCP ports to be created....
2015-05-07 08:34:01.192531 : 9654 ports found. 9700 ports expected
2015-05-07 08:34:13.295157 : 9700 ports found. 9700 ports expected

sudo ip netns exec testns-DHCP-network-0 /usr/local/sbin/perfdhcp -4 -b mac=fa:16:00:00:00:00 -r 9700 -R 9700 -p 120 -l tapd6d2c4f1-5c &> testns-DHCP-network-0_9700_05072015_083521.log &

Waiting for perfdhcp in all test namespaces to complete....

perfdhcp ended

Deleting remaining churned networks, subnets and ports

Total number of packets dropped = 743534
Total number of packets sent = 762428
Packet drop % = 97.5218643597 %
Minimum time to receive DHCP IP address = 3.759 milliseconds
Average time to receive DHCP IP address = 2064.848 milliseconds
Maximum time to receive DHCP IP address = 8381.026 milliseconds

The CPU and memory usage numbers are saved in the file
dhcp_scale_cpu_memory_05072015_083521.log in the current directory

neutron-dhcp-agent average CPU usage    = 5.43157894737 %
neutron-dhcp-agent average memory usage = 696005.0 kB
Average total system memory free        = 385228382.842 kB
Average total system CPU used %         = 6.74473684211 %


Waiting 60 seconds....

