
DHCP-network-0 and DHCP-subnet-0 already exist. Waiting for DHCP ports to be created....
2015-05-07 08:38:41.440315 : 9752 ports found. 9800 ports expected
2015-05-07 08:38:53.562308 : 9800 ports found. 9800 ports expected

sudo ip netns exec testns-DHCP-network-0 /usr/local/sbin/perfdhcp -4 -b mac=fa:16:00:00:00:00 -r 9800 -R 9800 -p 120 -l tapd6d2c4f1-5c &> testns-DHCP-network-0_9800_05072015_084001.log &

Waiting for perfdhcp in all test namespaces to complete....

perfdhcp ended

Deleting remaining churned networks, subnets and ports

Total number of packets dropped = 750409
Total number of packets sent = 769338
Packet drop % = 97.5395729835 %
Minimum time to receive DHCP IP address = 59.854 milliseconds
Average time to receive DHCP IP address = 2045.293 milliseconds
Maximum time to receive DHCP IP address = 11707.619 milliseconds

The CPU and memory usage numbers are saved in the file
dhcp_scale_cpu_memory_05072015_084001.log in the current directory

neutron-dhcp-agent average CPU usage    = 5.5 %
neutron-dhcp-agent average memory usage = 696005.0 kB
Average total system memory free        = 385212699.684 kB
Average total system CPU used %         = 6.86578947368 %


Waiting 60 seconds....

