
DHCP-network-0 and DHCP-subnet-0 already exist. Waiting for DHCP ports to be created....
2015-05-07 08:43:21.199595 : 9851 ports found. 9900 ports expected
2015-05-07 08:43:33.423998 : 9900 ports found. 9900 ports expected

sudo ip netns exec testns-DHCP-network-0 /usr/local/sbin/perfdhcp -4 -b mac=fa:16:00:00:00:00 -r 9900 -R 9900 -p 120 -l tapd6d2c4f1-5c &> testns-DHCP-network-0_9900_05072015_084441.log &

Waiting for perfdhcp in all test namespaces to complete....

perfdhcp ended

Deleting remaining churned networks, subnets and ports

Total number of packets dropped = 753760
Total number of packets sent = 771633
Packet drop % = 97.6837434376 %
Minimum time to receive DHCP IP address = 61.668 milliseconds
Average time to receive DHCP IP address = 2150.853 milliseconds
Maximum time to receive DHCP IP address = 11708.874 milliseconds

The CPU and memory usage numbers are saved in the file
dhcp_scale_cpu_memory_05072015_084441.log in the current directory

neutron-dhcp-agent average CPU usage    = 5.5 %
neutron-dhcp-agent average memory usage = 696005.0 kB
Average total system memory free        = 385184303.579 kB
Average total system CPU used %         = 6.84473684211 %


Waiting 60 seconds....

