
DHCP-network-0 and DHCP-subnet-0 already exist. Waiting for DHCP ports to be created....
2015-05-16 04:57:09.314972 : 9936 ports found. 10000 ports expected
2015-05-16 04:57:21.195538 : 10000 ports found. 10000 ports expected

sudo ip netns exec testns-DHCP-network-0 /usr/local/sbin/perfdhcp -4 -b mac=fa:16:00:00:00:00 -r 10000 -R 10000 -p 120 -l tapa397f6c6-46 &> testns-DHCP-network-0_10000_05162015_050032.log &

Waiting for perfdhcp in all test namespaces to complete....

perfdhcp ended

Deleting remaining churned networks, subnets and ports

Total number of packets dropped = 615172
Total number of packets sent    = 1009438
Packet drop % = 60.9420291291 %
Minimum time to receive DHCP IP address = 2.36 milliseconds
Average time to receive DHCP IP address = 111.446 milliseconds
Maximum time to receive DHCP IP address = 505.245 milliseconds

The CPU and memory usage numbers are saved in the file
dhcp_scale_cpu_memory_05162015_050032.log in the current directory

neutron-dhcp-agent average CPU usage    = 9.25789473684 %
neutron-dhcp-agent average memory usage = 608641.894737 kB
Average total system memory free        = 387542384.842 kB
Average total system CPU used %         = 4.59473684211 %


Waiting 60 seconds after creating 100 ports....

Waiting 120 seconds after restarting neutron-dhcp-agent.service....

