
DHCP-network-0 and DHCP-subnet-0 already exist. Waiting for DHCP ports to be created....
2015-05-15 19:32:08.568521 : 965 ports found. 1000 ports expected
2015-05-15 19:32:14.569911 : 1000 ports found. 1000 ports expected

sudo ip netns exec testns-DHCP-network-0 /usr/local/sbin/perfdhcp -4 -b mac=fa:16:00:00:00:00 -r 1000 -R 1000 -p 120 -l tapa397f6c6-46 &> testns-DHCP-network-0_1000_05152015_193516.log &

Waiting for perfdhcp in all test namespaces to complete....

perfdhcp ended

Deleting remaining churned networks, subnets and ports

Total number of packets dropped = 1
Total number of packets sent    = 223696
Packet drop % = 0.000447035262141 %
Minimum time to receive DHCP IP address = 0.716 milliseconds
Average time to receive DHCP IP address = 1.171 milliseconds
Maximum time to receive DHCP IP address = 47.242 milliseconds

The CPU and memory usage numbers are saved in the file
dhcp_scale_cpu_memory_05152015_193516.log in the current directory

neutron-dhcp-agent average CPU usage    = 1.97894736842 %
neutron-dhcp-agent average memory usage = 410686.0 kB
Average total system memory free        = 389365709.684 kB
Average total system CPU used %         = 2.06842105263 %


Waiting 60 seconds after creating 100 ports....

Waiting 120 seconds after restarting neutron-dhcp-agent.service....

