
DHCP-network-0 and DHCP-subnet-0 already exist. Waiting for DHCP ports to be created....
2015-05-15 19:37:59.989261 : 1061 ports found. 1100 ports expected
2015-05-15 19:38:06.146120 : 1100 ports found. 1100 ports expected

sudo ip netns exec testns-DHCP-network-0 /usr/local/sbin/perfdhcp -4 -b mac=fa:16:00:00:00:00 -r 1100 -R 1100 -p 120 -l tapa397f6c6-46 &> testns-DHCP-network-0_1100_05152015_194108.log &

Waiting for perfdhcp in all test namespaces to complete....

perfdhcp ended

Deleting remaining churned networks, subnets and ports

Total number of packets dropped = 1
Total number of packets sent    = 245644
Packet drop % = 0.000407093191773 %
Minimum time to receive DHCP IP address = 0.72 milliseconds
Average time to receive DHCP IP address = 1.155 milliseconds
Maximum time to receive DHCP IP address = 57.593 milliseconds

The CPU and memory usage numbers are saved in the file
dhcp_scale_cpu_memory_05152015_194108.log in the current directory

neutron-dhcp-agent average CPU usage    = 2.05526315789 %
neutron-dhcp-agent average memory usage = 412662.0 kB
Average total system memory free        = 389363363.158 kB
Average total system CPU used %         = 2.15263157895 %


Waiting 60 seconds after creating 100 ports....

Waiting 120 seconds after restarting neutron-dhcp-agent.service....

