
DHCP-network-0 and DHCP-subnet-0 already exist. Waiting for DHCP ports to be created....
2015-05-15 19:43:50.064868 : 1166 ports found. 1200 ports expected
2015-05-15 19:43:56.191070 : 1200 ports found. 1200 ports expected

sudo ip netns exec testns-DHCP-network-0 /usr/local/sbin/perfdhcp -4 -b mac=fa:16:00:00:00:00 -r 1200 -R 1200 -p 120 -l tapa397f6c6-46 &> testns-DHCP-network-0_1200_05152015_194658.log &

Waiting for perfdhcp in all test namespaces to complete....

perfdhcp ended

Deleting remaining churned networks, subnets and ports

Total number of packets dropped = 1
Total number of packets sent    = 267634
Packet drop % = 0.000373644604198 %
Minimum time to receive DHCP IP address = 0.712 milliseconds
Average time to receive DHCP IP address = 1.121 milliseconds
Maximum time to receive DHCP IP address = 44.68 milliseconds

The CPU and memory usage numbers are saved in the file
dhcp_scale_cpu_memory_05152015_194658.log in the current directory

neutron-dhcp-agent average CPU usage    = 2.32631578947 %
neutron-dhcp-agent average memory usage = 414574.0 kB
Average total system memory free        = 389357624.842 kB
Average total system CPU used %         = 2.3 %


Waiting 60 seconds after creating 100 ports....

Waiting 120 seconds after restarting neutron-dhcp-agent.service....

