
DHCP-network-0 and DHCP-subnet-0 already exist. Waiting for DHCP ports to be created....
2015-05-15 19:49:51.207870 : 1266 ports found. 1300 ports expected
2015-05-15 19:49:57.439014 : 1300 ports found. 1300 ports expected

sudo ip netns exec testns-DHCP-network-0 /usr/local/sbin/perfdhcp -4 -b mac=fa:16:00:00:00:00 -r 1300 -R 1300 -p 120 -l tapa397f6c6-46 &> testns-DHCP-network-0_1300_05152015_195259.log &

Waiting for perfdhcp in all test namespaces to complete....

perfdhcp ended

Deleting remaining churned networks, subnets and ports

Total number of packets dropped = 1
Total number of packets sent    = 289986
Packet drop % = 0.00034484423386 %
Minimum time to receive DHCP IP address = 0.705 milliseconds
Average time to receive DHCP IP address = 1.102 milliseconds
Maximum time to receive DHCP IP address = 60.119 milliseconds

The CPU and memory usage numbers are saved in the file
dhcp_scale_cpu_memory_05152015_195259.log in the current directory

neutron-dhcp-agent average CPU usage    = 2.35263157895 %
neutron-dhcp-agent average memory usage = 416842.0 kB
Average total system memory free        = 389358169.895 kB
Average total system CPU used %         = 2.37368421053 %


Waiting 60 seconds after creating 100 ports....

Waiting 120 seconds after restarting neutron-dhcp-agent.service....

