
DHCP-network-0 and DHCP-subnet-0 already exist. Waiting for DHCP ports to be created....
2015-05-15 19:55:41.588252 : 1362 ports found. 1400 ports expected
2015-05-15 19:55:47.898257 : 1400 ports found. 1400 ports expected

sudo ip netns exec testns-DHCP-network-0 /usr/local/sbin/perfdhcp -4 -b mac=fa:16:00:00:00:00 -r 1400 -R 1400 -p 120 -l tapa397f6c6-46 &> testns-DHCP-network-0_1400_05152015_195849.log &

Waiting for perfdhcp in all test namespaces to complete....

perfdhcp ended

Deleting remaining churned networks, subnets and ports

Total number of packets dropped = 1
Total number of packets sent    = 311328
Packet drop % = 0.000321204645904 %
Minimum time to receive DHCP IP address = 0.699 milliseconds
Average time to receive DHCP IP address = 1.124 milliseconds
Maximum time to receive DHCP IP address = 58.749 milliseconds

The CPU and memory usage numbers are saved in the file
dhcp_scale_cpu_memory_05152015_195849.log in the current directory

neutron-dhcp-agent average CPU usage    = 2.58947368421 %
neutron-dhcp-agent average memory usage = 420111.0 kB
Average total system memory free        = 389346695.579 kB
Average total system CPU used %         = 2.54210526316 %


Waiting 60 seconds after creating 100 ports....

Waiting 120 seconds after restarting neutron-dhcp-agent.service....

