
DHCP-network-0 and DHCP-subnet-0 already exist. Waiting for DHCP ports to be created....
2015-05-15 20:01:30.592746 : 1450 ports found. 1500 ports expected
2015-05-15 20:01:37.588440 : 1500 ports found. 1500 ports expected

sudo ip netns exec testns-DHCP-network-0 /usr/local/sbin/perfdhcp -4 -b mac=fa:16:00:00:00:00 -r 1500 -R 1500 -p 120 -l tapa397f6c6-46 &> testns-DHCP-network-0_1500_05152015_200439.log &

Waiting for perfdhcp in all test namespaces to complete....

perfdhcp ended

Deleting remaining churned networks, subnets and ports

Total number of packets dropped = 1
Total number of packets sent    = 331674
Packet drop % = 0.000301500871338 %
Minimum time to receive DHCP IP address = 0.698 milliseconds
Average time to receive DHCP IP address = 1.181 milliseconds
Maximum time to receive DHCP IP address = 57.197 milliseconds

The CPU and memory usage numbers are saved in the file
dhcp_scale_cpu_memory_05152015_200439.log in the current directory

neutron-dhcp-agent average CPU usage    = 2.97368421053 %
neutron-dhcp-agent average memory usage = 422879.0 kB
Average total system memory free        = 389331891.158 kB
Average total system CPU used %         = 2.56578947368 %


Waiting 60 seconds after creating 100 ports....

Waiting 120 seconds after restarting neutron-dhcp-agent.service....

