
DHCP-network-0 and DHCP-subnet-0 already exist. Waiting for DHCP ports to be created....
2015-05-15 20:07:25.252374 : 1562 ports found. 1600 ports expected
2015-05-15 20:07:31.686829 : 1600 ports found. 1600 ports expected

sudo ip netns exec testns-DHCP-network-0 /usr/local/sbin/perfdhcp -4 -b mac=fa:16:00:00:00:00 -r 1600 -R 1600 -p 120 -l tapa397f6c6-46 &> testns-DHCP-network-0_1600_05152015_201033.log &

Waiting for perfdhcp in all test namespaces to complete....

perfdhcp ended

Deleting remaining churned networks, subnets and ports

Total number of packets dropped = 1
Total number of packets sent    = 350598
Packet drop % = 0.000285226955088 %
Minimum time to receive DHCP IP address = 0.694 milliseconds
Average time to receive DHCP IP address = 1.291 milliseconds
Maximum time to receive DHCP IP address = 73.748 milliseconds

The CPU and memory usage numbers are saved in the file
dhcp_scale_cpu_memory_05152015_201033.log in the current directory

neutron-dhcp-agent average CPU usage    = 2.86052631579 %
neutron-dhcp-agent average memory usage = 424746.0 kB
Average total system memory free        = 389332825.789 kB
Average total system CPU used %         = 2.59736842105 %


Waiting 60 seconds after creating 100 ports....

Waiting 120 seconds after restarting neutron-dhcp-agent.service....

