
DHCP-network-0 and DHCP-subnet-0 already exist. Waiting for DHCP ports to be created....
2015-05-15 20:13:19.816014 : 1660 ports found. 1700 ports expected
2015-05-15 20:13:26.217586 : 1700 ports found. 1700 ports expected

sudo ip netns exec testns-DHCP-network-0 /usr/local/sbin/perfdhcp -4 -b mac=fa:16:00:00:00:00 -r 1700 -R 1700 -p 120 -l tapa397f6c6-46 &> testns-DHCP-network-0_1700_05152015_201628.log &

Waiting for perfdhcp in all test namespaces to complete....

perfdhcp ended

Deleting remaining churned networks, subnets and ports

Total number of packets dropped = 4
Total number of packets sent    = 370338
Packet drop % = 0.00108009440025 %
Minimum time to receive DHCP IP address = 0.706 milliseconds
Average time to receive DHCP IP address = 1.344 milliseconds
Maximum time to receive DHCP IP address = 88.269 milliseconds

The CPU and memory usage numbers are saved in the file
dhcp_scale_cpu_memory_05152015_201628.log in the current directory

neutron-dhcp-agent average CPU usage    = 3.08684210526 %
neutron-dhcp-agent average memory usage = 426977.0 kB
Average total system memory free        = 389331858.316 kB
Average total system CPU used %         = 2.76578947368 %


Waiting 60 seconds after creating 100 ports....

Waiting 120 seconds after restarting neutron-dhcp-agent.service....

