
DHCP-network-0 and DHCP-subnet-0 already exist. Waiting for DHCP ports to be created....
2015-05-15 20:19:12.478040 : 1762 ports found. 1800 ports expected
2015-05-15 20:19:18.984606 : 1800 ports found. 1800 ports expected

sudo ip netns exec testns-DHCP-network-0 /usr/local/sbin/perfdhcp -4 -b mac=fa:16:00:00:00:00 -r 1800 -R 1800 -p 120 -l tapa397f6c6-46 &> testns-DHCP-network-0_1800_05152015_202226.log &

Waiting for perfdhcp in all test namespaces to complete....

perfdhcp ended

Deleting remaining churned networks, subnets and ports

Total number of packets dropped = 211
Total number of packets sent    = 390127
Packet drop % = 0.0540849518234 %
Minimum time to receive DHCP IP address = 0.686 milliseconds
Average time to receive DHCP IP address = 1.497 milliseconds
Maximum time to receive DHCP IP address = 107.854 milliseconds

The CPU and memory usage numbers are saved in the file
dhcp_scale_cpu_memory_05152015_202226.log in the current directory

neutron-dhcp-agent average CPU usage    = 3.05789473684 %
neutron-dhcp-agent average memory usage = 429165.0 kB
Average total system memory free        = 389321472.105 kB
Average total system CPU used %         = 2.85263157895 %


Waiting 60 seconds after creating 100 ports....

Waiting 120 seconds after restarting neutron-dhcp-agent.service....

