
DHCP-network-0 and DHCP-subnet-0 already exist. Waiting for DHCP ports to be created....
2015-05-15 20:25:11.083416 : 1863 ports found. 1900 ports expected
2015-05-15 20:25:17.639818 : 1900 ports found. 1900 ports expected

sudo ip netns exec testns-DHCP-network-0 /usr/local/sbin/perfdhcp -4 -b mac=fa:16:00:00:00:00 -r 1900 -R 1900 -p 120 -l tapa397f6c6-46 &> testns-DHCP-network-0_1900_05152015_202820.log &

Waiting for perfdhcp in all test namespaces to complete....

perfdhcp ended

Deleting remaining churned networks, subnets and ports

Total number of packets dropped = 2
Total number of packets sent    = 409113
Packet drop % = 0.000488862490314 %
Minimum time to receive DHCP IP address = 0.682 milliseconds
Average time to receive DHCP IP address = 1.318 milliseconds
Maximum time to receive DHCP IP address = 61.93 milliseconds

The CPU and memory usage numbers are saved in the file
dhcp_scale_cpu_memory_05152015_202820.log in the current directory

neutron-dhcp-agent average CPU usage    = 3.38157894737 %
neutron-dhcp-agent average memory usage = 430451.0 kB
Average total system memory free        = 389320014.632 kB
Average total system CPU used %         = 3.01842105263 %


Waiting 60 seconds after creating 100 ports....

Waiting 120 seconds after restarting neutron-dhcp-agent.service....

