
DHCP-network-0 and DHCP-subnet-0 already exist. Waiting for DHCP ports to be created....
2015-05-15 18:45:29.965455 : 150 ports found. 200 ports expected
2015-05-15 18:45:36.444367 : 198 ports found. 200 ports expected
2015-05-15 18:45:42.178874 : 200 ports found. 200 ports expected

sudo ip netns exec testns-DHCP-network-0 /usr/local/sbin/perfdhcp -4 -b mac=fa:16:00:00:00:00 -r 200 -R 200 -p 120 -l tapa397f6c6-46 &> testns-DHCP-network-0_200_05152015_184848.log &

Waiting for perfdhcp in all test namespaces to complete....

perfdhcp ended

Deleting remaining churned networks, subnets and ports

Total number of packets dropped = 0
Total number of packets sent    = 47100
Packet drop % = 0.0 %
Minimum time to receive DHCP IP address = 0.882 milliseconds
Average time to receive DHCP IP address = 1.461 milliseconds
Maximum time to receive DHCP IP address = 52.691 milliseconds

The CPU and memory usage numbers are saved in the file
dhcp_scale_cpu_memory_05152015_184848.log in the current directory

neutron-dhcp-agent average CPU usage    = 0.586842105263 %
neutron-dhcp-agent average memory usage = 392782.0 kB
Average total system memory free        = 389404054.105 kB
Average total system CPU used %         = 0.684210526316 %


Waiting 60 seconds after creating 100 ports....

Waiting 120 seconds after restarting neutron-dhcp-agent.service....

