
DHCP-network-0 and DHCP-subnet-0 already exist. Waiting for DHCP ports to be created....
2015-05-15 20:31:10.667023 : 1960 ports found. 2000 ports expected
2015-05-15 20:31:18.284794 : 2000 ports found. 2000 ports expected

sudo ip netns exec testns-DHCP-network-0 /usr/local/sbin/perfdhcp -4 -b mac=fa:16:00:00:00:00 -r 2000 -R 2000 -p 120 -l tapa397f6c6-46 &> testns-DHCP-network-0_2000_05152015_203420.log &

Waiting for perfdhcp in all test namespaces to complete....

perfdhcp ended

Deleting remaining churned networks, subnets and ports

Total number of packets dropped = 1
Total number of packets sent    = 430169
Packet drop % = 0.000232466774686 %
Minimum time to receive DHCP IP address = 0.698 milliseconds
Average time to receive DHCP IP address = 1.339 milliseconds
Maximum time to receive DHCP IP address = 85.159 milliseconds

The CPU and memory usage numbers are saved in the file
dhcp_scale_cpu_memory_05152015_203420.log in the current directory

neutron-dhcp-agent average CPU usage    = 3.68421052632 %
neutron-dhcp-agent average memory usage = 432660.0 kB
Average total system memory free        = 389317063.895 kB
Average total system CPU used %         = 3.19736842105 %


Waiting 60 seconds after creating 100 ports....

Waiting 120 seconds after restarting neutron-dhcp-agent.service....

