
DHCP-network-0 and DHCP-subnet-0 already exist. Waiting for DHCP ports to be created....
2015-05-15 20:37:07.159793 : 2060 ports found. 2100 ports expected
2015-05-15 20:37:13.859612 : 2100 ports found. 2100 ports expected

sudo ip netns exec testns-DHCP-network-0 /usr/local/sbin/perfdhcp -4 -b mac=fa:16:00:00:00:00 -r 2100 -R 2100 -p 120 -l tapa397f6c6-46 &> testns-DHCP-network-0_2100_05152015_204016.log &

Waiting for perfdhcp in all test namespaces to complete....

perfdhcp ended

Deleting remaining churned networks, subnets and ports

Total number of packets dropped = 626
Total number of packets sent    = 450953
Packet drop % = 0.138817127284 %
Minimum time to receive DHCP IP address = 0.69 milliseconds
Average time to receive DHCP IP address = 1.71 milliseconds
Maximum time to receive DHCP IP address = 119.3 milliseconds

The CPU and memory usage numbers are saved in the file
dhcp_scale_cpu_memory_05152015_204016.log in the current directory

neutron-dhcp-agent average CPU usage    = 3.69473684211 %
neutron-dhcp-agent average memory usage = 435508.0 kB
Average total system memory free        = 389296965.474 kB
Average total system CPU used %         = 3.31052631579 %


Waiting 60 seconds after creating 100 ports....

Waiting 120 seconds after restarting neutron-dhcp-agent.service....

