
DHCP-network-0 and DHCP-subnet-0 already exist. Waiting for DHCP ports to be created....
2015-05-15 20:42:59.904331 : 2146 ports found. 2200 ports expected
2015-05-15 20:43:11.713263 : 2200 ports found. 2200 ports expected

sudo ip netns exec testns-DHCP-network-0 /usr/local/sbin/perfdhcp -4 -b mac=fa:16:00:00:00:00 -r 2200 -R 2200 -p 120 -l tapa397f6c6-46 &> testns-DHCP-network-0_2200_05152015_204614.log &

Waiting for perfdhcp in all test namespaces to complete....

perfdhcp ended

Deleting remaining churned networks, subnets and ports

Total number of packets dropped = 113
Total number of packets sent    = 474460
Packet drop % = 0.0238165493403 %
Minimum time to receive DHCP IP address = 0.704 milliseconds
Average time to receive DHCP IP address = 5.644 milliseconds
Maximum time to receive DHCP IP address = 90.321 milliseconds

The CPU and memory usage numbers are saved in the file
dhcp_scale_cpu_memory_05152015_204614.log in the current directory

neutron-dhcp-agent average CPU usage    = 3.90526315789 %
neutron-dhcp-agent average memory usage = 437769.0 kB
Average total system memory free        = 389294822.105 kB
Average total system CPU used %         = 3.37631578947 %


Waiting 60 seconds after creating 100 ports....

Waiting 120 seconds after restarting neutron-dhcp-agent.service....

