
DHCP-network-0 and DHCP-subnet-0 already exist. Waiting for DHCP ports to be created....
2015-05-15 20:48:59.667557 : 2260 ports found. 2300 ports expected
2015-05-15 20:49:06.511395 : 2300 ports found. 2300 ports expected

sudo ip netns exec testns-DHCP-network-0 /usr/local/sbin/perfdhcp -4 -b mac=fa:16:00:00:00:00 -r 2300 -R 2300 -p 120 -l tapa397f6c6-46 &> testns-DHCP-network-0_2300_05152015_205209.log &

Waiting for perfdhcp in all test namespaces to complete....

perfdhcp ended

Deleting remaining churned networks, subnets and ports

Total number of packets dropped = 3029
Total number of packets sent    = 502704
Packet drop % = 0.602541455807 %
Minimum time to receive DHCP IP address = 0.882 milliseconds
Average time to receive DHCP IP address = 30.44 milliseconds
Maximum time to receive DHCP IP address = 100.553 milliseconds

The CPU and memory usage numbers are saved in the file
dhcp_scale_cpu_memory_05152015_205209.log in the current directory

neutron-dhcp-agent average CPU usage    = 3.97631578947 %
neutron-dhcp-agent average memory usage = 439628.0 kB
Average total system memory free        = 389288899.053 kB
Average total system CPU used %         = 3.42894736842 %


Waiting 60 seconds after creating 100 ports....

Waiting 120 seconds after restarting neutron-dhcp-agent.service....

