
DHCP-network-0 and DHCP-subnet-0 already exist. Waiting for DHCP ports to be created....
2015-05-15 20:54:57.266421 : 2361 ports found. 2400 ports expected
2015-05-15 20:55:04.163279 : 2400 ports found. 2400 ports expected

sudo ip netns exec testns-DHCP-network-0 /usr/local/sbin/perfdhcp -4 -b mac=fa:16:00:00:00:00 -r 2400 -R 2400 -p 120 -l tapa397f6c6-46 &> testns-DHCP-network-0_2400_05152015_205806.log &

Waiting for perfdhcp in all test namespaces to complete....

perfdhcp ended

Deleting remaining churned networks, subnets and ports

Total number of packets dropped = 22726
Total number of packets sent    = 502175
Packet drop % = 4.52551401404 %
Minimum time to receive DHCP IP address = 2.38 milliseconds
Average time to receive DHCP IP address = 49.043 milliseconds
Maximum time to receive DHCP IP address = 145.042 milliseconds

The CPU and memory usage numbers are saved in the file
dhcp_scale_cpu_memory_05152015_205806.log in the current directory

neutron-dhcp-agent average CPU usage    = 4.28421052632 %
neutron-dhcp-agent average memory usage = 441896.0 kB
Average total system memory free        = 389264610.842 kB
Average total system CPU used %         = 3.49473684211 %


Waiting 60 seconds after creating 100 ports....

Waiting 120 seconds after restarting neutron-dhcp-agent.service....

