
DHCP-network-0 and DHCP-subnet-0 already exist. Waiting for DHCP ports to be created....
2015-05-15 21:00:58.780416 : 2460 ports found. 2500 ports expected
2015-05-15 21:01:05.673190 : 2500 ports found. 2500 ports expected

sudo ip netns exec testns-DHCP-network-0 /usr/local/sbin/perfdhcp -4 -b mac=fa:16:00:00:00:00 -r 2500 -R 2500 -p 120 -l tapa397f6c6-46 &> testns-DHCP-network-0_2500_05152015_210408.log &

Waiting for perfdhcp in all test namespaces to complete....

perfdhcp ended

Deleting remaining churned networks, subnets and ports

Total number of packets dropped = 45751
Total number of packets sent    = 507985
Packet drop % = 9.00636829828 %
Minimum time to receive DHCP IP address = 3.2 milliseconds
Average time to receive DHCP IP address = 51.43 milliseconds
Maximum time to receive DHCP IP address = 142.664 milliseconds

The CPU and memory usage numbers are saved in the file
dhcp_scale_cpu_memory_05152015_210408.log in the current directory

neutron-dhcp-agent average CPU usage    = 4.42631578947 %
neutron-dhcp-agent average memory usage = 444113.0 kB
Average total system memory free        = 389206752.211 kB
Average total system CPU used %         = 3.55526315789 %


Waiting 60 seconds after creating 100 ports....

Waiting 120 seconds after restarting neutron-dhcp-agent.service....

