
DHCP-network-0 and DHCP-subnet-0 already exist. Waiting for DHCP ports to be created....
2015-05-15 21:06:50.815030 : 2542 ports found. 2600 ports expected
2015-05-15 21:06:59.714384 : 2595 ports found. 2600 ports expected
2015-05-15 21:07:06.796309 : 2600 ports found. 2600 ports expected

sudo ip netns exec testns-DHCP-network-0 /usr/local/sbin/perfdhcp -4 -b mac=fa:16:00:00:00:00 -r 2600 -R 2600 -p 120 -l tapa397f6c6-46 &> testns-DHCP-network-0_2600_05152015_211009.log &

Waiting for perfdhcp in all test namespaces to complete....

perfdhcp ended

Deleting remaining churned networks, subnets and ports

Total number of packets dropped = 50122
Total number of packets sent    = 526437
Packet drop % = 9.52098731662 %
Minimum time to receive DHCP IP address = 0.857 milliseconds
Average time to receive DHCP IP address = 49.631 milliseconds
Maximum time to receive DHCP IP address = 163.818 milliseconds

The CPU and memory usage numbers are saved in the file
dhcp_scale_cpu_memory_05152015_211009.log in the current directory

neutron-dhcp-agent average CPU usage    = 4.42368421053 %
neutron-dhcp-agent average memory usage = 446547.0 kB
Average total system memory free        = 389201828.947 kB
Average total system CPU used %         = 3.46315789474 %


Waiting 60 seconds after creating 100 ports....

Waiting 120 seconds after restarting neutron-dhcp-agent.service....

