
DHCP-network-0 and DHCP-subnet-0 already exist. Waiting for DHCP ports to be created....
2015-05-15 21:12:55.722398 : 2662 ports found. 2700 ports expected
2015-05-15 21:13:02.942850 : 2700 ports found. 2700 ports expected

sudo ip netns exec testns-DHCP-network-0 /usr/local/sbin/perfdhcp -4 -b mac=fa:16:00:00:00:00 -r 2700 -R 2700 -p 120 -l tapa397f6c6-46 &> testns-DHCP-network-0_2700_05152015_211605.log &

Waiting for perfdhcp in all test namespaces to complete....

perfdhcp ended

Deleting remaining churned networks, subnets and ports

Total number of packets dropped = 74716
Total number of packets sent    = 534798
Packet drop % = 13.970882464 %
Minimum time to receive DHCP IP address = 2.311 milliseconds
Average time to receive DHCP IP address = 51.81 milliseconds
Maximum time to receive DHCP IP address = 414.207 milliseconds

The CPU and memory usage numbers are saved in the file
dhcp_scale_cpu_memory_05152015_211605.log in the current directory

neutron-dhcp-agent average CPU usage    = 4.78157894737 %
neutron-dhcp-agent average memory usage = 448216.0 kB
Average total system memory free        = 389168662.0 kB
Average total system CPU used %         = 3.55526315789 %


Waiting 60 seconds after creating 100 ports....

Waiting 120 seconds after restarting neutron-dhcp-agent.service....

