
DHCP-network-0 and DHCP-subnet-0 already exist. Waiting for DHCP ports to be created....
2015-05-15 21:18:51.282767 : 2758 ports found. 2800 ports expected
2015-05-15 21:18:58.454998 : 2800 ports found. 2800 ports expected

sudo ip netns exec testns-DHCP-network-0 /usr/local/sbin/perfdhcp -4 -b mac=fa:16:00:00:00:00 -r 2800 -R 2800 -p 120 -l tapa397f6c6-46 &> testns-DHCP-network-0_2800_05152015_212201.log &

Waiting for perfdhcp in all test namespaces to complete....

perfdhcp ended

Deleting remaining churned networks, subnets and ports

Total number of packets dropped = 96953
Total number of packets sent    = 548555
Packet drop % = 17.6742532654 %
Minimum time to receive DHCP IP address = 3.072 milliseconds
Average time to receive DHCP IP address = 52.807 milliseconds
Maximum time to receive DHCP IP address = 150.673 milliseconds

The CPU and memory usage numbers are saved in the file
dhcp_scale_cpu_memory_05152015_212201.log in the current directory

neutron-dhcp-agent average CPU usage    = 4.83421052632 %
neutron-dhcp-agent average memory usage = 450552.0 kB
Average total system memory free        = 389127315.684 kB
Average total system CPU used %         = 3.59473684211 %


Waiting 60 seconds after creating 100 ports....

Waiting 120 seconds after restarting neutron-dhcp-agent.service....

