
DHCP-network-0 and DHCP-subnet-0 already exist. Waiting for DHCP ports to be created....
2015-05-15 21:24:51.061693 : 2858 ports found. 2900 ports expected
2015-05-15 21:24:58.261424 : 2900 ports found. 2900 ports expected
Connection to neutron failed: Unable to find the server at svl-cloud-13.cisco.com

sudo ip netns exec testns-DHCP-network-0 /usr/local/sbin/perfdhcp -4 -b mac=fa:16:00:00:00:00 -r 2900 -R 2900 -p 120 -l tapa397f6c6-46 &> testns-DHCP-network-0_2900_05152015_212801.log &

Waiting for perfdhcp in all test namespaces to complete....

perfdhcp ended

Deleting remaining churned networks, subnets and ports

Total number of packets dropped = 101747
Total number of packets sent    = 559603
Packet drop % = 18.1819968799 %
Minimum time to receive DHCP IP address = 3.227 milliseconds
Average time to receive DHCP IP address = 52.5 milliseconds
Maximum time to receive DHCP IP address = 222.148 milliseconds

The CPU and memory usage numbers are saved in the file
dhcp_scale_cpu_memory_05152015_212801.log in the current directory

neutron-dhcp-agent average CPU usage    = 5.06315789474 %
neutron-dhcp-agent average memory usage = 452682.0 kB
Average total system memory free        = 389117251.895 kB
Average total system CPU used %         = 3.63684210526 %


Waiting 60 seconds after creating 100 ports....

Waiting 120 seconds after restarting neutron-dhcp-agent.service....

