
DHCP-network-0 and DHCP-subnet-0 already exist. Waiting for DHCP ports to be created....
2015-05-15 18:51:27.512114 : 265 ports found. 300 ports expected
2015-05-15 18:51:33.063454 : 300 ports found. 300 ports expected

sudo ip netns exec testns-DHCP-network-0 /usr/local/sbin/perfdhcp -4 -b mac=fa:16:00:00:00:00 -r 300 -R 300 -p 120 -l tapa397f6c6-46 &> testns-DHCP-network-0_300_05152015_185434.log &

Waiting for perfdhcp in all test namespaces to complete....

perfdhcp ended

Deleting remaining churned networks, subnets and ports

Total number of packets dropped = 0
Total number of packets sent    = 70164
Packet drop % = 0.0 %
Minimum time to receive DHCP IP address = 0.853 milliseconds
Average time to receive DHCP IP address = 1.385 milliseconds
Maximum time to receive DHCP IP address = 48.1 milliseconds

The CPU and memory usage numbers are saved in the file
dhcp_scale_cpu_memory_05152015_185434.log in the current directory

neutron-dhcp-agent average CPU usage    = 0.642105263158 %
neutron-dhcp-agent average memory usage = 393994.0 kB
Average total system memory free        = 389400649.684 kB
Average total system CPU used %         = 0.907894736842 %


Waiting 60 seconds after creating 100 ports....

Waiting 120 seconds after restarting neutron-dhcp-agent.service....

