
DHCP-network-0 and DHCP-subnet-0 already exist. Waiting for DHCP ports to be created....
2015-05-15 21:31:01.889872 : 2956 ports found. 3000 ports expected
2015-05-15 21:31:09.167224 : 3000 ports found. 3000 ports expected

sudo ip netns exec testns-DHCP-network-0 /usr/local/sbin/perfdhcp -4 -b mac=fa:16:00:00:00:00 -r 3000 -R 3000 -p 120 -l tapa397f6c6-46 &> testns-DHCP-network-0_3000_05152015_213412.log &

Waiting for perfdhcp in all test namespaces to complete....

perfdhcp ended

Deleting remaining churned networks, subnets and ports

Total number of packets dropped = 118039
Total number of packets sent    = 571519
Packet drop % = 20.6535565747 %
Minimum time to receive DHCP IP address = 4.442 milliseconds
Average time to receive DHCP IP address = 52.571 milliseconds
Maximum time to receive DHCP IP address = 146.901 milliseconds

The CPU and memory usage numbers are saved in the file
dhcp_scale_cpu_memory_05152015_213412.log in the current directory

neutron-dhcp-agent average CPU usage    = 5.3 %
neutron-dhcp-agent average memory usage = 455124.0 kB
Average total system memory free        = 389096309.158 kB
Average total system CPU used %         = 3.55 %


Waiting 60 seconds after creating 100 ports....

Waiting 120 seconds after restarting neutron-dhcp-agent.service....

