
DHCP-network-0 and DHCP-subnet-0 already exist. Waiting for DHCP ports to be created....
2015-05-15 21:37:00.619229 : 3057 ports found. 3100 ports expected
2015-05-15 21:37:07.977349 : 3100 ports found. 3100 ports expected

sudo ip netns exec testns-DHCP-network-0 /usr/local/sbin/perfdhcp -4 -b mac=fa:16:00:00:00:00 -r 3100 -R 3100 -p 120 -l tapa397f6c6-46 &> testns-DHCP-network-0_3100_05152015_214011.log &

Waiting for perfdhcp in all test namespaces to complete....

perfdhcp ended

Deleting remaining churned networks, subnets and ports

Total number of packets dropped = 128851
Total number of packets sent    = 583200
Packet drop % = 22.0937928669 %
Minimum time to receive DHCP IP address = 2.963 milliseconds
Average time to receive DHCP IP address = 52.486 milliseconds
Maximum time to receive DHCP IP address = 119.087 milliseconds

The CPU and memory usage numbers are saved in the file
dhcp_scale_cpu_memory_05152015_214011.log in the current directory

neutron-dhcp-agent average CPU usage    = 5.34736842105 %
neutron-dhcp-agent average memory usage = 456826.0 kB
Average total system memory free        = 389054786.737 kB
Average total system CPU used %         = 3.47631578947 %


Waiting 60 seconds after creating 100 ports....

Waiting 120 seconds after restarting neutron-dhcp-agent.service....

