
DHCP-network-0 and DHCP-subnet-0 already exist. Waiting for DHCP ports to be created....
2015-05-15 21:55:03.191606 : 3354 ports found. 3400 ports expected
2015-05-15 21:55:11.856419 : 3400 ports found. 3400 ports expected

sudo ip netns exec testns-DHCP-network-0 /usr/local/sbin/perfdhcp -4 -b mac=fa:16:00:00:00:00 -r 3400 -R 3400 -p 120 -l tapa397f6c6-46 &> testns-DHCP-network-0_3400_05152015_215815.log &

Waiting for perfdhcp in all test namespaces to complete....

perfdhcp ended

Deleting remaining churned networks, subnets and ports

Total number of packets dropped = 181213
Total number of packets sent    = 613945
Packet drop % = 29.5161618712 %
Minimum time to receive DHCP IP address = 1.358 milliseconds
Average time to receive DHCP IP address = 55.161 milliseconds
Maximum time to receive DHCP IP address = 177.321 milliseconds

The CPU and memory usage numbers are saved in the file
dhcp_scale_cpu_memory_05152015_215815.log in the current directory

neutron-dhcp-agent average CPU usage    = 5.96578947368 %
neutron-dhcp-agent average memory usage = 463486.368421 kB
Average total system memory free        = 388949157.895 kB
Average total system CPU used %         = 3.41578947368 %


Waiting 60 seconds after creating 100 ports....

Waiting 120 seconds after restarting neutron-dhcp-agent.service....

