
DHCP-network-0 and DHCP-subnet-0 already exist. Waiting for DHCP ports to be created....
2015-05-15 22:00:59.194214 : 3433 ports found. 3500 ports expected
2015-05-15 22:01:10.385721 : 3490 ports found. 3500 ports expected
2015-05-15 22:01:18.202544 : 3500 ports found. 3500 ports expected

sudo ip netns exec testns-DHCP-network-0 /usr/local/sbin/perfdhcp -4 -b mac=fa:16:00:00:00:00 -r 3500 -R 3500 -p 120 -l tapa397f6c6-46 &> testns-DHCP-network-0_3500_05152015_220421.log &

Waiting for perfdhcp in all test namespaces to complete....

perfdhcp ended

Deleting remaining churned networks, subnets and ports

Total number of packets dropped = 198216
Total number of packets sent    = 627278
Packet drop % = 31.5993865559 %
Minimum time to receive DHCP IP address = 2.958 milliseconds
Average time to receive DHCP IP address = 55.652 milliseconds
Maximum time to receive DHCP IP address = 164.56 milliseconds

The CPU and memory usage numbers are saved in the file
dhcp_scale_cpu_memory_05152015_220421.log in the current directory

neutron-dhcp-agent average CPU usage    = 6.10263157895 %
neutron-dhcp-agent average memory usage = 465351.263158 kB
Average total system memory free        = 388912458.0 kB
Average total system CPU used %         = 3.57631578947 %


Waiting 60 seconds after creating 100 ports....

Waiting 120 seconds after restarting neutron-dhcp-agent.service....

