
DHCP-network-0 and DHCP-subnet-0 already exist. Waiting for DHCP ports to be created....
2015-05-15 22:13:29.089459 : 3655 ports found. 3700 ports expected
2015-05-15 22:13:38.246052 : 3700 ports found. 3700 ports expected

sudo ip netns exec testns-DHCP-network-0 /usr/local/sbin/perfdhcp -4 -b mac=fa:16:00:00:00:00 -r 3700 -R 3700 -p 120 -l tapa397f6c6-46 &> testns-DHCP-network-0_3700_05152015_221641.log &

Waiting for perfdhcp in all test namespaces to complete....

perfdhcp ended

Deleting remaining churned networks, subnets and ports

Total number of packets dropped = 217046
Total number of packets sent    = 637738
Packet drop % = 34.0337254484 %
Minimum time to receive DHCP IP address = 1.932 milliseconds
Average time to receive DHCP IP address = 56.789 milliseconds
Maximum time to receive DHCP IP address = 182.135 milliseconds

The CPU and memory usage numbers are saved in the file
dhcp_scale_cpu_memory_05152015_221641.log in the current directory

neutron-dhcp-agent average CPU usage    = 6.50789473684 %
neutron-dhcp-agent average memory usage = 469714.473684 kB
Average total system memory free        = 388890283.579 kB
Average total system CPU used %         = 3.96315789474 %


Waiting 60 seconds after creating 100 ports....

Waiting 120 seconds after restarting neutron-dhcp-agent.service....

