
DHCP-network-0 and DHCP-subnet-0 already exist. Waiting for DHCP ports to be created....
2015-05-15 22:19:35.531014 : 3747 ports found. 3800 ports expected
2015-05-15 22:19:43.295907 : 3800 ports found. 3800 ports expected

sudo ip netns exec testns-DHCP-network-0 /usr/local/sbin/perfdhcp -4 -b mac=fa:16:00:00:00:00 -r 3800 -R 3800 -p 120 -l tapa397f6c6-46 &> testns-DHCP-network-0_3800_05152015_222247.log &

Waiting for perfdhcp in all test namespaces to complete....

perfdhcp ended

Deleting remaining churned networks, subnets and ports

Total number of packets dropped = 231544
Total number of packets sent    = 643771
Packet drop % = 35.9668267132 %
Minimum time to receive DHCP IP address = 4.023 milliseconds
Average time to receive DHCP IP address = 57.928 milliseconds
Maximum time to receive DHCP IP address = 141.499 milliseconds

The CPU and memory usage numbers are saved in the file
dhcp_scale_cpu_memory_05152015_222247.log in the current directory

neutron-dhcp-agent average CPU usage    = 6.61315789474 %
neutron-dhcp-agent average memory usage = 471614.842105 kB
Average total system memory free        = 388864344.526 kB
Average total system CPU used %         = 3.66842105263 %


Waiting 60 seconds after creating 100 ports....

Waiting 120 seconds after restarting neutron-dhcp-agent.service....

