
DHCP-network-0 and DHCP-subnet-0 already exist. Waiting for DHCP ports to be created....
2015-05-15 22:25:41.100865 : 3851 ports found. 3900 ports expected
2015-05-15 22:25:49.037864 : 3900 ports found. 3900 ports expected

sudo ip netns exec testns-DHCP-network-0 /usr/local/sbin/perfdhcp -4 -b mac=fa:16:00:00:00:00 -r 3900 -R 3900 -p 120 -l tapa397f6c6-46 &> testns-DHCP-network-0_3900_05152015_222852.log &

Waiting for perfdhcp in all test namespaces to complete....

perfdhcp ended

Deleting remaining churned networks, subnets and ports

Total number of packets dropped = 237993
Total number of packets sent    = 652983
Packet drop % = 36.4470437975 %
Minimum time to receive DHCP IP address = 4.418 milliseconds
Average time to receive DHCP IP address = 58.359 milliseconds
Maximum time to receive DHCP IP address = 222.41 milliseconds

The CPU and memory usage numbers are saved in the file
dhcp_scale_cpu_memory_05152015_222852.log in the current directory

neutron-dhcp-agent average CPU usage    = 6.75263157895 %
neutron-dhcp-agent average memory usage = 473860.578947 kB
Average total system memory free        = 388845858.421 kB
Average total system CPU used %         = 4.03947368421 %


Waiting 60 seconds after creating 100 ports....

Waiting 120 seconds after restarting neutron-dhcp-agent.service....

