
DHCP-network-0 and DHCP-subnet-0 already exist. Waiting for DHCP ports to be created....
2015-05-15 18:57:13.421040 : 361 ports found. 400 ports expected
2015-05-15 18:57:19.046177 : 400 ports found. 400 ports expected
Connection to neutron failed: Unable to find the server at svl-cloud-13.cisco.com

sudo ip netns exec testns-DHCP-network-0 /usr/local/sbin/perfdhcp -4 -b mac=fa:16:00:00:00:00 -r 400 -R 400 -p 120 -l tapa397f6c6-46 &> testns-DHCP-network-0_400_05152015_190020.log &

Waiting for perfdhcp in all test namespaces to complete....

perfdhcp ended

Deleting remaining churned networks, subnets and ports

Total number of packets dropped = 0
Total number of packets sent    = 92924
Packet drop % = 0.0 %
Minimum time to receive DHCP IP address = 0.81 milliseconds
Average time to receive DHCP IP address = 1.299 milliseconds
Maximum time to receive DHCP IP address = 46.1 milliseconds

The CPU and memory usage numbers are saved in the file
dhcp_scale_cpu_memory_05152015_190020.log in the current directory

neutron-dhcp-agent average CPU usage    = 0.918421052632 %
neutron-dhcp-agent average memory usage = 397748.0 kB
Average total system memory free        = 389398092.842 kB
Average total system CPU used %         = 1.08684210526 %


Waiting 60 seconds after creating 100 ports....

Waiting 120 seconds after restarting neutron-dhcp-agent.service....

