
DHCP-network-0 and DHCP-subnet-0 already exist. Waiting for DHCP ports to be created....
2015-05-15 22:31:47.995981 : 3953 ports found. 4000 ports expected
2015-05-15 22:31:55.852692 : 4000 ports found. 4000 ports expected

sudo ip netns exec testns-DHCP-network-0 /usr/local/sbin/perfdhcp -4 -b mac=fa:16:00:00:00:00 -r 4000 -R 4000 -p 120 -l tapa397f6c6-46 &> testns-DHCP-network-0_4000_05152015_223459.log &

Waiting for perfdhcp in all test namespaces to complete....

perfdhcp ended

Deleting remaining churned networks, subnets and ports

Total number of packets dropped = 249290
Total number of packets sent    = 652357
Packet drop % = 38.2137387964 %
Minimum time to receive DHCP IP address = 3.747 milliseconds
Average time to receive DHCP IP address = 60.241 milliseconds
Maximum time to receive DHCP IP address = 223.319 milliseconds

The CPU and memory usage numbers are saved in the file
dhcp_scale_cpu_memory_05152015_223459.log in the current directory

neutron-dhcp-agent average CPU usage    = 6.94736842105 %
neutron-dhcp-agent average memory usage = 475482.315789 kB
Average total system memory free        = 388838542.737 kB
Average total system CPU used %         = 4.06315789474 %


Waiting 60 seconds after creating 100 ports....

Waiting 120 seconds after restarting neutron-dhcp-agent.service....

