
DHCP-network-0 and DHCP-subnet-0 already exist. Waiting for DHCP ports to be created....
2015-05-15 22:37:53.174858 : 4055 ports found. 4100 ports expected
2015-05-15 22:38:01.204055 : 4100 ports found. 4100 ports expected

sudo ip netns exec testns-DHCP-network-0 /usr/local/sbin/perfdhcp -4 -b mac=fa:16:00:00:00:00 -r 4100 -R 4100 -p 120 -l tapa397f6c6-46 &> testns-DHCP-network-0_4100_05152015_224105.log &

Waiting for perfdhcp in all test namespaces to complete....

perfdhcp ended

Deleting remaining churned networks, subnets and ports

Total number of packets dropped = 240596
Total number of packets sent    = 660002
Packet drop % = 36.4538289278 %
Minimum time to receive DHCP IP address = 3.629 milliseconds
Average time to receive DHCP IP address = 57.09 milliseconds
Maximum time to receive DHCP IP address = 143.407 milliseconds

The CPU and memory usage numbers are saved in the file
dhcp_scale_cpu_memory_05152015_224105.log in the current directory

neutron-dhcp-agent average CPU usage    = 7.41842105263 %
neutron-dhcp-agent average memory usage = 478411.947368 kB
Average total system memory free        = 388830621.053 kB
Average total system CPU used %         = 4.07894736842 %


Waiting 60 seconds after creating 100 ports....

Waiting 120 seconds after restarting neutron-dhcp-agent.service....

