
DHCP-network-0 and DHCP-subnet-0 already exist. Waiting for DHCP ports to be created....
2015-05-15 22:43:55.116106 : 4138 ports found. 4200 ports expected
2015-05-15 22:44:04.229216 : 4200 ports found. 4200 ports expected

sudo ip netns exec testns-DHCP-network-0 /usr/local/sbin/perfdhcp -4 -b mac=fa:16:00:00:00:00 -r 4200 -R 4200 -p 120 -l tapa397f6c6-46 &> testns-DHCP-network-0_4200_05152015_224708.log &

Waiting for perfdhcp in all test namespaces to complete....

perfdhcp ended

Deleting remaining churned networks, subnets and ports

Total number of packets dropped = 248467
Total number of packets sent    = 661847
Packet drop % = 37.5414559558 %
Minimum time to receive DHCP IP address = 1.242 milliseconds
Average time to receive DHCP IP address = 58.381 milliseconds
Maximum time to receive DHCP IP address = 217.465 milliseconds

The CPU and memory usage numbers are saved in the file
dhcp_scale_cpu_memory_05152015_224708.log in the current directory

neutron-dhcp-agent average CPU usage    = 7.1 %
neutron-dhcp-agent average memory usage = 479484.736842 kB
Average total system memory free        = 388821366.632 kB
Average total system CPU used %         = 3.88684210526 %


Waiting 60 seconds after creating 100 ports....

Waiting 120 seconds after restarting neutron-dhcp-agent.service....

