
DHCP-network-0 and DHCP-subnet-0 already exist. Waiting for DHCP ports to be created....
2015-05-15 22:50:09.399986 : 4251 ports found. 4300 ports expected
2015-05-15 22:50:17.540638 : 4300 ports found. 4300 ports expected

sudo ip netns exec testns-DHCP-network-0 /usr/local/sbin/perfdhcp -4 -b mac=fa:16:00:00:00:00 -r 4300 -R 4300 -p 120 -l tapa397f6c6-46 &> testns-DHCP-network-0_4300_05152015_225321.log &

Waiting for perfdhcp in all test namespaces to complete....

perfdhcp ended

Deleting remaining churned networks, subnets and ports

Total number of packets dropped = 262295
Total number of packets sent    = 662307
Packet drop % = 39.6032353576 %
Minimum time to receive DHCP IP address = 1.577 milliseconds
Average time to receive DHCP IP address = 61.158 milliseconds
Maximum time to receive DHCP IP address = 184.471 milliseconds

The CPU and memory usage numbers are saved in the file
dhcp_scale_cpu_memory_05152015_225321.log in the current directory

neutron-dhcp-agent average CPU usage    = 7.08684210526 %
neutron-dhcp-agent average memory usage = 482188.473684 kB
Average total system memory free        = 388795065.368 kB
Average total system CPU used %         = 3.80789473684 %


Waiting 60 seconds after creating 100 ports....

Waiting 120 seconds after restarting neutron-dhcp-agent.service....

