
DHCP-network-0 and DHCP-subnet-0 already exist. Waiting for DHCP ports to be created....
2015-05-15 23:02:21.026934 : 4455 ports found. 4500 ports expected
2015-05-15 23:02:31.530643 : 4500 ports found. 4500 ports expected

sudo ip netns exec testns-DHCP-network-0 /usr/local/sbin/perfdhcp -4 -b mac=fa:16:00:00:00:00 -r 4500 -R 4500 -p 120 -l tapa397f6c6-46 &> testns-DHCP-network-0_4500_05152015_230535.log &

Waiting for perfdhcp in all test namespaces to complete....

perfdhcp ended

Deleting remaining churned networks, subnets and ports

Total number of packets dropped = 281681
Total number of packets sent    = 664604
Packet drop % = 42.3832838803 %
Minimum time to receive DHCP IP address = 1.533 milliseconds
Average time to receive DHCP IP address = 68.559 milliseconds
Maximum time to receive DHCP IP address = 233.4 milliseconds

The CPU and memory usage numbers are saved in the file
dhcp_scale_cpu_memory_05152015_230535.log in the current directory

neutron-dhcp-agent average CPU usage    = 7.55 %
neutron-dhcp-agent average memory usage = 486698.789474 kB
Average total system memory free        = 388757691.263 kB
Average total system CPU used %         = 3.96315789474 %


Waiting 60 seconds after creating 100 ports....

Waiting 120 seconds after restarting neutron-dhcp-agent.service....

