
DHCP-network-0 and DHCP-subnet-0 already exist. Waiting for DHCP ports to be created....
2015-05-15 23:08:29.872287 : 4549 ports found. 4600 ports expected
2015-05-15 23:08:38.165373 : 4600 ports found. 4600 ports expected

sudo ip netns exec testns-DHCP-network-0 /usr/local/sbin/perfdhcp -4 -b mac=fa:16:00:00:00:00 -r 4600 -R 4600 -p 120 -l tapa397f6c6-46 &> testns-DHCP-network-0_4600_05152015_231142.log &

Waiting for perfdhcp in all test namespaces to complete....

perfdhcp ended

Deleting remaining churned networks, subnets and ports

Total number of packets dropped = 282997
Total number of packets sent    = 678678
Packet drop % = 41.6982722292 %
Minimum time to receive DHCP IP address = 3.645 milliseconds
Average time to receive DHCP IP address = 62.995 milliseconds
Maximum time to receive DHCP IP address = 225.767 milliseconds

The CPU and memory usage numbers are saved in the file
dhcp_scale_cpu_memory_05152015_231142.log in the current directory

neutron-dhcp-agent average CPU usage    = 7.57631578947 %
neutron-dhcp-agent average memory usage = 488457.157895 kB
Average total system memory free        = 388737842.632 kB
Average total system CPU used %         = 3.97105263158 %


Waiting 60 seconds after creating 100 ports....

Waiting 120 seconds after restarting neutron-dhcp-agent.service....

