
DHCP-network-0 and DHCP-subnet-0 already exist. Waiting for DHCP ports to be created....
2015-05-15 23:14:38.748173 : 4652 ports found. 4700 ports expected
2015-05-15 23:14:47.081553 : 4700 ports found. 4700 ports expected

sudo ip netns exec testns-DHCP-network-0 /usr/local/sbin/perfdhcp -4 -b mac=fa:16:00:00:00:00 -r 4700 -R 4700 -p 120 -l tapa397f6c6-46 &> testns-DHCP-network-0_4700_05152015_231751.log &

Waiting for perfdhcp in all test namespaces to complete....

perfdhcp ended

Deleting remaining churned networks, subnets and ports

Total number of packets dropped = 301872
Total number of packets sent    = 685907
Packet drop % = 44.0106311789 %
Minimum time to receive DHCP IP address = 1.137 milliseconds
Average time to receive DHCP IP address = 65.733 milliseconds
Maximum time to receive DHCP IP address = 326.223 milliseconds

The CPU and memory usage numbers are saved in the file
dhcp_scale_cpu_memory_05152015_231751.log in the current directory

neutron-dhcp-agent average CPU usage    = 7.57631578947 %
neutron-dhcp-agent average memory usage = 490611.894737 kB
Average total system memory free        = 388706569.895 kB
Average total system CPU used %         = 4.03157894737 %


Waiting 60 seconds after creating 100 ports....

Waiting 120 seconds after restarting neutron-dhcp-agent.service....

