
DHCP-network-0 and DHCP-subnet-0 already exist. Waiting for DHCP ports to be created....
2015-05-15 23:20:51.242547 : 4751 ports found. 4800 ports expected
2015-05-15 23:21:04.768848 : 4800 ports found. 4800 ports expected

sudo ip netns exec testns-DHCP-network-0 /usr/local/sbin/perfdhcp -4 -b mac=fa:16:00:00:00:00 -r 4800 -R 4800 -p 120 -l tapa397f6c6-46 &> testns-DHCP-network-0_4800_05152015_232415.log &

Waiting for perfdhcp in all test namespaces to complete....

perfdhcp ended

Deleting remaining churned networks, subnets and ports

Total number of packets dropped = 311607
Total number of packets sent    = 695933
Packet drop % = 44.7754309682 %
Minimum time to receive DHCP IP address = 1.453 milliseconds
Average time to receive DHCP IP address = 62.628 milliseconds
Maximum time to receive DHCP IP address = 155.579 milliseconds

The CPU and memory usage numbers are saved in the file
dhcp_scale_cpu_memory_05152015_232415.log in the current directory

neutron-dhcp-agent average CPU usage    = 7.37894736842 %
neutron-dhcp-agent average memory usage = 492910.157895 kB
Average total system memory free        = 388686562.842 kB
Average total system CPU used %         = 4.01315789474 %


Waiting 60 seconds after creating 100 ports....

Waiting 120 seconds after restarting neutron-dhcp-agent.service....

