
DHCP-network-0 and DHCP-subnet-0 already exist. Waiting for DHCP ports to be created....
2015-05-15 23:27:13.393000 : 4856 ports found. 4900 ports expected
2015-05-15 23:27:21.940449 : 4900 ports found. 4900 ports expected

sudo ip netns exec testns-DHCP-network-0 /usr/local/sbin/perfdhcp -4 -b mac=fa:16:00:00:00:00 -r 4900 -R 4900 -p 120 -l tapa397f6c6-46 &> testns-DHCP-network-0_4900_05152015_233026.log &

Waiting for perfdhcp in all test namespaces to complete....

perfdhcp ended

Deleting remaining churned networks, subnets and ports

Total number of packets dropped = 308740
Total number of packets sent    = 696556
Packet drop % = 44.3237873193 %
Minimum time to receive DHCP IP address = 1.513 milliseconds
Average time to receive DHCP IP address = 66.891 milliseconds
Maximum time to receive DHCP IP address = 265.185 milliseconds

The CPU and memory usage numbers are saved in the file
dhcp_scale_cpu_memory_05152015_233026.log in the current directory

neutron-dhcp-agent average CPU usage    = 7.85526315789 %
neutron-dhcp-agent average memory usage = 495080.263158 kB
Average total system memory free        = 388677565.789 kB
Average total system CPU used %         = 3.86578947368 %


Waiting 60 seconds after creating 100 ports....

Waiting 120 seconds after restarting neutron-dhcp-agent.service....

