
DHCP-network-0 and DHCP-subnet-0 already exist. Waiting for DHCP ports to be created....
2015-05-15 19:03:00.821343 : 462 ports found. 500 ports expected
2015-05-15 19:03:06.679699 : 500 ports found. 500 ports expected

sudo ip netns exec testns-DHCP-network-0 /usr/local/sbin/perfdhcp -4 -b mac=fa:16:00:00:00:00 -r 500 -R 500 -p 120 -l tapa397f6c6-46 &> testns-DHCP-network-0_500_05152015_190608.log &

Waiting for perfdhcp in all test namespaces to complete....

perfdhcp ended

Deleting remaining churned networks, subnets and ports

Total number of packets dropped = 0
Total number of packets sent    = 115546
Packet drop % = 0.0 %
Minimum time to receive DHCP IP address = 0.751 milliseconds
Average time to receive DHCP IP address = 1.266 milliseconds
Maximum time to receive DHCP IP address = 53.308 milliseconds

The CPU and memory usage numbers are saved in the file
dhcp_scale_cpu_memory_05152015_190608.log in the current directory

neutron-dhcp-agent average CPU usage    = 1.15263157895 %
neutron-dhcp-agent average memory usage = 399568.0 kB
Average total system memory free        = 389384856.526 kB
Average total system CPU used %         = 1.23684210526 %


Waiting 60 seconds after creating 100 ports....

Waiting 120 seconds after restarting neutron-dhcp-agent.service....

