
DHCP-network-0 and DHCP-subnet-0 already exist. Waiting for DHCP ports to be created....
2015-05-15 23:33:18.712914 : 4950 ports found. 5000 ports expected
2015-05-15 23:33:28.283470 : 5000 ports found. 5000 ports expected

sudo ip netns exec testns-DHCP-network-0 /usr/local/sbin/perfdhcp -4 -b mac=fa:16:00:00:00:00 -r 5000 -R 5000 -p 120 -l tapa397f6c6-46 &> testns-DHCP-network-0_5000_05152015_233632.log &

Waiting for perfdhcp in all test namespaces to complete....

perfdhcp ended

Deleting remaining churned networks, subnets and ports

Total number of packets dropped = 323091
Total number of packets sent    = 708252
Packet drop % = 45.6180850884 %
Minimum time to receive DHCP IP address = 1.238 milliseconds
Average time to receive DHCP IP address = 67.492 milliseconds
Maximum time to receive DHCP IP address = 224.155 milliseconds

The CPU and memory usage numbers are saved in the file
dhcp_scale_cpu_memory_05152015_233632.log in the current directory

neutron-dhcp-agent average CPU usage    = 7.87105263158 %
neutron-dhcp-agent average memory usage = 496727.315789 kB
Average total system memory free        = 388631195.789 kB
Average total system CPU used %         = 3.98947368421 %


Waiting 60 seconds after creating 100 ports....

Waiting 120 seconds after restarting neutron-dhcp-agent.service....

