
DHCP-network-0 and DHCP-subnet-0 already exist. Waiting for DHCP ports to be created....
2015-05-15 23:39:26.704369 : 5052 ports found. 5100 ports expected
2015-05-15 23:39:37.525558 : 5100 ports found. 5100 ports expected

sudo ip netns exec testns-DHCP-network-0 /usr/local/sbin/perfdhcp -4 -b mac=fa:16:00:00:00:00 -r 5100 -R 5100 -p 120 -l tapa397f6c6-46 &> testns-DHCP-network-0_5100_05152015_234243.log &

Waiting for perfdhcp in all test namespaces to complete....

perfdhcp ended

Deleting remaining churned networks, subnets and ports

Total number of packets dropped = 340914
Total number of packets sent    = 715481
Packet drop % = 47.6482254595 %
Minimum time to receive DHCP IP address = 1.509 milliseconds
Average time to receive DHCP IP address = 73.843 milliseconds
Maximum time to receive DHCP IP address = 227.896 milliseconds

The CPU and memory usage numbers are saved in the file
dhcp_scale_cpu_memory_05152015_234243.log in the current directory

neutron-dhcp-agent average CPU usage    = 8.12368421053 %
neutron-dhcp-agent average memory usage = 499083.368421 kB
Average total system memory free        = 388597351.158 kB
Average total system CPU used %         = 4.00263157895 %


Waiting 60 seconds after creating 100 ports....

Waiting 120 seconds after restarting neutron-dhcp-agent.service....

