
DHCP-network-0 and DHCP-subnet-0 already exist. Waiting for DHCP ports to be created....
2015-05-15 23:45:38.764247 : 5141 ports found. 5200 ports expected
2015-05-15 23:45:48.749201 : 5200 ports found. 5200 ports expected

sudo ip netns exec testns-DHCP-network-0 /usr/local/sbin/perfdhcp -4 -b mac=fa:16:00:00:00:00 -r 5200 -R 5200 -p 120 -l tapa397f6c6-46 &> testns-DHCP-network-0_5200_05152015_234853.log &

Waiting for perfdhcp in all test namespaces to complete....

perfdhcp ended

Deleting remaining churned networks, subnets and ports

Total number of packets dropped = 361892
Total number of packets sent    = 730319
Packet drop % = 49.5525927711 %
Minimum time to receive DHCP IP address = 1.889 milliseconds
Average time to receive DHCP IP address = 90.295 milliseconds
Maximum time to receive DHCP IP address = 211.297 milliseconds

The CPU and memory usage numbers are saved in the file
dhcp_scale_cpu_memory_05152015_234853.log in the current directory

neutron-dhcp-agent average CPU usage    = 7.82368421053 %
neutron-dhcp-agent average memory usage = 501437.736842 kB
Average total system memory free        = 388567769.789 kB
Average total system CPU used %         = 4.11842105263 %


Waiting 60 seconds after creating 100 ports....

Waiting 120 seconds after restarting neutron-dhcp-agent.service....

