
DHCP-network-0 and DHCP-subnet-0 already exist. Waiting for DHCP ports to be created....
2015-05-15 23:51:56.319250 : 5253 ports found. 5300 ports expected
2015-05-15 23:52:05.118470 : 5300 ports found. 5300 ports expected

sudo ip netns exec testns-DHCP-network-0 /usr/local/sbin/perfdhcp -4 -b mac=fa:16:00:00:00:00 -r 5300 -R 5300 -p 120 -l tapa397f6c6-46 &> testns-DHCP-network-0_5300_05152015_235510.log &

Waiting for perfdhcp in all test namespaces to complete....

perfdhcp ended

Deleting remaining churned networks, subnets and ports

Total number of packets dropped = 373777
Total number of packets sent    = 735984
Packet drop % = 50.7860225222 %
Minimum time to receive DHCP IP address = 1.825 milliseconds
Average time to receive DHCP IP address = 110.297 milliseconds
Maximum time to receive DHCP IP address = 221.01 milliseconds

The CPU and memory usage numbers are saved in the file
dhcp_scale_cpu_memory_05152015_235510.log in the current directory

neutron-dhcp-agent average CPU usage    = 8.28684210526 %
neutron-dhcp-agent average memory usage = 503399.473684 kB
Average total system memory free        = 388552183.474 kB
Average total system CPU used %         = 4.06315789474 %


Waiting 60 seconds after creating 100 ports....

Waiting 120 seconds after restarting neutron-dhcp-agent.service....

