
DHCP-network-0 and DHCP-subnet-0 already exist. Waiting for DHCP ports to be created....
2015-05-15 23:58:11.323719 : 5353 ports found. 5400 ports expected
2015-05-15 23:58:20.172114 : 5400 ports found. 5400 ports expected

sudo ip netns exec testns-DHCP-network-0 /usr/local/sbin/perfdhcp -4 -b mac=fa:16:00:00:00:00 -r 5400 -R 5400 -p 120 -l tapa397f6c6-46 &> testns-DHCP-network-0_5400_05162015_000125.log &

Waiting for perfdhcp in all test namespaces to complete....

perfdhcp ended

Deleting remaining churned networks, subnets and ports

Total number of packets dropped = 376137
Total number of packets sent    = 744604
Packet drop % = 50.5150388663 %
Minimum time to receive DHCP IP address = 2.134 milliseconds
Average time to receive DHCP IP address = 106.569 milliseconds
Maximum time to receive DHCP IP address = 714.298 milliseconds

The CPU and memory usage numbers are saved in the file
dhcp_scale_cpu_memory_05162015_000125.log in the current directory

neutron-dhcp-agent average CPU usage    = 8.18684210526 %
neutron-dhcp-agent average memory usage = 505371.473684 kB
Average total system memory free        = 388532117.368 kB
Average total system CPU used %         = 4.12894736842 %


Waiting 60 seconds after creating 100 ports....

Waiting 120 seconds after restarting neutron-dhcp-agent.service....

