
DHCP-network-0 and DHCP-subnet-0 already exist. Waiting for DHCP ports to be created....
2015-05-16 00:10:49.706648 : 5544 ports found. 5600 ports expected
2015-05-16 00:10:58.718416 : 5600 ports found. 5600 ports expected

sudo ip netns exec testns-DHCP-network-0 /usr/local/sbin/perfdhcp -4 -b mac=fa:16:00:00:00:00 -r 5600 -R 5600 -p 120 -l tapa397f6c6-46 &> testns-DHCP-network-0_5600_05162015_001405.log &

Waiting for perfdhcp in all test namespaces to complete....

perfdhcp ended

Deleting remaining churned networks, subnets and ports

Total number of packets dropped = 393364
Total number of packets sent    = 756003
Packet drop % = 52.0320686558 %
Minimum time to receive DHCP IP address = 2.018 milliseconds
Average time to receive DHCP IP address = 117.936 milliseconds
Maximum time to receive DHCP IP address = 222.825 milliseconds

The CPU and memory usage numbers are saved in the file
dhcp_scale_cpu_memory_05162015_001405.log in the current directory

neutron-dhcp-agent average CPU usage    = 8.25526315789 %
neutron-dhcp-agent average memory usage = 515132.263158 kB
Average total system memory free        = 388497882.737 kB
Average total system CPU used %         = 3.95 %


Waiting 60 seconds after creating 100 ports....

Waiting 120 seconds after restarting neutron-dhcp-agent.service....

