
DHCP-network-0 and DHCP-subnet-0 already exist. Waiting for DHCP ports to be created....
2015-05-16 00:17:07.464817 : 5651 ports found. 5700 ports expected
2015-05-16 00:17:16.737349 : 5700 ports found. 5700 ports expected

sudo ip netns exec testns-DHCP-network-0 /usr/local/sbin/perfdhcp -4 -b mac=fa:16:00:00:00:00 -r 5700 -R 5700 -p 120 -l tapa397f6c6-46 &> testns-DHCP-network-0_5700_05162015_002022.log &

Waiting for perfdhcp in all test namespaces to complete....

perfdhcp ended

Deleting remaining churned networks, subnets and ports

Total number of packets dropped = 400307
Total number of packets sent    = 758950
Packet drop % = 52.7448448514 %
Minimum time to receive DHCP IP address = 1.963 milliseconds
Average time to receive DHCP IP address = 120.225 milliseconds
Maximum time to receive DHCP IP address = 234.218 milliseconds

The CPU and memory usage numbers are saved in the file
dhcp_scale_cpu_memory_05162015_002022.log in the current directory

neutron-dhcp-agent average CPU usage    = 8.60263157895 %
neutron-dhcp-agent average memory usage = 516859.157895 kB
Average total system memory free        = 388471318.947 kB
Average total system CPU used %         = 4.18157894737 %


Waiting 60 seconds after creating 100 ports....

Waiting 120 seconds after restarting neutron-dhcp-agent.service....

