
DHCP-network-0 and DHCP-subnet-0 already exist. Waiting for DHCP ports to be created....
2015-05-16 00:23:24.944751 : 5751 ports found. 5800 ports expected
2015-05-16 00:23:34.042760 : 5800 ports found. 5800 ports expected

sudo ip netns exec testns-DHCP-network-0 /usr/local/sbin/perfdhcp -4 -b mac=fa:16:00:00:00:00 -r 5800 -R 5800 -p 120 -l tapa397f6c6-46 &> testns-DHCP-network-0_5800_05162015_002640.log &

Waiting for perfdhcp in all test namespaces to complete....

perfdhcp ended

Deleting remaining churned networks, subnets and ports

Total number of packets dropped = 411658
Total number of packets sent    = 771822
Packet drop % = 53.335872779 %
Minimum time to receive DHCP IP address = 1.895 milliseconds
Average time to receive DHCP IP address = 120.382 milliseconds
Maximum time to receive DHCP IP address = 352.49 milliseconds

The CPU and memory usage numbers are saved in the file
dhcp_scale_cpu_memory_05162015_002640.log in the current directory

neutron-dhcp-agent average CPU usage    = 8.58157894737 %
neutron-dhcp-agent average memory usage = 519146.052632 kB
Average total system memory free        = 388454711.158 kB
Average total system CPU used %         = 4.17368421053 %


Waiting 60 seconds after creating 100 ports....

Waiting 120 seconds after restarting neutron-dhcp-agent.service....

