
DHCP-network-0 and DHCP-subnet-0 already exist. Waiting for DHCP ports to be created....
2015-05-16 00:29:42.885282 : 5848 ports found. 5900 ports expected
2015-05-16 00:29:52.037369 : 5900 ports found. 5900 ports expected

sudo ip netns exec testns-DHCP-network-0 /usr/local/sbin/perfdhcp -4 -b mac=fa:16:00:00:00:00 -r 5900 -R 5900 -p 120 -l tapa397f6c6-46 &> testns-DHCP-network-0_5900_05162015_003257.log &

Waiting for perfdhcp in all test namespaces to complete....

perfdhcp ended

Deleting remaining churned networks, subnets and ports

Total number of packets dropped = 413576
Total number of packets sent    = 783713
Packet drop % = 52.7713589031 %
Minimum time to receive DHCP IP address = 1.831 milliseconds
Average time to receive DHCP IP address = 115.831 milliseconds
Maximum time to receive DHCP IP address = 266.308 milliseconds

The CPU and memory usage numbers are saved in the file
dhcp_scale_cpu_memory_05162015_003257.log in the current directory

neutron-dhcp-agent average CPU usage    = 8.59210526316 %
neutron-dhcp-agent average memory usage = 521284.947368 kB
Average total system memory free        = 388428927.789 kB
Average total system CPU used %         = 4.31842105263 %


Waiting 60 seconds after creating 100 ports....

Waiting 120 seconds after restarting neutron-dhcp-agent.service....

