
DHCP-network-0 and DHCP-subnet-0 already exist. Waiting for DHCP ports to be created....
2015-05-15 19:08:42.162476 : 540 ports found. 600 ports expected
2015-05-15 19:08:50.111526 : 589 ports found. 600 ports expected
2015-05-15 19:08:55.898053 : 600 ports found. 600 ports expected

sudo ip netns exec testns-DHCP-network-0 /usr/local/sbin/perfdhcp -4 -b mac=fa:16:00:00:00:00 -r 600 -R 600 -p 120 -l tapa397f6c6-46 &> testns-DHCP-network-0_600_05152015_191157.log &

Waiting for perfdhcp in all test namespaces to complete....

perfdhcp ended

Deleting remaining churned networks, subnets and ports

Total number of packets dropped = 1
Total number of packets sent    = 138199
Packet drop % = 0.000723594237295 %
Minimum time to receive DHCP IP address = 0.752 milliseconds
Average time to receive DHCP IP address = 1.241 milliseconds
Maximum time to receive DHCP IP address = 49.829 milliseconds

The CPU and memory usage numbers are saved in the file
dhcp_scale_cpu_memory_05152015_191157.log in the current directory

neutron-dhcp-agent average CPU usage    = 1.19473684211 %
neutron-dhcp-agent average memory usage = 401886.0 kB
Average total system memory free        = 389376278.105 kB
Average total system CPU used %         = 1.42631578947 %


Waiting 60 seconds after creating 100 ports....

Waiting 120 seconds after restarting neutron-dhcp-agent.service....

