
DHCP-network-0 and DHCP-subnet-0 already exist. Waiting for DHCP ports to be created....
2015-05-16 00:36:02.114276 : 5952 ports found. 6000 ports expected
2015-05-16 00:36:11.336317 : 6000 ports found. 6000 ports expected

sudo ip netns exec testns-DHCP-network-0 /usr/local/sbin/perfdhcp -4 -b mac=fa:16:00:00:00:00 -r 6000 -R 6000 -p 120 -l tapa397f6c6-46 &> testns-DHCP-network-0_6000_05162015_003916.log &

Waiting for perfdhcp in all test namespaces to complete....

perfdhcp ended

Deleting remaining churned networks, subnets and ports

Total number of packets dropped = 434372
Total number of packets sent    = 784942
Packet drop % = 55.3381014139 %
Minimum time to receive DHCP IP address = 2.03 milliseconds
Average time to receive DHCP IP address = 123.724 milliseconds
Maximum time to receive DHCP IP address = 1503.249 milliseconds

The CPU and memory usage numbers are saved in the file
dhcp_scale_cpu_memory_05162015_003916.log in the current directory

neutron-dhcp-agent average CPU usage    = 8.83684210526 %
neutron-dhcp-agent average memory usage = 523718.052632 kB
Average total system memory free        = 388398875.368 kB
Average total system CPU used %         = 4.22105263158 %


Waiting 60 seconds after creating 100 ports....

Waiting 120 seconds after restarting neutron-dhcp-agent.service....

