
DHCP-network-0 and DHCP-subnet-0 already exist. Waiting for DHCP ports to be created....
2015-05-16 00:42:19.851159 : 6045 ports found. 6100 ports expected
2015-05-16 00:42:29.383119 : 6100 ports found. 6100 ports expected

sudo ip netns exec testns-DHCP-network-0 /usr/local/sbin/perfdhcp -4 -b mac=fa:16:00:00:00:00 -r 6100 -R 6100 -p 120 -l tapa397f6c6-46 &> testns-DHCP-network-0_6100_05162015_004534.log &

Waiting for perfdhcp in all test namespaces to complete....

perfdhcp ended

Deleting remaining churned networks, subnets and ports

Total number of packets dropped = 438086
Total number of packets sent    = 793788
Packet drop % = 55.1892948747 %
Minimum time to receive DHCP IP address = 2.374 milliseconds
Average time to receive DHCP IP address = 122.462 milliseconds
Maximum time to receive DHCP IP address = 230.391 milliseconds

The CPU and memory usage numbers are saved in the file
dhcp_scale_cpu_memory_05162015_004534.log in the current directory

neutron-dhcp-agent average CPU usage    = 8.57105263158 %
neutron-dhcp-agent average memory usage = 525427.631579 kB
Average total system memory free        = 388387344.632 kB
Average total system CPU used %         = 4.23157894737 %


Waiting 60 seconds after creating 100 ports....

Waiting 120 seconds after restarting neutron-dhcp-agent.service....

