
DHCP-network-0 and DHCP-subnet-0 already exist. Waiting for DHCP ports to be created....
2015-05-16 00:48:39.415950 : 6147 ports found. 6200 ports expected
2015-05-16 00:48:49.259211 : 6200 ports found. 6200 ports expected

sudo ip netns exec testns-DHCP-network-0 /usr/local/sbin/perfdhcp -4 -b mac=fa:16:00:00:00:00 -r 6200 -R 6200 -p 120 -l tapa397f6c6-46 &> testns-DHCP-network-0_6200_05162015_005154.log &

Waiting for perfdhcp in all test namespaces to complete....

perfdhcp ended

Deleting remaining churned networks, subnets and ports

Total number of packets dropped = 439766
Total number of packets sent    = 800012
Packet drop % = 54.9699254511 %
Minimum time to receive DHCP IP address = 2.605 milliseconds
Average time to receive DHCP IP address = 121.601 milliseconds
Maximum time to receive DHCP IP address = 318.207 milliseconds

The CPU and memory usage numbers are saved in the file
dhcp_scale_cpu_memory_05162015_005154.log in the current directory

neutron-dhcp-agent average CPU usage    = 8.52368421053 %
neutron-dhcp-agent average memory usage = 527762.526316 kB
Average total system memory free        = 388381054.632 kB
Average total system CPU used %         = 4.13421052632 %


Waiting 60 seconds after creating 100 ports....

Waiting 120 seconds after restarting neutron-dhcp-agent.service....

