
DHCP-network-0 and DHCP-subnet-0 already exist. Waiting for DHCP ports to be created....
2015-05-16 00:54:59.964575 : 6243 ports found. 6300 ports expected
2015-05-16 00:55:09.999313 : 6300 ports found. 6300 ports expected

sudo ip netns exec testns-DHCP-network-0 /usr/local/sbin/perfdhcp -4 -b mac=fa:16:00:00:00:00 -r 6300 -R 6300 -p 120 -l tapa397f6c6-46 &> testns-DHCP-network-0_6300_05162015_005815.log &

Waiting for perfdhcp in all test namespaces to complete....

perfdhcp ended

Deleting remaining churned networks, subnets and ports

Total number of packets dropped = 447634
Total number of packets sent    = 799479
Packet drop % = 55.9907139525 %
Minimum time to receive DHCP IP address = 4.748 milliseconds
Average time to receive DHCP IP address = 124.065 milliseconds
Maximum time to receive DHCP IP address = 246.053 milliseconds

The CPU and memory usage numbers are saved in the file
dhcp_scale_cpu_memory_05162015_005815.log in the current directory

neutron-dhcp-agent average CPU usage    = 8.80526315789 %
neutron-dhcp-agent average memory usage = 529879.421053 kB
Average total system memory free        = 388343847.263 kB
Average total system CPU used %         = 4.25789473684 %


Waiting 60 seconds after creating 100 ports....

Waiting 120 seconds after restarting neutron-dhcp-agent.service....

