
DHCP-network-0 and DHCP-subnet-0 already exist. Waiting for DHCP ports to be created....
2015-05-16 01:01:11.623322 : 6348 ports found. 6400 ports expected
2015-05-16 01:01:24.463102 : 6398 ports found. 6400 ports expected
2015-05-16 01:01:34.375018 : 6400 ports found. 6400 ports expected

sudo ip netns exec testns-DHCP-network-0 /usr/local/sbin/perfdhcp -4 -b mac=fa:16:00:00:00:00 -r 6400 -R 6400 -p 120 -l tapa397f6c6-46 &> testns-DHCP-network-0_6400_05162015_010440.log &

Waiting for perfdhcp in all test namespaces to complete....

perfdhcp ended

Deleting remaining churned networks, subnets and ports

Total number of packets dropped = 445093
Total number of packets sent    = 804868
Packet drop % = 55.300123747 %
Minimum time to receive DHCP IP address = 2.919 milliseconds
Average time to receive DHCP IP address = 121.895 milliseconds
Maximum time to receive DHCP IP address = 229.579 milliseconds

The CPU and memory usage numbers are saved in the file
dhcp_scale_cpu_memory_05162015_010440.log in the current directory

neutron-dhcp-agent average CPU usage    = 8.55526315789 %
neutron-dhcp-agent average memory usage = 532434.315789 kB
Average total system memory free        = 388323303.368 kB
Average total system CPU used %         = 4.24473684211 %


Waiting 60 seconds after creating 100 ports....

Waiting 120 seconds after restarting neutron-dhcp-agent.service....

