
DHCP-network-0 and DHCP-subnet-0 already exist. Waiting for DHCP ports to be created....
2015-05-16 01:07:33.619818 : 6445 ports found. 6500 ports expected
2015-05-16 01:07:50.897490 : 6488 ports found. 6500 ports expected
2015-05-16 01:08:00.670881 : 6500 ports found. 6500 ports expected

sudo ip netns exec testns-DHCP-network-0 /usr/local/sbin/perfdhcp -4 -b mac=fa:16:00:00:00:00 -r 6500 -R 6500 -p 120 -l tapa397f6c6-46 &> testns-DHCP-network-0_6500_05162015_011106.log &

Waiting for perfdhcp in all test namespaces to complete....

perfdhcp ended

Deleting remaining churned networks, subnets and ports

Total number of packets dropped = 452460
Total number of packets sent    = 807810
Packet drop % = 56.0106955844 %
Minimum time to receive DHCP IP address = 1.928 milliseconds
Average time to receive DHCP IP address = 123.112 milliseconds
Maximum time to receive DHCP IP address = 226.351 milliseconds

The CPU and memory usage numbers are saved in the file
dhcp_scale_cpu_memory_05162015_011106.log in the current directory

neutron-dhcp-agent average CPU usage    = 8.96842105263 %
neutron-dhcp-agent average memory usage = 533991.210526 kB
Average total system memory free        = 388301312.316 kB
Average total system CPU used %         = 4.42631578947 %


Waiting 60 seconds after creating 100 ports....

Waiting 120 seconds after restarting neutron-dhcp-agent.service....

