
DHCP-network-0 and DHCP-subnet-0 already exist. Waiting for DHCP ports to be created....
2015-05-16 01:14:05.090989 : 6538 ports found. 6600 ports expected
2015-05-16 01:14:17.313457 : 6600 ports found. 6600 ports expected

sudo ip netns exec testns-DHCP-network-0 /usr/local/sbin/perfdhcp -4 -b mac=fa:16:00:00:00:00 -r 6600 -R 6600 -p 120 -l tapa397f6c6-46 &> testns-DHCP-network-0_6600_05162015_011722.log &

Waiting for perfdhcp in all test namespaces to complete....

perfdhcp ended

Deleting remaining churned networks, subnets and ports

Total number of packets dropped = 451286
Total number of packets sent    = 812552
Packet drop % = 55.5393377901 %
Minimum time to receive DHCP IP address = 1.457 milliseconds
Average time to receive DHCP IP address = 121.126 milliseconds
Maximum time to receive DHCP IP address = 241.172 milliseconds

The CPU and memory usage numbers are saved in the file
dhcp_scale_cpu_memory_05162015_011722.log in the current directory

neutron-dhcp-agent average CPU usage    = 8.79487179487 %
neutron-dhcp-agent average memory usage = 536340.333333 kB
Average total system memory free        = 388308695.59 kB
Average total system CPU used %         = 4.18205128205 %


Waiting 60 seconds after creating 100 ports....

Waiting 120 seconds after restarting neutron-dhcp-agent.service....

