
DHCP-network-0 and DHCP-subnet-0 already exist. Waiting for DHCP ports to be created....
2015-05-16 01:20:30.409197 : 6645 ports found. 6700 ports expected
2015-05-16 01:20:40.220971 : 6700 ports found. 6700 ports expected

sudo ip netns exec testns-DHCP-network-0 /usr/local/sbin/perfdhcp -4 -b mac=fa:16:00:00:00:00 -r 6700 -R 6700 -p 120 -l tapa397f6c6-46 &> testns-DHCP-network-0_6700_05162015_012346.log &

Waiting for perfdhcp in all test namespaces to complete....

perfdhcp ended

Deleting remaining churned networks, subnets and ports

Total number of packets dropped = 462485
Total number of packets sent    = 808703
Packet drop % = 57.1884857605 %
Minimum time to receive DHCP IP address = 2.544 milliseconds
Average time to receive DHCP IP address = 126.15 milliseconds
Maximum time to receive DHCP IP address = 304.666 milliseconds

The CPU and memory usage numbers are saved in the file
dhcp_scale_cpu_memory_05162015_012346.log in the current directory

neutron-dhcp-agent average CPU usage    = 8.98947368421 %
neutron-dhcp-agent average memory usage = 538466.0 kB
Average total system memory free        = 388276213.053 kB
Average total system CPU used %         = 4.35789473684 %


Waiting 60 seconds after creating 100 ports....

Waiting 120 seconds after restarting neutron-dhcp-agent.service....

