
DHCP-network-0 and DHCP-subnet-0 already exist. Waiting for DHCP ports to be created....
2015-05-16 01:26:33.278992 : 6744 ports found. 6800 ports expected
2015-05-16 01:26:50.132177 : 6785 ports found. 6800 ports expected
2015-05-16 01:26:59.989440 : 6800 ports found. 6800 ports expected

sudo ip netns exec testns-DHCP-network-0 /usr/local/sbin/perfdhcp -4 -b mac=fa:16:00:00:00:00 -r 6800 -R 6800 -p 120 -l tapa397f6c6-46 &> testns-DHCP-network-0_6800_05162015_013005.log &

Waiting for perfdhcp in all test namespaces to complete....

perfdhcp ended

Deleting remaining churned networks, subnets and ports

Total number of packets dropped = 465990
Total number of packets sent    = 809229
Packet drop % = 57.5844414869 %
Minimum time to receive DHCP IP address = 6.908 milliseconds
Average time to receive DHCP IP address = 127.16 milliseconds
Maximum time to receive DHCP IP address = 235.346 milliseconds

The CPU and memory usage numbers are saved in the file
dhcp_scale_cpu_memory_05162015_013005.log in the current directory

neutron-dhcp-agent average CPU usage    = 9.04736842105 %
neutron-dhcp-agent average memory usage = 540680.0 kB
Average total system memory free        = 388255263.684 kB
Average total system CPU used %         = 4.49473684211 %


Waiting 60 seconds after creating 100 ports....

Waiting 120 seconds after restarting neutron-dhcp-agent.service....

