
DHCP-network-0 and DHCP-subnet-0 already exist. Waiting for DHCP ports to be created....
2015-05-16 01:33:07.721792 : 6840 ports found. 6900 ports expected
2015-05-16 01:33:22.698588 : 6884 ports found. 6900 ports expected
2015-05-16 01:33:32.830141 : 6900 ports found. 6900 ports expected

sudo ip netns exec testns-DHCP-network-0 /usr/local/sbin/perfdhcp -4 -b mac=fa:16:00:00:00:00 -r 6900 -R 6900 -p 120 -l tapa397f6c6-46 &> testns-DHCP-network-0_6900_05162015_013638.log &

Waiting for perfdhcp in all test namespaces to complete....

perfdhcp ended

Deleting remaining churned networks, subnets and ports

Total number of packets dropped = 467253
Total number of packets sent    = 818682
Packet drop % = 57.0738088782 %
Minimum time to receive DHCP IP address = 2.39 milliseconds
Average time to receive DHCP IP address = 124.407 milliseconds
Maximum time to receive DHCP IP address = 371.029 milliseconds

The CPU and memory usage numbers are saved in the file
dhcp_scale_cpu_memory_05162015_013638.log in the current directory

neutron-dhcp-agent average CPU usage    = 8.83947368421 %
neutron-dhcp-agent average memory usage = 542600.0 kB
Average total system memory free        = 388248209.263 kB
Average total system CPU used %         = 4.50526315789 %


Waiting 60 seconds after creating 100 ports....

Waiting 120 seconds after restarting neutron-dhcp-agent.service....

