
DHCP-network-0 and DHCP-subnet-0 already exist. Waiting for DHCP ports to be created....
2015-05-15 19:14:39.371975 : 657 ports found. 700 ports expected
2015-05-15 19:14:45.140447 : 700 ports found. 700 ports expected

sudo ip netns exec testns-DHCP-network-0 /usr/local/sbin/perfdhcp -4 -b mac=fa:16:00:00:00:00 -r 700 -R 700 -p 120 -l tapa397f6c6-46 &> testns-DHCP-network-0_700_05152015_191746.log &

Waiting for perfdhcp in all test namespaces to complete....

perfdhcp ended

Deleting remaining churned networks, subnets and ports

Total number of packets dropped = 1
Total number of packets sent    = 160819
Packet drop % = 0.000621817073853 %
Minimum time to receive DHCP IP address = 0.74 milliseconds
Average time to receive DHCP IP address = 1.221 milliseconds
Maximum time to receive DHCP IP address = 60.493 milliseconds

The CPU and memory usage numbers are saved in the file
dhcp_scale_cpu_memory_05152015_191746.log in the current directory

neutron-dhcp-agent average CPU usage    = 1.49210526316 %
neutron-dhcp-agent average memory usage = 403882.0 kB
Average total system memory free        = 389382373.789 kB
Average total system CPU used %         = 1.49473684211 %


Waiting 60 seconds after creating 100 ports....

Waiting 120 seconds after restarting neutron-dhcp-agent.service....

