
DHCP-network-0 and DHCP-subnet-0 already exist. Waiting for DHCP ports to be created....
2015-05-16 01:39:45.072064 : 6944 ports found. 7000 ports expected
2015-05-16 01:39:54.974562 : 7000 ports found. 7000 ports expected

sudo ip netns exec testns-DHCP-network-0 /usr/local/sbin/perfdhcp -4 -b mac=fa:16:00:00:00:00 -r 7000 -R 7000 -p 120 -l tapa397f6c6-46 &> testns-DHCP-network-0_7000_05162015_014301.log &

Waiting for perfdhcp in all test namespaces to complete....

perfdhcp ended

Deleting remaining churned networks, subnets and ports

Total number of packets dropped = 473526
Total number of packets sent    = 835498
Packet drop % = 56.6758986856 %
Minimum time to receive DHCP IP address = 2.498 milliseconds
Average time to receive DHCP IP address = 121.23 milliseconds
Maximum time to receive DHCP IP address = 310.757 milliseconds

The CPU and memory usage numbers are saved in the file
dhcp_scale_cpu_memory_05162015_014301.log in the current directory

neutron-dhcp-agent average CPU usage    = 9.10789473684 %
neutron-dhcp-agent average memory usage = 544810.0 kB
Average total system memory free        = 388217798.947 kB
Average total system CPU used %         = 4.32894736842 %


Waiting 60 seconds after creating 100 ports....

Waiting 120 seconds after restarting neutron-dhcp-agent.service....

