
DHCP-network-0 and DHCP-subnet-0 already exist. Waiting for DHCP ports to be created....
2015-05-16 01:46:13.013773 : 7046 ports found. 7100 ports expected
2015-05-16 01:46:23.039200 : 7100 ports found. 7100 ports expected

sudo ip netns exec testns-DHCP-network-0 /usr/local/sbin/perfdhcp -4 -b mac=fa:16:00:00:00:00 -r 7100 -R 7100 -p 120 -l tapa397f6c6-46 &> testns-DHCP-network-0_7100_05162015_014929.log &

Waiting for perfdhcp in all test namespaces to complete....

perfdhcp ended

Deleting remaining churned networks, subnets and ports

Total number of packets dropped = 478103
Total number of packets sent    = 840420
Packet drop % = 56.8885795198 %
Minimum time to receive DHCP IP address = 1.37 milliseconds
Average time to receive DHCP IP address = 120.947 milliseconds
Maximum time to receive DHCP IP address = 230.288 milliseconds

The CPU and memory usage numbers are saved in the file
dhcp_scale_cpu_memory_05162015_014929.log in the current directory

neutron-dhcp-agent average CPU usage    = 9.07631578947 %
neutron-dhcp-agent average memory usage = 547041.0 kB
Average total system memory free        = 388188701.368 kB
Average total system CPU used %         = 4.5 %


Waiting 60 seconds after creating 100 ports....

Waiting 120 seconds after restarting neutron-dhcp-agent.service....

