
DHCP-network-0 and DHCP-subnet-0 already exist. Waiting for DHCP ports to be created....
2015-05-16 01:52:42.924036 : 7145 ports found. 7200 ports expected
2015-05-16 01:52:53.343151 : 7200 ports found. 7200 ports expected

sudo ip netns exec testns-DHCP-network-0 /usr/local/sbin/perfdhcp -4 -b mac=fa:16:00:00:00:00 -r 7200 -R 7200 -p 120 -l tapa397f6c6-46 &> testns-DHCP-network-0_7200_05162015_015559.log &

Waiting for perfdhcp in all test namespaces to complete....

perfdhcp ended

Deleting remaining churned networks, subnets and ports

Total number of packets dropped = 481721
Total number of packets sent    = 811396
Packet drop % = 59.3694077861 %
Minimum time to receive DHCP IP address = 2.605 milliseconds
Average time to receive DHCP IP address = 132.232 milliseconds
Maximum time to receive DHCP IP address = 260.758 milliseconds

The CPU and memory usage numbers are saved in the file
dhcp_scale_cpu_memory_05162015_015559.log in the current directory

neutron-dhcp-agent average CPU usage    = 9.22105263158 %
neutron-dhcp-agent average memory usage = 548948.0 kB
Average total system memory free        = 388181548.211 kB
Average total system CPU used %         = 4.57368421053 %


Waiting 60 seconds after creating 100 ports....

Waiting 120 seconds after restarting neutron-dhcp-agent.service....

