
DHCP-network-0 and DHCP-subnet-0 already exist. Waiting for DHCP ports to be created....
2015-05-16 01:59:11.263755 : 7252 ports found. 7300 ports expected
2015-05-16 01:59:21.435875 : 7300 ports found. 7300 ports expected

sudo ip netns exec testns-DHCP-network-0 /usr/local/sbin/perfdhcp -4 -b mac=fa:16:00:00:00:00 -r 7300 -R 7300 -p 120 -l tapa397f6c6-46 &> testns-DHCP-network-0_7300_05162015_020227.log &

Waiting for perfdhcp in all test namespaces to complete....

perfdhcp ended

Deleting remaining churned networks, subnets and ports

Total number of packets dropped = 490593
Total number of packets sent    = 849259
Packet drop % = 57.7671829206 %
Minimum time to receive DHCP IP address = 2.008 milliseconds
Average time to receive DHCP IP address = 122.162 milliseconds
Maximum time to receive DHCP IP address = 322.865 milliseconds

The CPU and memory usage numbers are saved in the file
dhcp_scale_cpu_memory_05162015_020227.log in the current directory

neutron-dhcp-agent average CPU usage    = 9.05789473684 %
neutron-dhcp-agent average memory usage = 551162.0 kB
Average total system memory free        = 388151473.158 kB
Average total system CPU used %         = 4.45526315789 %


Waiting 60 seconds after creating 100 ports....

Waiting 120 seconds after restarting neutron-dhcp-agent.service....

