
DHCP-network-0 and DHCP-subnet-0 already exist. Waiting for DHCP ports to be created....
2015-05-16 02:05:27.025166 : 7334 ports found. 7400 ports expected
2015-05-16 02:05:45.902964 : 7386 ports found. 7400 ports expected
2015-05-16 02:05:57.043835 : 7400 ports found. 7400 ports expected

sudo ip netns exec testns-DHCP-network-0 /usr/local/sbin/perfdhcp -4 -b mac=fa:16:00:00:00:00 -r 7400 -R 7400 -p 120 -l tapa397f6c6-46 &> testns-DHCP-network-0_7400_05162015_020903.log &

Waiting for perfdhcp in all test namespaces to complete....

perfdhcp ended

Deleting remaining churned networks, subnets and ports

Total number of packets dropped = 484511
Total number of packets sent    = 847721
Packet drop % = 57.1545355135 %
Minimum time to receive DHCP IP address = 1.463 milliseconds
Average time to receive DHCP IP address = 120.006 milliseconds
Maximum time to receive DHCP IP address = 272.606 milliseconds

The CPU and memory usage numbers are saved in the file
dhcp_scale_cpu_memory_05162015_020903.log in the current directory

neutron-dhcp-agent average CPU usage    = 8.95263157895 %
neutron-dhcp-agent average memory usage = 553372.0 kB
Average total system memory free        = 388124025.368 kB
Average total system CPU used %         = 4.27631578947 %


Waiting 60 seconds after creating 100 ports....

Waiting 120 seconds after restarting neutron-dhcp-agent.service....

