
DHCP-network-0 and DHCP-subnet-0 already exist. Waiting for DHCP ports to be created....
2015-05-16 02:12:20.410722 : 7445 ports found. 7500 ports expected
2015-05-16 02:12:30.760016 : 7500 ports found. 7500 ports expected

sudo ip netns exec testns-DHCP-network-0 /usr/local/sbin/perfdhcp -4 -b mac=fa:16:00:00:00:00 -r 7500 -R 7500 -p 120 -l tapa397f6c6-46 &> testns-DHCP-network-0_7500_05162015_021537.log &

Waiting for perfdhcp in all test namespaces to complete....

perfdhcp ended

Deleting remaining churned networks, subnets and ports

Total number of packets dropped = 486831
Total number of packets sent    = 856884
Packet drop % = 56.8141078606 %
Minimum time to receive DHCP IP address = 1.158 milliseconds
Average time to receive DHCP IP address = 117.659 milliseconds
Maximum time to receive DHCP IP address = 248.709 milliseconds

The CPU and memory usage numbers are saved in the file
dhcp_scale_cpu_memory_05162015_021537.log in the current directory

neutron-dhcp-agent average CPU usage    = 9.12105263158 %
neutron-dhcp-agent average memory usage = 555602.0 kB
Average total system memory free        = 388103138.211 kB
Average total system CPU used %         = 4.50789473684 %


Waiting 60 seconds after creating 100 ports....

Waiting 120 seconds after restarting neutron-dhcp-agent.service....

