
DHCP-network-0 and DHCP-subnet-0 already exist. Waiting for DHCP ports to be created....
2015-05-16 02:18:46.636874 : 7542 ports found. 7600 ports expected
2015-05-16 02:18:57.067536 : 7600 ports found. 7600 ports expected

sudo ip netns exec testns-DHCP-network-0 /usr/local/sbin/perfdhcp -4 -b mac=fa:16:00:00:00:00 -r 7600 -R 7600 -p 120 -l tapa397f6c6-46 &> testns-DHCP-network-0_7600_05162015_022203.log &

Waiting for perfdhcp in all test namespaces to complete....

perfdhcp ended

Deleting remaining churned networks, subnets and ports

Total number of packets dropped = 500383
Total number of packets sent    = 902902
Packet drop % = 55.4194142886 %
Minimum time to receive DHCP IP address = 1.215 milliseconds
Average time to receive DHCP IP address = 109.244 milliseconds
Maximum time to receive DHCP IP address = 196.446 milliseconds

The CPU and memory usage numbers are saved in the file
dhcp_scale_cpu_memory_05162015_022203.log in the current directory

neutron-dhcp-agent average CPU usage    = 9.12894736842 %
neutron-dhcp-agent average memory usage = 557510.0 kB
Average total system memory free        = 388083748.211 kB
Average total system CPU used %         = 4.51315789474 %


Waiting 60 seconds after creating 100 ports....

Waiting 120 seconds after restarting neutron-dhcp-agent.service....

