
DHCP-network-0 and DHCP-subnet-0 already exist. Waiting for DHCP ports to be created....
2015-05-16 02:25:21.932487 : 7645 ports found. 7700 ports expected
2015-05-16 02:25:32.256731 : 7700 ports found. 7700 ports expected

sudo ip netns exec testns-DHCP-network-0 /usr/local/sbin/perfdhcp -4 -b mac=fa:16:00:00:00:00 -r 7700 -R 7700 -p 120 -l tapa397f6c6-46 &> testns-DHCP-network-0_7700_05162015_022838.log &

Waiting for perfdhcp in all test namespaces to complete....

perfdhcp ended

Deleting remaining churned networks, subnets and ports

Total number of packets dropped = 507949
Total number of packets sent    = 905841
Packet drop % = 56.0748519884 %
Minimum time to receive DHCP IP address = 1.854 milliseconds
Average time to receive DHCP IP address = 110.422 milliseconds
Maximum time to receive DHCP IP address = 372.412 milliseconds

The CPU and memory usage numbers are saved in the file
dhcp_scale_cpu_memory_05162015_022838.log in the current directory

neutron-dhcp-agent average CPU usage    = 8.90526315789 %
neutron-dhcp-agent average memory usage = 559740.684211 kB
Average total system memory free        = 388049997.579 kB
Average total system CPU used %         = 4.29473684211 %


Waiting 60 seconds after creating 100 ports....

Waiting 120 seconds after restarting neutron-dhcp-agent.service....

