
DHCP-network-0 and DHCP-subnet-0 already exist. Waiting for DHCP ports to be created....
2015-05-16 02:31:47.754413 : 7743 ports found. 7800 ports expected
2015-05-16 02:31:58.597538 : 7800 ports found. 7800 ports expected

sudo ip netns exec testns-DHCP-network-0 /usr/local/sbin/perfdhcp -4 -b mac=fa:16:00:00:00:00 -r 7800 -R 7800 -p 120 -l tapa397f6c6-46 &> testns-DHCP-network-0_7800_05162015_023505.log &

Waiting for perfdhcp in all test namespaces to complete....

perfdhcp ended

Deleting remaining churned networks, subnets and ports

Total number of packets dropped = 509793
Total number of packets sent    = 911387
Packet drop % = 55.9359525646 %
Minimum time to receive DHCP IP address = 2.839 milliseconds
Average time to receive DHCP IP address = 109.535 milliseconds
Maximum time to receive DHCP IP address = 197.818 milliseconds

The CPU and memory usage numbers are saved in the file
dhcp_scale_cpu_memory_05162015_023505.log in the current directory

neutron-dhcp-agent average CPU usage    = 8.95 %
neutron-dhcp-agent average memory usage = 561953.684211 kB
Average total system memory free        = 388035765.158 kB
Average total system CPU used %         = 4.40526315789 %


Waiting 60 seconds after creating 100 ports....

Waiting 120 seconds after restarting neutron-dhcp-agent.service....

