
DHCP-network-0 and DHCP-subnet-0 already exist. Waiting for DHCP ports to be created....
2015-05-16 02:38:20.573535 : 7840 ports found. 7900 ports expected
2015-05-16 02:38:31.183329 : 7900 ports found. 7900 ports expected

sudo ip netns exec testns-DHCP-network-0 /usr/local/sbin/perfdhcp -4 -b mac=fa:16:00:00:00:00 -r 7900 -R 7900 -p 120 -l tapa397f6c6-46 &> testns-DHCP-network-0_7900_05162015_024138.log &

Waiting for perfdhcp in all test namespaces to complete....

perfdhcp ended

Deleting remaining churned networks, subnets and ports

Total number of packets dropped = 516564
Total number of packets sent    = 910061
Packet drop % = 56.7614698355 %
Minimum time to receive DHCP IP address = 2.135 milliseconds
Average time to receive DHCP IP address = 111.627 milliseconds
Maximum time to receive DHCP IP address = 199.041 milliseconds

The CPU and memory usage numbers are saved in the file
dhcp_scale_cpu_memory_05162015_024138.log in the current directory

neutron-dhcp-agent average CPU usage    = 9.01842105263 %
neutron-dhcp-agent average memory usage = 564151.368421 kB
Average total system memory free        = 388015641.263 kB
Average total system CPU used %         = 4.5 %


Waiting 60 seconds after creating 100 ports....

Waiting 120 seconds after restarting neutron-dhcp-agent.service....

