
DHCP-network-0 and DHCP-subnet-0 already exist. Waiting for DHCP ports to be created....
2015-05-15 19:20:28.747880 : 764 ports found. 800 ports expected
2015-05-15 19:20:34.601765 : 800 ports found. 800 ports expected

sudo ip netns exec testns-DHCP-network-0 /usr/local/sbin/perfdhcp -4 -b mac=fa:16:00:00:00:00 -r 800 -R 800 -p 120 -l tapa397f6c6-46 &> testns-DHCP-network-0_800_05152015_192336.log &

Waiting for perfdhcp in all test namespaces to complete....

perfdhcp ended

Deleting remaining churned networks, subnets and ports

Total number of packets dropped = 0
Total number of packets sent    = 182924
Packet drop % = 0.0 %
Minimum time to receive DHCP IP address = 0.74 milliseconds
Average time to receive DHCP IP address = 1.188 milliseconds
Maximum time to receive DHCP IP address = 35.479 milliseconds

The CPU and memory usage numbers are saved in the file
dhcp_scale_cpu_memory_05152015_192336.log in the current directory

neutron-dhcp-agent average CPU usage    = 1.50789473684 %
neutron-dhcp-agent average memory usage = 405890.0 kB
Average total system memory free        = 389381049.368 kB
Average total system CPU used %         = 1.71842105263 %


Waiting 60 seconds after creating 100 ports....

Waiting 120 seconds after restarting neutron-dhcp-agent.service....

