
DHCP-network-0 and DHCP-subnet-0 already exist. Waiting for DHCP ports to be created....
2015-05-16 02:51:28.027050 : 8040 ports found. 8100 ports expected
2015-05-16 02:51:38.612131 : 8100 ports found. 8100 ports expected

sudo ip netns exec testns-DHCP-network-0 /usr/local/sbin/perfdhcp -4 -b mac=fa:16:00:00:00:00 -r 8100 -R 8100 -p 120 -l tapa397f6c6-46 &> testns-DHCP-network-0_8100_05162015_025445.log &

Waiting for perfdhcp in all test namespaces to complete....

perfdhcp ended

Deleting remaining churned networks, subnets and ports

Total number of packets dropped = 526256
Total number of packets sent    = 920511
Packet drop % = 57.1699849323 %
Minimum time to receive DHCP IP address = 2.53 milliseconds
Average time to receive DHCP IP address = 111.429 milliseconds
Maximum time to receive DHCP IP address = 208.408 milliseconds

The CPU and memory usage numbers are saved in the file
dhcp_scale_cpu_memory_05162015_025445.log in the current directory

neutron-dhcp-agent average CPU usage    = 8.82894736842 %
neutron-dhcp-agent average memory usage = 568342.052632 kB
Average total system memory free        = 387975077.684 kB
Average total system CPU used %         = 4.30526315789 %


Waiting 60 seconds after creating 100 ports....

Waiting 120 seconds after restarting neutron-dhcp-agent.service....

