
DHCP-network-0 and DHCP-subnet-0 already exist. Waiting for DHCP ports to be created....
2015-05-16 02:57:57.200658 : 8143 ports found. 8200 ports expected
2015-05-16 02:58:07.850913 : 8200 ports found. 8200 ports expected

sudo ip netns exec testns-DHCP-network-0 /usr/local/sbin/perfdhcp -4 -b mac=fa:16:00:00:00:00 -r 8200 -R 8200 -p 120 -l tapa397f6c6-46 &> testns-DHCP-network-0_8200_05162015_030115.log &

Waiting for perfdhcp in all test namespaces to complete....

perfdhcp ended

Deleting remaining churned networks, subnets and ports

Total number of packets dropped = 533937
Total number of packets sent    = 933826
Packet drop % = 57.1773542394 %
Minimum time to receive DHCP IP address = 2.092 milliseconds
Average time to receive DHCP IP address = 109.992 milliseconds
Maximum time to receive DHCP IP address = 216.762 milliseconds

The CPU and memory usage numbers are saved in the file
dhcp_scale_cpu_memory_05162015_030115.log in the current directory

neutron-dhcp-agent average CPU usage    = 9.04736842105 %
neutron-dhcp-agent average memory usage = 570451.052632 kB
Average total system memory free        = 387954264.316 kB
Average total system CPU used %         = 4.57894736842 %


Waiting 60 seconds after creating 100 ports....

Waiting 120 seconds after restarting neutron-dhcp-agent.service....

