
DHCP-network-0 and DHCP-subnet-0 already exist. Waiting for DHCP ports to be created....
2015-05-16 03:04:29.834437 : 8238 ports found. 8300 ports expected
2015-05-16 03:04:40.606342 : 8300 ports found. 8300 ports expected

sudo ip netns exec testns-DHCP-network-0 /usr/local/sbin/perfdhcp -4 -b mac=fa:16:00:00:00:00 -r 8300 -R 8300 -p 120 -l tapa397f6c6-46 &> testns-DHCP-network-0_8300_05162015_030747.log &

Waiting for perfdhcp in all test namespaces to complete....

perfdhcp ended

Deleting remaining churned networks, subnets and ports

Total number of packets dropped = 534306
Total number of packets sent    = 919404
Packet drop % = 58.1143871465 %
Minimum time to receive DHCP IP address = 2.351 milliseconds
Average time to receive DHCP IP address = 113.9 milliseconds
Maximum time to receive DHCP IP address = 216.203 milliseconds

The CPU and memory usage numbers are saved in the file
dhcp_scale_cpu_memory_05162015_030747.log in the current directory

neutron-dhcp-agent average CPU usage    = 8.80526315789 %
neutron-dhcp-agent average memory usage = 572865.736842 kB
Average total system memory free        = 387927150.632 kB
Average total system CPU used %         = 4.42894736842 %


Waiting 60 seconds after creating 100 ports....

Waiting 120 seconds after restarting neutron-dhcp-agent.service....

