
DHCP-network-0 and DHCP-subnet-0 already exist. Waiting for DHCP ports to be created....
2015-05-16 03:11:01.458695 : 8338 ports found. 8400 ports expected
2015-05-16 03:11:12.698592 : 8400 ports found. 8400 ports expected

sudo ip netns exec testns-DHCP-network-0 /usr/local/sbin/perfdhcp -4 -b mac=fa:16:00:00:00:00 -r 8400 -R 8400 -p 120 -l tapa397f6c6-46 &> testns-DHCP-network-0_8400_05162015_031419.log &

Waiting for perfdhcp in all test namespaces to complete....

perfdhcp ended

Deleting remaining churned networks, subnets and ports

Total number of packets dropped = 543716
Total number of packets sent    = 945000
Packet drop % = 57.5360846561 %
Minimum time to receive DHCP IP address = 2.116 milliseconds
Average time to receive DHCP IP address = 109.596 milliseconds
Maximum time to receive DHCP IP address = 361.67 milliseconds

The CPU and memory usage numbers are saved in the file
dhcp_scale_cpu_memory_05162015_031419.log in the current directory

neutron-dhcp-agent average CPU usage    = 8.97105263158 %
neutron-dhcp-agent average memory usage = 574532.421053 kB
Average total system memory free        = 387910070.421 kB
Average total system CPU used %         = 4.41052631579 %


Waiting 60 seconds after creating 100 ports....

Waiting 120 seconds after restarting neutron-dhcp-agent.service....

