
DHCP-network-0 and DHCP-subnet-0 already exist. Waiting for DHCP ports to be created....
2015-05-16 03:17:33.055893 : 8442 ports found. 8500 ports expected
2015-05-16 03:17:43.852081 : 8500 ports found. 8500 ports expected

sudo ip netns exec testns-DHCP-network-0 /usr/local/sbin/perfdhcp -4 -b mac=fa:16:00:00:00:00 -r 8500 -R 8500 -p 120 -l tapa397f6c6-46 &> testns-DHCP-network-0_8500_05162015_032051.log &

Waiting for perfdhcp in all test namespaces to complete....

perfdhcp ended

Deleting remaining churned networks, subnets and ports

Total number of packets dropped = 550281
Total number of packets sent    = 939977
Packet drop % = 58.5419643247 %
Minimum time to receive DHCP IP address = 2.149 milliseconds
Average time to receive DHCP IP address = 112.516 milliseconds
Maximum time to receive DHCP IP address = 418.453 milliseconds

The CPU and memory usage numbers are saved in the file
dhcp_scale_cpu_memory_05162015_032051.log in the current directory

neutron-dhcp-agent average CPU usage    = 8.96923076923 %
neutron-dhcp-agent average memory usage = 576857.307692 kB
Average total system memory free        = 387883035.487 kB
Average total system CPU used %         = 4.45128205128 %


Waiting 60 seconds after creating 100 ports....

Waiting 120 seconds after restarting neutron-dhcp-agent.service....

