
DHCP-network-0 and DHCP-subnet-0 already exist. Waiting for DHCP ports to be created....
2015-05-16 03:24:06.958567 : 8530 ports found. 8600 ports expected
2015-05-16 03:24:17.948970 : 8600 ports found. 8600 ports expected

sudo ip netns exec testns-DHCP-network-0 /usr/local/sbin/perfdhcp -4 -b mac=fa:16:00:00:00:00 -r 8600 -R 8600 -p 120 -l tapa397f6c6-46 &> testns-DHCP-network-0_8600_05162015_032725.log &

Waiting for perfdhcp in all test namespaces to complete....

perfdhcp ended

Deleting remaining churned networks, subnets and ports

Total number of packets dropped = 550139
Total number of packets sent    = 944259
Packet drop % = 58.2614515721 %
Minimum time to receive DHCP IP address = 0.823 milliseconds
Average time to receive DHCP IP address = 110.773 milliseconds
Maximum time to receive DHCP IP address = 460.109 milliseconds

The CPU and memory usage numbers are saved in the file
dhcp_scale_cpu_memory_05162015_032725.log in the current directory

neutron-dhcp-agent average CPU usage    = 9.17631578947 %
neutron-dhcp-agent average memory usage = 578968.421053 kB
Average total system memory free        = 387844226.737 kB
Average total system CPU used %         = 4.51578947368 %


Waiting 60 seconds after creating 100 ports....

Waiting 120 seconds after restarting neutron-dhcp-agent.service....

