
DHCP-network-0 and DHCP-subnet-0 already exist. Waiting for DHCP ports to be created....
2015-05-16 03:30:38.812771 : 8644 ports found. 8700 ports expected
2015-05-16 03:30:50.114848 : 8700 ports found. 8700 ports expected

sudo ip netns exec testns-DHCP-network-0 /usr/local/sbin/perfdhcp -4 -b mac=fa:16:00:00:00:00 -r 8700 -R 8700 -p 120 -l tapa397f6c6-46 &> testns-DHCP-network-0_8700_05162015_033357.log &

Waiting for perfdhcp in all test namespaces to complete....

perfdhcp ended

Deleting remaining churned networks, subnets and ports

Total number of packets dropped = 558423
Total number of packets sent    = 950060
Packet drop % = 58.777656148 %
Minimum time to receive DHCP IP address = 1.703 milliseconds
Average time to receive DHCP IP address = 112.043 milliseconds
Maximum time to receive DHCP IP address = 439.9 milliseconds

The CPU and memory usage numbers are saved in the file
dhcp_scale_cpu_memory_05162015_033357.log in the current directory

neutron-dhcp-agent average CPU usage    = 8.92105263158 %
neutron-dhcp-agent average memory usage = 581392.789474 kB
Average total system memory free        = 387839318.211 kB
Average total system CPU used %         = 4.57368421053 %


Waiting 60 seconds after creating 100 ports....

Waiting 120 seconds after restarting neutron-dhcp-agent.service....

