
DHCP-network-0 and DHCP-subnet-0 already exist. Waiting for DHCP ports to be created....
2015-05-16 03:37:01.040947 : 8743 ports found. 8800 ports expected
2015-05-16 03:37:18.896897 : 8786 ports found. 8800 ports expected
2015-05-16 03:37:30.017979 : 8800 ports found. 8800 ports expected

sudo ip netns exec testns-DHCP-network-0 /usr/local/sbin/perfdhcp -4 -b mac=fa:16:00:00:00:00 -r 8800 -R 8800 -p 120 -l tapa397f6c6-46 &> testns-DHCP-network-0_8800_05162015_034039.log &

Waiting for perfdhcp in all test namespaces to complete....

perfdhcp ended

Deleting remaining churned networks, subnets and ports

Total number of packets dropped = 563981
Total number of packets sent    = 957237
Packet drop % = 58.9175930308 %
Minimum time to receive DHCP IP address = 2.308 milliseconds
Average time to receive DHCP IP address = 111.629 milliseconds
Maximum time to receive DHCP IP address = 396.347 milliseconds

The CPU and memory usage numbers are saved in the file
dhcp_scale_cpu_memory_05162015_034039.log in the current directory

neutron-dhcp-agent average CPU usage    = 9.10263157895 %
neutron-dhcp-agent average memory usage = 583095.789474 kB
Average total system memory free        = 387817531.263 kB
Average total system CPU used %         = 4.46578947368 %


Waiting 60 seconds after creating 100 ports....

Waiting 120 seconds after restarting neutron-dhcp-agent.service....

