
DHCP-network-0 and DHCP-subnet-0 already exist. Waiting for DHCP ports to be created....
2015-05-16 03:43:41.126349 : 8842 ports found. 8900 ports expected
2015-05-16 03:43:58.295913 : 8890 ports found. 8900 ports expected
2015-05-16 03:44:09.674000 : 8900 ports found. 8900 ports expected

sudo ip netns exec testns-DHCP-network-0 /usr/local/sbin/perfdhcp -4 -b mac=fa:16:00:00:00:00 -r 8900 -R 8900 -p 120 -l tapa397f6c6-46 &> testns-DHCP-network-0_8900_05162015_034721.log &

Waiting for perfdhcp in all test namespaces to complete....

perfdhcp ended

Deleting remaining churned networks, subnets and ports

Total number of packets dropped = 556361
Total number of packets sent    = 936235
Packet drop % = 59.4253579497 %
Minimum time to receive DHCP IP address = 1.618 milliseconds
Average time to receive DHCP IP address = 115.412 milliseconds
Maximum time to receive DHCP IP address = 463.014 milliseconds

The CPU and memory usage numbers are saved in the file
dhcp_scale_cpu_memory_05162015_034721.log in the current directory

neutron-dhcp-agent average CPU usage    = 9.01315789474 %
neutron-dhcp-agent average memory usage = 585437.789474 kB
Average total system memory free        = 387806064.842 kB
Average total system CPU used %         = 4.57368421053 %


Waiting 60 seconds after creating 100 ports....

Waiting 120 seconds after restarting neutron-dhcp-agent.service....

