
DHCP-network-0 and DHCP-subnet-0 already exist. Waiting for DHCP ports to be created....
2015-05-15 19:26:18.474050 : 860 ports found. 900 ports expected
2015-05-15 19:26:24.428109 : 900 ports found. 900 ports expected

sudo ip netns exec testns-DHCP-network-0 /usr/local/sbin/perfdhcp -4 -b mac=fa:16:00:00:00:00 -r 900 -R 900 -p 120 -l tapa397f6c6-46 &> testns-DHCP-network-0_900_05152015_192926.log &

Waiting for perfdhcp in all test namespaces to complete....

perfdhcp ended

Deleting remaining churned networks, subnets and ports

Total number of packets dropped = 0
Total number of packets sent    = 203684
Packet drop % = 0.0 %
Minimum time to receive DHCP IP address = 0.723 milliseconds
Average time to receive DHCP IP address = 1.19 milliseconds
Maximum time to receive DHCP IP address = 57.77 milliseconds

The CPU and memory usage numbers are saved in the file
dhcp_scale_cpu_memory_05152015_192926.log in the current directory

neutron-dhcp-agent average CPU usage    = 1.76842105263 %
neutron-dhcp-agent average memory usage = 408301.0 kB
Average total system memory free        = 389376821.789 kB
Average total system CPU used %         = 1.89736842105 %


Waiting 60 seconds after creating 100 ports....

Waiting 120 seconds after restarting neutron-dhcp-agent.service....

