
DHCP-network-0 and DHCP-subnet-0 already exist. Waiting for DHCP ports to be created....
2015-05-16 03:50:34.394185 : 8940 ports found. 9000 ports expected
2015-05-16 03:50:45.644576 : 9000 ports found. 9000 ports expected

sudo ip netns exec testns-DHCP-network-0 /usr/local/sbin/perfdhcp -4 -b mac=fa:16:00:00:00:00 -r 9000 -R 9000 -p 120 -l tapa397f6c6-46 &> testns-DHCP-network-0_9000_05162015_035356.log &

Waiting for perfdhcp in all test namespaces to complete....

perfdhcp ended

Deleting remaining churned networks, subnets and ports

Total number of packets dropped = 545349
Total number of packets sent    = 936543
Packet drop % = 58.2300011852 %
Minimum time to receive DHCP IP address = 0.861 milliseconds
Average time to receive DHCP IP address = 109.417 milliseconds
Maximum time to receive DHCP IP address = 753.828 milliseconds

The CPU and memory usage numbers are saved in the file
dhcp_scale_cpu_memory_05162015_035356.log in the current directory

neutron-dhcp-agent average CPU usage    = 9.07894736842 %
neutron-dhcp-agent average memory usage = 587518.473684 kB
Average total system memory free        = 387773984.737 kB
Average total system CPU used %         = 4.53947368421 %


Waiting 60 seconds after creating 100 ports....

Waiting 120 seconds after restarting neutron-dhcp-agent.service....

