
DHCP-network-0 and DHCP-subnet-0 already exist. Waiting for DHCP ports to be created....
2015-05-16 04:16:58.407741 : 9342 ports found. 9400 ports expected
2015-05-16 04:17:12.772373 : 9400 ports found. 9400 ports expected

sudo ip netns exec testns-DHCP-network-0 /usr/local/sbin/perfdhcp -4 -b mac=fa:16:00:00:00:00 -r 9400 -R 9400 -p 120 -l tapa397f6c6-46 &> testns-DHCP-network-0_9400_05162015_042024.log &

Waiting for perfdhcp in all test namespaces to complete....

perfdhcp ended

Deleting remaining churned networks, subnets and ports

Total number of packets dropped = 564209
Total number of packets sent    = 954310
Packet drop % = 59.1221929981 %
Minimum time to receive DHCP IP address = 0.932 milliseconds
Average time to receive DHCP IP address = 109.726 milliseconds
Maximum time to receive DHCP IP address = 682.197 milliseconds

The CPU and memory usage numbers are saved in the file
dhcp_scale_cpu_memory_05162015_042024.log in the current directory

neutron-dhcp-agent average CPU usage    = 9.1641025641 %
neutron-dhcp-agent average memory usage = 596022.615385 kB
Average total system memory free        = 387658294.974 kB
Average total system CPU used %         = 4.57948717949 %


Waiting 60 seconds after creating 100 ports....

Waiting 120 seconds after restarting neutron-dhcp-agent.service....

