
DHCP-network-0 and DHCP-subnet-0 already exist. Waiting for DHCP ports to be created....
2015-05-16 04:23:40.933008 : 9445 ports found. 9500 ports expected
2015-05-16 04:23:52.861819 : 9500 ports found. 9500 ports expected

sudo ip netns exec testns-DHCP-network-0 /usr/local/sbin/perfdhcp -4 -b mac=fa:16:00:00:00:00 -r 9500 -R 9500 -p 120 -l tapa397f6c6-46 &> testns-DHCP-network-0_9500_05162015_042704.log &

Waiting for perfdhcp in all test namespaces to complete....

perfdhcp ended

Deleting remaining churned networks, subnets and ports

Total number of packets dropped = 587952
Total number of packets sent    = 975197
Packet drop % = 60.2905874403 %
Minimum time to receive DHCP IP address = 2.103 milliseconds
Average time to receive DHCP IP address = 113.288 milliseconds
Maximum time to receive DHCP IP address = 456.038 milliseconds

The CPU and memory usage numbers are saved in the file
dhcp_scale_cpu_memory_05162015_042704.log in the current directory

neutron-dhcp-agent average CPU usage    = 9.01052631579 %
neutron-dhcp-agent average memory usage = 597903.526316 kB
Average total system memory free        = 387662172.737 kB
Average total system CPU used %         = 4.61578947368 %


Waiting 60 seconds after creating 100 ports....

Waiting 120 seconds after restarting neutron-dhcp-agent.service....

