
DHCP-network-0 and DHCP-subnet-0 already exist. Waiting for DHCP ports to be created....
2015-05-16 04:30:20.859220 : 9543 ports found. 9600 ports expected
2015-05-16 04:30:32.585173 : 9600 ports found. 9600 ports expected

sudo ip netns exec testns-DHCP-network-0 /usr/local/sbin/perfdhcp -4 -b mac=fa:16:00:00:00:00 -r 9600 -R 9600 -p 120 -l tapa397f6c6-46 &> testns-DHCP-network-0_9600_05162015_043343.log &

Waiting for perfdhcp in all test namespaces to complete....

perfdhcp ended

Deleting remaining churned networks, subnets and ports

Total number of packets dropped = 599249
Total number of packets sent    = 991386
Packet drop % = 60.4455782107 %
Minimum time to receive DHCP IP address = 1.447 milliseconds
Average time to receive DHCP IP address = 111.963 milliseconds
Maximum time to receive DHCP IP address = 437.787 milliseconds

The CPU and memory usage numbers are saved in the file
dhcp_scale_cpu_memory_05162015_043343.log in the current directory

neutron-dhcp-agent average CPU usage    = 9.12894736842 %
neutron-dhcp-agent average memory usage = 600118.526316 kB
Average total system memory free        = 387632596.842 kB
Average total system CPU used %         = 4.57368421053 %


Waiting 60 seconds after creating 100 ports....

Waiting 120 seconds after restarting neutron-dhcp-agent.service....

