
DHCP-network-0 and DHCP-subnet-0 already exist. Waiting for DHCP ports to be created....
2015-05-16 04:36:59.148564 : 9641 ports found. 9700 ports expected
2015-05-16 04:37:10.873397 : 9700 ports found. 9700 ports expected

sudo ip netns exec testns-DHCP-network-0 /usr/local/sbin/perfdhcp -4 -b mac=fa:16:00:00:00:00 -r 9700 -R 9700 -p 120 -l tapa397f6c6-46 &> testns-DHCP-network-0_9700_05162015_044022.log &

Waiting for perfdhcp in all test namespaces to complete....

perfdhcp ended

Deleting remaining churned networks, subnets and ports

Total number of packets dropped = 602107
Total number of packets sent    = 999827
Packet drop % = 60.2211182535 %
Minimum time to receive DHCP IP address = 0.938 milliseconds
Average time to receive DHCP IP address = 110.367 milliseconds
Maximum time to receive DHCP IP address = 521.607 milliseconds

The CPU and memory usage numbers are saved in the file
dhcp_scale_cpu_memory_05162015_044022.log in the current directory

neutron-dhcp-agent average CPU usage    = 9.05 %
neutron-dhcp-agent average memory usage = 602497.526316 kB
Average total system memory free        = 387611997.895 kB
Average total system CPU used %         = 4.58157894737 %


Waiting 60 seconds after creating 100 ports....

Waiting 120 seconds after restarting neutron-dhcp-agent.service....

