
DHCP-network-0 and DHCP-subnet-0 already exist. Waiting for DHCP ports to be created....
2015-05-16 04:43:25.406660 : 9742 ports found. 9800 ports expected
2015-05-16 04:43:44.984584 : 9788 ports found. 9800 ports expected
2015-05-16 04:43:56.728757 : 9800 ports found. 9800 ports expected

sudo ip netns exec testns-DHCP-network-0 /usr/local/sbin/perfdhcp -4 -b mac=fa:16:00:00:00:00 -r 9800 -R 9800 -p 120 -l tapa397f6c6-46 &> testns-DHCP-network-0_9800_05162015_044708.log &

Waiting for perfdhcp in all test namespaces to complete....

perfdhcp ended

Deleting remaining churned networks, subnets and ports

Total number of packets dropped = 604138
Total number of packets sent    = 991736
Packet drop % = 60.9172199053 %
Minimum time to receive DHCP IP address = 2.374 milliseconds
Average time to receive DHCP IP address = 113.148 milliseconds
Maximum time to receive DHCP IP address = 435.499 milliseconds

The CPU and memory usage numbers are saved in the file
dhcp_scale_cpu_memory_05162015_044708.log in the current directory

neutron-dhcp-agent average CPU usage    = 9.06315789474 %
neutron-dhcp-agent average memory usage = 604533.894737 kB
Average total system memory free        = 387589796.842 kB
Average total system CPU used %         = 4.61842105263 %


Waiting 60 seconds after creating 100 ports....

Waiting 120 seconds after restarting neutron-dhcp-agent.service....

