
DHCP-network-0 and DHCP-subnet-0 already exist. Waiting for DHCP ports to be created....
2015-05-16 04:50:24.784795 : 9843 ports found. 9900 ports expected
2015-05-16 04:50:36.657476 : 9900 ports found. 9900 ports expected

sudo ip netns exec testns-DHCP-network-0 /usr/local/sbin/perfdhcp -4 -b mac=fa:16:00:00:00:00 -r 9900 -R 9900 -p 120 -l tapa397f6c6-46 &> testns-DHCP-network-0_9900_05162015_045348.log &

Waiting for perfdhcp in all test namespaces to complete....

perfdhcp ended

Deleting remaining churned networks, subnets and ports

Total number of packets dropped = 617670
Total number of packets sent    = 1018983
Packet drop % = 60.61632039 %
Minimum time to receive DHCP IP address = 2.047 milliseconds
Average time to receive DHCP IP address = 109.594 milliseconds
Maximum time to receive DHCP IP address = 503.018 milliseconds

The CPU and memory usage numbers are saved in the file
dhcp_scale_cpu_memory_05162015_045348.log in the current directory

neutron-dhcp-agent average CPU usage    = 9.29210526316 %
neutron-dhcp-agent average memory usage = 606477.894737 kB
Average total system memory free        = 387560515.684 kB
Average total system CPU used %         = 4.57368421053 %


Waiting 60 seconds after creating 100 ports....

Waiting 120 seconds after restarting neutron-dhcp-agent.service....

