
Waiting for DHCP network, subnet and ports to be created....
2015-05-12 17:32:55.339892 : 76 ports found. 100 ports expected
2015-05-12 17:33:00.760455 : 100 ports found. 100 ports expected
Added test tap interface tape6922884-aa (1.0.0.1) in namespace testns-DHCP-network-0

sudo ip netns exec testns-DHCP-network-0 /usr/local/sbin/perfdhcp -4 -b mac=fa:16:00:00:00:00 -r 100 -R 100 -p 120 -l tape6922884-aa &> testns-DHCP-network-0_100_05122015_173455.log &

Waiting for perfdhcp in all test namespaces to complete....

perfdhcp ended

Deleting remaining churned networks, subnets and ports

Total number of packets dropped = 0
Total number of packets sent    = 23756
Packet drop % = 0.0 %
Minimum time to receive DHCP IP address = 0.148 milliseconds
Average time to receive DHCP IP address = 0.333 milliseconds
Maximum time to receive DHCP IP address = 2.222 milliseconds

The CPU and memory usage numbers are saved in the file
dhcp_scale_cpu_memory_05122015_173455.log in the current directory

neutron-dhcp-agent average CPU usage    = 6.0 %
neutron-dhcp-agent average memory usage = 642361.0 kB
Average total system memory free        = 390799682.316 kB
Average total system CPU used %         = 0.5 %


Waiting 60 seconds....


Waiting 30 seconds....
