
DHCP-network-0 and DHCP-subnet-0 already exist. Waiting for DHCP ports to be created....
2015-05-12 18:06:29.227707 : 972 ports found. 1000 ports expected
2015-05-12 18:06:35.205676 : 1000 ports found. 1000 ports expected

sudo ip netns exec testns-DHCP-network-0 /usr/local/sbin/perfdhcp -4 -b mac=fa:16:00:00:00:00 -r 1000 -R 1000 -p 120 -l tape6922884-aa &> testns-DHCP-network-0_1000_05122015_180736.log &

Waiting for perfdhcp in all test namespaces to complete....

perfdhcp ended

Deleting remaining churned networks, subnets and ports

Total number of packets dropped = 42631
Total number of packets sent    = 182964
Packet drop % = 23.3002120636 %
Minimum time to receive DHCP IP address = 2.628 milliseconds
Average time to receive DHCP IP address = 286.016 milliseconds
Maximum time to receive DHCP IP address = 385.808 milliseconds

The CPU and memory usage numbers are saved in the file
dhcp_scale_cpu_memory_05122015_180736.log in the current directory

neutron-dhcp-agent average CPU usage    = 5.9 %
neutron-dhcp-agent average memory usage = 642361.0 kB
Average total system memory free        = 390645362.0 kB
Average total system CPU used %         = 3.33947368421 %


Waiting 60 seconds....

