
DHCP-network-0 and DHCP-subnet-0 already exist. Waiting for DHCP ports to be created....
2015-05-12 18:13:52.876860 : 1197 ports found. 1200 ports expected
2015-05-12 18:13:58.971617 : 1200 ports found. 1200 ports expected

sudo ip netns exec testns-DHCP-network-0 /usr/local/sbin/perfdhcp -4 -b mac=fa:16:00:00:00:00 -r 1200 -R 1200 -p 120 -l tape6922884-aa &> testns-DHCP-network-0_1200_05122015_181500.log &

Waiting for perfdhcp in all test namespaces to complete....

perfdhcp ended

Deleting remaining churned networks, subnets and ports

Total number of packets dropped = 79169
Total number of packets sent    = 187974
Packet drop % = 42.1169949036 %
Minimum time to receive DHCP IP address = 2.935 milliseconds
Average time to receive DHCP IP address = 369.321 milliseconds
Maximum time to receive DHCP IP address = 527.435 milliseconds

The CPU and memory usage numbers are saved in the file
dhcp_scale_cpu_memory_05122015_181500.log in the current directory

neutron-dhcp-agent average CPU usage    = 5.9 %
neutron-dhcp-agent average memory usage = 642361.0 kB
Average total system memory free        = 390569890.316 kB
Average total system CPU used %         = 3.36578947368 %


Waiting 60 seconds....

