
DHCP-network-0 and DHCP-subnet-0 already exist. Waiting for DHCP ports to be created....
2015-05-12 18:17:34.679952 : 1293 ports found. 1300 ports expected
2015-05-12 18:17:40.811270 : 1300 ports found. 1300 ports expected

sudo ip netns exec testns-DHCP-network-0 /usr/local/sbin/perfdhcp -4 -b mac=fa:16:00:00:00:00 -r 1300 -R 1300 -p 120 -l tape6922884-aa &> testns-DHCP-network-0_1300_05122015_181842.log &

Waiting for perfdhcp in all test namespaces to complete....

perfdhcp ended

Deleting remaining churned networks, subnets and ports

Total number of packets dropped = 83626
Total number of packets sent    = 204458
Packet drop % = 40.9013098045 %
Minimum time to receive DHCP IP address = 2.798 milliseconds
Average time to receive DHCP IP address = 332.649 milliseconds
Maximum time to receive DHCP IP address = 490.226 milliseconds

The CPU and memory usage numbers are saved in the file
dhcp_scale_cpu_memory_05122015_181842.log in the current directory

neutron-dhcp-agent average CPU usage    = 5.9 %
neutron-dhcp-agent average memory usage = 642361.0 kB
Average total system memory free        = 390561546.947 kB
Average total system CPU used %         = 3.37368421053 %


Waiting 60 seconds....

