
DHCP-network-0 and DHCP-subnet-0 already exist. Waiting for DHCP ports to be created....
2015-05-12 18:21:15.277783 : 1383 ports found. 1400 ports expected
2015-05-12 18:21:21.425324 : 1400 ports found. 1400 ports expected

sudo ip netns exec testns-DHCP-network-0 /usr/local/sbin/perfdhcp -4 -b mac=fa:16:00:00:00:00 -r 1400 -R 1400 -p 120 -l tape6922884-aa &> testns-DHCP-network-0_1400_05122015_182223.log &

Waiting for perfdhcp in all test namespaces to complete....

perfdhcp ended

Deleting remaining churned networks, subnets and ports

Total number of packets dropped = 98510
Total number of packets sent    = 209930
Packet drop % = 46.9251655314 %
Minimum time to receive DHCP IP address = 3.23 milliseconds
Average time to receive DHCP IP address = 360.84 milliseconds
Maximum time to receive DHCP IP address = 535.139 milliseconds

The CPU and memory usage numbers are saved in the file
dhcp_scale_cpu_memory_05122015_182223.log in the current directory

neutron-dhcp-agent average CPU usage    = 5.9 %
neutron-dhcp-agent average memory usage = 642361.0 kB
Average total system memory free        = 390530282.316 kB
Average total system CPU used %         = 3.45 %


Waiting 60 seconds....

