
DHCP-network-0 and DHCP-subnet-0 already exist. Waiting for DHCP ports to be created....
2015-05-12 18:24:58.547858 : 1498 ports found. 1500 ports expected
2015-05-12 18:25:04.777795 : 1500 ports found. 1500 ports expected

sudo ip netns exec testns-DHCP-network-0 /usr/local/sbin/perfdhcp -4 -b mac=fa:16:00:00:00:00 -r 1500 -R 1500 -p 120 -l tape6922884-aa &> testns-DHCP-network-0_1500_05122015_182606.log &

Waiting for perfdhcp in all test namespaces to complete....

perfdhcp ended

Deleting remaining churned networks, subnets and ports

Total number of packets dropped = 112641
Total number of packets sent    = 215987
Packet drop % = 52.1517498738 %
Minimum time to receive DHCP IP address = 3.53 milliseconds
Average time to receive DHCP IP address = 389.222 milliseconds
Maximum time to receive DHCP IP address = 530.172 milliseconds

The CPU and memory usage numbers are saved in the file
dhcp_scale_cpu_memory_05122015_182606.log in the current directory

neutron-dhcp-agent average CPU usage    = 5.9 %
neutron-dhcp-agent average memory usage = 642361.0 kB
Average total system memory free        = 390507775.368 kB
Average total system CPU used %         = 3.39736842105 %


Waiting 60 seconds....

