
DHCP-network-0 and DHCP-subnet-0 already exist. Waiting for DHCP ports to be created....
2015-05-12 18:28:47.370469 : 1598 ports found. 1600 ports expected
2015-05-12 18:28:53.685832 : 1600 ports found. 1600 ports expected

sudo ip netns exec testns-DHCP-network-0 /usr/local/sbin/perfdhcp -4 -b mac=fa:16:00:00:00:00 -r 1600 -R 1600 -p 120 -l tape6922884-aa &> testns-DHCP-network-0_1600_05122015_182955.log &

Waiting for perfdhcp in all test namespaces to complete....

perfdhcp ended

Deleting remaining churned networks, subnets and ports

Total number of packets dropped = 126307
Total number of packets sent    = 221873
Packet drop % = 56.9276117419 %
Minimum time to receive DHCP IP address = 3.66 milliseconds
Average time to receive DHCP IP address = 420.888 milliseconds
Maximum time to receive DHCP IP address = 519.787 milliseconds

The CPU and memory usage numbers are saved in the file
dhcp_scale_cpu_memory_05122015_182955.log in the current directory

neutron-dhcp-agent average CPU usage    = 5.9 %
neutron-dhcp-agent average memory usage = 642361.0 kB
Average total system memory free        = 390487586.316 kB
Average total system CPU used %         = 3.41315789474 %


Waiting 60 seconds....

