
DHCP-network-0 and DHCP-subnet-0 already exist. Waiting for DHCP ports to be created....
2015-05-12 18:32:36.332835 : 1697 ports found. 1700 ports expected
2015-05-12 18:32:42.705677 : 1700 ports found. 1700 ports expected

sudo ip netns exec testns-DHCP-network-0 /usr/local/sbin/perfdhcp -4 -b mac=fa:16:00:00:00:00 -r 1700 -R 1700 -p 120 -l tape6922884-aa &> testns-DHCP-network-0_1700_05122015_183344.log &

Waiting for perfdhcp in all test namespaces to complete....

perfdhcp ended

Deleting remaining churned networks, subnets and ports

Total number of packets dropped = 139591
Total number of packets sent    = 228180
Packet drop % = 61.1758261022 %
Minimum time to receive DHCP IP address = 3.398 milliseconds
Average time to receive DHCP IP address = 454.109 milliseconds
Maximum time to receive DHCP IP address = 755.174 milliseconds

The CPU and memory usage numbers are saved in the file
dhcp_scale_cpu_memory_05122015_183344.log in the current directory

neutron-dhcp-agent average CPU usage    = 5.9 %
neutron-dhcp-agent average memory usage = 642361.0 kB
Average total system memory free        = 390456306.526 kB
Average total system CPU used %         = 3.32631578947 %


Waiting 60 seconds....

