
DHCP-network-0 and DHCP-subnet-0 already exist. Waiting for DHCP ports to be created....
2015-05-12 18:36:21.160791 : 1794 ports found. 1800 ports expected
2015-05-12 18:36:27.921620 : 1800 ports found. 1800 ports expected

sudo ip netns exec testns-DHCP-network-0 /usr/local/sbin/perfdhcp -4 -b mac=fa:16:00:00:00:00 -r 1800 -R 1800 -p 120 -l tape6922884-aa &> testns-DHCP-network-0_1800_05122015_183730.log &

Waiting for perfdhcp in all test namespaces to complete....

perfdhcp ended

Deleting remaining churned networks, subnets and ports

Total number of packets dropped = 153114
Total number of packets sent    = 234362
Packet drop % = 65.3322637629 %
Minimum time to receive DHCP IP address = 3.845 milliseconds
Average time to receive DHCP IP address = 495.131 milliseconds
Maximum time to receive DHCP IP address = 1286.316 milliseconds

The CPU and memory usage numbers are saved in the file
dhcp_scale_cpu_memory_05122015_183730.log in the current directory

neutron-dhcp-agent average CPU usage    = 5.9 %
neutron-dhcp-agent average memory usage = 642361.0 kB
Average total system memory free        = 390429143.158 kB
Average total system CPU used %         = 3.39473684211 %


Waiting 60 seconds....

