
DHCP-network-0 and DHCP-subnet-0 already exist. Waiting for DHCP ports to be created....
2015-05-12 18:40:06.478921 : 1894 ports found. 1900 ports expected
2015-05-12 18:40:13.069618 : 1900 ports found. 1900 ports expected

sudo ip netns exec testns-DHCP-network-0 /usr/local/sbin/perfdhcp -4 -b mac=fa:16:00:00:00:00 -r 1900 -R 1900 -p 120 -l tape6922884-aa &> testns-DHCP-network-0_1900_05122015_184115.log &

Waiting for perfdhcp in all test namespaces to complete....

perfdhcp ended

Deleting remaining churned networks, subnets and ports

Total number of packets dropped = 164559
Total number of packets sent    = 240942
Packet drop % = 68.2981796449 %
Minimum time to receive DHCP IP address = 4.027 milliseconds
Average time to receive DHCP IP address = 526.624 milliseconds
Maximum time to receive DHCP IP address = 671.332 milliseconds

The CPU and memory usage numbers are saved in the file
dhcp_scale_cpu_memory_05122015_184115.log in the current directory

neutron-dhcp-agent average CPU usage    = 5.9 %
neutron-dhcp-agent average memory usage = 642361.0 kB
Average total system memory free        = 390413062.421 kB
Average total system CPU used %         = 3.40526315789 %


Waiting 60 seconds....

