
DHCP-network-0 and DHCP-subnet-0 already exist. Waiting for DHCP ports to be created....
2015-05-12 17:37:25.805382 : 188 ports found. 200 ports expected
2015-05-12 17:37:31.300444 : 200 ports found. 200 ports expected

sudo ip netns exec testns-DHCP-network-0 /usr/local/sbin/perfdhcp -4 -b mac=fa:16:00:00:00:00 -r 200 -R 200 -p 120 -l tape6922884-aa &> testns-DHCP-network-0_200_05122015_173832.log &

Waiting for perfdhcp in all test namespaces to complete....

perfdhcp ended

Deleting remaining churned networks, subnets and ports

Total number of packets dropped = 0
Total number of packets sent    = 47052
Packet drop % = 0.0 %
Minimum time to receive DHCP IP address = 0.252 milliseconds
Average time to receive DHCP IP address = 0.537 milliseconds
Maximum time to receive DHCP IP address = 3.374 milliseconds

The CPU and memory usage numbers are saved in the file
dhcp_scale_cpu_memory_05122015_173832.log in the current directory

neutron-dhcp-agent average CPU usage    = 6.0 %
neutron-dhcp-agent average memory usage = 642361.0 kB
Average total system memory free        = 390790895.263 kB
Average total system CPU used %         = 0.736842105263 %


Waiting 60 seconds....

