
DHCP-network-0 and DHCP-subnet-0 already exist. Waiting for DHCP ports to be created....
2015-05-12 18:43:51.620047 : 1996 ports found. 2000 ports expected
2015-05-12 18:43:58.128246 : 2000 ports found. 2000 ports expected

sudo ip netns exec testns-DHCP-network-0 /usr/local/sbin/perfdhcp -4 -b mac=fa:16:00:00:00:00 -r 2000 -R 2000 -p 120 -l tape6922884-aa &> testns-DHCP-network-0_2000_05122015_184500.log &

Waiting for perfdhcp in all test namespaces to complete....

perfdhcp ended

Deleting remaining churned networks, subnets and ports

Total number of packets dropped = 177421
Total number of packets sent    = 247892
Packet drop % = 71.571894212 %
Minimum time to receive DHCP IP address = 4.477 milliseconds
Average time to receive DHCP IP address = 570.819 milliseconds
Maximum time to receive DHCP IP address = 795.315 milliseconds

The CPU and memory usage numbers are saved in the file
dhcp_scale_cpu_memory_05122015_184500.log in the current directory

neutron-dhcp-agent average CPU usage    = 5.9 %
neutron-dhcp-agent average memory usage = 642361.0 kB
Average total system memory free        = 390384763.053 kB
Average total system CPU used %         = 3.37631578947 %


Waiting 60 seconds....

