
DHCP-network-0 and DHCP-subnet-0 already exist. Waiting for DHCP ports to be created....
2015-05-12 18:47:35.574233 : 2082 ports found. 2100 ports expected
2015-05-12 18:47:42.119417 : 2100 ports found. 2100 ports expected

sudo ip netns exec testns-DHCP-network-0 /usr/local/sbin/perfdhcp -4 -b mac=fa:16:00:00:00:00 -r 2100 -R 2100 -p 120 -l tape6922884-aa &> testns-DHCP-network-0_2100_05122015_184844.log &

Waiting for perfdhcp in all test namespaces to complete....

perfdhcp ended

Deleting remaining churned networks, subnets and ports

Total number of packets dropped = 188928
Total number of packets sent    = 254997
Packet drop % = 74.0902834151 %
Minimum time to receive DHCP IP address = 4.367 milliseconds
Average time to receive DHCP IP address = 609.122 milliseconds
Maximum time to receive DHCP IP address = 1030.353 milliseconds

The CPU and memory usage numbers are saved in the file
dhcp_scale_cpu_memory_05122015_184844.log in the current directory

neutron-dhcp-agent average CPU usage    = 5.9 %
neutron-dhcp-agent average memory usage = 642361.0 kB
Average total system memory free        = 390367739.158 kB
Average total system CPU used %         = 3.43947368421 %


Waiting 60 seconds....

