
DHCP-network-0 and DHCP-subnet-0 already exist. Waiting for DHCP ports to be created....
2015-05-12 18:51:21.986234 : 2190 ports found. 2200 ports expected
2015-05-12 18:51:28.600277 : 2200 ports found. 2200 ports expected

sudo ip netns exec testns-DHCP-network-0 /usr/local/sbin/perfdhcp -4 -b mac=fa:16:00:00:00:00 -r 2200 -R 2200 -p 120 -l tape6922884-aa &> testns-DHCP-network-0_2200_05122015_185230.log &

Waiting for perfdhcp in all test namespaces to complete....

perfdhcp ended

Deleting remaining churned networks, subnets and ports

Total number of packets dropped = 200201
Total number of packets sent    = 262370
Packet drop % = 76.304836681 %
Minimum time to receive DHCP IP address = 5.088 milliseconds
Average time to receive DHCP IP address = 646.597 milliseconds
Maximum time to receive DHCP IP address = 1186.564 milliseconds

The CPU and memory usage numbers are saved in the file
dhcp_scale_cpu_memory_05122015_185230.log in the current directory

neutron-dhcp-agent average CPU usage    = 5.9 %
neutron-dhcp-agent average memory usage = 642361.0 kB
Average total system memory free        = 390353093.895 kB
Average total system CPU used %         = 3.49473684211 %


Waiting 60 seconds....

