
DHCP-network-0 and DHCP-subnet-0 already exist. Waiting for DHCP ports to be created....
2015-05-12 18:58:59.016154 : 2379 ports found. 2400 ports expected
2015-05-12 18:59:05.893296 : 2400 ports found. 2400 ports expected

sudo ip netns exec testns-DHCP-network-0 /usr/local/sbin/perfdhcp -4 -b mac=fa:16:00:00:00:00 -r 2400 -R 2400 -p 120 -l tape6922884-aa &> testns-DHCP-network-0_2400_05122015_190008.log &

Waiting for perfdhcp in all test namespaces to complete....

perfdhcp ended

Deleting remaining churned networks, subnets and ports

Total number of packets dropped = 221473
Total number of packets sent    = 277287
Packet drop % = 79.8713967838 %
Minimum time to receive DHCP IP address = 6.113 milliseconds
Average time to receive DHCP IP address = 720.248 milliseconds
Maximum time to receive DHCP IP address = 1128.932 milliseconds

The CPU and memory usage numbers are saved in the file
dhcp_scale_cpu_memory_05122015_190008.log in the current directory

neutron-dhcp-agent average CPU usage    = 5.9 %
neutron-dhcp-agent average memory usage = 642361.0 kB
Average total system memory free        = 390276911.579 kB
Average total system CPU used %         = 3.32894736842 %


Waiting 60 seconds....

