
DHCP-network-0 and DHCP-subnet-0 already exist. Waiting for DHCP ports to be created....
2015-05-12 19:02:43.009543 : 2473 ports found. 2500 ports expected
2015-05-12 19:02:49.842784 : 2500 ports found. 2500 ports expected

sudo ip netns exec testns-DHCP-network-0 /usr/local/sbin/perfdhcp -4 -b mac=fa:16:00:00:00:00 -r 2500 -R 2500 -p 120 -l tape6922884-aa &> testns-DHCP-network-0_2500_05122015_190352.log &

Waiting for perfdhcp in all test namespaces to complete....

perfdhcp ended

Deleting remaining churned networks, subnets and ports

Total number of packets dropped = 225320
Total number of packets sent    = 291957
Packet drop % = 77.1757484835 %
Minimum time to receive DHCP IP address = 4.832 milliseconds
Average time to receive DHCP IP address = 603.714 milliseconds
Maximum time to receive DHCP IP address = 1044.159 milliseconds

The CPU and memory usage numbers are saved in the file
dhcp_scale_cpu_memory_05122015_190352.log in the current directory

neutron-dhcp-agent average CPU usage    = 5.9 %
neutron-dhcp-agent average memory usage = 642361.0 kB
Average total system memory free        = 390265485.368 kB
Average total system CPU used %         = 3.54210526316 %


Waiting 60 seconds....

