
DHCP-network-0 and DHCP-subnet-0 already exist. Waiting for DHCP ports to be created....
2015-05-12 19:06:30.615514 : 2586 ports found. 2600 ports expected
2015-05-12 19:06:37.580146 : 2600 ports found. 2600 ports expected

sudo ip netns exec testns-DHCP-network-0 /usr/local/sbin/perfdhcp -4 -b mac=fa:16:00:00:00:00 -r 2600 -R 2600 -p 120 -l tape6922884-aa &> testns-DHCP-network-0_2600_05122015_190740.log &

Waiting for perfdhcp in all test namespaces to complete....

perfdhcp ended

Deleting remaining churned networks, subnets and ports

Total number of packets dropped = 236378
Total number of packets sent    = 299326
Packet drop % = 78.9700861268 %
Minimum time to receive DHCP IP address = 5.21 milliseconds
Average time to receive DHCP IP address = 639.159 milliseconds
Maximum time to receive DHCP IP address = 874.492 milliseconds

The CPU and memory usage numbers are saved in the file
dhcp_scale_cpu_memory_05122015_190740.log in the current directory

neutron-dhcp-agent average CPU usage    = 5.9 %
neutron-dhcp-agent average memory usage = 642361.0 kB
Average total system memory free        = 390247248.421 kB
Average total system CPU used %         = 3.53157894737 %


Waiting 60 seconds....

