
DHCP-network-0 and DHCP-subnet-0 already exist. Waiting for DHCP ports to be created....
2015-05-12 19:10:18.730618 : 2689 ports found. 2700 ports expected
2015-05-12 19:10:25.800381 : 2700 ports found. 2700 ports expected

sudo ip netns exec testns-DHCP-network-0 /usr/local/sbin/perfdhcp -4 -b mac=fa:16:00:00:00:00 -r 2700 -R 2700 -p 120 -l tape6922884-aa &> testns-DHCP-network-0_2700_05122015_191128.log &

Waiting for perfdhcp in all test namespaces to complete....

perfdhcp ended

Deleting remaining churned networks, subnets and ports

Total number of packets dropped = 246352
Total number of packets sent    = 306572
Packet drop % = 80.3569797633 %
Minimum time to receive DHCP IP address = 6.028 milliseconds
Average time to receive DHCP IP address = 668.078 milliseconds
Maximum time to receive DHCP IP address = 1057.183 milliseconds

The CPU and memory usage numbers are saved in the file
dhcp_scale_cpu_memory_05122015_191128.log in the current directory

neutron-dhcp-agent average CPU usage    = 5.9 %
neutron-dhcp-agent average memory usage = 642361.0 kB
Average total system memory free        = 390225419.579 kB
Average total system CPU used %         = 3.57631578947 %


Waiting 60 seconds....

