
DHCP-network-0 and DHCP-subnet-0 already exist. Waiting for DHCP ports to be created....
2015-05-12 19:14:07.661179 : 2790 ports found. 2800 ports expected
2015-05-12 19:14:14.768030 : 2800 ports found. 2800 ports expected

sudo ip netns exec testns-DHCP-network-0 /usr/local/sbin/perfdhcp -4 -b mac=fa:16:00:00:00:00 -r 2800 -R 2800 -p 120 -l tape6922884-aa &> testns-DHCP-network-0_2800_05122015_191517.log &

Waiting for perfdhcp in all test namespaces to complete....

perfdhcp ended

Deleting remaining churned networks, subnets and ports

Total number of packets dropped = 254958
Total number of packets sent    = 312352
Packet drop % = 81.6252177031 %
Minimum time to receive DHCP IP address = 6.107 milliseconds
Average time to receive DHCP IP address = 701.034 milliseconds
Maximum time to receive DHCP IP address = 813.334 milliseconds

The CPU and memory usage numbers are saved in the file
dhcp_scale_cpu_memory_05122015_191517.log in the current directory

neutron-dhcp-agent average CPU usage    = 5.9 %
neutron-dhcp-agent average memory usage = 642361.0 kB
Average total system memory free        = 390210401.895 kB
Average total system CPU used %         = 3.48684210526 %


Waiting 60 seconds....

