
DHCP-network-0 and DHCP-subnet-0 already exist. Waiting for DHCP ports to be created....
2015-05-12 19:21:46.450325 : 2983 ports found. 3000 ports expected
2015-05-12 19:21:53.582413 : 3000 ports found. 3000 ports expected

sudo ip netns exec testns-DHCP-network-0 /usr/local/sbin/perfdhcp -4 -b mac=fa:16:00:00:00:00 -r 3000 -R 3000 -p 120 -l tape6922884-aa &> testns-DHCP-network-0_3000_05122015_192256.log &

Waiting for perfdhcp in all test namespaces to complete....

perfdhcp ended

Deleting remaining churned networks, subnets and ports

Total number of packets dropped = 274362
Total number of packets sent    = 327653
Packet drop % = 83.735537291 %
Minimum time to receive DHCP IP address = 6.679 milliseconds
Average time to receive DHCP IP address = 754.896 milliseconds
Maximum time to receive DHCP IP address = 878.878 milliseconds

The CPU and memory usage numbers are saved in the file
dhcp_scale_cpu_memory_05122015_192256.log in the current directory

neutron-dhcp-agent average CPU usage    = 6.0 %
neutron-dhcp-agent average memory usage = 642361.0 kB
Average total system memory free        = 390161656.842 kB
Average total system CPU used %         = 3.41842105263 %


Waiting 60 seconds....

