
DHCP-network-0 and DHCP-subnet-0 already exist. Waiting for DHCP ports to be created....
2015-05-12 19:25:38.681934 : 3084 ports found. 3100 ports expected
2015-05-12 19:25:45.972263 : 3100 ports found. 3100 ports expected

sudo ip netns exec testns-DHCP-network-0 /usr/local/sbin/perfdhcp -4 -b mac=fa:16:00:00:00:00 -r 3100 -R 3100 -p 120 -l tape6922884-aa &> testns-DHCP-network-0_3100_05122015_192648.log &

Waiting for perfdhcp in all test namespaces to complete....

perfdhcp ended

Deleting remaining churned networks, subnets and ports

Total number of packets dropped = 282357
Total number of packets sent    = 334244
Packet drop % = 84.4763107191 %
Minimum time to receive DHCP IP address = 6.893 milliseconds
Average time to receive DHCP IP address = 775.422 milliseconds
Maximum time to receive DHCP IP address = 912.873 milliseconds

The CPU and memory usage numbers are saved in the file
dhcp_scale_cpu_memory_05122015_192648.log in the current directory

neutron-dhcp-agent average CPU usage    = 6.0 %
neutron-dhcp-agent average memory usage = 642361.0 kB
Average total system memory free        = 390149046.737 kB
Average total system CPU used %         = 3.40789473684 %


Waiting 60 seconds....

