
DHCP-network-0 and DHCP-subnet-0 already exist. Waiting for DHCP ports to be created....
2015-05-12 19:29:29.316833 : 3189 ports found. 3200 ports expected
2015-05-12 19:29:36.657178 : 3200 ports found. 3200 ports expected

sudo ip netns exec testns-DHCP-network-0 /usr/local/sbin/perfdhcp -4 -b mac=fa:16:00:00:00:00 -r 3200 -R 3200 -p 120 -l tape6922884-aa &> testns-DHCP-network-0_3200_05122015_193039.log &

Waiting for perfdhcp in all test namespaces to complete....

perfdhcp ended

Deleting remaining churned networks, subnets and ports

Total number of packets dropped = 289208
Total number of packets sent    = 340287
Packet drop % = 84.9894353884 %
Minimum time to receive DHCP IP address = 7.037 milliseconds
Average time to receive DHCP IP address = 788.171 milliseconds
Maximum time to receive DHCP IP address = 942.251 milliseconds

The CPU and memory usage numbers are saved in the file
dhcp_scale_cpu_memory_05122015_193039.log in the current directory

neutron-dhcp-agent average CPU usage    = 6.0 %
neutron-dhcp-agent average memory usage = 642361.0 kB
Average total system memory free        = 390110536.316 kB
Average total system CPU used %         = 3.40789473684 %


Waiting 60 seconds....

