
DHCP-network-0 and DHCP-subnet-0 already exist. Waiting for DHCP ports to be created....
2015-05-12 19:33:20.928148 : 3289 ports found. 3300 ports expected
2015-05-12 19:33:28.381478 : 3300 ports found. 3300 ports expected

sudo ip netns exec testns-DHCP-network-0 /usr/local/sbin/perfdhcp -4 -b mac=fa:16:00:00:00:00 -r 3300 -R 3300 -p 120 -l tape6922884-aa &> testns-DHCP-network-0_3300_05122015_193431.log &

Waiting for perfdhcp in all test namespaces to complete....

perfdhcp ended

Deleting remaining churned networks, subnets and ports

Total number of packets dropped = 294577
Total number of packets sent    = 344376
Packet drop % = 85.5393523358 %
Minimum time to receive DHCP IP address = 7.285 milliseconds
Average time to receive DHCP IP address = 808.815 milliseconds
Maximum time to receive DHCP IP address = 1108.803 milliseconds

The CPU and memory usage numbers are saved in the file
dhcp_scale_cpu_memory_05122015_193431.log in the current directory

neutron-dhcp-agent average CPU usage    = 6.0 %
neutron-dhcp-agent average memory usage = 642361.0 kB
Average total system memory free        = 390104077.789 kB
Average total system CPU used %         = 3.61842105263 %


Waiting 60 seconds....

