
DHCP-network-0 and DHCP-subnet-0 already exist. Waiting for DHCP ports to be created....
2015-05-12 19:41:07.381909 : 3481 ports found. 3500 ports expected
2015-05-12 19:41:14.902099 : 3500 ports found. 3500 ports expected

sudo ip netns exec testns-DHCP-network-0 /usr/local/sbin/perfdhcp -4 -b mac=fa:16:00:00:00:00 -r 3500 -R 3500 -p 120 -l tape6922884-aa &> testns-DHCP-network-0_3500_05122015_194218.log &

Waiting for perfdhcp in all test namespaces to complete....

perfdhcp ended

Deleting remaining churned networks, subnets and ports

Total number of packets dropped = 305982
Total number of packets sent    = 356253
Packet drop % = 85.8889609351 %
Minimum time to receive DHCP IP address = 8.192 milliseconds
Average time to receive DHCP IP address = 805.226 milliseconds
Maximum time to receive DHCP IP address = 1343.013 milliseconds

The CPU and memory usage numbers are saved in the file
dhcp_scale_cpu_memory_05122015_194218.log in the current directory

neutron-dhcp-agent average CPU usage    = 6.0 %
neutron-dhcp-agent average memory usage = 642361.0 kB
Average total system memory free        = 390076340.526 kB
Average total system CPU used %         = 3.48684210526 %


Waiting 60 seconds....

