
DHCP-network-0 and DHCP-subnet-0 already exist. Waiting for DHCP ports to be created....
2015-05-12 19:45:02.057859 : 3581 ports found. 3600 ports expected
2015-05-12 19:45:09.555656 : 3600 ports found. 3600 ports expected

sudo ip netns exec testns-DHCP-network-0 /usr/local/sbin/perfdhcp -4 -b mac=fa:16:00:00:00:00 -r 3600 -R 3600 -p 120 -l tape6922884-aa &> testns-DHCP-network-0_3600_05122015_194617.log &

Waiting for perfdhcp in all test namespaces to complete....

perfdhcp ended

Deleting remaining churned networks, subnets and ports

Total number of packets dropped = 316668
Total number of packets sent    = 363582
Packet drop % = 87.0967209598 %
Minimum time to receive DHCP IP address = 7.105 milliseconds
Average time to receive DHCP IP address = 860.14 milliseconds
Maximum time to receive DHCP IP address = 1258.079 milliseconds

The CPU and memory usage numbers are saved in the file
dhcp_scale_cpu_memory_05122015_194617.log in the current directory

neutron-dhcp-agent average CPU usage    = 6.0 %
neutron-dhcp-agent average memory usage = 642361.0 kB
Average total system memory free        = 390054375.579 kB
Average total system CPU used %         = 3.57894736842 %


Waiting 60 seconds....

