
DHCP-network-0 and DHCP-subnet-0 already exist. Waiting for DHCP ports to be created....
2015-05-12 19:49:00.810718 : 3684 ports found. 3700 ports expected
2015-05-12 19:49:08.989605 : 3700 ports found. 3700 ports expected

sudo ip netns exec testns-DHCP-network-0 /usr/local/sbin/perfdhcp -4 -b mac=fa:16:00:00:00:00 -r 3700 -R 3700 -p 120 -l tape6922884-aa &> testns-DHCP-network-0_3700_05122015_195012.log &

Waiting for perfdhcp in all test namespaces to complete....

perfdhcp ended

Deleting remaining churned networks, subnets and ports

Total number of packets dropped = 324287
Total number of packets sent    = 377162
Packet drop % = 85.9808252157 %
Minimum time to receive DHCP IP address = 9.092 milliseconds
Average time to receive DHCP IP address = 771.339 milliseconds
Maximum time to receive DHCP IP address = 1347.971 milliseconds

The CPU and memory usage numbers are saved in the file
dhcp_scale_cpu_memory_05122015_195012.log in the current directory

neutron-dhcp-agent average CPU usage    = 6.0 %
neutron-dhcp-agent average memory usage = 642361.0 kB
Average total system memory free        = 390004982.421 kB
Average total system CPU used %         = 3.61578947368 %


Waiting 60 seconds....

