
DHCP-network-0 and DHCP-subnet-0 already exist. Waiting for DHCP ports to be created....
2015-05-12 19:52:52.907255 : 3766 ports found. 3800 ports expected
2015-05-12 19:53:00.709997 : 3800 ports found. 3800 ports expected

sudo ip netns exec testns-DHCP-network-0 /usr/local/sbin/perfdhcp -4 -b mac=fa:16:00:00:00:00 -r 3800 -R 3800 -p 120 -l tape6922884-aa &> testns-DHCP-network-0_3800_05122015_195409.log &

Waiting for perfdhcp in all test namespaces to complete....

perfdhcp ended

Deleting remaining churned networks, subnets and ports

Total number of packets dropped = 350475
Total number of packets sent    = 404271
Packet drop % = 86.6930845893 %
Minimum time to receive DHCP IP address = 10.119 milliseconds
Average time to receive DHCP IP address = 760.309 milliseconds
Maximum time to receive DHCP IP address = 1462.079 milliseconds

The CPU and memory usage numbers are saved in the file
dhcp_scale_cpu_memory_05122015_195409.log in the current directory

neutron-dhcp-agent average CPU usage    = 6.1 %
neutron-dhcp-agent average memory usage = 642361.0 kB
Average total system memory free        = 389960069.474 kB
Average total system CPU used %         = 3.61842105263 %


Waiting 60 seconds....

