
DHCP-network-0 and DHCP-subnet-0 already exist. Waiting for DHCP ports to be created....
2015-05-12 19:56:46.137327 : 3850 ports found. 3900 ports expected
2015-05-12 19:56:54.002464 : 3900 ports found. 3900 ports expected

sudo ip netns exec testns-DHCP-network-0 /usr/local/sbin/perfdhcp -4 -b mac=fa:16:00:00:00:00 -r 3900 -R 3900 -p 120 -l tape6922884-aa &> testns-DHCP-network-0_3900_05122015_195757.log &

Waiting for perfdhcp in all test namespaces to complete....

perfdhcp ended

Deleting remaining churned networks, subnets and ports

Total number of packets dropped = 363980
Total number of packets sent    = 415829
Packet drop % = 87.5311726695 %
Minimum time to receive DHCP IP address = 10.011 milliseconds
Average time to receive DHCP IP address = 786.625 milliseconds
Maximum time to receive DHCP IP address = 1522.202 milliseconds

The CPU and memory usage numbers are saved in the file
dhcp_scale_cpu_memory_05122015_195757.log in the current directory

neutron-dhcp-agent average CPU usage    = 6.1 %
neutron-dhcp-agent average memory usage = 642361.0 kB
Average total system memory free        = 389943071.263 kB
Average total system CPU used %         = 3.71052631579 %


Waiting 60 seconds....

