
DHCP-network-0 and DHCP-subnet-0 already exist. Waiting for DHCP ports to be created....
2015-05-12 20:04:33.576947 : 4057 ports found. 4100 ports expected
2015-05-12 20:04:41.431668 : 4100 ports found. 4100 ports expected

sudo ip netns exec testns-DHCP-network-0 /usr/local/sbin/perfdhcp -4 -b mac=fa:16:00:00:00:00 -r 4100 -R 4100 -p 120 -l tape6922884-aa &> testns-DHCP-network-0_4100_05122015_200545.log &

Waiting for perfdhcp in all test namespaces to complete....

perfdhcp ended

Deleting remaining churned networks, subnets and ports

Total number of packets dropped = 383127
Total number of packets sent    = 435439
Packet drop % = 87.9863769667 %
Minimum time to receive DHCP IP address = 10.556 milliseconds
Average time to receive DHCP IP address = 786.43 milliseconds
Maximum time to receive DHCP IP address = 1588.499 milliseconds

The CPU and memory usage numbers are saved in the file
dhcp_scale_cpu_memory_05122015_200545.log in the current directory

neutron-dhcp-agent average CPU usage    = 6.1 %
neutron-dhcp-agent average memory usage = 642361.0 kB
Average total system memory free        = 389902224.842 kB
Average total system CPU used %         = 3.6 %


Waiting 60 seconds....

