
DHCP-network-0 and DHCP-subnet-0 already exist. Waiting for DHCP ports to be created....
2015-05-12 20:08:29.071591 : 4182 ports found. 4200 ports expected
2015-05-12 20:08:37.003185 : 4200 ports found. 4200 ports expected

sudo ip netns exec testns-DHCP-network-0 /usr/local/sbin/perfdhcp -4 -b mac=fa:16:00:00:00:00 -r 4200 -R 4200 -p 120 -l tape6922884-aa &> testns-DHCP-network-0_4200_05122015_200940.log &

Waiting for perfdhcp in all test namespaces to complete....

perfdhcp ended

Deleting remaining churned networks, subnets and ports

Total number of packets dropped = 390695
Total number of packets sent    = 443360
Packet drop % = 88.1213911945 %
Minimum time to receive DHCP IP address = 10.961 milliseconds
Average time to receive DHCP IP address = 786.673 milliseconds
Maximum time to receive DHCP IP address = 1661.052 milliseconds

The CPU and memory usage numbers are saved in the file
dhcp_scale_cpu_memory_05122015_200940.log in the current directory

neutron-dhcp-agent average CPU usage    = 6.1 %
neutron-dhcp-agent average memory usage = 642361.0 kB
Average total system memory free        = 389886093.579 kB
Average total system CPU used %         = 3.64736842105 %


Waiting 60 seconds....

