
DHCP-network-0 and DHCP-subnet-0 already exist. Waiting for DHCP ports to be created....
2015-05-12 20:16:17.562548 : 4340 ports found. 4400 ports expected
2015-05-12 20:16:26.508895 : 4400 ports found. 4400 ports expected

sudo ip netns exec testns-DHCP-network-0 /usr/local/sbin/perfdhcp -4 -b mac=fa:16:00:00:00:00 -r 4400 -R 4400 -p 120 -l tape6922884-aa &> testns-DHCP-network-0_4400_05122015_201730.log &

Waiting for perfdhcp in all test namespaces to complete....

perfdhcp ended

Deleting remaining churned networks, subnets and ports

Total number of packets dropped = 407152
Total number of packets sent    = 453264
Packet drop % = 89.8266793745 %
Minimum time to receive DHCP IP address = 10.848 milliseconds
Average time to receive DHCP IP address = 886.772 milliseconds
Maximum time to receive DHCP IP address = 1878.093 milliseconds

The CPU and memory usage numbers are saved in the file
dhcp_scale_cpu_memory_05122015_201730.log in the current directory

neutron-dhcp-agent average CPU usage    = 6.2 %
neutron-dhcp-agent average memory usage = 642361.0 kB
Average total system memory free        = 389845544.105 kB
Average total system CPU used %         = 3.40526315789 %


Waiting 60 seconds....

