
DHCP-network-0 and DHCP-subnet-0 already exist. Waiting for DHCP ports to be created....
2015-05-12 20:20:15.775679 : 4482 ports found. 4500 ports expected
2015-05-12 20:20:23.972896 : 4500 ports found. 4500 ports expected

sudo ip netns exec testns-DHCP-network-0 /usr/local/sbin/perfdhcp -4 -b mac=fa:16:00:00:00:00 -r 4500 -R 4500 -p 120 -l tape6922884-aa &> testns-DHCP-network-0_4500_05122015_202128.log &

Waiting for perfdhcp in all test namespaces to complete....

perfdhcp ended

Deleting remaining churned networks, subnets and ports

Total number of packets dropped = 415333
Total number of packets sent    = 467359
Packet drop % = 88.8680864175 %
Minimum time to receive DHCP IP address = 12.752 milliseconds
Average time to receive DHCP IP address = 812.026 milliseconds
Maximum time to receive DHCP IP address = 2437.389 milliseconds

The CPU and memory usage numbers are saved in the file
dhcp_scale_cpu_memory_05122015_202128.log in the current directory

neutron-dhcp-agent average CPU usage    = 6.2 %
neutron-dhcp-agent average memory usage = 642361.0 kB
Average total system memory free        = 389809319.368 kB
Average total system CPU used %         = 3.68157894737 %


Waiting 60 seconds....

