
DHCP-network-0 and DHCP-subnet-0 already exist. Waiting for DHCP ports to be created....
2015-05-12 20:24:14.854105 : 4581 ports found. 4600 ports expected
2015-05-12 20:24:23.250818 : 4600 ports found. 4600 ports expected

sudo ip netns exec testns-DHCP-network-0 /usr/local/sbin/perfdhcp -4 -b mac=fa:16:00:00:00:00 -r 4600 -R 4600 -p 120 -l tape6922884-aa &> testns-DHCP-network-0_4600_05122015_202527.log &

Waiting for perfdhcp in all test namespaces to complete....

perfdhcp ended

Deleting remaining churned networks, subnets and ports

Total number of packets dropped = 423560
Total number of packets sent    = 469456
Packet drop % = 90.2235779285 %
Minimum time to receive DHCP IP address = 12.854 milliseconds
Average time to receive DHCP IP address = 905.353 milliseconds
Maximum time to receive DHCP IP address = 2401.037 milliseconds

The CPU and memory usage numbers are saved in the file
dhcp_scale_cpu_memory_05122015_202527.log in the current directory

neutron-dhcp-agent average CPU usage    = 6.2 %
neutron-dhcp-agent average memory usage = 642361.0 kB
Average total system memory free        = 389801737.579 kB
Average total system CPU used %         = 3.73421052632 %


Waiting 60 seconds....

