
DHCP-network-0 and DHCP-subnet-0 already exist. Waiting for DHCP ports to be created....
2015-05-12 20:28:13.764852 : 4683 ports found. 4700 ports expected
2015-05-12 20:28:22.195184 : 4700 ports found. 4700 ports expected

sudo ip netns exec testns-DHCP-network-0 /usr/local/sbin/perfdhcp -4 -b mac=fa:16:00:00:00:00 -r 4700 -R 4700 -p 120 -l tape6922884-aa &> testns-DHCP-network-0_4700_05122015_202927.log &

Waiting for perfdhcp in all test namespaces to complete....

perfdhcp ended

Deleting remaining churned networks, subnets and ports

Total number of packets dropped = 430760
Total number of packets sent    = 473890
Packet drop % = 90.8987317732 %
Minimum time to receive DHCP IP address = 10.345 milliseconds
Average time to receive DHCP IP address = 955.224 milliseconds
Maximum time to receive DHCP IP address = 2389.945 milliseconds

The CPU and memory usage numbers are saved in the file
dhcp_scale_cpu_memory_05122015_202927.log in the current directory

neutron-dhcp-agent average CPU usage    = 6.2 %
neutron-dhcp-agent average memory usage = 642361.0 kB
Average total system memory free        = 389783246.842 kB
Average total system CPU used %         = 3.77631578947 %


Waiting 60 seconds....

