
DHCP-network-0 and DHCP-subnet-0 already exist. Waiting for DHCP ports to be created....
2015-05-12 20:32:15.577427 : 4779 ports found. 4800 ports expected
2015-05-12 20:32:24.047889 : 4800 ports found. 4800 ports expected

sudo ip netns exec testns-DHCP-network-0 /usr/local/sbin/perfdhcp -4 -b mac=fa:16:00:00:00:00 -r 4800 -R 4800 -p 120 -l tape6922884-aa &> testns-DHCP-network-0_4800_05122015_203328.log &

Waiting for perfdhcp in all test namespaces to complete....

perfdhcp ended

Deleting remaining churned networks, subnets and ports

Total number of packets dropped = 439065
Total number of packets sent    = 487544
Packet drop % = 90.0564872094 %
Minimum time to receive DHCP IP address = 14.053 milliseconds
Average time to receive DHCP IP address = 874.796 milliseconds
Maximum time to receive DHCP IP address = 2645.568 milliseconds

The CPU and memory usage numbers are saved in the file
dhcp_scale_cpu_memory_05122015_203328.log in the current directory

neutron-dhcp-agent average CPU usage    = 6.28684210526 %
neutron-dhcp-agent average memory usage = 642361.0 kB
Average total system memory free        = 389770404.632 kB
Average total system CPU used %         = 3.74210526316 %


Waiting 60 seconds....

