
DHCP-network-0 and DHCP-subnet-0 already exist. Waiting for DHCP ports to be created....
2015-05-12 20:36:15.259971 : 4881 ports found. 4900 ports expected
2015-05-12 20:36:23.804261 : 4900 ports found. 4900 ports expected

sudo ip netns exec testns-DHCP-network-0 /usr/local/sbin/perfdhcp -4 -b mac=fa:16:00:00:00:00 -r 4900 -R 4900 -p 120 -l tape6922884-aa &> testns-DHCP-network-0_4900_05122015_203733.log &

Waiting for perfdhcp in all test namespaces to complete....

perfdhcp ended

Deleting remaining churned networks, subnets and ports

Total number of packets dropped = 445710
Total number of packets sent    = 493263
Packet drop % = 90.3595039563 %
Minimum time to receive DHCP IP address = 12.673 milliseconds
Average time to receive DHCP IP address = 893.464 milliseconds
Maximum time to receive DHCP IP address = 2648.954 milliseconds

The CPU and memory usage numbers are saved in the file
dhcp_scale_cpu_memory_05122015_203733.log in the current directory

neutron-dhcp-agent average CPU usage    = 6.3 %
neutron-dhcp-agent average memory usage = 642361.0 kB
Average total system memory free        = 389728333.368 kB
Average total system CPU used %         = 3.56578947368 %


Waiting 60 seconds....

