
DHCP-network-0 and DHCP-subnet-0 already exist. Waiting for DHCP ports to be created....
2015-05-12 20:40:24.615240 : 4965 ports found. 5000 ports expected
2015-05-12 20:40:33.050893 : 5000 ports found. 5000 ports expected

sudo ip netns exec testns-DHCP-network-0 /usr/local/sbin/perfdhcp -4 -b mac=fa:16:00:00:00:00 -r 5000 -R 5000 -p 120 -l tape6922884-aa &> testns-DHCP-network-0_5000_05122015_204137.log &

Waiting for perfdhcp in all test namespaces to complete....

perfdhcp ended

Deleting remaining churned networks, subnets and ports

Total number of packets dropped = 452800
Total number of packets sent    = 496158
Packet drop % = 91.2612514562 %
Minimum time to receive DHCP IP address = 13.362 milliseconds
Average time to receive DHCP IP address = 977.984 milliseconds
Maximum time to receive DHCP IP address = 2669.625 milliseconds

The CPU and memory usage numbers are saved in the file
dhcp_scale_cpu_memory_05122015_204137.log in the current directory

neutron-dhcp-agent average CPU usage    = 6.3 %
neutron-dhcp-agent average memory usage = 642361.0 kB
Average total system memory free        = 389710569.579 kB
Average total system CPU used %         = 3.68157894737 %


Waiting 60 seconds....

