
DHCP-network-0 and DHCP-subnet-0 already exist. Waiting for DHCP ports to be created....
2015-05-12 20:44:27.472796 : 5055 ports found. 5100 ports expected
2015-05-12 20:44:35.990810 : 5100 ports found. 5100 ports expected

sudo ip netns exec testns-DHCP-network-0 /usr/local/sbin/perfdhcp -4 -b mac=fa:16:00:00:00:00 -r 5100 -R 5100 -p 120 -l tape6922884-aa &> testns-DHCP-network-0_5100_05122015_204540.log &

Waiting for perfdhcp in all test namespaces to complete....

perfdhcp ended

Deleting remaining churned networks, subnets and ports

Total number of packets dropped = 457523
Total number of packets sent    = 509158
Packet drop % = 89.8587471865 %
Minimum time to receive DHCP IP address = 12.158 milliseconds
Average time to receive DHCP IP address = 812.192 milliseconds
Maximum time to receive DHCP IP address = 2012.403 milliseconds

The CPU and memory usage numbers are saved in the file
dhcp_scale_cpu_memory_05122015_204540.log in the current directory

neutron-dhcp-agent average CPU usage    = 6.3 %
neutron-dhcp-agent average memory usage = 642361.0 kB
Average total system memory free        = 389687466.316 kB
Average total system CPU used %         = 3.7 %


Waiting 60 seconds....

