
DHCP-network-0 and DHCP-subnet-0 already exist. Waiting for DHCP ports to be created....
2015-05-12 20:48:31.685766 : 5155 ports found. 5200 ports expected
2015-05-12 20:48:40.204306 : 5200 ports found. 5200 ports expected

sudo ip netns exec testns-DHCP-network-0 /usr/local/sbin/perfdhcp -4 -b mac=fa:16:00:00:00:00 -r 5200 -R 5200 -p 120 -l tape6922884-aa &> testns-DHCP-network-0_5200_05122015_204944.log &

Waiting for perfdhcp in all test namespaces to complete....

perfdhcp ended

Deleting remaining churned networks, subnets and ports

Total number of packets dropped = 465405
Total number of packets sent    = 511657
Packet drop % = 90.960350391 %
Minimum time to receive DHCP IP address = 12.589 milliseconds
Average time to receive DHCP IP address = 893.116 milliseconds
Maximum time to receive DHCP IP address = 2060.273 milliseconds

The CPU and memory usage numbers are saved in the file
dhcp_scale_cpu_memory_05122015_204944.log in the current directory

neutron-dhcp-agent average CPU usage    = 6.3 %
neutron-dhcp-agent average memory usage = 642361.0 kB
Average total system memory free        = 389675324.0 kB
Average total system CPU used %         = 3.55526315789 %


Waiting 60 seconds....

