
DHCP-network-0 and DHCP-subnet-0 already exist. Waiting for DHCP ports to be created....
2015-05-12 20:52:35.623707 : 5261 ports found. 5300 ports expected
2015-05-12 20:52:44.242045 : 5300 ports found. 5300 ports expected

sudo ip netns exec testns-DHCP-network-0 /usr/local/sbin/perfdhcp -4 -b mac=fa:16:00:00:00:00 -r 5300 -R 5300 -p 120 -l tape6922884-aa &> testns-DHCP-network-0_5300_05122015_205348.log &

Waiting for perfdhcp in all test namespaces to complete....

perfdhcp ended

Deleting remaining churned networks, subnets and ports

Total number of packets dropped = 472110
Total number of packets sent    = 523785
Packet drop % = 90.1343108336 %
Minimum time to receive DHCP IP address = 12.165 milliseconds
Average time to receive DHCP IP address = 821.429 milliseconds
Maximum time to receive DHCP IP address = 2069.085 milliseconds

The CPU and memory usage numbers are saved in the file
dhcp_scale_cpu_memory_05122015_205348.log in the current directory

neutron-dhcp-agent average CPU usage    = 6.4 %
neutron-dhcp-agent average memory usage = 642361.0 kB
Average total system memory free        = 389658530.0 kB
Average total system CPU used %         = 3.70263157895 %


Waiting 60 seconds....

