
DHCP-network-0 and DHCP-subnet-0 already exist. Waiting for DHCP ports to be created....
2015-05-12 20:56:40.698360 : 5370 ports found. 5400 ports expected
2015-05-12 20:56:49.394848 : 5400 ports found. 5400 ports expected

sudo ip netns exec testns-DHCP-network-0 /usr/local/sbin/perfdhcp -4 -b mac=fa:16:00:00:00:00 -r 5400 -R 5400 -p 120 -l tape6922884-aa &> testns-DHCP-network-0_5400_05122015_205753.log &

Waiting for perfdhcp in all test namespaces to complete....

perfdhcp ended

Deleting remaining churned networks, subnets and ports

Total number of packets dropped = 479411
Total number of packets sent    = 523390
Packet drop % = 91.5972792755 %
Minimum time to receive DHCP IP address = 12.917 milliseconds
Average time to receive DHCP IP address = 937.152 milliseconds
Maximum time to receive DHCP IP address = 2184.67 milliseconds

The CPU and memory usage numbers are saved in the file
dhcp_scale_cpu_memory_05122015_205753.log in the current directory

neutron-dhcp-agent average CPU usage    = 6.4 %
neutron-dhcp-agent average memory usage = 642361.0 kB
Average total system memory free        = 389648303.158 kB
Average total system CPU used %         = 3.63157894737 %


Waiting 60 seconds....

