
DHCP-network-0 and DHCP-subnet-0 already exist. Waiting for DHCP ports to be created....
2015-05-12 21:00:44.971581 : 5470 ports found. 5500 ports expected
2015-05-12 21:00:58.809836 : 5500 ports found. 5500 ports expected

sudo ip netns exec testns-DHCP-network-0 /usr/local/sbin/perfdhcp -4 -b mac=fa:16:00:00:00:00 -r 5500 -R 5500 -p 120 -l tape6922884-aa &> testns-DHCP-network-0_5500_05122015_210203.log &

Waiting for perfdhcp in all test namespaces to complete....

perfdhcp ended

Deleting remaining churned networks, subnets and ports

Total number of packets dropped = 484269
Total number of packets sent    = 524783
Packet drop % = 92.2798566265 %
Minimum time to receive DHCP IP address = 13.451 milliseconds
Average time to receive DHCP IP address = 1017.058 milliseconds
Maximum time to receive DHCP IP address = 2175.936 milliseconds

The CPU and memory usage numbers are saved in the file
dhcp_scale_cpu_memory_05122015_210203.log in the current directory

neutron-dhcp-agent average CPU usage    = 6.4 %
neutron-dhcp-agent average memory usage = 642361.0 kB
Average total system memory free        = 389625572.211 kB
Average total system CPU used %         = 3.52631578947 %


Waiting 60 seconds....

