
DHCP-network-0 and DHCP-subnet-0 already exist. Waiting for DHCP ports to be created....
2015-05-12 21:04:59.395206 : 5568 ports found. 5600 ports expected
2015-05-12 21:05:08.473469 : 5600 ports found. 5600 ports expected

sudo ip netns exec testns-DHCP-network-0 /usr/local/sbin/perfdhcp -4 -b mac=fa:16:00:00:00:00 -r 5600 -R 5600 -p 120 -l tape6922884-aa &> testns-DHCP-network-0_5600_05122015_210613.log &

Waiting for perfdhcp in all test namespaces to complete....

perfdhcp ended

Deleting remaining churned networks, subnets and ports

Total number of packets dropped = 494958
Total number of packets sent    = 550765
Packet drop % = 89.8673662996 %
Minimum time to receive DHCP IP address = 13.221 milliseconds
Average time to receive DHCP IP address = 795.873 milliseconds
Maximum time to receive DHCP IP address = 2373.974 milliseconds

The CPU and memory usage numbers are saved in the file
dhcp_scale_cpu_memory_05122015_210613.log in the current directory

neutron-dhcp-agent average CPU usage    = 6.4 %
neutron-dhcp-agent average memory usage = 642361.0 kB
Average total system memory free        = 389592244.947 kB
Average total system CPU used %         = 3.63421052632 %


Waiting 60 seconds....

