
DHCP-network-0 and DHCP-subnet-0 already exist. Waiting for DHCP ports to be created....
2015-05-12 21:09:09.887496 : 5674 ports found. 5700 ports expected
2015-05-12 21:09:18.772279 : 5700 ports found. 5700 ports expected

sudo ip netns exec testns-DHCP-network-0 /usr/local/sbin/perfdhcp -4 -b mac=fa:16:00:00:00:00 -r 5700 -R 5700 -p 120 -l tape6922884-aa &> testns-DHCP-network-0_5700_05122015_211023.log &

Waiting for perfdhcp in all test namespaces to complete....

perfdhcp ended

Deleting remaining churned networks, subnets and ports

Total number of packets dropped = 500814
Total number of packets sent    = 551744
Packet drop % = 90.7692698063 %
Minimum time to receive DHCP IP address = 13.432 milliseconds
Average time to receive DHCP IP address = 851.171 milliseconds
Maximum time to receive DHCP IP address = 2504.929 milliseconds

The CPU and memory usage numbers are saved in the file
dhcp_scale_cpu_memory_05122015_211023.log in the current directory

neutron-dhcp-agent average CPU usage    = 6.5 %
neutron-dhcp-agent average memory usage = 642361.0 kB
Average total system memory free        = 389583881.895 kB
Average total system CPU used %         = 3.76842105263 %


Waiting 60 seconds....

