
DHCP-network-0 and DHCP-subnet-0 already exist. Waiting for DHCP ports to be created....
2015-05-12 21:13:19.380729 : 5768 ports found. 5800 ports expected
2015-05-12 21:13:28.319305 : 5800 ports found. 5800 ports expected

sudo ip netns exec testns-DHCP-network-0 /usr/local/sbin/perfdhcp -4 -b mac=fa:16:00:00:00:00 -r 5800 -R 5800 -p 120 -l tape6922884-aa &> testns-DHCP-network-0_5800_05122015_211432.log &

Waiting for perfdhcp in all test namespaces to complete....

perfdhcp ended

Deleting remaining churned networks, subnets and ports

Total number of packets dropped = 509169
Total number of packets sent    = 558848
Packet drop % = 91.1104629524 %
Minimum time to receive DHCP IP address = 14.261 milliseconds
Average time to receive DHCP IP address = 864.984 milliseconds
Maximum time to receive DHCP IP address = 2509.883 milliseconds

The CPU and memory usage numbers are saved in the file
dhcp_scale_cpu_memory_05122015_211432.log in the current directory

neutron-dhcp-agent average CPU usage    = 6.5 %
neutron-dhcp-agent average memory usage = 642361.0 kB
Average total system memory free        = 389562935.263 kB
Average total system CPU used %         = 3.7 %


Waiting 60 seconds....

