
DHCP-network-0 and DHCP-subnet-0 already exist. Waiting for DHCP ports to be created....
2015-05-12 21:17:26.319503 : 5867 ports found. 5900 ports expected
2015-05-12 21:17:35.493778 : 5900 ports found. 5900 ports expected

sudo ip netns exec testns-DHCP-network-0 /usr/local/sbin/perfdhcp -4 -b mac=fa:16:00:00:00:00 -r 5900 -R 5900 -p 120 -l tape6922884-aa &> testns-DHCP-network-0_5900_05122015_211840.log &

Waiting for perfdhcp in all test namespaces to complete....

perfdhcp ended

Deleting remaining churned networks, subnets and ports

Total number of packets dropped = 516379
Total number of packets sent    = 570875
Packet drop % = 90.4539522663 %
Minimum time to receive DHCP IP address = 14.54 milliseconds
Average time to receive DHCP IP address = 813.682 milliseconds
Maximum time to receive DHCP IP address = 2237.583 milliseconds

The CPU and memory usage numbers are saved in the file
dhcp_scale_cpu_memory_05122015_211840.log in the current directory

neutron-dhcp-agent average CPU usage    = 6.5 %
neutron-dhcp-agent average memory usage = 642361.0 kB
Average total system memory free        = 389555450.947 kB
Average total system CPU used %         = 3.83157894737 %


Waiting 60 seconds....

