
DHCP-network-0 and DHCP-subnet-0 already exist. Waiting for DHCP ports to be created....
2015-05-12 21:21:35.222595 : 5966 ports found. 6000 ports expected
2015-05-12 21:21:45.774992 : 6000 ports found. 6000 ports expected

sudo ip netns exec testns-DHCP-network-0 /usr/local/sbin/perfdhcp -4 -b mac=fa:16:00:00:00:00 -r 6000 -R 6000 -p 120 -l tape6922884-aa &> testns-DHCP-network-0_6000_05122015_212250.log &

Waiting for perfdhcp in all test namespaces to complete....

perfdhcp ended

Deleting remaining churned networks, subnets and ports

Total number of packets dropped = 521496
Total number of packets sent    = 561299
Packet drop % = 92.9087705483 %
Minimum time to receive DHCP IP address = 14.379 milliseconds
Average time to receive DHCP IP address = 1054.947 milliseconds
Maximum time to receive DHCP IP address = 2424.909 milliseconds

The CPU and memory usage numbers are saved in the file
dhcp_scale_cpu_memory_05122015_212250.log in the current directory

neutron-dhcp-agent average CPU usage    = 6.5 %
neutron-dhcp-agent average memory usage = 642361.0 kB
Average total system memory free        = 389543427.158 kB
Average total system CPU used %         = 3.79210526316 %


Waiting 60 seconds....

