
DHCP-network-0 and DHCP-subnet-0 already exist. Waiting for DHCP ports to be created....
2015-05-12 21:25:36.379454 : 6036 ports found. 6100 ports expected
2015-05-12 21:25:48.635782 : 6096 ports found. 6100 ports expected
2015-05-12 21:25:58.171179 : 6100 ports found. 6100 ports expected

sudo ip netns exec testns-DHCP-network-0 /usr/local/sbin/perfdhcp -4 -b mac=fa:16:00:00:00:00 -r 6100 -R 6100 -p 120 -l tape6922884-aa &> testns-DHCP-network-0_6100_05122015_212703.log &

Waiting for perfdhcp in all test namespaces to complete....

perfdhcp ended

Deleting remaining churned networks, subnets and ports

Total number of packets dropped = 529062
Total number of packets sent    = 572556
Packet drop % = 92.4035378199 %
Minimum time to receive DHCP IP address = 15.686 milliseconds
Average time to receive DHCP IP address = 989.673 milliseconds
Maximum time to receive DHCP IP address = 2684.785 milliseconds

The CPU and memory usage numbers are saved in the file
dhcp_scale_cpu_memory_05122015_212703.log in the current directory

neutron-dhcp-agent average CPU usage    = 6.6 %
neutron-dhcp-agent average memory usage = 642361.0 kB
Average total system memory free        = 389498335.263 kB
Average total system CPU used %         = 3.77368421053 %


Waiting 60 seconds....

