
DHCP-network-0 and DHCP-subnet-0 already exist. Waiting for DHCP ports to be created....
2015-05-12 21:29:59.166832 : 6144 ports found. 6200 ports expected
2015-05-12 21:30:08.703546 : 6200 ports found. 6200 ports expected

sudo ip netns exec testns-DHCP-network-0 /usr/local/sbin/perfdhcp -4 -b mac=fa:16:00:00:00:00 -r 6200 -R 6200 -p 120 -l tape6922884-aa &> testns-DHCP-network-0_6200_05122015_213115.log &

Waiting for perfdhcp in all test namespaces to complete....

perfdhcp ended

Deleting remaining churned networks, subnets and ports

Total number of packets dropped = 536942
Total number of packets sent    = 592684
Packet drop % = 90.5949882231 %
Minimum time to receive DHCP IP address = 15.355 milliseconds
Average time to receive DHCP IP address = 827.92 milliseconds
Maximum time to receive DHCP IP address = 2868.937 milliseconds

The CPU and memory usage numbers are saved in the file
dhcp_scale_cpu_memory_05122015_213115.log in the current directory

neutron-dhcp-agent average CPU usage    = 6.6 %
neutron-dhcp-agent average memory usage = 642361.0 kB
Average total system memory free        = 389492833.684 kB
Average total system CPU used %         = 3.74473684211 %


Waiting 60 seconds....

