
DHCP-network-0 and DHCP-subnet-0 already exist. Waiting for DHCP ports to be created....
2015-05-12 21:34:09.277170 : 6240 ports found. 6300 ports expected
2015-05-12 21:34:18.682529 : 6300 ports found. 6300 ports expected

sudo ip netns exec testns-DHCP-network-0 /usr/local/sbin/perfdhcp -4 -b mac=fa:16:00:00:00:00 -r 6300 -R 6300 -p 120 -l tape6922884-aa &> testns-DHCP-network-0_6300_05122015_213523.log &

Waiting for perfdhcp in all test namespaces to complete....

perfdhcp ended

Deleting remaining churned networks, subnets and ports

Total number of packets dropped = 542502
Total number of packets sent    = 589408
Packet drop % = 92.0418453771 %
Minimum time to receive DHCP IP address = 14.978 milliseconds
Average time to receive DHCP IP address = 973.153 milliseconds
Maximum time to receive DHCP IP address = 2969.92 milliseconds

The CPU and memory usage numbers are saved in the file
dhcp_scale_cpu_memory_05122015_213523.log in the current directory

neutron-dhcp-agent average CPU usage    = 6.6 %
neutron-dhcp-agent average memory usage = 642361.0 kB
Average total system memory free        = 389457681.263 kB
Average total system CPU used %         = 3.85 %


Waiting 60 seconds....

