
DHCP-network-0 and DHCP-subnet-0 already exist. Waiting for DHCP ports to be created....
2015-05-12 21:38:22.242046 : 6365 ports found. 6400 ports expected
2015-05-12 21:38:31.726508 : 6400 ports found. 6400 ports expected

sudo ip netns exec testns-DHCP-network-0 /usr/local/sbin/perfdhcp -4 -b mac=fa:16:00:00:00:00 -r 6400 -R 6400 -p 120 -l tape6922884-aa &> testns-DHCP-network-0_6400_05122015_213936.log &

Waiting for perfdhcp in all test namespaces to complete....

perfdhcp ended

Deleting remaining churned networks, subnets and ports

Total number of packets dropped = 545823
Total number of packets sent    = 590553
Packet drop % = 92.4257433287 %
Minimum time to receive DHCP IP address = 15.938 milliseconds
Average time to receive DHCP IP address = 1017.943 milliseconds
Maximum time to receive DHCP IP address = 2836.998 milliseconds

The CPU and memory usage numbers are saved in the file
dhcp_scale_cpu_memory_05122015_213936.log in the current directory

neutron-dhcp-agent average CPU usage    = 6.62368421053 %
neutron-dhcp-agent average memory usage = 642361.0 kB
Average total system memory free        = 389441980.947 kB
Average total system CPU used %         = 3.98421052632 %


Waiting 60 seconds....

