
DHCP-network-0 and DHCP-subnet-0 already exist. Waiting for DHCP ports to be created....
2015-05-12 21:42:35.852602 : 6460 ports found. 6500 ports expected
2015-05-12 21:42:45.209627 : 6500 ports found. 6500 ports expected

sudo ip netns exec testns-DHCP-network-0 /usr/local/sbin/perfdhcp -4 -b mac=fa:16:00:00:00:00 -r 6500 -R 6500 -p 120 -l tape6922884-aa &> testns-DHCP-network-0_6500_05122015_214350.log &

Waiting for perfdhcp in all test namespaces to complete....

perfdhcp ended

Deleting remaining churned networks, subnets and ports

Total number of packets dropped = 556466
Total number of packets sent    = 616180
Packet drop % = 90.3090006167 %
Minimum time to receive DHCP IP address = 97.79 milliseconds
Average time to receive DHCP IP address = 895.323 milliseconds
Maximum time to receive DHCP IP address = 4287.965 milliseconds

The CPU and memory usage numbers are saved in the file
dhcp_scale_cpu_memory_05122015_214350.log in the current directory

neutron-dhcp-agent average CPU usage    = 6.7 %
neutron-dhcp-agent average memory usage = 642361.0 kB
Average total system memory free        = 389430490.526 kB
Average total system CPU used %         = 3.90789473684 %


Waiting 60 seconds....

