
DHCP-network-0 and DHCP-subnet-0 already exist. Waiting for DHCP ports to be created....
2015-05-12 21:47:01.793476 : 6567 ports found. 6600 ports expected
2015-05-12 21:47:11.603332 : 6600 ports found. 6600 ports expected

sudo ip netns exec testns-DHCP-network-0 /usr/local/sbin/perfdhcp -4 -b mac=fa:16:00:00:00:00 -r 6600 -R 6600 -p 120 -l tape6922884-aa &> testns-DHCP-network-0_6600_05122015_214816.log &

Waiting for perfdhcp in all test namespaces to complete....

perfdhcp ended

Deleting remaining churned networks, subnets and ports

Total number of packets dropped = 566268
Total number of packets sent    = 640999
Packet drop % = 88.3414794719 %
Minimum time to receive DHCP IP address = 98.007 milliseconds
Average time to receive DHCP IP address = 717.932 milliseconds
Maximum time to receive DHCP IP address = 8705.711 milliseconds

The CPU and memory usage numbers are saved in the file
dhcp_scale_cpu_memory_05122015_214816.log in the current directory

neutron-dhcp-agent average CPU usage    = 6.7 %
neutron-dhcp-agent average memory usage = 642361.0 kB
Average total system memory free        = 389374768.947 kB
Average total system CPU used %         = 3.90263157895 %


Waiting 60 seconds....

