
DHCP-network-0 and DHCP-subnet-0 already exist. Waiting for DHCP ports to be created....
2015-05-12 21:51:13.458493 : 6667 ports found. 6700 ports expected
2015-05-12 21:51:23.118457 : 6700 ports found. 6700 ports expected

sudo ip netns exec testns-DHCP-network-0 /usr/local/sbin/perfdhcp -4 -b mac=fa:16:00:00:00:00 -r 6700 -R 6700 -p 120 -l tape6922884-aa &> testns-DHCP-network-0_6700_05122015_215228.log &

Waiting for perfdhcp in all test namespaces to complete....

perfdhcp ended

Deleting remaining churned networks, subnets and ports

Total number of packets dropped = 570586
Total number of packets sent    = 613102
Packet drop % = 93.0654279386 %
Minimum time to receive DHCP IP address = 98.127 milliseconds
Average time to receive DHCP IP address = 1036.632 milliseconds
Maximum time to receive DHCP IP address = 11761.875 milliseconds

The CPU and memory usage numbers are saved in the file
dhcp_scale_cpu_memory_05122015_215228.log in the current directory

neutron-dhcp-agent average CPU usage    = 6.7 %
neutron-dhcp-agent average memory usage = 642361.0 kB
Average total system memory free        = 389368071.053 kB
Average total system CPU used %         = 3.72894736842 %


Waiting 60 seconds....

