
DHCP-network-0 and DHCP-subnet-0 already exist. Waiting for DHCP ports to be created....
2015-05-12 21:55:25.782929 : 6764 ports found. 6800 ports expected
2015-05-12 21:55:35.389867 : 6800 ports found. 6800 ports expected

sudo ip netns exec testns-DHCP-network-0 /usr/local/sbin/perfdhcp -4 -b mac=fa:16:00:00:00:00 -r 6800 -R 6800 -p 120 -l tape6922884-aa &> testns-DHCP-network-0_6800_05122015_215640.log &

Waiting for perfdhcp in all test namespaces to complete....

perfdhcp ended

Deleting remaining churned networks, subnets and ports

Total number of packets dropped = 577847
Total number of packets sent    = 663626
Packet drop % = 87.0741954052 %
Minimum time to receive DHCP IP address = 101.316 milliseconds
Average time to receive DHCP IP address = 696.492 milliseconds
Maximum time to receive DHCP IP address = 15031.367 milliseconds

The CPU and memory usage numbers are saved in the file
dhcp_scale_cpu_memory_05122015_215640.log in the current directory

neutron-dhcp-agent average CPU usage    = 6.8 %
neutron-dhcp-agent average memory usage = 642361.0 kB
Average total system memory free        = 389322355.684 kB
Average total system CPU used %         = 4.00789473684 %


Waiting 60 seconds....

