
DHCP-network-0 and DHCP-subnet-0 already exist. Waiting for DHCP ports to be created....
2015-05-12 17:55:25.342641 : 670 ports found. 700 ports expected
2015-05-12 17:55:31.137448 : 700 ports found. 700 ports expected

sudo ip netns exec testns-DHCP-network-0 /usr/local/sbin/perfdhcp -4 -b mac=fa:16:00:00:00:00 -r 700 -R 700 -p 120 -l tape6922884-aa &> testns-DHCP-network-0_700_05122015_175632.log &

Waiting for perfdhcp in all test namespaces to complete....

perfdhcp ended

Deleting remaining churned networks, subnets and ports

Total number of packets dropped = 0
Total number of packets sent    = 160610
Packet drop % = 0.0 %
Minimum time to receive DHCP IP address = 0.969 milliseconds
Average time to receive DHCP IP address = 1.181 milliseconds
Maximum time to receive DHCP IP address = 33.463 milliseconds

The CPU and memory usage numbers are saved in the file
dhcp_scale_cpu_memory_05122015_175632.log in the current directory

neutron-dhcp-agent average CPU usage    = 5.9 %
neutron-dhcp-agent average memory usage = 642361.0 kB
Average total system memory free        = 390723692.105 kB
Average total system CPU used %         = 2.88157894737 %


Waiting 60 seconds....

