
DHCP-network-0 and DHCP-subnet-0 already exist. Waiting for DHCP ports to be created....
2015-05-12 22:03:46.949806 : 6966 ports found. 7000 ports expected
2015-05-12 22:03:57.033979 : 7000 ports found. 7000 ports expected

sudo ip netns exec testns-DHCP-network-0 /usr/local/sbin/perfdhcp -4 -b mac=fa:16:00:00:00:00 -r 7000 -R 7000 -p 120 -l tape6922884-aa &> testns-DHCP-network-0_7000_05122015_220502.log &

Waiting for perfdhcp in all test namespaces to complete....

perfdhcp ended

Deleting remaining churned networks, subnets and ports

Total number of packets dropped = 593020
Total number of packets sent    = 652647
Packet drop % = 90.8638207178 %
Minimum time to receive DHCP IP address = 99.763 milliseconds
Average time to receive DHCP IP address = 871.762 milliseconds
Maximum time to receive DHCP IP address = 23216.801 milliseconds

The CPU and memory usage numbers are saved in the file
dhcp_scale_cpu_memory_05122015_220502.log in the current directory

neutron-dhcp-agent average CPU usage    = 6.8 %
neutron-dhcp-agent average memory usage = 642361.0 kB
Average total system memory free        = 389274106.316 kB
Average total system CPU used %         = 3.86578947368 %


Waiting 60 seconds....

