
DHCP-network-0 and DHCP-subnet-0 already exist. Waiting for DHCP ports to be created....
2015-05-12 22:08:05.362210 : 7047 ports found. 7100 ports expected
2015-05-12 22:08:15.067758 : 7100 ports found. 7100 ports expected

sudo ip netns exec testns-DHCP-network-0 /usr/local/sbin/perfdhcp -4 -b mac=fa:16:00:00:00:00 -r 7100 -R 7100 -p 120 -l tape6922884-aa &> testns-DHCP-network-0_7100_05122015_220920.log &

Waiting for perfdhcp in all test namespaces to complete....

perfdhcp ended

Deleting remaining churned networks, subnets and ports

Total number of packets dropped = 598713
Total number of packets sent    = 706516
Packet drop % = 84.7416052857 %
Minimum time to receive DHCP IP address = 105.069 milliseconds
Average time to receive DHCP IP address = 644.056 milliseconds
Maximum time to receive DHCP IP address = 26035.5 milliseconds

The CPU and memory usage numbers are saved in the file
dhcp_scale_cpu_memory_05122015_220920.log in the current directory

neutron-dhcp-agent average CPU usage    = 6.8 %
neutron-dhcp-agent average memory usage = 642361.0 kB
Average total system memory free        = 389267483.263 kB
Average total system CPU used %         = 4.08947368421 %


Waiting 60 seconds....

