
DHCP-network-0 and DHCP-subnet-0 already exist. Waiting for DHCP ports to be created....
2015-05-12 22:12:17.993590 : 7162 ports found. 7200 ports expected
2015-05-12 22:12:27.836873 : 7200 ports found. 7200 ports expected

sudo ip netns exec testns-DHCP-network-0 /usr/local/sbin/perfdhcp -4 -b mac=fa:16:00:00:00:00 -r 7200 -R 7200 -p 120 -l tape6922884-aa &> testns-DHCP-network-0_7200_05122015_221333.log &

Waiting for perfdhcp in all test namespaces to complete....

perfdhcp ended

Deleting remaining churned networks, subnets and ports

Total number of packets dropped = 604303
Total number of packets sent    = 691039
Packet drop % = 87.448465282 %
Minimum time to receive DHCP IP address = 106.388 milliseconds
Average time to receive DHCP IP address = 741.569 milliseconds
Maximum time to receive DHCP IP address = 29613.419 milliseconds

The CPU and memory usage numbers are saved in the file
dhcp_scale_cpu_memory_05122015_221333.log in the current directory

neutron-dhcp-agent average CPU usage    = 6.89736842105 %
neutron-dhcp-agent average memory usage = 642361.0 kB
Average total system memory free        = 389222367.158 kB
Average total system CPU used %         = 4.09210526316 %


Waiting 60 seconds....

