
DHCP-network-0 and DHCP-subnet-0 already exist. Waiting for DHCP ports to be created....
2015-05-12 22:16:31.454936 : 7263 ports found. 7300 ports expected
2015-05-12 22:16:41.693270 : 7300 ports found. 7300 ports expected

sudo ip netns exec testns-DHCP-network-0 /usr/local/sbin/perfdhcp -4 -b mac=fa:16:00:00:00:00 -r 7300 -R 7300 -p 120 -l tape6922884-aa &> testns-DHCP-network-0_7300_05122015_221747.log &

Waiting for perfdhcp in all test namespaces to complete....

perfdhcp ended

Deleting remaining churned networks, subnets and ports

Total number of packets dropped = 610832
Total number of packets sent    = 632278
Packet drop % = 96.6081375597 %
Minimum time to receive DHCP IP address = 131.47 milliseconds
Average time to receive DHCP IP address = 1795.415 milliseconds
Maximum time to receive DHCP IP address = 32838.464 milliseconds

The CPU and memory usage numbers are saved in the file
dhcp_scale_cpu_memory_05122015_221747.log in the current directory

neutron-dhcp-agent average CPU usage    = 6.9 %
neutron-dhcp-agent average memory usage = 642361.0 kB
Average total system memory free        = 389250859.579 kB
Average total system CPU used %         = 3.89210526316 %


Waiting 60 seconds....

