
DHCP-network-0 and DHCP-subnet-0 already exist. Waiting for DHCP ports to be created....
2015-05-12 22:20:44.793119 : 7363 ports found. 7400 ports expected
2015-05-12 22:20:55.071001 : 7400 ports found. 7400 ports expected

sudo ip netns exec testns-DHCP-network-0 /usr/local/sbin/perfdhcp -4 -b mac=fa:16:00:00:00:00 -r 7400 -R 7400 -p 120 -l tape6922884-aa &> testns-DHCP-network-0_7400_05122015_222201.log &

Waiting for perfdhcp in all test namespaces to complete....

perfdhcp ended

Deleting remaining churned networks, subnets and ports

Total number of packets dropped = 613817
Total number of packets sent    = 709572
Packet drop % = 86.5052454155 %
Minimum time to receive DHCP IP address = 107.394 milliseconds
Average time to receive DHCP IP address = 722.988 milliseconds
Maximum time to receive DHCP IP address = 37030.236 milliseconds

The CPU and memory usage numbers are saved in the file
dhcp_scale_cpu_memory_05122015_222201.log in the current directory

neutron-dhcp-agent average CPU usage    = 6.9 %
neutron-dhcp-agent average memory usage = 642361.0 kB
Average total system memory free        = 389222530.526 kB
Average total system CPU used %         = 4.07105263158 %


Waiting 60 seconds....

