
DHCP-network-0 and DHCP-subnet-0 already exist. Waiting for DHCP ports to be created....
2015-05-12 22:25:00.113371 : 7461 ports found. 7500 ports expected
2015-05-12 22:25:10.488656 : 7500 ports found. 7500 ports expected

sudo ip netns exec testns-DHCP-network-0 /usr/local/sbin/perfdhcp -4 -b mac=fa:16:00:00:00:00 -r 7500 -R 7500 -p 120 -l tape6922884-aa &> testns-DHCP-network-0_7500_05122015_222616.log &

Waiting for perfdhcp in all test namespaces to complete....

perfdhcp ended

Deleting remaining churned networks, subnets and ports

Total number of packets dropped = 620570
Total number of packets sent    = 637032
Packet drop % = 97.4158284042 %
Minimum time to receive DHCP IP address = 150.284 milliseconds
Average time to receive DHCP IP address = 2344.851 milliseconds
Maximum time to receive DHCP IP address = 40369.367 milliseconds

The CPU and memory usage numbers are saved in the file
dhcp_scale_cpu_memory_05122015_222616.log in the current directory

neutron-dhcp-agent average CPU usage    = 6.91315789474 %
neutron-dhcp-agent average memory usage = 642361.0 kB
Average total system memory free        = 389193386.316 kB
Average total system CPU used %         = 3.74736842105 %


Waiting 60 seconds....

