
DHCP-network-0 and DHCP-subnet-0 already exist. Waiting for DHCP ports to be created....
2015-05-12 22:29:14.794306 : 7562 ports found. 7600 ports expected
2015-05-12 22:29:25.319071 : 7600 ports found. 7600 ports expected

sudo ip netns exec testns-DHCP-network-0 /usr/local/sbin/perfdhcp -4 -b mac=fa:16:00:00:00:00 -r 7600 -R 7600 -p 120 -l tape6922884-aa &> testns-DHCP-network-0_7600_05122015_223031.log &

Waiting for perfdhcp in all test namespaces to complete....

perfdhcp ended

Deleting remaining churned networks, subnets and ports

Total number of packets dropped = 631194
Total number of packets sent    = 665507
Packet drop % = 94.8440812794 %
Minimum time to receive DHCP IP address = 111.09 milliseconds
Average time to receive DHCP IP address = 1266.895 milliseconds
Maximum time to receive DHCP IP address = 45565.874 milliseconds

The CPU and memory usage numbers are saved in the file
dhcp_scale_cpu_memory_05122015_223031.log in the current directory

neutron-dhcp-agent average CPU usage    = 7.0 %
neutron-dhcp-agent average memory usage = 642361.0 kB
Average total system memory free        = 389158876.105 kB
Average total system CPU used %         = 3.88947368421 %


Waiting 60 seconds....

