
DHCP-network-0 and DHCP-subnet-0 already exist. Waiting for DHCP ports to be created....
2015-05-12 22:33:32.920293 : 7660 ports found. 7700 ports expected
2015-05-12 22:33:43.392835 : 7700 ports found. 7700 ports expected

sudo ip netns exec testns-DHCP-network-0 /usr/local/sbin/perfdhcp -4 -b mac=fa:16:00:00:00:00 -r 7700 -R 7700 -p 120 -l tape6922884-aa &> testns-DHCP-network-0_7700_05122015_223449.log &

Waiting for perfdhcp in all test namespaces to complete....

perfdhcp ended

Deleting remaining churned networks, subnets and ports

Total number of packets dropped = 636945
Total number of packets sent    = 682439
Packet drop % = 93.3336166309 %
Minimum time to receive DHCP IP address = 111.033 milliseconds
Average time to receive DHCP IP address = 1210.981 milliseconds
Maximum time to receive DHCP IP address = 48053.97 milliseconds

The CPU and memory usage numbers are saved in the file
dhcp_scale_cpu_memory_05122015_223449.log in the current directory

neutron-dhcp-agent average CPU usage    = 7.0 %
neutron-dhcp-agent average memory usage = 642361.0 kB
Average total system memory free        = 389130292.842 kB
Average total system CPU used %         = 4.04736842105 %


Waiting 60 seconds....

