
DHCP-network-0 and DHCP-subnet-0 already exist. Waiting for DHCP ports to be created....
2015-05-12 22:37:52.166129 : 7758 ports found. 7800 ports expected
2015-05-12 22:38:02.812751 : 7800 ports found. 7800 ports expected

sudo ip netns exec testns-DHCP-network-0 /usr/local/sbin/perfdhcp -4 -b mac=fa:16:00:00:00:00 -r 7800 -R 7800 -p 120 -l tape6922884-aa &> testns-DHCP-network-0_7800_05122015_223908.log &

Waiting for perfdhcp in all test namespaces to complete....

perfdhcp ended

Deleting remaining churned networks, subnets and ports

Total number of packets dropped = 641846
Total number of packets sent    = 691980
Packet drop % = 92.7549929189 %
Minimum time to receive DHCP IP address = 120.922 milliseconds
Average time to receive DHCP IP address = 1030.717 milliseconds
Maximum time to receive DHCP IP address = 53584.139 milliseconds

The CPU and memory usage numbers are saved in the file
dhcp_scale_cpu_memory_05122015_223908.log in the current directory

neutron-dhcp-agent average CPU usage    = 7.00263157895 %
neutron-dhcp-agent average memory usage = 642361.0 kB
Average total system memory free        = 389145821.579 kB
Average total system CPU used %         = 3.9 %


Waiting 60 seconds....

