
DHCP-network-0 and DHCP-subnet-0 already exist. Waiting for DHCP ports to be created....
2015-05-12 22:42:08.240841 : 7863 ports found. 7900 ports expected
2015-05-12 22:42:18.661850 : 7900 ports found. 7900 ports expected

sudo ip netns exec testns-DHCP-network-0 /usr/local/sbin/perfdhcp -4 -b mac=fa:16:00:00:00:00 -r 7900 -R 7900 -p 120 -l tape6922884-aa &> testns-DHCP-network-0_7900_05122015_224324.log &

Waiting for perfdhcp in all test namespaces to complete....

perfdhcp ended

Deleting remaining churned networks, subnets and ports

Total number of packets dropped = 650566
Total number of packets sent    = 689307
Packet drop % = 94.3797176004 %
Minimum time to receive DHCP IP address = 120.403 milliseconds
Average time to receive DHCP IP address = 1191.146 milliseconds
Maximum time to receive DHCP IP address = 57958.183 milliseconds

The CPU and memory usage numbers are saved in the file
dhcp_scale_cpu_memory_05122015_224324.log in the current directory

neutron-dhcp-agent average CPU usage    = 7.1 %
neutron-dhcp-agent average memory usage = 642361.0 kB
Average total system memory free        = 389130689.053 kB
Average total system CPU used %         = 3.89210526316 %


Waiting 60 seconds....

