
DHCP-network-0 and DHCP-subnet-0 already exist. Waiting for DHCP ports to be created....
2015-05-12 17:59:05.888620 : 799 ports found. 800 ports expected
2015-05-12 17:59:11.749892 : 800 ports found. 800 ports expected

sudo ip netns exec testns-DHCP-network-0 /usr/local/sbin/perfdhcp -4 -b mac=fa:16:00:00:00:00 -r 800 -R 800 -p 120 -l tape6922884-aa &> testns-DHCP-network-0_800_05122015_180013.log &

Waiting for perfdhcp in all test namespaces to complete....

perfdhcp ended

Deleting remaining churned networks, subnets and ports

Total number of packets dropped = 1
Total number of packets sent    = 183114
Packet drop % = 0.000546107889075 %
Minimum time to receive DHCP IP address = 1.122 milliseconds
Average time to receive DHCP IP address = 9.815 milliseconds
Maximum time to receive DHCP IP address = 178.288 milliseconds

The CPU and memory usage numbers are saved in the file
dhcp_scale_cpu_memory_05122015_180013.log in the current directory

neutron-dhcp-agent average CPU usage    = 5.9 %
neutron-dhcp-agent average memory usage = 642361.0 kB
Average total system memory free        = 390716303.368 kB
Average total system CPU used %         = 3.39736842105 %


Waiting 60 seconds....

