
DHCP-network-0 and DHCP-subnet-0 already exist. Waiting for DHCP ports to be created....
2015-05-12 22:46:27.598630 : 7962 ports found. 8000 ports expected
2015-05-12 22:46:38.406220 : 8000 ports found. 8000 ports expected

sudo ip netns exec testns-DHCP-network-0 /usr/local/sbin/perfdhcp -4 -b mac=fa:16:00:00:00:00 -r 8000 -R 8000 -p 120 -l tape6922884-aa &> testns-DHCP-network-0_8000_05122015_224744.log &

Waiting for perfdhcp in all test namespaces to complete....

perfdhcp ended

Deleting remaining churned networks, subnets and ports

Total number of packets dropped = 654721
Total number of packets sent    = 698935
Packet drop % = 93.6740898653 %
Minimum time to receive DHCP IP address = 119.51 milliseconds
Average time to receive DHCP IP address = 1154.06 milliseconds
Maximum time to receive DHCP IP address = 81344.872 milliseconds

The CPU and memory usage numbers are saved in the file
dhcp_scale_cpu_memory_05122015_224744.log in the current directory

neutron-dhcp-agent average CPU usage    = 7.1 %
neutron-dhcp-agent average memory usage = 642361.0 kB
Average total system memory free        = 389103099.158 kB
Average total system CPU used %         = 3.99473684211 %


Waiting 60 seconds....

