
DHCP-network-0 and DHCP-subnet-0 already exist. Waiting for DHCP ports to be created....
2015-05-12 22:50:44.496982 : 8057 ports found. 8100 ports expected
2015-05-12 22:50:54.972560 : 8100 ports found. 8100 ports expected

sudo ip netns exec testns-DHCP-network-0 /usr/local/sbin/perfdhcp -4 -b mac=fa:16:00:00:00:00 -r 8100 -R 8100 -p 120 -l tape6922884-aa &> testns-DHCP-network-0_8100_05122015_225201.log &

Waiting for perfdhcp in all test namespaces to complete....

perfdhcp ended

Deleting remaining churned networks, subnets and ports

Total number of packets dropped = 662985
Total number of packets sent    = 689177
Packet drop % = 96.1995249406 %
Minimum time to receive DHCP IP address = 126.404 milliseconds
Average time to receive DHCP IP address = 1560.398 milliseconds
Maximum time to receive DHCP IP address = 66493.279 milliseconds

The CPU and memory usage numbers are saved in the file
dhcp_scale_cpu_memory_05122015_225201.log in the current directory

neutron-dhcp-agent average CPU usage    = 7.10526315789 %
neutron-dhcp-agent average memory usage = 642361.0 kB
Average total system memory free        = 389069419.158 kB
Average total system CPU used %         = 3.85 %


Waiting 60 seconds....

