
DHCP-network-0 and DHCP-subnet-0 already exist. Waiting for DHCP ports to be created....
2015-05-12 22:55:04.548681 : 8155 ports found. 8200 ports expected
2015-05-12 22:55:14.911780 : 8200 ports found. 8200 ports expected

sudo ip netns exec testns-DHCP-network-0 /usr/local/sbin/perfdhcp -4 -b mac=fa:16:00:00:00:00 -r 8200 -R 8200 -p 120 -l tape6922884-aa &> testns-DHCP-network-0_8200_05122015_225621.log &

Waiting for perfdhcp in all test namespaces to complete....

perfdhcp ended

Deleting remaining churned networks, subnets and ports

Total number of packets dropped = 670265
Total number of packets sent    = 703087
Packet drop % = 95.3317299282 %
Minimum time to receive DHCP IP address = 127.494 milliseconds
Average time to receive DHCP IP address = 1354.283 milliseconds
Maximum time to receive DHCP IP address = 68767.598 milliseconds

The CPU and memory usage numbers are saved in the file
dhcp_scale_cpu_memory_05122015_225621.log in the current directory

neutron-dhcp-agent average CPU usage    = 7.2 %
neutron-dhcp-agent average memory usage = 642361.0 kB
Average total system memory free        = 389069284.632 kB
Average total system CPU used %         = 4.01578947368 %


Waiting 60 seconds....

