
DHCP-network-0 and DHCP-subnet-0 already exist. Waiting for DHCP ports to be created....
2015-05-12 22:59:25.699640 : 8261 ports found. 8300 ports expected
2015-05-12 22:59:38.476031 : 8300 ports found. 8300 ports expected

sudo ip netns exec testns-DHCP-network-0 /usr/local/sbin/perfdhcp -4 -b mac=fa:16:00:00:00:00 -r 8300 -R 8300 -p 120 -l tape6922884-aa &> testns-DHCP-network-0_8300_05122015_230044.log &

Waiting for perfdhcp in all test namespaces to complete....

perfdhcp ended

Deleting remaining churned networks, subnets and ports

Total number of packets dropped = 674999
Total number of packets sent    = 706463
Packet drop % = 95.5462635694 %
Minimum time to receive DHCP IP address = 129.691 milliseconds
Average time to receive DHCP IP address = 1431.431 milliseconds
Maximum time to receive DHCP IP address = 71927.657 milliseconds

The CPU and memory usage numbers are saved in the file
dhcp_scale_cpu_memory_05122015_230044.log in the current directory

neutron-dhcp-agent average CPU usage    = 7.2 %
neutron-dhcp-agent average memory usage = 642361.0 kB
Average total system memory free        = 389025208.526 kB
Average total system CPU used %         = 3.95263157895 %


Waiting 60 seconds....

