
DHCP-network-0 and DHCP-subnet-0 already exist. Waiting for DHCP ports to be created....
2015-05-12 23:03:52.349175 : 8361 ports found. 8400 ports expected
2015-05-12 23:04:02.935242 : 8400 ports found. 8400 ports expected

sudo ip netns exec testns-DHCP-network-0 /usr/local/sbin/perfdhcp -4 -b mac=fa:16:00:00:00:00 -r 8400 -R 8400 -p 120 -l tape6922884-aa &> testns-DHCP-network-0_8400_05122015_230514.log &

Waiting for perfdhcp in all test namespaces to complete....

perfdhcp ended

Deleting remaining churned networks, subnets and ports

Total number of packets dropped = 677773
Total number of packets sent    = 711231
Packet drop % = 95.2957618551 %
Minimum time to receive DHCP IP address = 122.316 milliseconds
Average time to receive DHCP IP address = 1357.021 milliseconds
Maximum time to receive DHCP IP address = 63460.061 milliseconds

The CPU and memory usage numbers are saved in the file
dhcp_scale_cpu_memory_05122015_230514.log in the current directory

neutron-dhcp-agent average CPU usage    = 7.27368421053 %
neutron-dhcp-agent average memory usage = 642361.0 kB
Average total system memory free        = 389068494.526 kB
Average total system CPU used %         = 3.87894736842 %


Waiting 60 seconds....

