
DHCP-network-0 and DHCP-subnet-0 already exist. Waiting for DHCP ports to be created....
2015-05-12 23:08:16.317228 : 8459 ports found. 8500 ports expected
2015-05-12 23:08:27.776161 : 8500 ports found. 8500 ports expected
Connection to neutron failed: Unable to find the server at svl-cloud-13.cisco.com

sudo ip netns exec testns-DHCP-network-0 /usr/local/sbin/perfdhcp -4 -b mac=fa:16:00:00:00:00 -r 8500 -R 8500 -p 120 -l tape6922884-aa &> testns-DHCP-network-0_8500_05122015_230934.log &

Waiting for perfdhcp in all test namespaces to complete....

perfdhcp ended

Deleting remaining churned networks, subnets and ports

Total number of packets dropped = 689385
Total number of packets sent    = 701417
Packet drop % = 98.2846152859 %
Minimum time to receive DHCP IP address = 140.812 milliseconds
Average time to receive DHCP IP address = 2886.535 milliseconds
Maximum time to receive DHCP IP address = 72238.98 milliseconds

The CPU and memory usage numbers are saved in the file
dhcp_scale_cpu_memory_05122015_230934.log in the current directory

neutron-dhcp-agent average CPU usage    = 7.3 %
neutron-dhcp-agent average memory usage = 642361.0 kB
Average total system memory free        = 389000126.211 kB
Average total system CPU used %         = 3.9 %


Waiting 60 seconds....

