
DHCP-network-0 and DHCP-subnet-0 already exist. Waiting for DHCP ports to be created....
2015-05-12 23:12:52.451416 : 8547 ports found. 8600 ports expected
2015-05-12 23:13:03.075294 : 8600 ports found. 8600 ports expected

sudo ip netns exec testns-DHCP-network-0 /usr/local/sbin/perfdhcp -4 -b mac=fa:16:00:00:00:00 -r 8600 -R 8600 -p 120 -l tape6922884-aa &> testns-DHCP-network-0_8600_05122015_231409.log &

Waiting for perfdhcp in all test namespaces to complete....

perfdhcp ended

Deleting remaining churned networks, subnets and ports

Total number of packets dropped = 692826
Total number of packets sent    = 704038
Packet drop % = 98.4074723239 %
Minimum time to receive DHCP IP address = 148.819 milliseconds
Average time to receive DHCP IP address = 3053.957 milliseconds
Maximum time to receive DHCP IP address = 75788.642 milliseconds

The CPU and memory usage numbers are saved in the file
dhcp_scale_cpu_memory_05122015_231409.log in the current directory

neutron-dhcp-agent average CPU usage    = 7.3 %
neutron-dhcp-agent average memory usage = 642361.0 kB
Average total system memory free        = 388993007.368 kB
Average total system CPU used %         = 3.93421052632 %


Waiting 60 seconds....

