
DHCP-network-0 and DHCP-subnet-0 already exist. Waiting for DHCP ports to be created....
2015-05-12 23:17:12.985278 : 8663 ports found. 8700 ports expected
2015-05-12 23:17:26.096520 : 8700 ports found. 8700 ports expected

sudo ip netns exec testns-DHCP-network-0 /usr/local/sbin/perfdhcp -4 -b mac=fa:16:00:00:00:00 -r 8700 -R 8700 -p 120 -l tape6922884-aa &> testns-DHCP-network-0_8700_05122015_231833.log &

Waiting for perfdhcp in all test namespaces to complete....

perfdhcp ended

Deleting remaining churned networks, subnets and ports

Total number of packets dropped = 702825
Total number of packets sent    = 711674
Packet drop % = 98.7565936089 %
Minimum time to receive DHCP IP address = 209.654 milliseconds
Average time to receive DHCP IP address = 3937.844 milliseconds
Maximum time to receive DHCP IP address = 78183.821 milliseconds

The CPU and memory usage numbers are saved in the file
dhcp_scale_cpu_memory_05122015_231833.log in the current directory

neutron-dhcp-agent average CPU usage    = 7.34210526316 %
neutron-dhcp-agent average memory usage = 642361.0 kB
Average total system memory free        = 388949523.474 kB
Average total system CPU used %         = 3.97631578947 %


Waiting 60 seconds....

