
DHCP-network-0 and DHCP-subnet-0 already exist. Waiting for DHCP ports to be created....
2015-05-12 23:21:35.386698 : 8762 ports found. 8800 ports expected
2015-05-12 23:21:46.337016 : 8800 ports found. 8800 ports expected

sudo ip netns exec testns-DHCP-network-0 /usr/local/sbin/perfdhcp -4 -b mac=fa:16:00:00:00:00 -r 8800 -R 8800 -p 120 -l tape6922884-aa &> testns-DHCP-network-0_8800_05122015_232253.log &

Waiting for perfdhcp in all test namespaces to complete....

perfdhcp ended

Deleting remaining churned networks, subnets and ports

Total number of packets dropped = 707644
Total number of packets sent    = 713811
Packet drop % = 99.136045816 %
Minimum time to receive DHCP IP address = 175.466 milliseconds
Average time to receive DHCP IP address = 5923.692 milliseconds
Maximum time to receive DHCP IP address = 86356.073 milliseconds

The CPU and memory usage numbers are saved in the file
dhcp_scale_cpu_memory_05122015_232253.log in the current directory

neutron-dhcp-agent average CPU usage    = 7.4 %
neutron-dhcp-agent average memory usage = 642361.0 kB
Average total system memory free        = 388938326.211 kB
Average total system CPU used %         = 3.95 %


Waiting 60 seconds....

