
DHCP-network-0 and DHCP-subnet-0 already exist. Waiting for DHCP ports to be created....
2015-05-12 23:25:56.087592 : 8839 ports found. 8900 ports expected
2015-05-12 23:26:07.079570 : 8900 ports found. 8900 ports expected

sudo ip netns exec testns-DHCP-network-0 /usr/local/sbin/perfdhcp -4 -b mac=fa:16:00:00:00:00 -r 8900 -R 8900 -p 120 -l tape6922884-aa &> testns-DHCP-network-0_8900_05122015_232713.log &

Waiting for perfdhcp in all test namespaces to complete....

perfdhcp ended

Deleting remaining churned networks, subnets and ports

Total number of packets dropped = 712088
Total number of packets sent    = 717515
Packet drop % = 99.2436395058 %
Minimum time to receive DHCP IP address = 203.225 milliseconds
Average time to receive DHCP IP address = 6736.154 milliseconds
Maximum time to receive DHCP IP address = 89887.347 milliseconds

The CPU and memory usage numbers are saved in the file
dhcp_scale_cpu_memory_05122015_232713.log in the current directory

neutron-dhcp-agent average CPU usage    = 7.4 %
neutron-dhcp-agent average memory usage = 642361.0 kB
Average total system memory free        = 388936887.684 kB
Average total system CPU used %         = 3.58157894737 %


Waiting 60 seconds....

