
DHCP-network-0 and DHCP-subnet-0 already exist. Waiting for DHCP ports to be created....
2015-05-12 23:30:16.002073 : 8956 ports found. 9000 ports expected
2015-05-12 23:30:28.006608 : 9000 ports found. 9000 ports expected

sudo ip netns exec testns-DHCP-network-0 /usr/local/sbin/perfdhcp -4 -b mac=fa:16:00:00:00:00 -r 9000 -R 9000 -p 120 -l tape6922884-aa &> testns-DHCP-network-0_9000_05122015_233134.log &

Waiting for perfdhcp in all test namespaces to complete....

perfdhcp ended

Deleting remaining churned networks, subnets and ports

Total number of packets dropped = 712255
Total number of packets sent    = 716483
Packet drop % = 99.4098952801 %
Minimum time to receive DHCP IP address = 167.075 milliseconds
Average time to receive DHCP IP address = 9119.938 milliseconds
Maximum time to receive DHCP IP address = 94110.005 milliseconds

The CPU and memory usage numbers are saved in the file
dhcp_scale_cpu_memory_05122015_233134.log in the current directory

neutron-dhcp-agent average CPU usage    = 7.46578947368 %
neutron-dhcp-agent average memory usage = 642361.0 kB
Average total system memory free        = 388923533.158 kB
Average total system CPU used %         = 3.94473684211 %


Waiting 60 seconds....

