
DHCP-network-0 and DHCP-subnet-0 already exist. Waiting for DHCP ports to be created....
2015-05-12 23:34:38.860043 : 9057 ports found. 9100 ports expected
2015-05-12 23:34:50.166211 : 9100 ports found. 9100 ports expected

sudo ip netns exec testns-DHCP-network-0 /usr/local/sbin/perfdhcp -4 -b mac=fa:16:00:00:00:00 -r 9100 -R 9100 -p 120 -l tape6922884-aa &> testns-DHCP-network-0_9100_05122015_233557.log &

Waiting for perfdhcp in all test namespaces to complete....

perfdhcp ended

Deleting remaining churned networks, subnets and ports

Total number of packets dropped = 726839
Total number of packets sent    = 730880
Packet drop % = 99.4471048599 %
Minimum time to receive DHCP IP address = 178.734 milliseconds
Average time to receive DHCP IP address = 9156.331 milliseconds
Maximum time to receive DHCP IP address = 96820.869 milliseconds

The CPU and memory usage numbers are saved in the file
dhcp_scale_cpu_memory_05122015_233557.log in the current directory

neutron-dhcp-agent average CPU usage    = 7.5 %
neutron-dhcp-agent average memory usage = 642361.0 kB
Average total system memory free        = 388902784.842 kB
Average total system CPU used %         = 3.97631578947 %


Waiting 60 seconds....

