
DHCP-network-0 and DHCP-subnet-0 already exist. Waiting for DHCP ports to be created....
2015-05-12 23:39:04.468865 : 9157 ports found. 9200 ports expected
2015-05-12 23:39:15.630835 : 9200 ports found. 9200 ports expected

sudo ip netns exec testns-DHCP-network-0 /usr/local/sbin/perfdhcp -4 -b mac=fa:16:00:00:00:00 -r 9200 -R 9200 -p 120 -l tape6922884-aa &> testns-DHCP-network-0_9200_05122015_234022.log &

Waiting for perfdhcp in all test namespaces to complete....

perfdhcp ended

Deleting remaining churned networks, subnets and ports

Total number of packets dropped = 731558
Total number of packets sent    = 734707
Packet drop % = 99.5713937665 %
Minimum time to receive DHCP IP address = 174.59 milliseconds
Average time to receive DHCP IP address = 11769.196 milliseconds
Maximum time to receive DHCP IP address = 102054.053 milliseconds

The CPU and memory usage numbers are saved in the file
dhcp_scale_cpu_memory_05122015_234022.log in the current directory

neutron-dhcp-agent average CPU usage    = 7.5 %
neutron-dhcp-agent average memory usage = 642361.0 kB
Average total system memory free        = 388886744.316 kB
Average total system CPU used %         = 3.89210526316 %


Waiting 60 seconds....

