
DHCP-network-0 and DHCP-subnet-0 already exist. Waiting for DHCP ports to be created....
2015-05-12 23:43:26.719660 : 9259 ports found. 9300 ports expected
2015-05-12 23:43:38.324374 : 9300 ports found. 9300 ports expected

sudo ip netns exec testns-DHCP-network-0 /usr/local/sbin/perfdhcp -4 -b mac=fa:16:00:00:00:00 -r 9300 -R 9300 -p 120 -l tape6922884-aa &> testns-DHCP-network-0_9300_05122015_234445.log &

Waiting for perfdhcp in all test namespaces to complete....

perfdhcp ended

Deleting remaining churned networks, subnets and ports

Total number of packets dropped = 736310
Total number of packets sent    = 739010
Packet drop % = 99.6346463512 %
Minimum time to receive DHCP IP address = 174.69 milliseconds
Average time to receive DHCP IP address = 13481.857 milliseconds
Maximum time to receive DHCP IP address = 173853.459 milliseconds

The CPU and memory usage numbers are saved in the file
dhcp_scale_cpu_memory_05122015_234445.log in the current directory

neutron-dhcp-agent average CPU usage    = 7.6 %
neutron-dhcp-agent average memory usage = 642361.0 kB
Average total system memory free        = 388873565.684 kB
Average total system CPU used %         = 3.76842105263 %


Waiting 60 seconds....

