
DHCP-network-0 and DHCP-subnet-0 already exist. Waiting for DHCP ports to be created....
2015-05-12 23:47:51.195411 : 9348 ports found. 9400 ports expected
2015-05-12 23:48:02.330781 : 9400 ports found. 9400 ports expected

sudo ip netns exec testns-DHCP-network-0 /usr/local/sbin/perfdhcp -4 -b mac=fa:16:00:00:00:00 -r 9400 -R 9400 -p 120 -l tape6922884-aa &> testns-DHCP-network-0_9400_05122015_234909.log &

Waiting for perfdhcp in all test namespaces to complete....

perfdhcp ended

Deleting remaining churned networks, subnets and ports

Total number of packets dropped = 741241
Total number of packets sent    = 743451
Packet drop % = 99.7027376384 %
Minimum time to receive DHCP IP address = 188.158 milliseconds
Average time to receive DHCP IP address = 16629.288 milliseconds
Maximum time to receive DHCP IP address = 107816.368 milliseconds

The CPU and memory usage numbers are saved in the file
dhcp_scale_cpu_memory_05122015_234909.log in the current directory

neutron-dhcp-agent average CPU usage    = 7.6 %
neutron-dhcp-agent average memory usage = 642361.0 kB
Average total system memory free        = 388864669.053 kB
Average total system CPU used %         = 3.75526315789 %


Waiting 60 seconds....

