
DHCP-network-0 and DHCP-subnet-0 already exist. Waiting for DHCP ports to be created....
2015-05-12 23:56:40.301444 : 9534 ports found. 9600 ports expected
2015-05-12 23:56:53.926488 : 9600 ports found. 9600 ports expected

sudo ip netns exec testns-DHCP-network-0 /usr/local/sbin/perfdhcp -4 -b mac=fa:16:00:00:00:00 -r 9600 -R 9600 -p 120 -l tape6922884-aa &> testns-DHCP-network-0_9600_05122015_235801.log &

Waiting for perfdhcp in all test namespaces to complete....

perfdhcp ended

Deleting remaining churned networks, subnets and ports

Total number of packets dropped = 750534
Total number of packets sent    = 751866
Packet drop % = 99.8228407722 %
Minimum time to receive DHCP IP address = 193.972 milliseconds
Average time to receive DHCP IP address = 27351.369 milliseconds
Maximum time to receive DHCP IP address = 113445.654 milliseconds

The CPU and memory usage numbers are saved in the file
dhcp_scale_cpu_memory_05122015_235801.log in the current directory

neutron-dhcp-agent average CPU usage    = 7.7 %
neutron-dhcp-agent average memory usage = 642361.0 kB
Average total system memory free        = 388842482.421 kB
Average total system CPU used %         = 3.87894736842 %


Waiting 60 seconds....

