
DHCP-network-0 and DHCP-subnet-0 already exist. Waiting for DHCP ports to be created....
2015-05-13 00:01:15.395586 : 9658 ports found. 9700 ports expected
2015-05-13 00:01:26.895438 : 9700 ports found. 9700 ports expected

sudo ip netns exec testns-DHCP-network-0 /usr/local/sbin/perfdhcp -4 -b mac=fa:16:00:00:00:00 -r 9700 -R 9700 -p 120 -l tape6922884-aa &> testns-DHCP-network-0_9700_05132015_000234.log &

Waiting for perfdhcp in all test namespaces to complete....

perfdhcp ended

Deleting remaining churned networks, subnets and ports

Total number of packets dropped = 757776
Total number of packets sent    = 758129
Packet drop % = 99.9534380033 %
Minimum time to receive DHCP IP address = 425.669 milliseconds
Average time to receive DHCP IP address = 92018.903 milliseconds
Maximum time to receive DHCP IP address = 119891.324 milliseconds

The CPU and memory usage numbers are saved in the file
dhcp_scale_cpu_memory_05132015_000234.log in the current directory

neutron-dhcp-agent average CPU usage    = 7.7 %
neutron-dhcp-agent average memory usage = 642361.0 kB
Average total system memory free        = 388828777.263 kB
Average total system CPU used %         = 3.84736842105 %


Waiting 60 seconds....

