
DHCP-network-0 and DHCP-subnet-0 already exist. Waiting for DHCP ports to be created....
2015-05-13 00:05:41.063856 : 9751 ports found. 9800 ports expected
2015-05-13 00:05:53.073627 : 9800 ports found. 9800 ports expected

sudo ip netns exec testns-DHCP-network-0 /usr/local/sbin/perfdhcp -4 -b mac=fa:16:00:00:00:00 -r 9800 -R 9800 -p 120 -l tape6922884-aa &> testns-DHCP-network-0_9800_05132015_000700.log &

Waiting for perfdhcp in all test namespaces to complete....

perfdhcp ended

Deleting remaining churned networks, subnets and ports

Total number of packets dropped = 762942
Total number of packets sent    = 763190
Packet drop % = 99.9675048153 %
Minimum time to receive DHCP IP address = 455.093 milliseconds
Average time to receive DHCP IP address = 91896.501 milliseconds
Maximum time to receive DHCP IP address = 120026.654 milliseconds

The CPU and memory usage numbers are saved in the file
dhcp_scale_cpu_memory_05132015_000700.log in the current directory

neutron-dhcp-agent average CPU usage    = 7.8 %
neutron-dhcp-agent average memory usage = 642361.0 kB
Average total system memory free        = 388814790.316 kB
Average total system CPU used %         = 3.98157894737 %


Waiting 60 seconds....

