   Active: active (running) since Fri 2015-02-06 17:48:51 EST; 1min 0s ago

Waiting 60 seconds after restarting neutron-server
systemctl status neutron-server.service | grep since
  
DHCP-network-0, DHCP-subnet-0, DHCP-port-0 created with 1.0.0.0/16
1: lo: <LOOPBACK,UP,LOWER_UP> mtu 65536 qdisc noqueue state UNKNOWN 
    link/loopback 00:00:00:00:00:00 brd 00:00:00:00:00:00
    inet 127.0.0.1/8 scope host lo
       valid_lft forever preferred_lft forever
    inet6 ::1/128 scope host 
       valid_lft forever preferred_lft forever
1316: tapf09e401c-1d: <BROADCAST,MULTICAST,UP,LOWER_UP> mtu 1500 qdisc noqueue state UNKNOWN 
    link/ether fa:16:3e:e6:c5:19 brd ff:ff:ff:ff:ff:ff
    inet 1.0.0.3/16 brd 1.0.255.255 scope global tapf09e401c-1d
       valid_lft forever preferred_lft forever
    inet 169.254.169.254/16 brd 169.254.255.255 scope global tapf09e401c-1d
       valid_lft forever preferred_lft forever
    inet6 fe80::f816:3eff:fee6:c519/64 scope link 
       valid_lft forever preferred_lft forever
1317: tap0ff42c59-3b: <BROADCAST,MULTICAST,UP,LOWER_UP> mtu 1500 qdisc noqueue state UNKNOWN 
    link/ether fa:16:3e:2a:f6:20 brd ff:ff:ff:ff:ff:ff
    inet 1.0.0.4/16 brd 1.0.255.255 scope global tap0ff42c59-3b
       valid_lft forever preferred_lft forever
    inet6 fe80::f816:3eff:fe2a:f620/64 scope link tentative 
       valid_lft forever preferred_lft forever
c5558270-55e2-4a79-b750-1677d474475b
    Bridge br-ex
        Port "eth2"
            Interface "eth2"
        Port "eth2\nbr-ex"
            Interface "eth2\nbr-ex"
        Port br-ex
            Interface br-ex
                type: internal
    Bridge "br-eth0"
        Port "eth0"
            Interface "eth0"
        Port "phy-br-eth0"
            Interface "phy-br-eth0"
        Port "br-eth0"
            Interface "br-eth0"
                type: internal
    Bridge br-int
        fail_mode: secure
        Port "tapf09e401c-1d"
            tag: 554
            Interface "tapf09e401c-1d"
                type: internal
        Port "int-br-eth0"
            Interface "int-br-eth0"
        Port br-int
            Interface br-int
                type: internal
        Port "tap0ff42c59-3b"
            Interface "tap0ff42c59-3b"
                type: internal
    ovs_version: "2.1.3"
Added 2nd test tap interface tap0ff42c59-3b in namespace of DHCP-network-0

Checking if 2nd tap interface added by DeviceManager exists in the namespace

sudo ip netns exec qdhcp-f6b07ab3-3366-4468-8602-8bc02a103d3c ip a

ovs-vsctl show


python dhcp_entries.py -m de:ae:00:00:00:00@1.0.0.5:1100@DHCP-network-0
Added 1100 test DHCP ports to DHCP-network-0
   Active: active (running) since Fri 2015-02-06 17:53:25 EST; 1min 0s ago
neutron-server average CPU usage        = 21.66 %
neutron-server average memory usage     = 614568.0 kB
neutron-dhcp-agent average CPU usage    = 56.9711111111 %
neutron-dhcp-agent average memory usage = 415211.0 kB
Average total system memory free        = 182101797.689 kB
Average total system CPU used %         = 6.56444444444 %

Waiting 60 seconds after restarting neutron-dhcp-agent.service...

  
1 processes still running. Waited 0.0508599281311 seconds.
2 processes still running. Waited 5.10287499428 seconds.
2 processes still running. Waited 10.1536428928 seconds.
2 processes still running. Waited 15.2041678429 seconds.
2 processes still running. Waited 20.2538979053 seconds.
2 processes still running. Waited 25.3016359806 seconds.
2 processes still running. Waited 30.3527109623 seconds.
2 processes still running. Waited 35.399862051 seconds.
2 processes still running. Waited 40.4458248615 seconds.
2 processes still running. Waited 45.4935479164 seconds.
2 processes still running. Waited 50.5422978401 seconds.
2 processes still running. Waited 55.5884199142 seconds.
2 processes still running. Waited 60.6433138847 seconds.
2 processes still running. Waited 65.6924059391 seconds.
2 processes still running. Waited 70.7397589684 seconds.
2 processes still running. Waited 75.7856609821 seconds.
2 processes still running. Waited 80.8326580524 seconds.
2 processes still running. Waited 85.8766658306 seconds.
2 processes still running. Waited 90.9254870415 seconds.
2 processes still running. Waited 95.9775338173 seconds.
2 processes still running. Waited 101.01762104 seconds.
2 processes still running. Waited 106.063849926 seconds.
2 processes still running. Waited 111.109030962 seconds.
2 processes still running. Waited 116.150156975 seconds.
2 processes still running. Waited 121.196043968 seconds.
2 processes still running. Waited 126.241886854 seconds.
2 processes still running. Waited 131.283614874 seconds.
2 processes still running. Waited 136.332348824 seconds.
2 processes still running. Waited 141.375828981 seconds.
Done!
Discover Sent    Offer Received    Request Sent    Ack Received    Avg Offer Delay           Avg Ack Delay
2944               1223               2929               1157               23.4927               30.5238     DHCP-network-0.log

Average time needed to receive DHCP IP  = 54.0165 seconds
The CPU and memory usage numbers are saved in the file
 dhcp_scale_cpu_memory_02062015_175425.log in the current directory

Min time needed to receive DHCP IP    = 0.165304 seconds
Median time needed to receive DHCP IP = 53.9431 seconds
Max time needed to receive DHCP IP    = 150.6056 seconds
Total number of DHCPDISCOVER retries  = 2944


 Sleeping 10 seconds after creating networks........


 Sleeping 10 seconds after DeviceManager........


 Sleeping 60 seconds after adding DHCP test ports........

