   Active: active (running) since Fri 2015-02-06 19:25:17 EST; 1min 0s ago

Waiting 60 seconds after restarting neutron-server
systemctl status neutron-server.service | grep since
  
DHCP-network-0, DHCP-subnet-0, DHCP-port-0 created with 1.0.0.0/16
1: lo: <LOOPBACK,UP,LOWER_UP> mtu 65536 qdisc noqueue state UNKNOWN 
    link/loopback 00:00:00:00:00:00 brd 00:00:00:00:00:00
    inet 127.0.0.1/8 scope host lo
       valid_lft forever preferred_lft forever
    inet6 ::1/128 scope host 
       valid_lft forever preferred_lft forever
1340: tapc65eb3a5-82: <BROADCAST,MULTICAST,UP,LOWER_UP> mtu 1500 qdisc noqueue state UNKNOWN 
    link/ether fa:16:3e:92:ec:d1 brd ff:ff:ff:ff:ff:ff
    inet 1.0.0.3/16 brd 1.0.255.255 scope global tapc65eb3a5-82
       valid_lft forever preferred_lft forever
    inet 169.254.169.254/16 brd 169.254.255.255 scope global tapc65eb3a5-82
       valid_lft forever preferred_lft forever
    inet6 fe80::f816:3eff:fe92:ecd1/64 scope link 
       valid_lft forever preferred_lft forever
1341: tap861e5adc-83: <BROADCAST,MULTICAST,UP,LOWER_UP> mtu 1500 qdisc noqueue state UNKNOWN 
    link/ether fa:16:3e:1a:24:1a brd ff:ff:ff:ff:ff:ff
    inet 1.0.0.4/16 brd 1.0.255.255 scope global tap861e5adc-83
       valid_lft forever preferred_lft forever
    inet6 fe80::f816:3eff:fe1a:241a/64 scope link tentative 
       valid_lft forever preferred_lft forever
c5558270-55e2-4a79-b750-1677d474475b
    Bridge br-ex
        Port "eth2"
            Interface "eth2"
        Port "eth2\nbr-ex"
            Interface "eth2\nbr-ex"
        Port br-ex
            Interface br-ex
                type: internal
    Bridge "br-eth0"
        Port "eth0"
            Interface "eth0"
        Port "phy-br-eth0"
            Interface "phy-br-eth0"
        Port "br-eth0"
            Interface "br-eth0"
                type: internal
    Bridge br-int
        fail_mode: secure
        Port "tap861e5adc-83"
            tag: 562
            Interface "tap861e5adc-83"
                type: internal
        Port "int-br-eth0"
            Interface "int-br-eth0"
        Port "tapc65eb3a5-82"
            tag: 562
            Interface "tapc65eb3a5-82"
                type: internal
        Port br-int
            Interface br-int
                type: internal
    ovs_version: "2.1.3"
Added 2nd test tap interface tap861e5adc-83 in namespace of DHCP-network-0

Checking if 2nd tap interface added by DeviceManager exists in the namespace

sudo ip netns exec qdhcp-561285b7-d53a-494c-a212-e030ba3c7ac4 ip a

ovs-vsctl show


python dhcp_entries.py -m de:ae:00:00:00:00@1.0.0.5:1900@DHCP-network-0
Added 1900 test DHCP ports to DHCP-network-0
   Active: active (running) since Fri 2015-02-06 19:31:05 EST; 1min 0s ago
neutron-server average CPU usage        = 29.4125 %
neutron-server average memory usage     = 674700.0 kB
neutron-dhcp-agent average CPU usage    = 70.73125 %
neutron-dhcp-agent average memory usage = 426719.0 kB
Average total system memory free        = 181888631.25 kB
Average total system CPU used %         = 8.1390625 %

Waiting 60 seconds after restarting neutron-dhcp-agent.service...

  
1 processes still running. Waited 0.0504369735718 seconds.
2 processes still running. Waited 5.10275006294 seconds.
2 processes still running. Waited 10.1502401829 seconds.
2 processes still running. Waited 15.2020611763 seconds.
2 processes still running. Waited 20.2497630119 seconds.
2 processes still running. Waited 25.2988250256 seconds.
2 processes still running. Waited 30.3464810848 seconds.
2 processes still running. Waited 35.3915951252 seconds.
2 processes still running. Waited 40.4431171417 seconds.
2 processes still running. Waited 45.4925181866 seconds.
2 processes still running. Waited 50.5481901169 seconds.
2 processes still running. Waited 55.5997030735 seconds.
2 processes still running. Waited 60.6495900154 seconds.
2 processes still running. Waited 65.6971850395 seconds.
2 processes still running. Waited 70.7444319725 seconds.
2 processes still running. Waited 75.7953560352 seconds.
2 processes still running. Waited 80.8466181755 seconds.
2 processes still running. Waited 85.8991560936 seconds.
2 processes still running. Waited 90.9439229965 seconds.
2 processes still running. Waited 95.9933969975 seconds.
2 processes still running. Waited 101.044006109 seconds.
2 processes still running. Waited 106.093526125 seconds.
2 processes still running. Waited 111.143085003 seconds.
2 processes still running. Waited 116.194489956 seconds.
2 processes still running. Waited 121.243396044 seconds.
2 processes still running. Waited 126.292385101 seconds.
2 processes still running. Waited 131.338829041 seconds.
2 processes still running. Waited 136.392166138 seconds.
2 processes still running. Waited 141.437265158 seconds.
2 processes still running. Waited 146.485995054 seconds.
2 processes still running. Waited 151.536026001 seconds.
2 processes still running. Waited 156.584717035 seconds.
2 processes still running. Waited 161.634793997 seconds.
2 processes still running. Waited 166.681319952 seconds.
2 processes still running. Waited 171.730164051 seconds.
2 processes still running. Waited 176.780893087 seconds.
2 processes still running. Waited 181.830518961 seconds.
2 processes still running. Waited 186.878273964 seconds.
2 processes still running. Waited 191.922953129 seconds.
2 processes still running. Waited 196.972016096 seconds.
2 processes still running. Waited 202.016189098 seconds.
Done!
Discover Sent    Offer Received    Request Sent    Ack Received    Avg Offer Delay           Avg Ack Delay
6336               1927               5268               1947               37.3353               35.0145     DHCP-network-0.log

Average time needed to receive DHCP IP  = 72.3498 seconds
The CPU and memory usage numbers are saved in the file
 dhcp_scale_cpu_memory_02062015_193205.log in the current directory

Min time needed to receive DHCP IP    = 0.575106 seconds
Median time needed to receive DHCP IP = 77.23777 seconds
Max time needed to receive DHCP IP    = 201.7312 seconds
Total number of DHCPDISCOVER retries  = 6336


 Sleeping 10 seconds after creating networks........


 Sleeping 10 seconds after DeviceManager........


 Sleeping 60 seconds after adding DHCP test ports........

