   Active: active (running) since Fri 2015-02-06 16:38:26 EST; 1min 0s ago

Waiting 60 seconds after restarting neutron-server
systemctl status neutron-server.service | grep since
  
DHCP-network-0, DHCP-subnet-0, DHCP-port-0 created with 1.0.0.0/16
1: lo: <LOOPBACK,UP,LOWER_UP> mtu 65536 qdisc noqueue state UNKNOWN 
    link/loopback 00:00:00:00:00:00 brd 00:00:00:00:00:00
    inet 127.0.0.1/8 scope host lo
       valid_lft forever preferred_lft forever
    inet6 ::1/128 scope host 
       valid_lft forever preferred_lft forever
1294: tap8004176c-f2: <BROADCAST,MULTICAST,UP,LOWER_UP> mtu 1500 qdisc noqueue state UNKNOWN 
    link/ether fa:16:3e:b8:0a:8d brd ff:ff:ff:ff:ff:ff
    inet 1.0.0.3/16 brd 1.0.255.255 scope global tap8004176c-f2
       valid_lft forever preferred_lft forever
    inet 169.254.169.254/16 brd 169.254.255.255 scope global tap8004176c-f2
       valid_lft forever preferred_lft forever
    inet6 fe80::f816:3eff:feb8:a8d/64 scope link 
       valid_lft forever preferred_lft forever
1295: tap2c0db793-67: <BROADCAST,MULTICAST,UP,LOWER_UP> mtu 1500 qdisc noqueue state UNKNOWN 
    link/ether fa:16:3e:12:bb:95 brd ff:ff:ff:ff:ff:ff
    inet 1.0.0.4/16 brd 1.0.255.255 scope global tap2c0db793-67
       valid_lft forever preferred_lft forever
    inet6 fe80::f816:3eff:fe12:bb95/64 scope link tentative 
       valid_lft forever preferred_lft forever
c5558270-55e2-4a79-b750-1677d474475b
    Bridge br-ex
        Port "eth2"
            Interface "eth2"
        Port "eth2\nbr-ex"
            Interface "eth2\nbr-ex"
        Port br-ex
            Interface br-ex
                type: internal
    Bridge "br-eth0"
        Port "eth0"
            Interface "eth0"
        Port "phy-br-eth0"
            Interface "phy-br-eth0"
        Port "br-eth0"
            Interface "br-eth0"
                type: internal
    Bridge br-int
        fail_mode: secure
        Port "int-br-eth0"
            Interface "int-br-eth0"
        Port br-int
            Interface br-int
                type: internal
        Port "tap2c0db793-67"
            Interface "tap2c0db793-67"
                type: internal
        Port "tap8004176c-f2"
            tag: 546
            Interface "tap8004176c-f2"
                type: internal
    ovs_version: "2.1.3"
Added 2nd test tap interface tap2c0db793-67 in namespace of DHCP-network-0

Checking if 2nd tap interface added by DeviceManager exists in the namespace

sudo ip netns exec qdhcp-eadc7824-6fc4-4985-bc17-a73523d0551b ip a

ovs-vsctl show


python dhcp_entries.py -m de:ae:00:00:00:00@1.0.0.5:300@DHCP-network-0
Added 300 test DHCP ports to DHCP-network-0
   Active: active (running) since Fri 2015-02-06 16:41:26 EST; 1min 0s ago
neutron-server average CPU usage        = 9.27619047619 %
neutron-server average memory usage     = 582653.809524 kB
neutron-dhcp-agent average CPU usage    = 0.685714285714 %
neutron-dhcp-agent average memory usage = 397070.0 kB
Average total system memory free        = 182121796.762 kB
Average total system CPU used %         = 4.5619047619 %

Waiting 60 seconds after restarting neutron-dhcp-agent.service...

  
1 processes still running. Waited 0.0465061664581 seconds.
2 processes still running. Waited 5.09307813644 seconds.
2 processes still running. Waited 10.1352670193 seconds.
2 processes still running. Waited 15.1802511215 seconds.
2 processes still running. Waited 20.2237551212 seconds.
2 processes still running. Waited 25.2720041275 seconds.
2 processes still running. Waited 30.3196640015 seconds.
2 processes still running. Waited 35.3753471375 seconds.
2 processes still running. Waited 40.4223020077 seconds.
2 processes still running. Waited 45.4675681591 seconds.
2 processes still running. Waited 50.5132770538 seconds.
2 processes still running. Waited 55.5612800121 seconds.
2 processes still running. Waited 60.6131060123 seconds.
Done!
Discover Sent    Offer Received    Request Sent    Ack Received    Avg Offer Delay           Avg Ack Delay
506               319               761               309               5.91373               18.0274     DHCP-network-0.log

Average time needed to receive DHCP IP  = 23.94113 seconds
The CPU and memory usage numbers are saved in the file
 dhcp_scale_cpu_memory_02062015_164226.log in the current directory

Min time needed to receive DHCP IP    = 0.151957 seconds
Median time needed to receive DHCP IP = 24.4837 seconds
Max time needed to receive DHCP IP    = 60.36 seconds
Total number of DHCPDISCOVER retries  = 506


 Sleeping 10 seconds after creating networks........


 Sleeping 10 seconds after DeviceManager........


 Sleeping 60 seconds after adding DHCP test ports........

