   Active: active (running) since Fri 2015-02-06 22:16:22 EST; 1min 0s ago

Waiting 60 seconds after restarting neutron-server
systemctl status neutron-server.service | grep since
  
DHCP-network-0, DHCP-subnet-0, DHCP-port-0 created with 1.0.0.0/16
1: lo: <LOOPBACK,UP,LOWER_UP> mtu 65536 qdisc noqueue state UNKNOWN 
    link/loopback 00:00:00:00:00:00 brd 00:00:00:00:00:00
    inet 127.0.0.1/8 scope host lo
       valid_lft forever preferred_lft forever
    inet6 ::1/128 scope host 
       valid_lft forever preferred_lft forever
1373: tap1510d3fa-f3: <BROADCAST,MULTICAST,UP,LOWER_UP> mtu 1500 qdisc noqueue state UNKNOWN 
    link/ether fa:16:3e:a1:4b:4e brd ff:ff:ff:ff:ff:ff
    inet 1.0.0.3/16 brd 1.0.255.255 scope global tap1510d3fa-f3
       valid_lft forever preferred_lft forever
    inet 169.254.169.254/16 brd 169.254.255.255 scope global tap1510d3fa-f3
       valid_lft forever preferred_lft forever
    inet6 fe80::f816:3eff:fea1:4b4e/64 scope link 
       valid_lft forever preferred_lft forever
1374: tap88069e78-f7: <BROADCAST,MULTICAST,UP,LOWER_UP> mtu 1500 qdisc noqueue state UNKNOWN 
    link/ether fa:16:3e:c7:cb:64 brd ff:ff:ff:ff:ff:ff
    inet 1.0.0.4/16 brd 1.0.255.255 scope global tap88069e78-f7
       valid_lft forever preferred_lft forever
    inet6 fe80::f816:3eff:fec7:cb64/64 scope link tentative 
       valid_lft forever preferred_lft forever
c5558270-55e2-4a79-b750-1677d474475b
    Bridge br-ex
        Port "eth2"
            Interface "eth2"
        Port "eth2\nbr-ex"
            Interface "eth2\nbr-ex"
        Port br-ex
            Interface br-ex
                type: internal
    Bridge "br-eth0"
        Port "eth0"
            Interface "eth0"
        Port "phy-br-eth0"
            Interface "phy-br-eth0"
        Port "br-eth0"
            Interface "br-eth0"
                type: internal
    Bridge br-int
        fail_mode: secure
        Port "tap88069e78-f7"
            Interface "tap88069e78-f7"
                type: internal
        Port "int-br-eth0"
            Interface "int-br-eth0"
        Port br-int
            Interface br-int
                type: internal
        Port "tap1510d3fa-f3"
            tag: 573
            Interface "tap1510d3fa-f3"
                type: internal
    ovs_version: "2.1.3"
Added 2nd test tap interface tap88069e78-f7 in namespace of DHCP-network-0

Checking if 2nd tap interface added by DeviceManager exists in the namespace

sudo ip netns exec qdhcp-abe02ba1-849d-42b8-91ae-42ce5da1ea83 ip a

ovs-vsctl show


python dhcp_entries.py -m de:ae:00:00:00:00@1.0.0.5:3000@DHCP-network-0
Added 3000 test DHCP ports to DHCP-network-0
   Active: active (running) since Fri 2015-02-06 22:23:55 EST; 1min 0s ago
neutron-server average CPU usage        = 36.5271604938 %
neutron-server average memory usage     = 728702.0 kB
neutron-dhcp-agent average CPU usage    = 78.9320987654 %
neutron-dhcp-agent average memory usage = 446448.0 kB
Average total system memory free        = 181505821.284 kB
Average total system CPU used %         = 10.1061728395 %

Waiting 60 seconds after restarting neutron-dhcp-agent.service...

  
1 processes still running. Waited 0.0486469268799 seconds.
2 processes still running. Waited 5.0981900692 seconds.
2 processes still running. Waited 10.14990592 seconds.
2 processes still running. Waited 15.1993689537 seconds.
2 processes still running. Waited 20.2483789921 seconds.
2 processes still running. Waited 25.2973079681 seconds.
2 processes still running. Waited 30.3490941525 seconds.
2 processes still running. Waited 35.4010310173 seconds.
2 processes still running. Waited 40.4530091286 seconds.
2 processes still running. Waited 45.5023100376 seconds.
2 processes still running. Waited 50.549726963 seconds.
2 processes still running. Waited 55.6026449203 seconds.
2 processes still running. Waited 60.6508319378 seconds.
2 processes still running. Waited 65.6999270916 seconds.
2 processes still running. Waited 70.7497339249 seconds.
2 processes still running. Waited 75.794834137 seconds.
2 processes still running. Waited 80.8462891579 seconds.
2 processes still running. Waited 85.8956410885 seconds.
2 processes still running. Waited 90.945704937 seconds.
2 processes still running. Waited 95.9958059788 seconds.
2 processes still running. Waited 101.045077085 seconds.
2 processes still running. Waited 106.092019081 seconds.
2 processes still running. Waited 111.151327133 seconds.
2 processes still running. Waited 116.207121134 seconds.
2 processes still running. Waited 121.256781101 seconds.
2 processes still running. Waited 126.310152054 seconds.
2 processes still running. Waited 131.357221127 seconds.
2 processes still running. Waited 136.405409098 seconds.
2 processes still running. Waited 141.454458952 seconds.
2 processes still running. Waited 146.501946926 seconds.
2 processes still running. Waited 151.548975945 seconds.
2 processes still running. Waited 156.591478109 seconds.
2 processes still running. Waited 161.639699936 seconds.
2 processes still running. Waited 166.691492081 seconds.
2 processes still running. Waited 171.741125107 seconds.
2 processes still running. Waited 176.798617125 seconds.
2 processes still running. Waited 181.848590136 seconds.
2 processes still running. Waited 186.892802 seconds.
2 processes still running. Waited 191.937154055 seconds.
2 processes still running. Waited 196.984136105 seconds.
2 processes still running. Waited 202.030394077 seconds.
2 processes still running. Waited 207.076990128 seconds.
2 processes still running. Waited 212.124634027 seconds.
2 processes still running. Waited 217.174236059 seconds.
2 processes still running. Waited 222.221138954 seconds.
2 processes still running. Waited 227.268795013 seconds.
2 processes still running. Waited 232.316210032 seconds.
2 processes still running. Waited 237.362798929 seconds.
2 processes still running. Waited 242.411199093 seconds.
2 processes still running. Waited 247.466081142 seconds.
2 processes still running. Waited 252.51176095 seconds.
2 processes still running. Waited 257.560323 seconds.
Done!
Discover Sent    Offer Received    Request Sent    Ack Received    Avg Offer Delay           Avg Ack Delay
12026               3099               9438               3095               53.0308               43.2167     DHCP-network-0.log

Average time needed to receive DHCP IP  = 96.2475 seconds
The CPU and memory usage numbers are saved in the file
 dhcp_scale_cpu_memory_02062015_222455.log in the current directory

Min time needed to receive DHCP IP    = 0.144276 seconds
Median time needed to receive DHCP IP = 96.3089 seconds
Max time needed to receive DHCP IP    = 253.831 seconds
Total number of DHCPDISCOVER retries  = 12026


 Sleeping 10 seconds after creating networks........


 Sleeping 10 seconds after DeviceManager........


 Sleeping 60 seconds after adding DHCP test ports........

