   Active: active (running) since Fri 2015-02-06 22:52:16 EST; 1min 0s ago

Waiting 60 seconds after restarting neutron-server
systemctl status neutron-server.service | grep since
  
DHCP-network-0, DHCP-subnet-0, DHCP-port-0 created with 1.0.0.0/16
1: lo: <LOOPBACK,UP,LOWER_UP> mtu 65536 qdisc noqueue state UNKNOWN 
    link/loopback 00:00:00:00:00:00 brd 00:00:00:00:00:00
    inet 127.0.0.1/8 scope host lo
       valid_lft forever preferred_lft forever
    inet6 ::1/128 scope host 
       valid_lft forever preferred_lft forever
1379: tap58143ad0-37: <BROADCAST,MULTICAST,UP,LOWER_UP> mtu 1500 qdisc noqueue state UNKNOWN 
    link/ether fa:16:3e:ff:90:1b brd ff:ff:ff:ff:ff:ff
    inet 1.0.0.3/16 brd 1.0.255.255 scope global tap58143ad0-37
       valid_lft forever preferred_lft forever
    inet 169.254.169.254/16 brd 169.254.255.255 scope global tap58143ad0-37
       valid_lft forever preferred_lft forever
    inet6 fe80::f816:3eff:feff:901b/64 scope link 
       valid_lft forever preferred_lft forever
1380: tap0e6b9541-57: <BROADCAST,MULTICAST,UP,LOWER_UP> mtu 1500 qdisc noqueue state UNKNOWN 
    link/ether fa:16:3e:81:b9:99 brd ff:ff:ff:ff:ff:ff
    inet 1.0.0.4/16 brd 1.0.255.255 scope global tap0e6b9541-57
       valid_lft forever preferred_lft forever
    inet6 fe80::f816:3eff:fe81:b999/64 scope link tentative 
       valid_lft forever preferred_lft forever
c5558270-55e2-4a79-b750-1677d474475b
    Bridge br-ex
        Port "eth2"
            Interface "eth2"
        Port "eth2\nbr-ex"
            Interface "eth2\nbr-ex"
        Port br-ex
            Interface br-ex
                type: internal
    Bridge "br-eth0"
        Port "eth0"
            Interface "eth0"
        Port "phy-br-eth0"
            Interface "phy-br-eth0"
        Port "br-eth0"
            Interface "br-eth0"
                type: internal
    Bridge br-int
        fail_mode: secure
        Port "tap58143ad0-37"
            tag: 575
            Interface "tap58143ad0-37"
                type: internal
        Port "int-br-eth0"
            Interface "int-br-eth0"
        Port "tap0e6b9541-57"
            Interface "tap0e6b9541-57"
                type: internal
        Port br-int
            Interface br-int
                type: internal
    ovs_version: "2.1.3"
Added 2nd test tap interface tap0e6b9541-57 in namespace of DHCP-network-0

Checking if 2nd tap interface added by DeviceManager exists in the namespace

sudo ip netns exec qdhcp-97c53433-4f39-46ac-9d43-aab37e3999c0 ip a

ovs-vsctl show


python dhcp_entries.py -m de:ae:00:00:00:00@1.0.0.5:3200@DHCP-network-0
Added 3200 test DHCP ports to DHCP-network-0
   Active: active (running) since Fri 2015-02-06 23:00:11 EST; 1min 0s ago
neutron-server average CPU usage        = 38.217721519 %
neutron-server average memory usage     = 765365.0 kB
neutron-dhcp-agent average CPU usage    = 79.7379746835 %
neutron-dhcp-agent average memory usage = 449911.0 kB
Average total system memory free        = 181362215.747 kB
Average total system CPU used %         = 11.0113924051 %

Waiting 60 seconds after restarting neutron-dhcp-agent.service...

  
1 processes still running. Waited 0.0458271503448 seconds.
2 processes still running. Waited 5.09669399261 seconds.
2 processes still running. Waited 10.1471061707 seconds.
2 processes still running. Waited 15.1976602077 seconds.
2 processes still running. Waited 20.2456891537 seconds.
2 processes still running. Waited 25.2917480469 seconds.
2 processes still running. Waited 30.3477621078 seconds.
2 processes still running. Waited 35.4223270416 seconds.
2 processes still running. Waited 40.4681620598 seconds.
2 processes still running. Waited 45.5168550014 seconds.
2 processes still running. Waited 50.5667052269 seconds.
2 processes still running. Waited 55.6158401966 seconds.
2 processes still running. Waited 60.6664581299 seconds.
2 processes still running. Waited 65.7099301815 seconds.
2 processes still running. Waited 70.7843191624 seconds.
2 processes still running. Waited 75.8356320858 seconds.
2 processes still running. Waited 80.889508009 seconds.
2 processes still running. Waited 85.9362530708 seconds.
2 processes still running. Waited 90.9882850647 seconds.
2 processes still running. Waited 96.0363731384 seconds.
2 processes still running. Waited 101.085763216 seconds.
2 processes still running. Waited 106.134938002 seconds.
2 processes still running. Waited 111.186040163 seconds.
2 processes still running. Waited 116.234641075 seconds.
2 processes still running. Waited 121.293147087 seconds.
2 processes still running. Waited 126.344882011 seconds.
2 processes still running. Waited 131.39085722 seconds.
2 processes still running. Waited 136.439564228 seconds.
2 processes still running. Waited 141.48566699 seconds.
2 processes still running. Waited 146.535087109 seconds.
2 processes still running. Waited 151.584720135 seconds.
2 processes still running. Waited 156.632264137 seconds.
2 processes still running. Waited 161.681970119 seconds.
2 processes still running. Waited 166.731532097 seconds.
2 processes still running. Waited 171.780540228 seconds.
2 processes still running. Waited 176.831956148 seconds.
2 processes still running. Waited 181.877515078 seconds.
2 processes still running. Waited 186.924718142 seconds.
2 processes still running. Waited 191.972079992 seconds.
2 processes still running. Waited 197.021119118 seconds.
2 processes still running. Waited 202.069846153 seconds.
2 processes still running. Waited 207.124997139 seconds.
2 processes still running. Waited 212.167369127 seconds.
2 processes still running. Waited 217.213694096 seconds.
2 processes still running. Waited 222.262462139 seconds.
2 processes still running. Waited 227.318346024 seconds.
2 processes still running. Waited 232.367775202 seconds.
2 processes still running. Waited 237.41537714 seconds.
2 processes still running. Waited 242.464229107 seconds.
2 processes still running. Waited 247.510421038 seconds.
2 processes still running. Waited 252.557843208 seconds.
Done!
Discover Sent    Offer Received    Request Sent    Ack Received    Avg Offer Delay           Avg Ack Delay
12288               3310               10275               3326               51.4284               44.3136     DHCP-network-0.log

Average time needed to receive DHCP IP  = 95.742 seconds
The CPU and memory usage numbers are saved in the file
 dhcp_scale_cpu_memory_02062015_230111.log in the current directory

Min time needed to receive DHCP IP    = 1.01971 seconds
Median time needed to receive DHCP IP = 90.1932 seconds
Max time needed to receive DHCP IP    = 249.212 seconds
Total number of DHCPDISCOVER retries  = 12288


 Sleeping 10 seconds after creating networks........


 Sleeping 10 seconds after DeviceManager........


 Sleeping 60 seconds after adding DHCP test ports........

