   Active: active (running) since Sat 2015-02-07 01:09:54 EST; 1min 0s ago

Waiting 60 seconds after restarting neutron-server
systemctl status neutron-server.service | grep since
  
DHCP-network-0, DHCP-subnet-0, DHCP-port-0 created with 1.0.0.0/16
1: lo: <LOOPBACK,UP,LOWER_UP> mtu 65536 qdisc noqueue state UNKNOWN 
    link/loopback 00:00:00:00:00:00 brd 00:00:00:00:00:00
    inet 127.0.0.1/8 scope host lo
       valid_lft forever preferred_lft forever
    inet6 ::1/128 scope host 
       valid_lft forever preferred_lft forever
1400: tapaea50a69-2f: <BROADCAST,MULTICAST,UP,LOWER_UP> mtu 1500 qdisc noqueue state UNKNOWN 
    link/ether fa:16:3e:e9:d4:67 brd ff:ff:ff:ff:ff:ff
    inet 1.0.0.3/16 brd 1.0.255.255 scope global tapaea50a69-2f
       valid_lft forever preferred_lft forever
    inet 169.254.169.254/16 brd 169.254.255.255 scope global tapaea50a69-2f
       valid_lft forever preferred_lft forever
    inet6 fe80::f816:3eff:fee9:d467/64 scope link 
       valid_lft forever preferred_lft forever
1401: tap2b5f2956-76: <BROADCAST,MULTICAST,UP,LOWER_UP> mtu 1500 qdisc noqueue state UNKNOWN 
    link/ether fa:16:3e:28:53:cd brd ff:ff:ff:ff:ff:ff
    inet 1.0.0.4/16 brd 1.0.255.255 scope global tap2b5f2956-76
       valid_lft forever preferred_lft forever
    inet6 fe80::f816:3eff:fe28:53cd/64 scope link tentative 
       valid_lft forever preferred_lft forever
c5558270-55e2-4a79-b750-1677d474475b
    Bridge br-ex
        Port "eth2"
            Interface "eth2"
        Port "eth2\nbr-ex"
            Interface "eth2\nbr-ex"
        Port br-ex
            Interface br-ex
                type: internal
    Bridge "br-eth0"
        Port "eth0"
            Interface "eth0"
        Port "phy-br-eth0"
            Interface "phy-br-eth0"
        Port "br-eth0"
            Interface "br-eth0"
                type: internal
    Bridge br-int
        fail_mode: secure
        Port "tap2b5f2956-76"
            Interface "tap2b5f2956-76"
                type: internal
        Port "int-br-eth0"
            Interface "int-br-eth0"
        Port "tapaea50a69-2f"
            tag: 582
            Interface "tapaea50a69-2f"
                type: internal
        Port br-int
            Interface br-int
                type: internal
    ovs_version: "2.1.3"
Added 2nd test tap interface tap2b5f2956-76 in namespace of DHCP-network-0

Checking if 2nd tap interface added by DeviceManager exists in the namespace

sudo ip netns exec qdhcp-9ba33dde-d640-4eee-9562-5cbc1ba1fd3e ip a

ovs-vsctl show


python dhcp_entries.py -m de:ae:00:00:00:00@1.0.0.5:3900@DHCP-network-0
Added 3900 test DHCP ports to DHCP-network-0
   Active: active (running) since Sat 2015-02-07 01:19:03 EST; 1min 0s ago
neutron-server average CPU usage        = 41.4840909091 %
neutron-server average memory usage     = 778138.0 kB
neutron-dhcp-agent average CPU usage    = 79.1136363636 %
neutron-dhcp-agent average memory usage = 463668.0 kB
Average total system memory free        = 181000803.318 kB
Average total system CPU used %         = 12.4772727273 %

Waiting 60 seconds after restarting neutron-dhcp-agent.service...

  
1 processes still running. Waited 0.0490159988403 seconds.
2 processes still running. Waited 5.09511208534 seconds.
2 processes still running. Waited 10.1447381973 seconds.
2 processes still running. Waited 15.1930580139 seconds.
2 processes still running. Waited 20.2441530228 seconds.
2 processes still running. Waited 25.2957811356 seconds.
2 processes still running. Waited 30.3471200466 seconds.
2 processes still running. Waited 35.3934621811 seconds.
2 processes still running. Waited 40.4458601475 seconds.
2 processes still running. Waited 45.5070431232 seconds.
2 processes still running. Waited 50.5551052094 seconds.
2 processes still running. Waited 55.6058661938 seconds.
2 processes still running. Waited 60.6584541798 seconds.
2 processes still running. Waited 65.7053852081 seconds.
2 processes still running. Waited 70.7564871311 seconds.
2 processes still running. Waited 75.8147170544 seconds.
2 processes still running. Waited 80.8676290512 seconds.
2 processes still running. Waited 85.9163300991 seconds.
2 processes still running. Waited 90.9627900124 seconds.
2 processes still running. Waited 96.0155920982 seconds.
2 processes still running. Waited 101.067455053 seconds.
2 processes still running. Waited 106.114033222 seconds.
2 processes still running. Waited 111.158105135 seconds.
2 processes still running. Waited 116.20580411 seconds.
2 processes still running. Waited 121.258995056 seconds.
2 processes still running. Waited 126.311424017 seconds.
2 processes still running. Waited 131.35614419 seconds.
2 processes still running. Waited 136.408446074 seconds.
2 processes still running. Waited 141.467622042 seconds.
2 processes still running. Waited 146.515991211 seconds.
2 processes still running. Waited 151.563985109 seconds.
2 processes still running. Waited 156.609308004 seconds.
2 processes still running. Waited 161.655508041 seconds.
2 processes still running. Waited 166.70939517 seconds.
2 processes still running. Waited 171.759525061 seconds.
2 processes still running. Waited 176.806160212 seconds.
2 processes still running. Waited 181.854946136 seconds.
2 processes still running. Waited 186.904160023 seconds.
2 processes still running. Waited 191.952848196 seconds.
2 processes still running. Waited 196.998026133 seconds.
2 processes still running. Waited 202.045449018 seconds.
2 processes still running. Waited 207.090960026 seconds.
2 processes still running. Waited 212.138734102 seconds.
2 processes still running. Waited 217.187688112 seconds.
2 processes still running. Waited 222.234300137 seconds.
2 processes still running. Waited 227.279896021 seconds.
2 processes still running. Waited 232.32490921 seconds.
2 processes still running. Waited 237.371107101 seconds.
2 processes still running. Waited 242.427523136 seconds.
2 processes still running. Waited 247.475950003 seconds.
2 processes still running. Waited 252.520333052 seconds.
2 processes still running. Waited 257.569769144 seconds.
2 processes still running. Waited 262.614497185 seconds.
2 processes still running. Waited 267.660097122 seconds.
2 processes still running. Waited 272.70760417 seconds.
2 processes still running. Waited 277.757750988 seconds.
2 processes still running. Waited 282.806715012 seconds.
Done!
Discover Sent    Offer Received    Request Sent    Ack Received    Avg Offer Delay           Avg Ack Delay
16730               4042               13642               4037               64.9027               51.9875     DHCP-network-0.log

Average time needed to receive DHCP IP  = 116.8902 seconds
The CPU and memory usage numbers are saved in the file
 dhcp_scale_cpu_memory_02072015_012003.log in the current directory

Min time needed to receive DHCP IP    = 0.148901 seconds
Median time needed to receive DHCP IP = 117.13515 seconds
Max time needed to receive DHCP IP    = 281.699235 seconds
Total number of DHCPDISCOVER retries  = 16730


 Sleeping 10 seconds after creating networks........


 Sleeping 10 seconds after DeviceManager........


 Sleeping 60 seconds after adding DHCP test ports........

