   Active: active (running) since Sat 2015-02-07 01:30:40 EST; 1min 0s ago

Waiting 60 seconds after restarting neutron-server
systemctl status neutron-server.service | grep since
  
DHCP-network-0, DHCP-subnet-0, DHCP-port-0 created with 1.0.0.0/16
1: lo: <LOOPBACK,UP,LOWER_UP> mtu 65536 qdisc noqueue state UNKNOWN 
    link/loopback 00:00:00:00:00:00 brd 00:00:00:00:00:00
    inet 127.0.0.1/8 scope host lo
       valid_lft forever preferred_lft forever
    inet6 ::1/128 scope host 
       valid_lft forever preferred_lft forever
1403: tap92215d1f-0e: <BROADCAST,MULTICAST,UP,LOWER_UP> mtu 1500 qdisc noqueue state UNKNOWN 
    link/ether fa:16:3e:56:fb:cb brd ff:ff:ff:ff:ff:ff
    inet 1.0.0.3/16 brd 1.0.255.255 scope global tap92215d1f-0e
       valid_lft forever preferred_lft forever
    inet 169.254.169.254/16 brd 169.254.255.255 scope global tap92215d1f-0e
       valid_lft forever preferred_lft forever
    inet6 fe80::f816:3eff:fe56:fbcb/64 scope link 
       valid_lft forever preferred_lft forever
1404: tap69a481e8-66: <BROADCAST,MULTICAST,UP,LOWER_UP> mtu 1500 qdisc noqueue state UNKNOWN 
    link/ether fa:16:3e:15:d7:d3 brd ff:ff:ff:ff:ff:ff
    inet 1.0.0.4/16 brd 1.0.255.255 scope global tap69a481e8-66
       valid_lft forever preferred_lft forever
    inet6 fe80::f816:3eff:fe15:d7d3/64 scope link tentative 
       valid_lft forever preferred_lft forever
c5558270-55e2-4a79-b750-1677d474475b
    Bridge br-ex
        Port "eth2"
            Interface "eth2"
        Port "eth2\nbr-ex"
            Interface "eth2\nbr-ex"
        Port br-ex
            Interface br-ex
                type: internal
    Bridge "br-eth0"
        Port "eth0"
            Interface "eth0"
        Port "phy-br-eth0"
            Interface "phy-br-eth0"
        Port "br-eth0"
            Interface "br-eth0"
                type: internal
    Bridge br-int
        fail_mode: secure
        Port "int-br-eth0"
            Interface "int-br-eth0"
        Port "tap92215d1f-0e"
            tag: 583
            Interface "tap92215d1f-0e"
                type: internal
        Port br-int
            Interface br-int
                type: internal
        Port "tap69a481e8-66"
            Interface "tap69a481e8-66"
                type: internal
    ovs_version: "2.1.3"
Added 2nd test tap interface tap69a481e8-66 in namespace of DHCP-network-0

Checking if 2nd tap interface added by DeviceManager exists in the namespace

sudo ip netns exec qdhcp-c8785f98-84dc-45d1-befc-8d62127ffa8d ip a

ovs-vsctl show


python dhcp_entries.py -m de:ae:00:00:00:00@1.0.0.5:4000@DHCP-network-0
Added 4000 test DHCP ports to DHCP-network-0
   Active: active (running) since Sat 2015-02-07 01:39:58 EST; 1min 0s ago

Waiting 60 seconds after restarting neutron-dhcp-agent.service...

  
1 processes still running. Waited 0.0464930534363 seconds.
2 processes still running. Waited 5.09906291962 seconds.
2 processes still running. Waited 10.1504991055 seconds.
2 processes still running. Waited 15.2098240852 seconds.
2 processes still running. Waited 20.2613909245 seconds.
2 processes still running. Waited 25.3123819828 seconds.
2 processes still running. Waited 30.3623099327 seconds.
2 processes still running. Waited 35.4135110378 seconds.
2 processes still running. Waited 40.4657440186 seconds.
2 processes still running. Waited 45.5137228966 seconds.
2 processes still running. Waited 50.5644629002 seconds.
2 processes still running. Waited 55.6146059036 seconds.
2 processes still running. Waited 60.663230896 seconds.
2 processes still running. Waited 65.7137200832 seconds.
2 processes still running. Waited 70.7611200809 seconds.
2 processes still running. Waited 75.8070399761 seconds.
2 processes still running. Waited 80.8559479713 seconds.
2 processes still running. Waited 85.9064109325 seconds.
2 processes still running. Waited 90.9558370113 seconds.
2 processes still running. Waited 96.0051839352 seconds.
2 processes still running. Waited 101.053416014 seconds.
2 processes still running. Waited 106.104995966 seconds.
2 processes still running. Waited 111.158008099 seconds.
2 processes still running. Waited 116.2100389 seconds.
2 processes still running. Waited 121.259465933 seconds.
2 processes still running. Waited 126.312252998 seconds.
2 processes still running. Waited 131.35987401 seconds.
2 processes still running. Waited 136.409095049 seconds.
2 processes still running. Waited 141.454329014 seconds.
2 processes still running. Waited 146.502775908 seconds.
2 processes still running. Waited 151.548947096 seconds.
2 processes still running. Waited 156.593916893 seconds.
2 processes still running. Waited 161.640194893 seconds.
2 processes still running. Waited 166.690928936 seconds.
2 processes still running. Waited 171.74000001 seconds.
2 processes still running. Waited 176.790494919 seconds.
2 processes still running. Waited 181.839319944 seconds.
2 processes still running. Waited 186.894716024 seconds.
2 processes still running. Waited 191.941741943 seconds.
2 processes still running. Waited 196.991629124 seconds.
2 processes still running. Waited 202.039698124 seconds.
2 processes still running. Waited 207.088973999 seconds.
2 processes still running. Waited 212.137255907 seconds.
2 processes still running. Waited 217.187093973 seconds.
2 processes still running. Waited 222.235275984 seconds.
2 processes still running. Waited 227.286546946 seconds.
2 processes still running. Waited 232.336036921 seconds.
2 processes still running. Waited 237.38442111 seconds.
2 processes still running. Waited 242.436753988 seconds.
2 processes still running. Waited 247.485476017 seconds.
2 processes still running. Waited 252.528899908 seconds.
2 processes still running. Waited 257.576931 seconds.
2 processes still running. Waited 262.622066021 seconds.
2 processes still running. Waited 267.669636011 seconds.
2 processes still running. Waited 272.719572067 seconds.
2 processes still running. Waited 277.76889801 seconds.
2 processes still running. Waited 282.818187952 seconds.
2 processes still running. Waited 287.866205931 seconds.
2 processes still running. Waited 292.908370018 seconds.
2 processes still running. Waited 297.954618931 seconds.
Done!
Discover Sent    Offer Received    Request Sent    Ack Received    Avg Offer Delay           Avg Ack Delay
16834               4143               13253               4156               59.7363               48.0242     DHCP-network-0.log

Average time needed to receive DHCP IP  = 107.7605 seconds
The CPU and memory usage numbers are saved in the file
 dhcp_scale_cpu_memory_02072015_014058.log in the current directory

Min time needed to receive DHCP IP    = 0.153256 seconds
Median time needed to receive DHCP IP = 107.9724 seconds
Max time needed to receive DHCP IP    = 295.075986 seconds
Total numberneutron-server average CPU usage        = 41.2795698925 %
neutron-server average memory usage     = 787206.0 kB
neutron-dhcp-agent average CPU usage    = 83.0591397849 %
neutron-dhcp-agent average memory usage = 465524.096774 kB
Average total system memory free        = 180908901.72 kB
Average total system CPU used %         = 11.9161290323 %
 of DHCPDISCOVER retries  = 16834


 Sleeping 10 seconds after creating networks........


 Sleeping 10 seconds after DeviceManager........


 Sleeping 60 seconds after adding DHCP test ports........

