   Active: active (running) since Sat 2015-02-07 02:13:39 EST; 1min 0s ago

Waiting 60 seconds after restarting neutron-server
systemctl status neutron-server.service | grep since
  
DHCP-network-0, DHCP-subnet-0, DHCP-port-0 created with 1.0.0.0/16
1: lo: <LOOPBACK,UP,LOWER_UP> mtu 65536 qdisc noqueue state UNKNOWN 
    link/loopback 00:00:00:00:00:00 brd 00:00:00:00:00:00
    inet 127.0.0.1/8 scope host lo
       valid_lft forever preferred_lft forever
    inet6 ::1/128 scope host 
       valid_lft forever preferred_lft forever
1409: tapde6d03cd-e6: <BROADCAST,MULTICAST,UP,LOWER_UP> mtu 1500 qdisc noqueue state UNKNOWN 
    link/ether fa:16:3e:ec:c0:31 brd ff:ff:ff:ff:ff:ff
    inet 1.0.0.3/16 brd 1.0.255.255 scope global tapde6d03cd-e6
       valid_lft forever preferred_lft forever
    inet 169.254.169.254/16 brd 169.254.255.255 scope global tapde6d03cd-e6
       valid_lft forever preferred_lft forever
    inet6 fe80::f816:3eff:feec:c031/64 scope link 
       valid_lft forever preferred_lft forever
1410: tap9f270393-62: <BROADCAST,MULTICAST,UP,LOWER_UP> mtu 1500 qdisc noqueue state UNKNOWN 
    link/ether fa:16:3e:c2:2a:40 brd ff:ff:ff:ff:ff:ff
    inet 1.0.0.4/16 brd 1.0.255.255 scope global tap9f270393-62
       valid_lft forever preferred_lft forever
    inet6 fe80::f816:3eff:fec2:2a40/64 scope link tentative 
       valid_lft forever preferred_lft forever
c5558270-55e2-4a79-b750-1677d474475b
    Bridge br-ex
        Port "eth2"
            Interface "eth2"
        Port "eth2\nbr-ex"
            Interface "eth2\nbr-ex"
        Port br-ex
            Interface br-ex
                type: internal
    Bridge "br-eth0"
        Port "eth0"
            Interface "eth0"
        Port "phy-br-eth0"
            Interface "phy-br-eth0"
        Port "br-eth0"
            Interface "br-eth0"
                type: internal
    Bridge br-int
        fail_mode: secure
        Port "tap9f270393-62"
            Interface "tap9f270393-62"
                type: internal
        Port "int-br-eth0"
            Interface "int-br-eth0"
        Port br-int
            Interface br-int
                type: internal
        Port "tapde6d03cd-e6"
            tag: 585
            Interface "tapde6d03cd-e6"
                type: internal
    ovs_version: "2.1.3"
Added 2nd test tap interface tap9f270393-62 in namespace of DHCP-network-0

Checking if 2nd tap interface added by DeviceManager exists in the namespace

sudo ip netns exec qdhcp-cd474d54-af2a-43a9-9258-1e920688740e ip a

ovs-vsctl show


python dhcp_entries.py -m de:ae:00:00:00:00@1.0.0.5:4200@DHCP-network-0
Added 4200 test DHCP ports to DHCP-network-0
   Active: active (running) since Sat 2015-02-07 02:23:18 EST; 1min 0s ago

Waiting 60 seconds after restarting neutron-dhcp-agent.service...

  
1 processes still running. Waited 0.0500009059906 seconds.
2 processes still running. Waited 5.10118293762 seconds.
2 processes still running. Waited 10.1507148743 seconds.
2 processes still running. Waited 15.2030239105 seconds.
2 processes still running. Waited 20.2564339638 seconds.
2 processes still running. Waited 25.3061797619 seconds.
2 processes still running. Waited 30.3584418297 seconds.
2 processes still running. Waited 35.4159958363 seconds.
2 processes still running. Waited 40.4669158459 seconds.
2 processes still running. Waited 45.5223228931 seconds.
2 processes still running. Waited 50.572508812 seconds.
2 processes still running. Waited 55.6233718395 seconds.
2 processes still running. Waited 60.6726968288 seconds.
2 processes still running. Waited 65.7203578949 seconds.
2 processes still running. Waited 70.7702679634 seconds.
2 processes still running. Waited 75.8169848919 seconds.
2 processes still running. Waited 80.8685948849 seconds.
2 processes still running. Waited 85.9191539288 seconds.
2 processes still running. Waited 90.9731228352 seconds.
2 processes still running. Waited 96.0226948261 seconds.
2 processes still running. Waited 101.072321892 seconds.
2 processes still running. Waited 106.12357378 seconds.
2 processes still running. Waited 111.175431967 seconds.
2 processes still running. Waited 116.228743792 seconds.
2 processes still running. Waited 121.278624773 seconds.
2 processes still running. Waited 126.328954935 seconds.
2 processes still running. Waited 131.377803802 seconds.
2 processes still running. Waited 136.428066969 seconds.
2 processes still running. Waited 141.476275921 seconds.
2 processes still running. Waited 146.528007984 seconds.
2 processes still running. Waited 151.586488962 seconds.
2 processes still running. Waited 156.636676788 seconds.
2 processes still running. Waited 161.683278799 seconds.
2 processes still running. Waited 166.732969999 seconds.
2 processes still running. Waited 171.780925989 seconds.
2 processes still running. Waited 176.82868886 seconds.
2 processes still running. Waited 181.878893852 seconds.
2 processes still running. Waited 186.929454803 seconds.
2 processes still running. Waited 191.983105898 seconds.
2 processes still running. Waited 197.031153917 seconds.
2 processes still running. Waited 202.081011772 seconds.
2 processes still running. Waited 207.129886866 seconds.
2 processes still running. Waited 212.179162979 seconds.
2 processes still running. Waited 217.226616859 seconds.
2 processes still running. Waited 222.274448872 seconds.
2 processes still running. Waited 227.322806835 seconds.
2 processes still running. Waited 232.37263298 seconds.
2 processes still running. Waited 237.417533875 seconds.
2 processes still running. Waited 242.465412855 seconds.
2 processes still running. Waited 247.512208939 seconds.
2 processes still running. Waited 252.56336689 seconds.
2 processes still running. Waited 257.61282897 seconds.
2 processes still running. Waited 262.66055584 seconds.
2 processes still running. Waited 267.710906982 seconds.
2 processes still running. Waited 272.759064913 seconds.
2 processes still running. Waited 277.807797909 seconds.
2 processes still running. Waited 282.857524872 seconds.
2 processes still running. Waited 287.905468941 seconds.
2 processes still running. Waited 292.956015825 seconds.
2 processes still running. Waited 298.005765915 seconds.
Done!
Discover Sent    Offer Received    Request Sent    Ack Received    Avg Offer Delay           Avg Ack Delay
18885               4341               14593               4355               67.4403               51.3859     DHCP-network-0.log

Average time needed to receive DHCP IP  = 118.8262 seconds
The CPU and memory usage numbers are saved in the file
 dhcp_scale_cpu_memory_02072015_022419.log in the current directory

Min time needed to receive DHCP IP    = 0.141197 seconds
Median time needed to receive DHCP IP = 119.91689 seconds
Max time needed to receive DHCP IP    = 284.919245 seconds
Total nuneutron-server average CPU usage        = 42.3419354839 %
neutron-server average memory usage     = 835438.0 kB
neutron-dhcp-agent average CPU usage    = 83.3150537634 %
neutron-dhcp-agent average memory usage = 469068.096774 kB
Average total system memory free        = 180829244.688 kB
Average total system CPU used %         = 12.4677419355 %
mber of DHCPDISCOVER retries  = 18885


 Sleeping 10 seconds after creating networks........


 Sleeping 10 seconds after DeviceManager........


 Sleeping 60 seconds after adding DHCP test ports........

