   Active: active (running) since Sat 2015-02-07 06:58:59 EST; 1min 0s ago

Waiting 60 seconds after restarting neutron-server
systemctl status neutron-server.service | grep since
  
DHCP-network-0, DHCP-subnet-0, DHCP-port-0 created with 1.0.0.0/16
1: lo: <LOOPBACK,UP,LOWER_UP> mtu 65536 qdisc noqueue state UNKNOWN 
    link/loopback 00:00:00:00:00:00 brd 00:00:00:00:00:00
    inet 127.0.0.1/8 scope host lo
       valid_lft forever preferred_lft forever
    inet6 ::1/128 scope host 
       valid_lft forever preferred_lft forever
1445: tapab00d309-69: <BROADCAST,MULTICAST,UP,LOWER_UP> mtu 1500 qdisc noqueue state UNKNOWN 
    link/ether fa:16:3e:25:f9:4b brd ff:ff:ff:ff:ff:ff
    inet 1.0.0.3/16 brd 1.0.255.255 scope global tapab00d309-69
       valid_lft forever preferred_lft forever
    inet 169.254.169.254/16 brd 169.254.255.255 scope global tapab00d309-69
       valid_lft forever preferred_lft forever
    inet6 fe80::f816:3eff:fe25:f94b/64 scope link 
       valid_lft forever preferred_lft forever
1446: tap31f1f862-e4: <BROADCAST,MULTICAST,UP,LOWER_UP> mtu 1500 qdisc noqueue state UNKNOWN 
    link/ether fa:16:3e:b2:2d:ac brd ff:ff:ff:ff:ff:ff
    inet 1.0.0.4/16 brd 1.0.255.255 scope global tap31f1f862-e4
       valid_lft forever preferred_lft forever
    inet6 fe80::f816:3eff:feb2:2dac/64 scope link tentative 
       valid_lft forever preferred_lft forever
c5558270-55e2-4a79-b750-1677d474475b
    Bridge br-ex
        Port "eth2"
            Interface "eth2"
        Port "eth2\nbr-ex"
            Interface "eth2\nbr-ex"
        Port br-ex
            Interface br-ex
                type: internal
    Bridge "br-eth0"
        Port "eth0"
            Interface "eth0"
        Port "phy-br-eth0"
            Interface "phy-br-eth0"
        Port "br-eth0"
            Interface "br-eth0"
                type: internal
    Bridge br-int
        fail_mode: secure
        Port "tap31f1f862-e4"
            Interface "tap31f1f862-e4"
                type: internal
        Port "int-br-eth0"
            Interface "int-br-eth0"
        Port "tapab00d309-69"
            tag: 597
            Interface "tapab00d309-69"
                type: internal
        Port br-int
            Interface br-int
                type: internal
    ovs_version: "2.1.3"
Added 2nd test tap interface tap31f1f862-e4 in namespace of DHCP-network-0

Checking if 2nd tap interface added by DeviceManager exists in the namespace

sudo ip netns exec qdhcp-3e905024-eb59-434f-8212-a8929a329015 ip a

ovs-vsctl show


python dhcp_entries.py -m de:ae:00:00:00:00@1.0.0.5:5400@DHCP-network-0
Added 5400 test DHCP ports to DHCP-network-0
   Active: active (running) since Sat 2015-02-07 07:10:45 EST; 1min 0s ago

Waiting 60 seconds after restarting neutron-dhcp-agent.service...

  
1 processes still running. Waited 0.0485818386078 seconds.
2 processes still running. Waited 5.10022592545 seconds.
2 processes still running. Waited 10.1498470306 seconds.
2 processes still running. Waited 15.2025549412 seconds.
2 processes still running. Waited 20.2521138191 seconds.
2 processes still running. Waited 25.3030648232 seconds.
2 processes still running. Waited 30.3549067974 seconds.
2 processes still running. Waited 35.4066858292 seconds.
2 processes still running. Waited 40.4678878784 seconds.
2 processes still running. Waited 45.5182378292 seconds.
2 processes still running. Waited 50.5702998638 seconds.
2 processes still running. Waited 55.6202499866 seconds.
2 processes still running. Waited 60.6732318401 seconds.
2 processes still running. Waited 65.7321629524 seconds.
2 processes still running. Waited 70.7849919796 seconds.
2 processes still running. Waited 75.8347759247 seconds.
2 processes still running. Waited 80.8894560337 seconds.
2 processes still running. Waited 85.9391689301 seconds.
2 processes still running. Waited 90.9916689396 seconds.
2 processes still running. Waited 96.045571804 seconds.
2 processes still running. Waited 101.094967842 seconds.
2 processes still running. Waited 106.143808842 seconds.
2 processes still running. Waited 111.193799019 seconds.
2 processes still running. Waited 116.242252827 seconds.
2 processes still running. Waited 121.290071964 seconds.
2 processes still running. Waited 126.342649937 seconds.
2 processes still running. Waited 131.404286861 seconds.
2 processes still running. Waited 136.464546919 seconds.
2 processes still running. Waited 141.514714956 seconds.
2 processes still running. Waited 146.565073013 seconds.
2 processes still running. Waited 151.613503933 seconds.
2 processes still running. Waited 156.660070896 seconds.
2 processes still running. Waited 161.708733797 seconds.
2 processes still running. Waited 166.76005888 seconds.
2 processes still running. Waited 171.81043601 seconds.
2 processes still running. Waited 176.859710932 seconds.
2 processes still running. Waited 181.909403801 seconds.
2 processes still running. Waited 186.958357811 seconds.
2 processes still running. Waited 192.013949871 seconds.
2 processes still running. Waited 197.065972805 seconds.
2 processes still running. Waited 202.116200924 seconds.
2 processes still running. Waited 207.165627956 seconds.
2 processes still running. Waited 212.218876839 seconds.
2 processes still running. Waited 217.268249989 seconds.
2 processes still running. Waited 222.316668034 seconds.
2 processes still running. Waited 227.366247892 seconds.
2 processes still running. Waited 232.414584875 seconds.
2 processes still running. Waited 237.460631847 seconds.
2 processes still running. Waited 242.508854866 seconds.
2 processes still running. Waited 247.554652929 seconds.
2 processes still running. Waited 252.596275806 seconds.
2 processes still running. Waited 257.640301943 seconds.
2 processes still running. Waited 262.689122915 seconds.
2 processes still running. Waited 267.737473965 seconds.
2 processes still running. Waited 272.784610033 seconds.
2 processes still running. Waited 277.831707001 seconds.
2 processes still running. Waited 282.879137993 seconds.
2 processes still running. Waited 287.936398029 seconds.
2 processes still running. Waited 292.985558987 seconds.
2 processes still running. Waited 298.041770935 seconds.
2 processes still running. Waited 303.0866189 seconds.
2 processes still running. Waited 308.136785984 seconds.
2 processes still running. Waited 313.186169863 seconds.
2 processes still running. Waited 318.232896805 seconds.
2 processes still running. Waited 323.284600019 seconds.
2 processes still running. Waited 328.333280802 seconds.
2 processes still running. Waited 333.382084846 seconds.
2 processes still running. Waited 338.429069996 seconds.
2 processes still running. Waited 343.475935936 seconds.
2 processes still running. Waited 348.523607016 seconds.
2 processes still running. Waited 353.neutron-server average CPU usage        = 45.0831932773 %
neutron-server average memory usage     = 863890.0 kB
neutron-dhcp-agent average CPU usage    = 85.9462184874 %
neutron-dhcp-agent average memory usage = 490482.226891 kB
Average total system memory free        = 179954119.529 kB
Average total system CPU used %         = 13.2151260504 %
571045876 seconds.
2 processes still running. Waited 358.619414806 seconds.
2 processes still running. Waited 363.668723822 seconds.
2 processes still running. Waited 368.71189189 seconds.
2 processes still running. Waited 373.75770092 seconds.
2 processes still running. Waited 378.805274963 seconds.
2 processes still running. Waited 383.847321033 seconds.
Done!
Discover Sent    Offer Received    Request Sent    Ack Received    Avg Offer Delay           Avg Ack Delay
27671               5602               20923               5722               86.8331               60.4096     DHCP-network-0.log

Average time needed to receive DHCP IP  = 147.2427 seconds
The CPU and memory usage numbers are saved in the file
 dhcp_scale_cpu_memory_02072015_071145.log in the current directory

Min time needed to receive DHCP IP    = 0.146349 seconds
Median time needed to receive DHCP IP = 140.699 seconds
Max time needed to receive DHCP IP    = 375.5163 seconds
Total number of DHCPDISCOVER retries  = 27671


 Sleeping 10 seconds after creating networks........


 Sleeping 10 seconds after DeviceManager........


 Sleeping 60 seconds after adding DHCP test ports........

