   Active: active (running) since Sat 2015-02-07 07:25:56 EST; 1min 0s ago

Waiting 60 seconds after restarting neutron-server
systemctl status neutron-server.service | grep since
  
DHCP-network-0, DHCP-subnet-0, DHCP-port-0 created with 1.0.0.0/16
1: lo: <LOOPBACK,UP,LOWER_UP> mtu 65536 qdisc noqueue state UNKNOWN 
    link/loopback 00:00:00:00:00:00 brd 00:00:00:00:00:00
    inet 127.0.0.1/8 scope host lo
       valid_lft forever preferred_lft forever
    inet6 ::1/128 scope host 
       valid_lft forever preferred_lft forever
1448: tap1a15a699-e9: <BROADCAST,MULTICAST,UP,LOWER_UP> mtu 1500 qdisc noqueue state UNKNOWN 
    link/ether fa:16:3e:a3:b6:71 brd ff:ff:ff:ff:ff:ff
    inet 1.0.0.3/16 brd 1.0.255.255 scope global tap1a15a699-e9
       valid_lft forever preferred_lft forever
    inet 169.254.169.254/16 brd 169.254.255.255 scope global tap1a15a699-e9
       valid_lft forever preferred_lft forever
    inet6 fe80::f816:3eff:fea3:b671/64 scope link 
       valid_lft forever preferred_lft forever
1449: tap9ac72d51-d6: <BROADCAST,MULTICAST,UP,LOWER_UP> mtu 1500 qdisc noqueue state UNKNOWN 
    link/ether fa:16:3e:9e:62:68 brd ff:ff:ff:ff:ff:ff
    inet 1.0.0.4/16 brd 1.0.255.255 scope global tap9ac72d51-d6
       valid_lft forever preferred_lft forever
    inet6 fe80::f816:3eff:fe9e:6268/64 scope link tentative 
       valid_lft forever preferred_lft forever
c5558270-55e2-4a79-b750-1677d474475b
    Bridge br-ex
        Port "eth2"
            Interface "eth2"
        Port "eth2\nbr-ex"
            Interface "eth2\nbr-ex"
        Port br-ex
            Interface br-ex
                type: internal
    Bridge "br-eth0"
        Port "eth0"
            Interface "eth0"
        Port "phy-br-eth0"
            Interface "phy-br-eth0"
        Port "br-eth0"
            Interface "br-eth0"
                type: internal
    Bridge br-int
        fail_mode: secure
        Port "tap9ac72d51-d6"
            Interface "tap9ac72d51-d6"
                type: internal
        Port "int-br-eth0"
            Interface "int-br-eth0"
        Port "tap1a15a699-e9"
            tag: 598
            Interface "tap1a15a699-e9"
                type: internal
        Port br-int
            Interface br-int
                type: internal
    ovs_version: "2.1.3"
Added 2nd test tap interface tap9ac72d51-d6 in namespace of DHCP-network-0

Checking if 2nd tap interface added by DeviceManager exists in the namespace

sudo ip netns exec qdhcp-4077dce2-e94b-4487-b807-cf71db964119 ip a

ovs-vsctl show


python dhcp_entries.py -m de:ae:00:00:00:00@1.0.0.5:5500@DHCP-network-0
Added 5500 test DHCP ports to DHCP-network-0
   Active: active (running) since Sat 2015-02-07 07:37:53 EST; 1min 0s ago

Waiting 60 seconds after restarting neutron-dhcp-agent.service...

  
1 processes still running. Waited 0.0489828586578 seconds.
2 processes still running. Waited 5.0990960598 seconds.
2 processes still running. Waited 10.1472799778 seconds.
2 processes still running. Waited 15.1988298893 seconds.
2 processes still running. Waited 20.2602169514 seconds.
2 processes still running. Waited 25.3145930767 seconds.
2 processes still running. Waited 30.3666739464 seconds.
2 processes still running. Waited 35.4168908596 seconds.
2 processes still running. Waited 40.4684159756 seconds.
2 processes still running. Waited 45.5246319771 seconds.
2 processes still running. Waited 50.5760579109 seconds.
2 processes still running. Waited 55.6272320747 seconds.
2 processes still running. Waited 60.6775009632 seconds.
2 processes still running. Waited 65.7233409882 seconds.
2 processes still running. Waited 70.7727239132 seconds.
2 processes still running. Waited 75.8276450634 seconds.
2 processes still running. Waited 80.8775858879 seconds.
2 processes still running. Waited 85.9243478775 seconds.
2 processes still running. Waited 90.9746050835 seconds.
2 processes still running. Waited 96.0233168602 seconds.
2 processes still running. Waited 101.073127031 seconds.
2 processes still running. Waited 106.124372959 seconds.
2 processes still running. Waited 111.173578024 seconds.
2 processes still running. Waited 116.223481894 seconds.
2 processes still running. Waited 121.272098064 seconds.
2 processes still running. Waited 126.321093082 seconds.
2 processes still running. Waited 131.369771957 seconds.
2 processes still running. Waited 136.420825958 seconds.
2 processes still running. Waited 141.472591877 seconds.
2 processes still running. Waited 146.522996902 seconds.
2 processes still running. Waited 151.573378086 seconds.
2 processes still running. Waited 156.621998072 seconds.
2 processes still running. Waited 161.667860985 seconds.
2 processes still running. Waited 166.719964981 seconds.
2 processes still running. Waited 171.786374092 seconds.
2 processes still running. Waited 176.835885048 seconds.
2 processes still running. Waited 181.884474993 seconds.
2 processes still running. Waited 186.934956074 seconds.
2 processes still running. Waited 191.984121084 seconds.
2 processes still running. Waited 197.031696081 seconds.
2 processes still running. Waited 202.080478907 seconds.
2 processes still running. Waited 207.12628293 seconds.
2 processes still running. Waited 212.17482996 seconds.
2 processes still running. Waited 217.223123074 seconds.
2 processes still running. Waited 222.272773027 seconds.
2 processes still running. Waited 227.323353052 seconds.
2 processes still running. Waited 232.371712923 seconds.
2 processes still running. Waited 237.42095089 seconds.
2 processes still running. Waited 242.473337889 seconds.
2 processes still running. Waited 247.528295994 seconds.
2 processes still running. Waited 252.578640938 seconds.
2 processes still running. Waited 257.628313065 seconds.
2 processes still running. Waited 262.680199862 seconds.
2 processes still running. Waited 267.738929987 seconds.
2 processes still running. Waited 272.78606987 seconds.
2 processes still running. Waited 277.834012985 seconds.
2 processes still running. Waited 282.882575989 seconds.
2 processes still running. Waited 287.930307865 seconds.
2 processes still running. Waited 292.981085062 seconds.
2 processes still running. Waited 298.030488968 seconds.
2 processes still running. Waited 303.079559088 seconds.
2 processes still running. Waited 308.13043499 seconds.
2 processes still running. Waited 313.180883884 seconds.
2 processes still running. Waited 318.244488001 seconds.
2 processes still running. Waited 323.293333054 seconds.
2 processes still running. Waited 328.340010881 seconds.
2 processes still running. Waited 333.38906002 seconds.
2 processes still running. Waited 338.438508987 seconds.
2 processes still running. Waited 343.48664999 seconds.
2 processes still running. Waited 348.534257889 seconds.
2 processes still running. Waited 353.582neutron-server average CPU usage        = 45.1352459016 %
neutron-server average memory usage     = 884654.0 kB
neutron-dhcp-agent average CPU usage    = 86.5590163934 %
neutron-dhcp-agent average memory usage = 494079.0 kB
Average total system memory free        = 179947222.525 kB
Average total system CPU used %         = 13.1860655738 %
311869 seconds.
2 processes still running. Waited 358.630364895 seconds.
2 processes still running. Waited 363.67713809 seconds.
2 processes still running. Waited 368.730185032 seconds.
2 processes still running. Waited 373.780174017 seconds.
2 processes still running. Waited 378.828954935 seconds.
2 processes still running. Waited 383.879000902 seconds.
2 processes still running. Waited 388.927795887 seconds.
2 processes still running. Waited 393.976512909 seconds.
Done!
Discover Sent    Offer Received    Request Sent    Ack Received    Avg Offer Delay           Avg Ack Delay
27254               5664               21885               5758               83.1493               62.6192     DHCP-network-0.log

Average time needed to receive DHCP IP  = 145.7685 seconds
The CPU and memory usage numbers are saved in the file
 dhcp_scale_cpu_memory_02072015_073853.log in the current directory

Min time needed to receive DHCP IP    = 0.177586 seconds
Median time needed to receive DHCP IP = 136.31875 seconds
Max time needed to receive DHCP IP    = 378.2578 seconds
Total number of DHCPDISCOVER retries  = 27254


 Sleeping 10 seconds after creating networks........


 Sleeping 10 seconds after DeviceManager........


 Sleeping 60 seconds after adding DHCP test ports........

