   Active: active (running) since Sat 2015-02-07 11:55:53 EST; 1min 0s ago

Waiting 60 seconds after restarting neutron-server
systemctl status neutron-server.service | grep since
  
DHCP-network-0, DHCP-subnet-0, DHCP-port-0 created with 1.0.0.0/16
1: lo: <LOOPBACK,UP,LOWER_UP> mtu 65536 qdisc noqueue state UNKNOWN 
    link/loopback 00:00:00:00:00:00 brd 00:00:00:00:00:00
    inet 127.0.0.1/8 scope host lo
       valid_lft forever preferred_lft forever
    inet6 ::1/128 scope host 
       valid_lft forever preferred_lft forever
1478: tap91c528c2-f0: <BROADCAST,MULTICAST,UP,LOWER_UP> mtu 1500 qdisc noqueue state UNKNOWN 
    link/ether fa:16:3e:46:b4:7c brd ff:ff:ff:ff:ff:ff
    inet 1.0.0.3/16 brd 1.0.255.255 scope global tap91c528c2-f0
       valid_lft forever preferred_lft forever
    inet 169.254.169.254/16 brd 169.254.255.255 scope global tap91c528c2-f0
       valid_lft forever preferred_lft forever
    inet6 fe80::f816:3eff:fe46:b47c/64 scope link 
       valid_lft forever preferred_lft forever
1479: tap753e8cab-96: <BROADCAST,MULTICAST,UP,LOWER_UP> mtu 1500 qdisc noqueue state UNKNOWN 
    link/ether fa:16:3e:67:af:81 brd ff:ff:ff:ff:ff:ff
    inet 1.0.0.4/16 brd 1.0.255.255 scope global tap753e8cab-96
       valid_lft forever preferred_lft forever
    inet6 fe80::f816:3eff:fe67:af81/64 scope link tentative 
       valid_lft forever preferred_lft forever
c5558270-55e2-4a79-b750-1677d474475b
    Bridge br-ex
        Port "eth2"
            Interface "eth2"
        Port "eth2\nbr-ex"
            Interface "eth2\nbr-ex"
        Port br-ex
            Interface br-ex
                type: internal
    Bridge "br-eth0"
        Port "eth0"
            Interface "eth0"
        Port "phy-br-eth0"
            Interface "phy-br-eth0"
        Port "br-eth0"
            Interface "br-eth0"
                type: internal
    Bridge br-int
        fail_mode: secure
        Port "tap91c528c2-f0"
            tag: 608
            Interface "tap91c528c2-f0"
                type: internal
        Port "int-br-eth0"
            Interface "int-br-eth0"
        Port "tap753e8cab-96"
            Interface "tap753e8cab-96"
                type: internal
        Port br-int
            Interface br-int
                type: internal
    ovs_version: "2.1.3"
Added 2nd test tap interface tap753e8cab-96 in namespace of DHCP-network-0

Checking if 2nd tap interface added by DeviceManager exists in the namespace

sudo ip netns exec qdhcp-4dc102d1-1457-4625-8e7d-6f09fd8afd4b ip a

ovs-vsctl show


python dhcp_entries.py -m de:ae:00:00:00:00@1.0.0.5:6500@DHCP-network-0
Added 6500 test DHCP ports to DHCP-network-0
   Active: active (running) since Sat 2015-02-07 12:09:44 EST; 1min 0s ago

Waiting 60 seconds after restarting neutron-dhcp-agent.service...

  
1 processes still running. Waited 0.0493221282959 seconds.
2 processes still running. Waited 5.10140800476 seconds.
2 processes still running. Waited 10.150493145 seconds.
2 processes still running. Waited 15.1989071369 seconds.
2 processes still running. Waited 20.2508699894 seconds.
2 processes still running. Waited 25.306456089 seconds.
2 processes still running. Waited 30.3557631969 seconds.
2 processes still running. Waited 35.4075319767 seconds.
2 processes still running. Waited 40.4579861164 seconds.
2 processes still running. Waited 45.5212152004 seconds.
2 processes still running. Waited 50.5690510273 seconds.
2 processes still running. Waited 55.6270010471 seconds.
2 processes still running. Waited 60.6779751778 seconds.
2 processes still running. Waited 65.7267789841 seconds.
2 processes still running. Waited 70.7807471752 seconds.
2 processes still running. Waited 75.8326880932 seconds.
2 processes still running. Waited 80.8863201141 seconds.
2 processes still running. Waited 85.9389481544 seconds.
2 processes still running. Waited 90.98883605 seconds.
2 processes still running. Waited 96.0336890221 seconds.
2 processes still running. Waited 101.084227085 seconds.
2 processes still running. Waited 106.134196997 seconds.
2 processes still running. Waited 111.185994148 seconds.
2 processes still running. Waited 116.239232063 seconds.
2 processes still running. Waited 121.289553165 seconds.
2 processes still running. Waited 126.343543053 seconds.
2 processes still running. Waited 131.399061203 seconds.
2 processes still running. Waited 136.449910164 seconds.
2 processes still running. Waited 141.50189209 seconds.
2 processes still running. Waited 146.550994158 seconds.
2 processes still running. Waited 151.598718166 seconds.
2 processes still running. Waited 156.669620037 seconds.
2 processes still running. Waited 161.716154099 seconds.
2 processes still running. Waited 166.762716055 seconds.
2 processes still running. Waited 171.810427189 seconds.
2 processes still running. Waited 176.86163497 seconds.
2 processes still running. Waited 181.91041398 seconds.
2 processes still running. Waited 186.959985971 seconds.
2 processes still running. Waited 192.007969141 seconds.
2 processes still running. Waited 197.057276011 seconds.
2 processes still running. Waited 202.108420134 seconds.
2 processes still running. Waited 207.158553123 seconds.
2 processes still running. Waited 212.208737135 seconds.
2 processes still running. Waited 217.257061005 seconds.
2 processes still running. Waited 222.305262089 seconds.
2 processes still running. Waited 227.354709148 seconds.
2 processes still running. Waited 232.405672073 seconds.
2 processes still running. Waited 237.456645012 seconds.
2 processes still running. Waited 242.505992174 seconds.
2 processes still running. Waited 247.556050062 seconds.
2 processes still running. Waited 252.602719069 seconds.
2 processes still running. Waited 257.651542187 seconds.
2 processes still running. Waited 262.698906183 seconds.
2 processes still running. Waited 267.748509169 seconds.
2 processes still running. Waited 272.7900002 seconds.
2 processes still running. Waited 277.838463068 seconds.
2 processes still running. Waited 282.886831045 seconds.
2 processes still running. Waited 287.936434031 seconds.
2 processes still running. Waited 292.984196186 seconds.
2 processes still running. Waited 298.032129049 seconds.
2 processes still running. Waited 303.081304073 seconds.
2 processes still running. Waited 308.129012108 seconds.
2 processes still running. Waited 313.179156065 seconds.
2 processes still running. Waited 318.227503061 seconds.
2 processes still running. Waited 323.277661085 seconds.
2 processes still running. Waited 328.32683301 seconds.
2 processes still running. Waited 333.376118183 seconds.
2 processes still running. Waited 338.425457001 seconds.
2 processes still running. Waited 343.474229097 seconds.
2 processes still running. Waited 348.52730608 seconds.
2 processes still running. Waited 353.576471neutron-server average CPU usage        = 46.1374193548 %
neutron-server average memory usage     = 940206.0 kB
neutron-dhcp-agent average CPU usage    = 87.7993548387 %
neutron-dhcp-agent average memory usage = 511772.0 kB
Average total system memory free        = 179097059.226 kB
Average total system CPU used %         = 13.6961290323 %
09 seconds.
2 processes still running. Waited 358.624263048 seconds.
2 processes still running. Waited 363.675064087 seconds.
2 processes still running. Waited 368.723509073 seconds.
2 processes still running. Waited 373.770670176 seconds.
2 processes still running. Waited 378.821027994 seconds.
2 processes still running. Waited 383.868996143 seconds.
2 processes still running. Waited 388.919715166 seconds.
2 processes still running. Waited 393.963917017 seconds.
2 processes still running. Waited 399.011242151 seconds.
2 processes still running. Waited 404.061733007 seconds.
2 processes still running. Waited 409.111643076 seconds.
2 processes still running. Waited 414.159103155 seconds.
2 processes still running. Waited 419.207075119 seconds.
2 processes still running. Waited 424.253363132 seconds.
2 processes still running. Waited 429.301078081 seconds.
2 processes still running. Waited 434.344727039 seconds.
2 processes still running. Waited 439.390038013 seconds.
2 processes still running. Waited 444.440121174 seconds.
2 processes still running. Waited 449.484649181 seconds.
2 processes still running. Waited 454.532360077 seconds.
2 processes still running. Waited 459.582107067 seconds.
2 processes still running. Waited 464.630208015 seconds.
2 processes still running. Waited 469.676892042 seconds.
2 processes still running. Waited 474.726536989 seconds.
2 processes still running. Waited 479.776499987 seconds.
2 processes still running. Waited 484.826300144 seconds.
2 processes still running. Waited 489.87133503 seconds.
2 processes still running. Waited 494.920226097 seconds.
2 processes still running. Waited 499.969819069 seconds.
Done!
Discover Sent    Offer Received    Request Sent    Ack Received    Avg Offer Delay           Avg Ack Delay
36076               6722               29840               7102               102.48               77.2346     DHCP-network-0.log

Average time needed to receive DHCP IP  = 179.7146 seconds
The CPU and memory usage numbers are saved in the file
 dhcp_scale_cpu_memory_02072015_121044.log in the current directory

Min time needed to receive DHCP IP    = 1.457383 seconds
Median time needed to receive DHCP IP = 167.0952 seconds
Max time needed to receive DHCP IP    = 506.8109 seconds
Total number of DHCPDISCOVER retries  = 36076


 Sleeping 10 seconds after creating networks........


 Sleeping 10 seconds after DeviceManager........


 Sleeping 60 seconds after adding DHCP test ports........

