   Active: active (running) since Fri 2015-02-06 17:28:29 EST; 1min 0s ago

Waiting 60 seconds after restarting neutron-server
systemctl status neutron-server.service | grep since
  
DHCP-network-0, DHCP-subnet-0, DHCP-port-0 created with 1.0.0.0/16
1: lo: <LOOPBACK,UP,LOWER_UP> mtu 65536 qdisc noqueue state UNKNOWN 
    link/loopback 00:00:00:00:00:00 brd 00:00:00:00:00:00
    inet 127.0.0.1/8 scope host lo
       valid_lft forever preferred_lft forever
    inet6 ::1/128 scope host 
       valid_lft forever preferred_lft forever
1310: tapbd3b751e-41: <BROADCAST,MULTICAST,UP,LOWER_UP> mtu 1500 qdisc noqueue state UNKNOWN 
    link/ether fa:16:3e:34:1a:82 brd ff:ff:ff:ff:ff:ff
    inet 1.0.0.3/16 brd 1.0.255.255 scope global tapbd3b751e-41
       valid_lft forever preferred_lft forever
    inet 169.254.169.254/16 brd 169.254.255.255 scope global tapbd3b751e-41
       valid_lft forever preferred_lft forever
    inet6 fe80::f816:3eff:fe34:1a82/64 scope link 
       valid_lft forever preferred_lft forever
1311: tap071337e2-43: <BROADCAST,MULTICAST,UP,LOWER_UP> mtu 1500 qdisc noqueue state UNKNOWN 
    link/ether fa:16:3e:62:d2:4e brd ff:ff:ff:ff:ff:ff
    inet 1.0.0.4/16 brd 1.0.255.255 scope global tap071337e2-43
       valid_lft forever preferred_lft forever
    inet6 fe80::f816:3eff:fe62:d24e/64 scope link tentative 
       valid_lft forever preferred_lft forever
c5558270-55e2-4a79-b750-1677d474475b
    Bridge br-ex
        Port "eth2"
            Interface "eth2"
        Port "eth2\nbr-ex"
            Interface "eth2\nbr-ex"
        Port br-ex
            Interface br-ex
                type: internal
    Bridge "br-eth0"
        Port "eth0"
            Interface "eth0"
        Port "phy-br-eth0"
            Interface "phy-br-eth0"
        Port "br-eth0"
            Interface "br-eth0"
                type: internal
    Bridge br-int
        fail_mode: secure
        Port "tapbd3b751e-41"
            tag: 552
            Interface "tapbd3b751e-41"
                type: internal
        Port "tap071337e2-43"
            Interface "tap071337e2-43"
                type: internal
        Port "int-br-eth0"
            Interface "int-br-eth0"
        Port br-int
            Interface br-int
                type: internal
    ovs_version: "2.1.3"
Added 2nd test tap interface tap071337e2-43 in namespace of DHCP-network-0

Checking if 2nd tap interface added by DeviceManager exists in the namespace

sudo ip netns exec qdhcp-3a7e0f34-70a3-4285-96fd-0a6efa53975e ip a

ovs-vsctl show


python dhcp_entries.py -m de:ae:00:00:00:00@1.0.0.5:900@DHCP-network-0
Added 900 test DHCP ports to DHCP-network-0
   Active: active (running) since Fri 2015-02-06 17:32:45 EST; 1min 0s ago
neutron-server average CPU usage        = 18.7840909091 %
neutron-server average memory usage     = 607194.0 kB
neutron-dhcp-agent average CPU usage    = 36.5840909091 %
neutron-dhcp-agent average memory usage = 411345.0 kB
Average total system memory free        = 182177716.455 kB
Average total system CPU used %         = 4.64545454545 %

Waiting 60 seconds after restarting neutron-dhcp-agent.service...

  
1 processes still running. Waited 0.0489358901978 seconds.
2 processes still running. Waited 5.0993449688 seconds.
2 processes still running. Waited 10.1461188793 seconds.
2 processes still running. Waited 15.1939969063 seconds.
2 processes still running. Waited 20.2474429607 seconds.
2 processes still running. Waited 25.2931530476 seconds.
2 processes still running. Waited 30.3486979008 seconds.
2 processes still running. Waited 35.3951740265 seconds.
2 processes still running. Waited 40.4422688484 seconds.
2 processes still running. Waited 45.4928619862 seconds.
2 processes still running. Waited 50.5380859375 seconds.
2 processes still running. Waited 55.5844230652 seconds.
2 processes still running. Waited 60.6320939064 seconds.
2 processes still running. Waited 65.6765248775 seconds.
2 processes still running. Waited 70.7265999317 seconds.
2 processes still running. Waited 75.7723450661 seconds.
2 processes still running. Waited 80.8171579838 seconds.
2 processes still running. Waited 85.8621389866 seconds.
2 processes still running. Waited 90.9079089165 seconds.
2 processes still running. Waited 95.952244997 seconds.
2 processes still running. Waited 100.998940945 seconds.
2 processes still running. Waited 106.043433905 seconds.
2 processes still running. Waited 111.089572906 seconds.
2 processes still running. Waited 116.135770082 seconds.
2 processes still running. Waited 121.181793928 seconds.
2 processes still running. Waited 126.229672909 seconds.
2 processes still running. Waited 131.275708914 seconds.
2 processes still running. Waited 136.325319052 seconds.
Done!
Discover Sent    Offer Received    Request Sent    Ack Received    Avg Offer Delay           Avg Ack Delay
2165               1005               2505               931               18.3879               29.1718     DHCP-network-0.log

Average time needed to receive DHCP IP  = 47.5597 seconds
The CPU and memory usage numbers are saved in the file
 dhcp_scale_cpu_memory_02062015_173345.log in the current directory

Min time needed to receive DHCP IP    = 0.72604 seconds
Median time needed to receive DHCP IP = 48.6867 seconds
Max time needed to receive DHCP IP    = 140.9954 seconds
Total number of DHCPDISCOVER retries  = 2165


 Sleeping 10 seconds after creating networks........


 Sleeping 10 seconds after DeviceManager........


 Sleeping 60 seconds after adding DHCP test ports........

